<?xml version="1.0" encoding="UTF-8"?>
<testsuite xmlns:xsi="http://www.w3.org/2001/XMLSchema-instance" xsi:noNamespaceSchemaLocation="https://maven.apache.org/surefire/maven-surefire-plugin/xsd/surefire-test-report.xsd" name="Runner.TestRunner2024" time="92.561" tests="9" errors="0" skipped="0" failures="9">
  <properties>
    <property name="java.specification.version" value="17"/>
    <property name="sun.cpu.isalist" value="amd64"/>
    <property name="sun.jnu.encoding" value="Cp1252"/>
    <property name="java.class.path" value="D:\Selenium project\Selenium_Tutorial_2023\Selenium_Practice_2024\target\test-classes;D:\Selenium project\Selenium_Tutorial_2023\Selenium_Practice_2024\target\classes;C:\Users\ABHINAV\.m2\repository\org\testng\testng\7.7.1\testng-7.7.1.jar;C:\Users\ABHINAV\.m2\repository\org\slf4j\slf4j-api\1.7.36\slf4j-api-1.7.36.jar;C:\Users\ABHINAV\.m2\repository\com\beust\jcommander\1.82\jcommander-1.82.jar;C:\Users\ABHINAV\.m2\repository\org\webjars\jquery\3.6.1\jquery-3.6.1.jar;C:\Users\ABHINAV\.m2\repository\io\cucumber\cucumber-testng\7.12.0\cucumber-testng-7.12.0.jar;C:\Users\ABHINAV\.m2\repository\org\apiguardian\apiguardian-api\1.1.2\apiguardian-api-1.1.2.jar;C:\Users\ABHINAV\.m2\repository\io\cucumber\cucumber-java\7.12.0\cucumber-java-7.12.0.jar;C:\Users\ABHINAV\.m2\repository\io\cucumber\cucumber-core\7.12.0\cucumber-core-7.12.0.jar;C:\Users\ABHINAV\.m2\repository\io\cucumber\cucumber-gherkin\7.12.0\cucumber-gherkin-7.12.0.jar;C:\Users\ABHINAV\.m2\repository\io\cucumber\cucumber-gherkin-messages\7.12.0\cucumber-gherkin-messages-7.12.0.jar;C:\Users\ABHINAV\.m2\repository\io\cucumber\messages\22.0.0\messages-22.0.0.jar;C:\Users\ABHINAV\.m2\repository\io\cucumber\tag-expressions\5.0.1\tag-expressions-5.0.1.jar;C:\Users\ABHINAV\.m2\repository\io\cucumber\cucumber-expressions\16.1.2\cucumber-expressions-16.1.2.jar;C:\Users\ABHINAV\.m2\repository\io\cucumber\datatable\7.12.0\datatable-7.12.0.jar;C:\Users\ABHINAV\.m2\repository\io\cucumber\cucumber-plugin\7.12.0\cucumber-plugin-7.12.0.jar;C:\Users\ABHINAV\.m2\repository\io\cucumber\docstring\7.12.0\docstring-7.12.0.jar;C:\Users\ABHINAV\.m2\repository\io\cucumber\html-formatter\20.3.0\html-formatter-20.3.0.jar;C:\Users\ABHINAV\.m2\repository\io\cucumber\junit-xml-formatter\0.2.0\junit-xml-formatter-0.2.0.jar;C:\Users\ABHINAV\.m2\repository\io\cucumber\ci-environment\9.2.0\ci-environment-9.2.0.jar;C:\Users\ABHINAV\.m2\repository\org\seleniumhq\selenium\selenium-java\4.8.3\selenium-java-4.8.3.jar;C:\Users\ABHINAV\.m2\repository\org\seleniumhq\selenium\selenium-api\4.8.3\selenium-api-4.8.3.jar;C:\Users\ABHINAV\.m2\repository\org\seleniumhq\selenium\selenium-chrome-driver\4.8.3\selenium-chrome-driver-4.8.3.jar;C:\Users\ABHINAV\.m2\repository\com\google\auto\service\auto-service-annotations\1.0.1\auto-service-annotations-1.0.1.jar;C:\Users\ABHINAV\.m2\repository\com\google\auto\service\auto-service\1.0.1\auto-service-1.0.1.jar;C:\Users\ABHINAV\.m2\repository\com\google\auto\auto-common\1.2\auto-common-1.2.jar;C:\Users\ABHINAV\.m2\repository\com\google\guava\guava\31.1-jre\guava-31.1-jre.jar;C:\Users\ABHINAV\.m2\repository\com\google\guava\failureaccess\1.0.1\failureaccess-1.0.1.jar;C:\Users\ABHINAV\.m2\repository\com\google\guava\listenablefuture\9999.0-empty-to-avoid-conflict-with-guava\listenablefuture-9999.0-empty-to-avoid-conflict-with-guava.jar;C:\Users\ABHINAV\.m2\repository\com\google\code\findbugs\jsr305\3.0.2\jsr305-3.0.2.jar;C:\Users\ABHINAV\.m2\repository\org\checkerframework\checker-qual\3.12.0\checker-qual-3.12.0.jar;C:\Users\ABHINAV\.m2\repository\com\google\errorprone\error_prone_annotations\2.11.0\error_prone_annotations-2.11.0.jar;C:\Users\ABHINAV\.m2\repository\com\google\j2objc\j2objc-annotations\1.3\j2objc-annotations-1.3.jar;C:\Users\ABHINAV\.m2\repository\org\seleniumhq\selenium\selenium-chromium-driver\4.8.3\selenium-chromium-driver-4.8.3.jar;C:\Users\ABHINAV\.m2\repository\org\seleniumhq\selenium\selenium-json\4.8.3\selenium-json-4.8.3.jar;C:\Users\ABHINAV\.m2\repository\org\seleniumhq\selenium\selenium-manager\4.8.3\selenium-manager-4.8.3.jar;C:\Users\ABHINAV\.m2\repository\org\seleniumhq\selenium\selenium-devtools-v109\4.8.3\selenium-devtools-v109-4.8.3.jar;C:\Users\ABHINAV\.m2\repository\org\seleniumhq\selenium\selenium-devtools-v110\4.8.3\selenium-devtools-v110-4.8.3.jar;C:\Users\ABHINAV\.m2\repository\org\seleniumhq\selenium\selenium-devtools-v111\4.8.3\selenium-devtools-v111-4.8.3.jar;C:\Users\ABHINAV\.m2\repository\org\seleniumhq\selenium\selenium-devtools-v85\4.8.3\selenium-devtools-v85-4.8.3.jar;C:\Users\ABHINAV\.m2\repository\org\seleniumhq\selenium\selenium-edge-driver\4.8.3\selenium-edge-driver-4.8.3.jar;C:\Users\ABHINAV\.m2\repository\org\seleniumhq\selenium\selenium-firefox-driver\4.8.3\selenium-firefox-driver-4.8.3.jar;C:\Users\ABHINAV\.m2\repository\org\seleniumhq\selenium\selenium-http\4.8.3\selenium-http-4.8.3.jar;C:\Users\ABHINAV\.m2\repository\dev\failsafe\failsafe\3.3.1\failsafe-3.3.1.jar;C:\Users\ABHINAV\.m2\repository\org\seleniumhq\selenium\selenium-ie-driver\4.8.3\selenium-ie-driver-4.8.3.jar;C:\Users\ABHINAV\.m2\repository\org\seleniumhq\selenium\selenium-remote-driver\4.8.3\selenium-remote-driver-4.8.3.jar;C:\Users\ABHINAV\.m2\repository\io\netty\netty-buffer\4.1.90.Final\netty-buffer-4.1.90.Final.jar;C:\Users\ABHINAV\.m2\repository\io\netty\netty-codec-http\4.1.90.Final\netty-codec-http-4.1.90.Final.jar;C:\Users\ABHINAV\.m2\repository\io\netty\netty-codec\4.1.90.Final\netty-codec-4.1.90.Final.jar;C:\Users\ABHINAV\.m2\repository\io\netty\netty-handler\4.1.90.Final\netty-handler-4.1.90.Final.jar;C:\Users\ABHINAV\.m2\repository\io\netty\netty-common\4.1.90.Final\netty-common-4.1.90.Final.jar;C:\Users\ABHINAV\.m2\repository\io\netty\netty-transport-classes-epoll\4.1.90.Final\netty-transport-classes-epoll-4.1.90.Final.jar;C:\Users\ABHINAV\.m2\repository\io\netty\netty-transport-classes-kqueue\4.1.90.Final\netty-transport-classes-kqueue-4.1.90.Final.jar;C:\Users\ABHINAV\.m2\repository\io\netty\netty-transport-native-epoll\4.1.90.Final\netty-transport-native-epoll-4.1.90.Final.jar;C:\Users\ABHINAV\.m2\repository\io\netty\netty-transport-native-kqueue\4.1.90.Final\netty-transport-native-kqueue-4.1.90.Final.jar;C:\Users\ABHINAV\.m2\repository\io\netty\netty-transport-native-unix-common\4.1.90.Final\netty-transport-native-unix-common-4.1.90.Final.jar;C:\Users\ABHINAV\.m2\repository\io\netty\netty-transport\4.1.90.Final\netty-transport-4.1.90.Final.jar;C:\Users\ABHINAV\.m2\repository\io\netty\netty-resolver\4.1.90.Final\netty-resolver-4.1.90.Final.jar;C:\Users\ABHINAV\.m2\repository\io\opentelemetry\opentelemetry-api\1.24.0\opentelemetry-api-1.24.0.jar;C:\Users\ABHINAV\.m2\repository\io\opentelemetry\opentelemetry-context\1.24.0\opentelemetry-context-1.24.0.jar;C:\Users\ABHINAV\.m2\repository\io\opentelemetry\opentelemetry-exporter-logging\1.24.0\opentelemetry-exporter-logging-1.24.0.jar;C:\Users\ABHINAV\.m2\repository\io\opentelemetry\opentelemetry-sdk-metrics\1.24.0\opentelemetry-sdk-metrics-1.24.0.jar;C:\Users\ABHINAV\.m2\repository\io\opentelemetry\opentelemetry-sdk-logs\1.24.0-alpha\opentelemetry-sdk-logs-1.24.0-alpha.jar;C:\Users\ABHINAV\.m2\repository\io\opentelemetry\opentelemetry-api-logs\1.24.0-alpha\opentelemetry-api-logs-1.24.0-alpha.jar;C:\Users\ABHINAV\.m2\repository\io\opentelemetry\opentelemetry-api-events\1.24.0-alpha\opentelemetry-api-events-1.24.0-alpha.jar;C:\Users\ABHINAV\.m2\repository\io\opentelemetry\opentelemetry-sdk-common\1.24.0\opentelemetry-sdk-common-1.24.0.jar;C:\Users\ABHINAV\.m2\repository\io\opentelemetry\opentelemetry-sdk-extension-autoconfigure-spi\1.24.0\opentelemetry-sdk-extension-autoconfigure-spi-1.24.0.jar;C:\Users\ABHINAV\.m2\repository\io\opentelemetry\opentelemetry-sdk-extension-autoconfigure\1.24.0-alpha\opentelemetry-sdk-extension-autoconfigure-1.24.0-alpha.jar;C:\Users\ABHINAV\.m2\repository\io\opentelemetry\opentelemetry-sdk-trace\1.24.0\opentelemetry-sdk-trace-1.24.0.jar;C:\Users\ABHINAV\.m2\repository\io\opentelemetry\opentelemetry-sdk\1.24.0\opentelemetry-sdk-1.24.0.jar;C:\Users\ABHINAV\.m2\repository\io\opentelemetry\opentelemetry-semconv\1.24.0-alpha\opentelemetry-semconv-1.24.0-alpha.jar;C:\Users\ABHINAV\.m2\repository\io\ous\jtoml\2.0.0\jtoml-2.0.0.jar;C:\Users\ABHINAV\.m2\repository\net\bytebuddy\byte-buddy\1.14.2\byte-buddy-1.14.2.jar;C:\Users\ABHINAV\.m2\repository\org\apache\commons\commons-exec\1.3\commons-exec-1.3.jar;C:\Users\ABHINAV\.m2\repository\org\asynchttpclient\async-http-client\2.12.3\async-http-client-2.12.3.jar;C:\Users\ABHINAV\.m2\repository\org\asynchttpclient\async-http-client-netty-utils\2.12.3\async-http-client-netty-utils-2.12.3.jar;C:\Users\ABHINAV\.m2\repository\io\netty\netty-codec-socks\4.1.60.Final\netty-codec-socks-4.1.60.Final.jar;C:\Users\ABHINAV\.m2\repository\io\netty\netty-handler-proxy\4.1.60.Final\netty-handler-proxy-4.1.60.Final.jar;C:\Users\ABHINAV\.m2\repository\io\netty\netty-transport-native-epoll\4.1.60.Final\netty-transport-native-epoll-4.1.60.Final-linux-x86_64.jar;C:\Users\ABHINAV\.m2\repository\io\netty\netty-transport-native-kqueue\4.1.60.Final\netty-transport-native-kqueue-4.1.60.Final-osx-x86_64.jar;C:\Users\ABHINAV\.m2\repository\org\reactivestreams\reactive-streams\1.0.3\reactive-streams-1.0.3.jar;C:\Users\ABHINAV\.m2\repository\com\typesafe\netty\netty-reactive-streams\2.0.4\netty-reactive-streams-2.0.4.jar;C:\Users\ABHINAV\.m2\repository\com\sun\activation\jakarta.activation\1.2.2\jakarta.activation-1.2.2.jar;C:\Users\ABHINAV\.m2\repository\org\seleniumhq\selenium\selenium-safari-driver\4.8.3\selenium-safari-driver-4.8.3.jar;C:\Users\ABHINAV\.m2\repository\org\seleniumhq\selenium\selenium-support\4.8.3\selenium-support-4.8.3.jar;C:\Users\ABHINAV\.m2\repository\net\sourceforge\cobertura\cobertura\2.1.1\cobertura-2.1.1.jar;C:\Users\ABHINAV\.m2\repository\org\ow2\asm\asm\5.0.1\asm-5.0.1.jar;C:\Users\ABHINAV\.m2\repository\org\ow2\asm\asm-tree\5.0.1\asm-tree-5.0.1.jar;C:\Users\ABHINAV\.m2\repository\org\ow2\asm\asm-commons\5.0.1\asm-commons-5.0.1.jar;C:\Users\ABHINAV\.m2\repository\org\ow2\asm\asm-util\5.0.1\asm-util-5.0.1.jar;C:\Users\ABHINAV\.m2\repository\org\ow2\asm\asm-analysis\5.0.1\asm-analysis-5.0.1.jar;C:\Users\ABHINAV\.m2\repository\oro\oro\2.0.8\oro-2.0.8.jar;C:\Users\ABHINAV\.m2\repository\jaxen\jaxen\1.1.4\jaxen-1.1.4.jar;C:\Users\ABHINAV\.m2\repository\org\apache\ant\ant\1.8.3\ant-1.8.3.jar;C:\Users\ABHINAV\.m2\repository\org\apache\ant\ant-launcher\1.8.3\ant-launcher-1.8.3.jar;C:\Users\ABHINAV\.m2\repository\org\apache\ant\ant-junit\1.8.3\ant-junit-1.8.3.jar;C:\Users\ABHINAV\.m2\repository\org\mortbay\jetty\servlet-api-2.5\6.1.14\servlet-api-2.5-6.1.14.jar;C:\Users\ABHINAV\.m2\repository\org\mortbay\jetty\jetty\6.1.14\jetty-6.1.14.jar;C:\Users\ABHINAV\.m2\repository\org\mortbay\jetty\jetty-util\6.1.14\jetty-util-6.1.14.jar;C:\Users\ABHINAV\.m2\repository\ch\qos\logback\logback-classic\1.0.13\logback-classic-1.0.13.jar;C:\Users\ABHINAV\.m2\repository\ch\qos\logback\logback-core\1.0.13\logback-core-1.0.13.jar;C:\Users\ABHINAV\.m2\repository\junit\junit\4.11\junit-4.11.jar;C:\Users\ABHINAV\.m2\repository\org\hamcrest\hamcrest-core\1.3\hamcrest-core-1.3.jar;C:\Users\ABHINAV\.m2\repository\org\apache\commons\commons-lang3\3.3.2\commons-lang3-3.3.2.jar;C:\Users\ABHINAV\.m2\repository\net\masterthought\cucumber-reporting\5.7.5\cucumber-reporting-5.7.5.jar;C:\Users\ABHINAV\.m2\repository\com\fasterxml\jackson\core\jackson-databind\2.13.2.2\jackson-databind-2.13.2.2.jar;C:\Users\ABHINAV\.m2\repository\com\fasterxml\jackson\core\jackson-annotations\2.13.2\jackson-annotations-2.13.2.jar;C:\Users\ABHINAV\.m2\repository\com\fasterxml\jackson\core\jackson-core\2.13.2\jackson-core-2.13.2.jar;C:\Users\ABHINAV\.m2\repository\com\fasterxml\jackson\datatype\jackson-datatype-jsr310\2.13.2\jackson-datatype-jsr310-2.13.2.jar;C:\Users\ABHINAV\.m2\repository\org\apache\velocity\velocity-engine-core\2.3\velocity-engine-core-2.3.jar;C:\Users\ABHINAV\.m2\repository\org\apache\commons\commons-collections4\4.4\commons-collections4-4.4.jar;C:\Users\ABHINAV\.m2\repository\joda-time\joda-time\2.12.2\joda-time-2.12.2.jar;C:\Users\ABHINAV\.m2\repository\commons-io\commons-io\2.7\commons-io-2.7.jar;C:\Users\ABHINAV\.m2\repository\org\codehaus\plexus\plexus-utils\3.5.0\plexus-utils-3.5.0.jar;C:\Users\ABHINAV\.m2\repository\org\jsoup\jsoup\1.15.4\jsoup-1.15.4.jar;C:\Users\ABHINAV\.m2\repository\com\googlecode\owasp-java-html-sanitizer\owasp-java-html-sanitizer\20220608.1\owasp-java-html-sanitizer-20220608.1.jar;C:\Users\ABHINAV\.m2\repository\commons-configuration\commons-configuration\1.10\commons-configuration-1.10.jar;C:\Users\ABHINAV\.m2\repository\commons-lang\commons-lang\2.6\commons-lang-2.6.jar;C:\Users\ABHINAV\.m2\repository\commons-logging\commons-logging\1.1.1\commons-logging-1.1.1.jar;C:\Users\ABHINAV\.m2\repository\org\hamcrest\hamcrest\2.2\hamcrest-2.2.jar;C:\Users\ABHINAV\.m2\repository\io\cucumber\gherkin\26.2.0\gherkin-26.2.0.jar;C:\Program Files\Java\jdk-17\lib\tools-1.5.0.jar;C:\Users\ABHINAV\.m2\repository\io\github\bonigarcia\webdrivermanager\5.3.3\webdrivermanager-5.3.3.jar;C:\Users\ABHINAV\.m2\repository\com\google\code\gson\gson\2.10.1\gson-2.10.1.jar;C:\Users\ABHINAV\.m2\repository\com\github\docker-java\docker-java\3.3.0\docker-java-3.3.0.jar;C:\Users\ABHINAV\.m2\repository\com\github\docker-java\docker-java-core\3.3.0\docker-java-core-3.3.0.jar;C:\Users\ABHINAV\.m2\repository\com\github\docker-java\docker-java-api\3.3.0\docker-java-api-3.3.0.jar;C:\Users\ABHINAV\.m2\repository\org\apache\commons\commons-compress\1.21\commons-compress-1.21.jar;C:\Users\ABHINAV\.m2\repository\org\bouncycastle\bcpkix-jdk15on\1.64\bcpkix-jdk15on-1.64.jar;C:\Users\ABHINAV\.m2\repository\org\bouncycastle\bcprov-jdk15on\1.64\bcprov-jdk15on-1.64.jar;C:\Users\ABHINAV\.m2\repository\org\slf4j\jcl-over-slf4j\1.7.30\jcl-over-slf4j-1.7.30.jar;C:\Users\ABHINAV\.m2\repository\com\github\docker-java\docker-java-transport-httpclient5\3.3.0\docker-java-transport-httpclient5-3.3.0.jar;C:\Users\ABHINAV\.m2\repository\com\github\docker-java\docker-java-transport\3.3.0\docker-java-transport-3.3.0.jar;C:\Users\ABHINAV\.m2\repository\net\java\dev\jna\jna\5.12.1\jna-5.12.1.jar;C:\Users\ABHINAV\.m2\repository\org\brotli\dec\0.1.2\dec-0.1.2.jar;C:\Users\ABHINAV\.m2\repository\org\apache\httpcomponents\client5\httpclient5\5.2.1\httpclient5-5.2.1.jar;C:\Users\ABHINAV\.m2\repository\org\apache\httpcomponents\core5\httpcore5\5.2\httpcore5-5.2.jar;C:\Users\ABHINAV\.m2\repository\org\apache\httpcomponents\core5\httpcore5-h2\5.2\httpcore5-h2-5.2.jar;"/>
    <property name="java.vm.vendor" value="Oracle Corporation"/>
    <property name="sun.arch.data.model" value="64"/>
    <property name="user.variant" value=""/>
    <property name="java.vendor.url" value="https://java.oracle.com/"/>
    <property name="user.timezone" value="Asia/Calcutta"/>
    <property name="os.name" value="Windows 11"/>
    <property name="java.vm.specification.version" value="17"/>
    <property name="sun.java.launcher" value="SUN_STANDARD"/>
    <property name="user.country" value="IN"/>
    <property name="sun.boot.library.path" value="C:\Program Files\Java\jdk-17\bin"/>
    <property name="sun.java.command" value="C:\Users\ABHINAV\AppData\Local\Temp\surefire13048340579863596840\surefirebooter16854388610269574468.jar C:\Users\ABHINAV\AppData\Local\Temp\surefire13048340579863596840 2023-06-14T00-06-15_761-jvmRun1 surefire6793483993639939156tmp surefire_018007566366618307745tmp"/>
    <property name="jdk.debug" value="release"/>
    <property name="surefire.test.class.path" value="D:\Selenium project\Selenium_Tutorial_2023\Selenium_Practice_2024\target\test-classes;D:\Selenium project\Selenium_Tutorial_2023\Selenium_Practice_2024\target\classes;C:\Users\ABHINAV\.m2\repository\org\testng\testng\7.7.1\testng-7.7.1.jar;C:\Users\ABHINAV\.m2\repository\org\slf4j\slf4j-api\1.7.36\slf4j-api-1.7.36.jar;C:\Users\ABHINAV\.m2\repository\com\beust\jcommander\1.82\jcommander-1.82.jar;C:\Users\ABHINAV\.m2\repository\org\webjars\jquery\3.6.1\jquery-3.6.1.jar;C:\Users\ABHINAV\.m2\repository\io\cucumber\cucumber-testng\7.12.0\cucumber-testng-7.12.0.jar;C:\Users\ABHINAV\.m2\repository\org\apiguardian\apiguardian-api\1.1.2\apiguardian-api-1.1.2.jar;C:\Users\ABHINAV\.m2\repository\io\cucumber\cucumber-java\7.12.0\cucumber-java-7.12.0.jar;C:\Users\ABHINAV\.m2\repository\io\cucumber\cucumber-core\7.12.0\cucumber-core-7.12.0.jar;C:\Users\ABHINAV\.m2\repository\io\cucumber\cucumber-gherkin\7.12.0\cucumber-gherkin-7.12.0.jar;C:\Users\ABHINAV\.m2\repository\io\cucumber\cucumber-gherkin-messages\7.12.0\cucumber-gherkin-messages-7.12.0.jar;C:\Users\ABHINAV\.m2\repository\io\cucumber\messages\22.0.0\messages-22.0.0.jar;C:\Users\ABHINAV\.m2\repository\io\cucumber\tag-expressions\5.0.1\tag-expressions-5.0.1.jar;C:\Users\ABHINAV\.m2\repository\io\cucumber\cucumber-expressions\16.1.2\cucumber-expressions-16.1.2.jar;C:\Users\ABHINAV\.m2\repository\io\cucumber\datatable\7.12.0\datatable-7.12.0.jar;C:\Users\ABHINAV\.m2\repository\io\cucumber\cucumber-plugin\7.12.0\cucumber-plugin-7.12.0.jar;C:\Users\ABHINAV\.m2\repository\io\cucumber\docstring\7.12.0\docstring-7.12.0.jar;C:\Users\ABHINAV\.m2\repository\io\cucumber\html-formatter\20.3.0\html-formatter-20.3.0.jar;C:\Users\ABHINAV\.m2\repository\io\cucumber\junit-xml-formatter\0.2.0\junit-xml-formatter-0.2.0.jar;C:\Users\ABHINAV\.m2\repository\io\cucumber\ci-environment\9.2.0\ci-environment-9.2.0.jar;C:\Users\ABHINAV\.m2\repository\org\seleniumhq\selenium\selenium-java\4.8.3\selenium-java-4.8.3.jar;C:\Users\ABHINAV\.m2\repository\org\seleniumhq\selenium\selenium-api\4.8.3\selenium-api-4.8.3.jar;C:\Users\ABHINAV\.m2\repository\org\seleniumhq\selenium\selenium-chrome-driver\4.8.3\selenium-chrome-driver-4.8.3.jar;C:\Users\ABHINAV\.m2\repository\com\google\auto\service\auto-service-annotations\1.0.1\auto-service-annotations-1.0.1.jar;C:\Users\ABHINAV\.m2\repository\com\google\auto\service\auto-service\1.0.1\auto-service-1.0.1.jar;C:\Users\ABHINAV\.m2\repository\com\google\auto\auto-common\1.2\auto-common-1.2.jar;C:\Users\ABHINAV\.m2\repository\com\google\guava\guava\31.1-jre\guava-31.1-jre.jar;C:\Users\ABHINAV\.m2\repository\com\google\guava\failureaccess\1.0.1\failureaccess-1.0.1.jar;C:\Users\ABHINAV\.m2\repository\com\google\guava\listenablefuture\9999.0-empty-to-avoid-conflict-with-guava\listenablefuture-9999.0-empty-to-avoid-conflict-with-guava.jar;C:\Users\ABHINAV\.m2\repository\com\google\code\findbugs\jsr305\3.0.2\jsr305-3.0.2.jar;C:\Users\ABHINAV\.m2\repository\org\checkerframework\checker-qual\3.12.0\checker-qual-3.12.0.jar;C:\Users\ABHINAV\.m2\repository\com\google\errorprone\error_prone_annotations\2.11.0\error_prone_annotations-2.11.0.jar;C:\Users\ABHINAV\.m2\repository\com\google\j2objc\j2objc-annotations\1.3\j2objc-annotations-1.3.jar;C:\Users\ABHINAV\.m2\repository\org\seleniumhq\selenium\selenium-chromium-driver\4.8.3\selenium-chromium-driver-4.8.3.jar;C:\Users\ABHINAV\.m2\repository\org\seleniumhq\selenium\selenium-json\4.8.3\selenium-json-4.8.3.jar;C:\Users\ABHINAV\.m2\repository\org\seleniumhq\selenium\selenium-manager\4.8.3\selenium-manager-4.8.3.jar;C:\Users\ABHINAV\.m2\repository\org\seleniumhq\selenium\selenium-devtools-v109\4.8.3\selenium-devtools-v109-4.8.3.jar;C:\Users\ABHINAV\.m2\repository\org\seleniumhq\selenium\selenium-devtools-v110\4.8.3\selenium-devtools-v110-4.8.3.jar;C:\Users\ABHINAV\.m2\repository\org\seleniumhq\selenium\selenium-devtools-v111\4.8.3\selenium-devtools-v111-4.8.3.jar;C:\Users\ABHINAV\.m2\repository\org\seleniumhq\selenium\selenium-devtools-v85\4.8.3\selenium-devtools-v85-4.8.3.jar;C:\Users\ABHINAV\.m2\repository\org\seleniumhq\selenium\selenium-edge-driver\4.8.3\selenium-edge-driver-4.8.3.jar;C:\Users\ABHINAV\.m2\repository\org\seleniumhq\selenium\selenium-firefox-driver\4.8.3\selenium-firefox-driver-4.8.3.jar;C:\Users\ABHINAV\.m2\repository\org\seleniumhq\selenium\selenium-http\4.8.3\selenium-http-4.8.3.jar;C:\Users\ABHINAV\.m2\repository\dev\failsafe\failsafe\3.3.1\failsafe-3.3.1.jar;C:\Users\ABHINAV\.m2\repository\org\seleniumhq\selenium\selenium-ie-driver\4.8.3\selenium-ie-driver-4.8.3.jar;C:\Users\ABHINAV\.m2\repository\org\seleniumhq\selenium\selenium-remote-driver\4.8.3\selenium-remote-driver-4.8.3.jar;C:\Users\ABHINAV\.m2\repository\io\netty\netty-buffer\4.1.90.Final\netty-buffer-4.1.90.Final.jar;C:\Users\ABHINAV\.m2\repository\io\netty\netty-codec-http\4.1.90.Final\netty-codec-http-4.1.90.Final.jar;C:\Users\ABHINAV\.m2\repository\io\netty\netty-codec\4.1.90.Final\netty-codec-4.1.90.Final.jar;C:\Users\ABHINAV\.m2\repository\io\netty\netty-handler\4.1.90.Final\netty-handler-4.1.90.Final.jar;C:\Users\ABHINAV\.m2\repository\io\netty\netty-common\4.1.90.Final\netty-common-4.1.90.Final.jar;C:\Users\ABHINAV\.m2\repository\io\netty\netty-transport-classes-epoll\4.1.90.Final\netty-transport-classes-epoll-4.1.90.Final.jar;C:\Users\ABHINAV\.m2\repository\io\netty\netty-transport-classes-kqueue\4.1.90.Final\netty-transport-classes-kqueue-4.1.90.Final.jar;C:\Users\ABHINAV\.m2\repository\io\netty\netty-transport-native-epoll\4.1.90.Final\netty-transport-native-epoll-4.1.90.Final.jar;C:\Users\ABHINAV\.m2\repository\io\netty\netty-transport-native-kqueue\4.1.90.Final\netty-transport-native-kqueue-4.1.90.Final.jar;C:\Users\ABHINAV\.m2\repository\io\netty\netty-transport-native-unix-common\4.1.90.Final\netty-transport-native-unix-common-4.1.90.Final.jar;C:\Users\ABHINAV\.m2\repository\io\netty\netty-transport\4.1.90.Final\netty-transport-4.1.90.Final.jar;C:\Users\ABHINAV\.m2\repository\io\netty\netty-resolver\4.1.90.Final\netty-resolver-4.1.90.Final.jar;C:\Users\ABHINAV\.m2\repository\io\opentelemetry\opentelemetry-api\1.24.0\opentelemetry-api-1.24.0.jar;C:\Users\ABHINAV\.m2\repository\io\opentelemetry\opentelemetry-context\1.24.0\opentelemetry-context-1.24.0.jar;C:\Users\ABHINAV\.m2\repository\io\opentelemetry\opentelemetry-exporter-logging\1.24.0\opentelemetry-exporter-logging-1.24.0.jar;C:\Users\ABHINAV\.m2\repository\io\opentelemetry\opentelemetry-sdk-metrics\1.24.0\opentelemetry-sdk-metrics-1.24.0.jar;C:\Users\ABHINAV\.m2\repository\io\opentelemetry\opentelemetry-sdk-logs\1.24.0-alpha\opentelemetry-sdk-logs-1.24.0-alpha.jar;C:\Users\ABHINAV\.m2\repository\io\opentelemetry\opentelemetry-api-logs\1.24.0-alpha\opentelemetry-api-logs-1.24.0-alpha.jar;C:\Users\ABHINAV\.m2\repository\io\opentelemetry\opentelemetry-api-events\1.24.0-alpha\opentelemetry-api-events-1.24.0-alpha.jar;C:\Users\ABHINAV\.m2\repository\io\opentelemetry\opentelemetry-sdk-common\1.24.0\opentelemetry-sdk-common-1.24.0.jar;C:\Users\ABHINAV\.m2\repository\io\opentelemetry\opentelemetry-sdk-extension-autoconfigure-spi\1.24.0\opentelemetry-sdk-extension-autoconfigure-spi-1.24.0.jar;C:\Users\ABHINAV\.m2\repository\io\opentelemetry\opentelemetry-sdk-extension-autoconfigure\1.24.0-alpha\opentelemetry-sdk-extension-autoconfigure-1.24.0-alpha.jar;C:\Users\ABHINAV\.m2\repository\io\opentelemetry\opentelemetry-sdk-trace\1.24.0\opentelemetry-sdk-trace-1.24.0.jar;C:\Users\ABHINAV\.m2\repository\io\opentelemetry\opentelemetry-sdk\1.24.0\opentelemetry-sdk-1.24.0.jar;C:\Users\ABHINAV\.m2\repository\io\opentelemetry\opentelemetry-semconv\1.24.0-alpha\opentelemetry-semconv-1.24.0-alpha.jar;C:\Users\ABHINAV\.m2\repository\io\ous\jtoml\2.0.0\jtoml-2.0.0.jar;C:\Users\ABHINAV\.m2\repository\net\bytebuddy\byte-buddy\1.14.2\byte-buddy-1.14.2.jar;C:\Users\ABHINAV\.m2\repository\org\apache\commons\commons-exec\1.3\commons-exec-1.3.jar;C:\Users\ABHINAV\.m2\repository\org\asynchttpclient\async-http-client\2.12.3\async-http-client-2.12.3.jar;C:\Users\ABHINAV\.m2\repository\org\asynchttpclient\async-http-client-netty-utils\2.12.3\async-http-client-netty-utils-2.12.3.jar;C:\Users\ABHINAV\.m2\repository\io\netty\netty-codec-socks\4.1.60.Final\netty-codec-socks-4.1.60.Final.jar;C:\Users\ABHINAV\.m2\repository\io\netty\netty-handler-proxy\4.1.60.Final\netty-handler-proxy-4.1.60.Final.jar;C:\Users\ABHINAV\.m2\repository\io\netty\netty-transport-native-epoll\4.1.60.Final\netty-transport-native-epoll-4.1.60.Final-linux-x86_64.jar;C:\Users\ABHINAV\.m2\repository\io\netty\netty-transport-native-kqueue\4.1.60.Final\netty-transport-native-kqueue-4.1.60.Final-osx-x86_64.jar;C:\Users\ABHINAV\.m2\repository\org\reactivestreams\reactive-streams\1.0.3\reactive-streams-1.0.3.jar;C:\Users\ABHINAV\.m2\repository\com\typesafe\netty\netty-reactive-streams\2.0.4\netty-reactive-streams-2.0.4.jar;C:\Users\ABHINAV\.m2\repository\com\sun\activation\jakarta.activation\1.2.2\jakarta.activation-1.2.2.jar;C:\Users\ABHINAV\.m2\repository\org\seleniumhq\selenium\selenium-safari-driver\4.8.3\selenium-safari-driver-4.8.3.jar;C:\Users\ABHINAV\.m2\repository\org\seleniumhq\selenium\selenium-support\4.8.3\selenium-support-4.8.3.jar;C:\Users\ABHINAV\.m2\repository\net\sourceforge\cobertura\cobertura\2.1.1\cobertura-2.1.1.jar;C:\Users\ABHINAV\.m2\repository\org\ow2\asm\asm\5.0.1\asm-5.0.1.jar;C:\Users\ABHINAV\.m2\repository\org\ow2\asm\asm-tree\5.0.1\asm-tree-5.0.1.jar;C:\Users\ABHINAV\.m2\repository\org\ow2\asm\asm-commons\5.0.1\asm-commons-5.0.1.jar;C:\Users\ABHINAV\.m2\repository\org\ow2\asm\asm-util\5.0.1\asm-util-5.0.1.jar;C:\Users\ABHINAV\.m2\repository\org\ow2\asm\asm-analysis\5.0.1\asm-analysis-5.0.1.jar;C:\Users\ABHINAV\.m2\repository\oro\oro\2.0.8\oro-2.0.8.jar;C:\Users\ABHINAV\.m2\repository\jaxen\jaxen\1.1.4\jaxen-1.1.4.jar;C:\Users\ABHINAV\.m2\repository\org\apache\ant\ant\1.8.3\ant-1.8.3.jar;C:\Users\ABHINAV\.m2\repository\org\apache\ant\ant-launcher\1.8.3\ant-launcher-1.8.3.jar;C:\Users\ABHINAV\.m2\repository\org\apache\ant\ant-junit\1.8.3\ant-junit-1.8.3.jar;C:\Users\ABHINAV\.m2\repository\org\mortbay\jetty\servlet-api-2.5\6.1.14\servlet-api-2.5-6.1.14.jar;C:\Users\ABHINAV\.m2\repository\org\mortbay\jetty\jetty\6.1.14\jetty-6.1.14.jar;C:\Users\ABHINAV\.m2\repository\org\mortbay\jetty\jetty-util\6.1.14\jetty-util-6.1.14.jar;C:\Users\ABHINAV\.m2\repository\ch\qos\logback\logback-classic\1.0.13\logback-classic-1.0.13.jar;C:\Users\ABHINAV\.m2\repository\ch\qos\logback\logback-core\1.0.13\logback-core-1.0.13.jar;C:\Users\ABHINAV\.m2\repository\junit\junit\4.11\junit-4.11.jar;C:\Users\ABHINAV\.m2\repository\org\hamcrest\hamcrest-core\1.3\hamcrest-core-1.3.jar;C:\Users\ABHINAV\.m2\repository\org\apache\commons\commons-lang3\3.3.2\commons-lang3-3.3.2.jar;C:\Users\ABHINAV\.m2\repository\net\masterthought\cucumber-reporting\5.7.5\cucumber-reporting-5.7.5.jar;C:\Users\ABHINAV\.m2\repository\com\fasterxml\jackson\core\jackson-databind\2.13.2.2\jackson-databind-2.13.2.2.jar;C:\Users\ABHINAV\.m2\repository\com\fasterxml\jackson\core\jackson-annotations\2.13.2\jackson-annotations-2.13.2.jar;C:\Users\ABHINAV\.m2\repository\com\fasterxml\jackson\core\jackson-core\2.13.2\jackson-core-2.13.2.jar;C:\Users\ABHINAV\.m2\repository\com\fasterxml\jackson\datatype\jackson-datatype-jsr310\2.13.2\jackson-datatype-jsr310-2.13.2.jar;C:\Users\ABHINAV\.m2\repository\org\apache\velocity\velocity-engine-core\2.3\velocity-engine-core-2.3.jar;C:\Users\ABHINAV\.m2\repository\org\apache\commons\commons-collections4\4.4\commons-collections4-4.4.jar;C:\Users\ABHINAV\.m2\repository\joda-time\joda-time\2.12.2\joda-time-2.12.2.jar;C:\Users\ABHINAV\.m2\repository\commons-io\commons-io\2.7\commons-io-2.7.jar;C:\Users\ABHINAV\.m2\repository\org\codehaus\plexus\plexus-utils\3.5.0\plexus-utils-3.5.0.jar;C:\Users\ABHINAV\.m2\repository\org\jsoup\jsoup\1.15.4\jsoup-1.15.4.jar;C:\Users\ABHINAV\.m2\repository\com\googlecode\owasp-java-html-sanitizer\owasp-java-html-sanitizer\20220608.1\owasp-java-html-sanitizer-20220608.1.jar;C:\Users\ABHINAV\.m2\repository\commons-configuration\commons-configuration\1.10\commons-configuration-1.10.jar;C:\Users\ABHINAV\.m2\repository\commons-lang\commons-lang\2.6\commons-lang-2.6.jar;C:\Users\ABHINAV\.m2\repository\commons-logging\commons-logging\1.1.1\commons-logging-1.1.1.jar;C:\Users\ABHINAV\.m2\repository\org\hamcrest\hamcrest\2.2\hamcrest-2.2.jar;C:\Users\ABHINAV\.m2\repository\io\cucumber\gherkin\26.2.0\gherkin-26.2.0.jar;C:\Program Files\Java\jdk-17\lib\tools-1.5.0.jar;C:\Users\ABHINAV\.m2\repository\io\github\bonigarcia\webdrivermanager\5.3.3\webdrivermanager-5.3.3.jar;C:\Users\ABHINAV\.m2\repository\com\google\code\gson\gson\2.10.1\gson-2.10.1.jar;C:\Users\ABHINAV\.m2\repository\com\github\docker-java\docker-java\3.3.0\docker-java-3.3.0.jar;C:\Users\ABHINAV\.m2\repository\com\github\docker-java\docker-java-core\3.3.0\docker-java-core-3.3.0.jar;C:\Users\ABHINAV\.m2\repository\com\github\docker-java\docker-java-api\3.3.0\docker-java-api-3.3.0.jar;C:\Users\ABHINAV\.m2\repository\org\apache\commons\commons-compress\1.21\commons-compress-1.21.jar;C:\Users\ABHINAV\.m2\repository\org\bouncycastle\bcpkix-jdk15on\1.64\bcpkix-jdk15on-1.64.jar;C:\Users\ABHINAV\.m2\repository\org\bouncycastle\bcprov-jdk15on\1.64\bcprov-jdk15on-1.64.jar;C:\Users\ABHINAV\.m2\repository\org\slf4j\jcl-over-slf4j\1.7.30\jcl-over-slf4j-1.7.30.jar;C:\Users\ABHINAV\.m2\repository\com\github\docker-java\docker-java-transport-httpclient5\3.3.0\docker-java-transport-httpclient5-3.3.0.jar;C:\Users\ABHINAV\.m2\repository\com\github\docker-java\docker-java-transport\3.3.0\docker-java-transport-3.3.0.jar;C:\Users\ABHINAV\.m2\repository\net\java\dev\jna\jna\5.12.1\jna-5.12.1.jar;C:\Users\ABHINAV\.m2\repository\org\brotli\dec\0.1.2\dec-0.1.2.jar;C:\Users\ABHINAV\.m2\repository\org\apache\httpcomponents\client5\httpclient5\5.2.1\httpclient5-5.2.1.jar;C:\Users\ABHINAV\.m2\repository\org\apache\httpcomponents\core5\httpcore5\5.2\httpcore5-5.2.jar;C:\Users\ABHINAV\.m2\repository\org\apache\httpcomponents\core5\httpcore5-h2\5.2\httpcore5-h2-5.2.jar;"/>
    <property name="sun.cpu.endian" value="little"/>
    <property name="user.home" value="C:\Users\ABHINAV"/>
    <property name="user.language" value="en"/>
    <property name="java.specification.vendor" value="Oracle Corporation"/>
    <property name="java.version.date" value="2023-04-18"/>
    <property name="java.home" value="C:\Program Files\Java\jdk-17"/>
    <property name="file.separator" value="\"/>
    <property name="style.color" value="always"/>
    <property name="basedir" value="D:\Selenium project\Selenium_Tutorial_2023\Selenium_Practice_2024"/>
    <property name="java.vm.compressedOopsMode" value="Zero based"/>
    <property name="line.separator" value="&#10;"/>
    <property name="java.vm.specification.vendor" value="Oracle Corporation"/>
    <property name="java.specification.name" value="Java Platform API Specification"/>
    <property name="surefire.real.class.path" value="C:\Users\ABHINAV\AppData\Local\Temp\surefire13048340579863596840\surefirebooter16854388610269574468.jar"/>
    <property name="user.script" value=""/>
    <property name="sun.management.compiler" value="HotSpot 64-Bit Tiered Compilers"/>
    <property name="java.runtime.version" value="17.0.7+8-LTS-224"/>
    <property name="user.name" value="ABHINAV"/>
    <property name="path.separator" value=";"/>
    <property name="os.version" value="10.0"/>
    <property name="java.runtime.name" value="Java(TM) SE Runtime Environment"/>
    <property name="file.encoding" value="Cp1252"/>
    <property name="java.vm.name" value="Java HotSpot(TM) 64-Bit Server VM"/>
    <property name="localRepository" value="C:\Users\ABHINAV\.m2\repository"/>
    <property name="java.vendor.url.bug" value="https://bugreport.java.com/bugreport/"/>
    <property name="java.io.tmpdir" value="C:\Users\ABHINAV\AppData\Local\Temp\"/>
    <property name="java.version" value="17.0.7"/>
    <property name="user.dir" value="D:\Selenium project\Selenium_Tutorial_2023\Selenium_Practice_2024"/>
    <property name="os.arch" value="amd64"/>
    <property name="java.vm.specification.name" value="Java Virtual Machine Specification"/>
    <property name="sun.os.patch.level" value=""/>
    <property name="native.encoding" value="Cp1252"/>
    <property name="java.library.path" value="C:\Program Files\Java\jdk-17\bin;C:\WINDOWS\Sun\Java\bin;C:\WINDOWS\system32;C:\WINDOWS;C:\Program Files\Common Files\Oracle\Java\javapath;C:\WINDOWS\system32;C:\WINDOWS;C:\WINDOWS\System32\Wbem;C:\WINDOWS\System32\WindowsPowerShell\v1.0\;C:\WINDOWS\System32\OpenSSH\;C:\Program Files\Java\jdk-11.0.17\bin;C:\Program Files\Java\jdk-11.0.17\bin;C:\Program Files\Git\cmd;C:\Program Files\apache-maven-3.9.2-bin\apache-maven-3.9.2\bin;C:\Users\ABHINAV\AppData\Local\Programs\Python\Python310\Scripts\;C:\Users\ABHINAV\AppData\Local\Programs\Python\Python310\;C:\Users\ABHINAV\AppData\Local\Microsoft\WindowsApps;C:\Program Files\JetBrains\IntelliJ IDEA Community Edition 2022.2\bin;;C:\Users\ABHINAV\AppData\Local\GitHubDesktop\bin;;."/>
    <property name="java.vm.info" value="mixed mode, sharing"/>
    <property name="java.vendor" value="Oracle Corporation"/>
    <property name="java.vm.version" value="17.0.7+8-LTS-224"/>
    <property name="sun.io.unicode.encoding" value="UnicodeLittle"/>
    <property name="java.class.version" value="61.0"/>
  </properties>
  <testcase name="runScenario" classname="Runner.TestRunner2024" time="25.304">
    <failure message="no such element: Unable to locate element: {&quot;method&quot;:&quot;xpath&quot;,&quot;selector&quot;:&quot;//*[@class=&apos;alert alert-success alert-dismissable&apos;]&quot;}&#10;  (Session info: chrome=114.0.5735.110)&#10;For documentation on this error, please visit: https://selenium.dev/exceptions/#no_such_element&#10;Build info: version: &apos;4.8.3&apos;, revision: &apos;e5e76298c3&apos;&#10;System info: os.name: &apos;Windows 11&apos;, os.arch: &apos;amd64&apos;, os.version: &apos;10.0&apos;, java.version: &apos;17.0.7&apos;&#10;Driver info: org.openqa.selenium.chrome.ChromeDriver&#10;Command: [aefe285a60ccb8ebb4d0c5a2f54ef586, findElement {using=xpath, value=//*[@class=&apos;alert alert-success alert-dismissable&apos;]}]&#10;Capabilities {acceptInsecureCerts: false, browserName: chrome, browserVersion: 114.0.5735.110, chrome: {chromedriverVersion: 114.0.5735.90 (386bc09e8f4f..., userDataDir: C:\Users\ABHINAV\AppData\Lo...}, goog:chromeOptions: {debuggerAddress: localhost:57992}, networkConnectionEnabled: false, pageLoadStrategy: normal, platformName: WINDOWS, proxy: Proxy(), se:cdp: ws://localhost:57992/devtoo..., se:cdpVersion: 114.0.5735.110, setWindowRect: true, strictFileInteractability: false, timeouts: {implicit: 0, pageLoad: 300000, script: 30000}, unhandledPromptBehavior: dismiss and notify, webauthn:extension:credBlob: true, webauthn:extension:largeBlob: true, webauthn:extension:minPinLength: true, webauthn:extension:prf: true, webauthn:virtualAuthenticators: true}&#10;Session ID: aefe285a60ccb8ebb4d0c5a2f54ef586" type="org.openqa.selenium.NoSuchElementException">org.openqa.selenium.NoSuchElementException: 
no such element: Unable to locate element: {"method":"xpath","selector":"//*[@class='alert alert-success alert-dismissable']"}
  (Session info: chrome=114.0.5735.110)
For documentation on this error, please visit: https://selenium.dev/exceptions/#no_such_element
Build info: version: '4.8.3', revision: 'e5e76298c3'
System info: os.name: 'Windows 11', os.arch: 'amd64', os.version: '10.0', java.version: '17.0.7'
Driver info: org.openqa.selenium.chrome.ChromeDriver
Command: [aefe285a60ccb8ebb4d0c5a2f54ef586, findElement {using=xpath, value=//*[@class='alert alert-success alert-dismissable']}]
Capabilities {acceptInsecureCerts: false, browserName: chrome, browserVersion: 114.0.5735.110, chrome: {chromedriverVersion: 114.0.5735.90 (386bc09e8f4f..., userDataDir: C:\Users\ABHINAV\AppData\Lo...}, goog:chromeOptions: {debuggerAddress: localhost:57992}, networkConnectionEnabled: false, pageLoadStrategy: normal, platformName: WINDOWS, proxy: Proxy(), se:cdp: ws://localhost:57992/devtoo..., se:cdpVersion: 114.0.5735.110, setWindowRect: true, strictFileInteractability: false, timeouts: {implicit: 0, pageLoad: 300000, script: 30000}, unhandledPromptBehavior: dismiss and notify, webauthn:extension:credBlob: true, webauthn:extension:largeBlob: true, webauthn:extension:minPinLength: true, webauthn:extension:prf: true, webauthn:virtualAuthenticators: true}
Session ID: aefe285a60ccb8ebb4d0c5a2f54ef586
</failure>
    <system-out><![CDATA[
Scenario Outline: Add new customer                                                                                                                       &amp#27;[90m# Feature/Customer.feature:21&amp#27;[0m
[DEBUG] Resolution chrome=114 in cache (valid until 00:14:31 14/06/2023 IST)
[DEBUG] Resolution chrome114=114.0.5735.90 in cache (valid until 22:13:20 14/06/2023 IST)
[INFO] Using chromedriver 114.0.5735.90 (resolved driver for Chrome 114)
[DEBUG] Driver chromedriver 114.0.5735.90 found in cache
[INFO] Exporting webdriver.chrome.driver as C:\Users\ABHINAV\.cache\selenium\chromedriver\win32\114.0.5735.90\chromedriver.exe
[DEBUG] Using SLF4J as the default logging framework
[DEBUG] -Dio.netty.leakDetection.level: simple
[DEBUG] -Dio.netty.leakDetection.targetRecords: 4
[DEBUG] Loaded default ResourceLeakDetector: io.netty.util.ResourceLeakDetector@363a3d15
[DEBUG] -Dio.netty.noUnsafe: false
[DEBUG] Java version: 17
[DEBUG] sun.misc.Unsafe.theUnsafe: available
[DEBUG] sun.misc.Unsafe.copyMemory: available
[DEBUG] sun.misc.Unsafe.storeFence: available
[DEBUG] java.nio.Buffer.address: available
[DEBUG] direct buffer constructor: unavailable: Reflective setAccessible(true) disabled
[DEBUG] java.nio.Bits.unaligned: available, true
[DEBUG] jdk.internal.misc.Unsafe.allocateUninitializedArray(int): unavailable: class io.netty.util.internal.PlatformDependent0$7 cannot access class jdk.internal.misc.Unsafe (in module java.base) because module java.base does not export jdk.internal.misc to unnamed module @4cc0edeb
[DEBUG] java.nio.DirectByteBuffer.<init>(long, int): unavailable
[DEBUG] sun.misc.Unsafe: available
[DEBUG] maxDirectMemory: 4120903680 bytes (maybe)
[DEBUG] -Dio.netty.tmpdir: C:\Users\ABHINAV\AppData\Local\Temp (java.io.tmpdir)
[DEBUG] -Dio.netty.bitMode: 64 (sun.arch.data.model)
[DEBUG] Platform: Windows
[DEBUG] -Dio.netty.maxDirectMemory: -1 bytes
[DEBUG] -Dio.netty.uninitializedArrayAllocationThreshold: -1
[DEBUG] java.nio.ByteBuffer.cleaner(): available
[DEBUG] -Dio.netty.noPreferDirect: false
[DEBUG] org.jctools-core.MpscChunkedArrayQueue: available
[DEBUG] -Dio.netty.threadLocalMap.stringBuilder.initialSize: 1024
[DEBUG] -Dio.netty.threadLocalMap.stringBuilder.maxSize: 4096
[DEBUG] Default protocols (JDK): [TLSv1.3, TLSv1.2] 
[DEBUG] Default cipher suites (JDK): [TLS_ECDHE_ECDSA_WITH_AES_256_GCM_SHA384, TLS_ECDHE_ECDSA_WITH_AES_128_GCM_SHA256, TLS_ECDHE_RSA_WITH_AES_128_GCM_SHA256, TLS_ECDHE_RSA_WITH_AES_256_GCM_SHA384, TLS_ECDHE_RSA_WITH_AES_128_CBC_SHA, TLS_ECDHE_RSA_WITH_AES_256_CBC_SHA, TLS_RSA_WITH_AES_128_GCM_SHA256, TLS_RSA_WITH_AES_128_CBC_SHA, TLS_RSA_WITH_AES_256_CBC_SHA, TLS_AES_128_GCM_SHA256, TLS_AES_256_GCM_SHA384]
[DEBUG] -Dio.netty.globalEventExecutor.quietPeriodSeconds: 1
[DEBUG] -Dio.netty.eventLoopThreads: 24
[DEBUG] -Dio.netty.noKeySetOptimization: false
[DEBUG] -Dio.netty.selectorAutoRebuildThreshold: 512
[DEBUG] -Dio.netty.allocator.numHeapArenas: 24
[DEBUG] -Dio.netty.allocator.numDirectArenas: 24
[DEBUG] -Dio.netty.allocator.pageSize: 8192
[DEBUG] -Dio.netty.allocator.maxOrder: 9
[DEBUG] -Dio.netty.allocator.chunkSize: 4194304
[DEBUG] -Dio.netty.allocator.smallCacheSize: 256
[DEBUG] -Dio.netty.allocator.normalCacheSize: 64
[DEBUG] -Dio.netty.allocator.maxCachedBufferCapacity: 32768
[DEBUG] -Dio.netty.allocator.cacheTrimInterval: 8192
[DEBUG] -Dio.netty.allocator.cacheTrimIntervalMillis: 0
[DEBUG] -Dio.netty.allocator.useCacheForAllThreads: false
[DEBUG] -Dio.netty.allocator.maxCachedByteBuffersPerChunk: 1023
[DEBUG] -Dio.netty.allocator.type: pooled
[DEBUG] -Dio.netty.threadLocalDirectBufferSize: 0
[DEBUG] -Dio.netty.maxThreadLocalCharBufferSize: 16384
[DEBUG] -Dio.netty.processId: 18812 (auto-detected)
[DEBUG] -Djava.net.preferIPv4Stack: false
[DEBUG] -Djava.net.preferIPv6Addresses: false
[DEBUG] Loopback interface: lo (Software Loopback Interface 1, 127.0.0.1)
[DEBUG] Failed to get SOMAXCONN from sysctl and file \proc\sys\net\core\somaxconn. Default: 200
[DEBUG] -Dio.netty.machineId: 50:c2:e8:ff:fe:1b:13:43 (auto-detected)
[DEBUG] -Dio.netty.buffer.checkAccessible: true
[DEBUG] -Dio.netty.buffer.checkBounds: true
[DEBUG] Loaded default ResourceLeakDetector: io.netty.util.ResourceLeakDetector@1492487a
[DEBUG] Using new Channel '[id: 0x9fdc9792, L:/127.0.0.1:57991 - R:localhost/127.0.0.1:38318]' for 'POST' to '/session'
[DEBUG] -Dio.netty.recycler.maxCapacityPerThread: 4096
[DEBUG] -Dio.netty.recycler.ratio: 8
[DEBUG] -Dio.netty.recycler.chunkSize: 32
[DEBUG] -Dio.netty.recycler.blocking: false
[DEBUG] -Dio.netty.recycler.batchFastThreadLocalOnly: true
[DEBUG] brotli4j not in the classpath; Brotli support will be unavailable.
[DEBUG] 

Request DefaultHttpRequest(decodeResult: success, version: HTTP/1.1)
POST /session HTTP/1.1
User-Agent: selenium/4.8.3 (java windows)
Content-Length: 439
Content-Type: application/json; charset=utf-8
host: localhost:38318
accept: */*

Response DefaultHttpResponse(decodeResult: success, version: HTTP/1.1)
HTTP/1.1 200 OK
Content-Length: 863
Content-Type: application/json; charset=utf-8
cache-control: no-cache

[DEBUG] Adding key: http://localhost:38318 for channel [id: 0x9fdc9792, L:/127.0.0.1:57991 - R:localhost/127.0.0.1:38318]
[DEBUG] Using new Channel '[id: 0x919d0da0, L:/127.0.0.1:57999 - R:localhost/127.0.0.1:57992]' for 'GET' to '/json/version'
[DEBUG] 

Request DefaultFullHttpRequest(decodeResult: success, version: HTTP/1.1, content: EmptyByteBufBE)
GET /json/version HTTP/1.1
User-Agent: selenium/4.8.3 (java windows)
host: localhost:57992
accept: */*

Response DefaultHttpResponse(decodeResult: success, version: HTTP/1.1)
HTTP/1.1 200 OK
Content-Security-Policy: frame-ancestors 'none'
Content-Length: 424
Content-Type: application/json; charset=UTF-8

[DEBUG] Adding key: http://localhost:57992 for channel [id: 0x919d0da0, L:/127.0.0.1:57999 - R:localhost/127.0.0.1:57992]
[DEBUG] -Dio.netty.initialSeedUniquifier: 0x0ab968c92386451d
[DEBUG] Using new Channel '[id: 0x59964c33, L:/127.0.0.1:58000 - R:localhost/127.0.0.1:57992]' for 'GET' to '/devtools/browser/78fbd6e0-89b3-4735-ae69-da2b74f83eb9'
[DEBUG] 

Request DefaultFullHttpRequest(decodeResult: success, version: HTTP/1.1, content: EmptyByteBufBE)
GET /devtools/browser/78fbd6e0-89b3-4735-ae69-da2b74f83eb9 HTTP/1.1
upgrade: websocket
connection: upgrade
sec-websocket-key: VQp+kZe0IMbWR6UIop1veQ==
sec-websocket-version: 13
origin: http://localhost:57992
host: localhost:57992
accept: */*
user-agent: AHC/2.1

Response DefaultHttpResponse(decodeResult: success, version: HTTP/1.1)
HTTP/1.1 101 WebSocket Protocol Handshake
Upgrade: WebSocket
Connection: Upgrade
Sec-WebSocket-Accept: I5hVOeMvdMGYh8ZRvD4CYvndd/g=

[DEBUG] Using pooled Channel '[id: 0x9fdc9792, L:/127.0.0.1:57991 - R:localhost/127.0.0.1:38318]' for 'DELETE' to 'http://localhost:38318/session/aefe285a60ccb8ebb4d0c5a2f54ef586/cookie'
[DEBUG] Using open Channel [id: 0x9fdc9792, L:/127.0.0.1:57991 - R:localhost/127.0.0.1:38318] for DELETE '/session/aefe285a60ccb8ebb4d0c5a2f54ef586/cookie'
[DEBUG] 

Request DefaultFullHttpRequest(decodeResult: success, version: HTTP/1.1, content: EmptyByteBufBE)
DELETE /session/aefe285a60ccb8ebb4d0c5a2f54ef586/cookie HTTP/1.1
User-Agent: selenium/4.8.3 (java windows)
Content-Type: application/json; charset=utf-8
host: localhost:38318
accept: */*

Response DefaultHttpResponse(decodeResult: success, version: HTTP/1.1)
HTTP/1.1 200 OK
Content-Length: 14
Content-Type: application/json; charset=utf-8
cache-control: no-cache

[DEBUG] Adding key: http://localhost:38318 for channel [id: 0x9fdc9792, L:/127.0.0.1:57991 - R:localhost/127.0.0.1:38318]
[DEBUG] Using pooled Channel '[id: 0x9fdc9792, L:/127.0.0.1:57991 - R:localhost/127.0.0.1:38318]' for 'POST' to 'http://localhost:38318/session/aefe285a60ccb8ebb4d0c5a2f54ef586/window/maximize'
[DEBUG] Using open Channel [id: 0x9fdc9792, L:/127.0.0.1:57991 - R:localhost/127.0.0.1:38318] for POST '/session/aefe285a60ccb8ebb4d0c5a2f54ef586/window/maximize'
[DEBUG] 

Request DefaultHttpRequest(decodeResult: success, version: HTTP/1.1)
POST /session/aefe285a60ccb8ebb4d0c5a2f54ef586/window/maximize HTTP/1.1
User-Agent: selenium/4.8.3 (java windows)
Content-Length: 3
Content-Type: application/json; charset=utf-8
host: localhost:38318
accept: */*

Response DefaultHttpResponse(decodeResult: success, version: HTTP/1.1)
HTTP/1.1 200 OK
Content-Length: 51
Content-Type: application/json; charset=utf-8
cache-control: no-cache

[DEBUG] Adding key: http://localhost:38318 for channel [id: 0x9fdc9792, L:/127.0.0.1:57991 - R:localhost/127.0.0.1:38318]
[DEBUG] Using pooled Channel '[id: 0x9fdc9792, L:/127.0.0.1:57991 - R:localhost/127.0.0.1:38318]' for 'POST' to 'http://localhost:38318/session/aefe285a60ccb8ebb4d0c5a2f54ef586/timeouts'
[DEBUG] Using open Channel [id: 0x9fdc9792, L:/127.0.0.1:57991 - R:localhost/127.0.0.1:38318] for POST '/session/aefe285a60ccb8ebb4d0c5a2f54ef586/timeouts'
[DEBUG] 

Request DefaultHttpRequest(decodeResult: success, version: HTTP/1.1)
POST /session/aefe285a60ccb8ebb4d0c5a2f54ef586/timeouts HTTP/1.1
User-Agent: selenium/4.8.3 (java windows)
Content-Length: 23
Content-Type: application/json; charset=utf-8
host: localhost:38318
accept: */*

Response DefaultHttpResponse(decodeResult: success, version: HTTP/1.1)
HTTP/1.1 200 OK
Content-Length: 14
Content-Type: application/json; charset=utf-8
cache-control: no-cache

[DEBUG] Adding key: http://localhost:38318 for channel [id: 0x9fdc9792, L:/127.0.0.1:57991 - R:localhost/127.0.0.1:38318]
  &amp#27;[32mGiven &amp#27;[0m&amp#27;[32mUser launch chrome browser&amp#27;[0m                                                                                                                       &amp#27;[90m# stepDefinition.Login.user_launch_chrome_browser()&amp#27;[0m
[DEBUG] Using pooled Channel '[id: 0x9fdc9792, L:/127.0.0.1:57991 - R:localhost/127.0.0.1:38318]' for 'POST' to 'http://localhost:38318/session/aefe285a60ccb8ebb4d0c5a2f54ef586/url'
[DEBUG] Using open Channel [id: 0x9fdc9792, L:/127.0.0.1:57991 - R:localhost/127.0.0.1:38318] for POST '/session/aefe285a60ccb8ebb4d0c5a2f54ef586/url'
[DEBUG] Entry count for : http://localhost:57992 : 1
[DEBUG] 

Request DefaultHttpRequest(decodeResult: success, version: HTTP/1.1)
POST /session/aefe285a60ccb8ebb4d0c5a2f54ef586/url HTTP/1.1
User-Agent: selenium/4.8.3 (java windows)
Content-Length: 70
Content-Type: application/json; charset=utf-8
host: localhost:38318
accept: */*

Response DefaultHttpResponse(decodeResult: success, version: HTTP/1.1)
HTTP/1.1 200 OK
Content-Length: 14
Content-Type: application/json; charset=utf-8
cache-control: no-cache

[DEBUG] Adding key: http://localhost:38318 for channel [id: 0x9fdc9792, L:/127.0.0.1:57991 - R:localhost/127.0.0.1:38318]
[DEBUG] Using pooled Channel '[id: 0x9fdc9792, L:/127.0.0.1:57991 - R:localhost/127.0.0.1:38318]' for 'GET' to 'http://localhost:38318/session/aefe285a60ccb8ebb4d0c5a2f54ef586/title'
[DEBUG] Using open Channel [id: 0x9fdc9792, L:/127.0.0.1:57991 - R:localhost/127.0.0.1:38318] for GET '/session/aefe285a60ccb8ebb4d0c5a2f54ef586/title'
[DEBUG] 

Request DefaultFullHttpRequest(decodeResult: success, version: HTTP/1.1, content: EmptyByteBufBE)
GET /session/aefe285a60ccb8ebb4d0c5a2f54ef586/title HTTP/1.1
User-Agent: selenium/4.8.3 (java windows)
Cache-Control: no-cache
Content-Type: application/json; charset=utf-8
host: localhost:38318
accept: */*

Response DefaultHttpResponse(decodeResult: success, version: HTTP/1.1)
HTTP/1.1 200 OK
Content-Length: 29
Content-Type: application/json; charset=utf-8
cache-control: no-cache

[DEBUG] Adding key: http://localhost:38318 for channel [id: 0x9fdc9792, L:/127.0.0.1:57991 - R:localhost/127.0.0.1:38318]
  &amp#27;[32mWhen &amp#27;[0m&amp#27;[32mUser opens URL &amp#27;[0m&amp#27;[32m&amp#27;[1m"https://admin-demo.nopcommerce.com/login"&amp#27;[0m                                                                                         &amp#27;[90m# stepDefinition.Login.user_opens_url(java.lang.String)&amp#27;[0m
[DEBUG] Using pooled Channel '[id: 0x9fdc9792, L:/127.0.0.1:57991 - R:localhost/127.0.0.1:38318]' for 'POST' to 'http://localhost:38318/session/aefe285a60ccb8ebb4d0c5a2f54ef586/element'
[DEBUG] Using open Channel [id: 0x9fdc9792, L:/127.0.0.1:57991 - R:localhost/127.0.0.1:38318] for POST '/session/aefe285a60ccb8ebb4d0c5a2f54ef586/element'
[DEBUG] 

Request DefaultHttpRequest(decodeResult: success, version: HTTP/1.1)
POST /session/aefe285a60ccb8ebb4d0c5a2f54ef586/element HTTP/1.1
User-Agent: selenium/4.8.3 (java windows)
Content-Length: 67
Content-Type: application/json; charset=utf-8
host: localhost:38318
accept: */*

Response DefaultHttpResponse(decodeResult: success, version: HTTP/1.1)
HTTP/1.1 200 OK
Content-Length: 94
Content-Type: application/json; charset=utf-8
cache-control: no-cache

[DEBUG] Adding key: http://localhost:38318 for channel [id: 0x9fdc9792, L:/127.0.0.1:57991 - R:localhost/127.0.0.1:38318]
[DEBUG] Using pooled Channel '[id: 0x9fdc9792, L:/127.0.0.1:57991 - R:localhost/127.0.0.1:38318]' for 'POST' to 'http://localhost:38318/session/aefe285a60ccb8ebb4d0c5a2f54ef586/element/3A99A16E6BCFF948B7653644F05D8C95_element_2/clear'
[DEBUG] Using open Channel [id: 0x9fdc9792, L:/127.0.0.1:57991 - R:localhost/127.0.0.1:38318] for POST '/session/aefe285a60ccb8ebb4d0c5a2f54ef586/element/3A99A16E6BCFF948B7653644F05D8C95_element_2/clear'
[DEBUG] 

Request DefaultHttpRequest(decodeResult: success, version: HTTP/1.1)
POST /session/aefe285a60ccb8ebb4d0c5a2f54ef586/element/3A99A16E6BCFF948B7653644F05D8C95_element_2/clear HTTP/1.1
User-Agent: selenium/4.8.3 (java windows)
Content-Length: 56
Content-Type: application/json; charset=utf-8
host: localhost:38318
accept: */*

Response DefaultHttpResponse(decodeResult: success, version: HTTP/1.1)
HTTP/1.1 200 OK
Content-Length: 14
Content-Type: application/json; charset=utf-8
cache-control: no-cache

[DEBUG] Adding key: http://localhost:38318 for channel [id: 0x9fdc9792, L:/127.0.0.1:57991 - R:localhost/127.0.0.1:38318]
[DEBUG] Using pooled Channel '[id: 0x9fdc9792, L:/127.0.0.1:57991 - R:localhost/127.0.0.1:38318]' for 'POST' to 'http://localhost:38318/session/aefe285a60ccb8ebb4d0c5a2f54ef586/element'
[DEBUG] Using open Channel [id: 0x9fdc9792, L:/127.0.0.1:57991 - R:localhost/127.0.0.1:38318] for POST '/session/aefe285a60ccb8ebb4d0c5a2f54ef586/element'
[DEBUG] 

Request DefaultHttpRequest(decodeResult: success, version: HTTP/1.1)
POST /session/aefe285a60ccb8ebb4d0c5a2f54ef586/element HTTP/1.1
User-Agent: selenium/4.8.3 (java windows)
Content-Length: 67
Content-Type: application/json; charset=utf-8
host: localhost:38318
accept: */*

Response DefaultHttpResponse(decodeResult: success, version: HTTP/1.1)
HTTP/1.1 200 OK
Content-Length: 94
Content-Type: application/json; charset=utf-8
cache-control: no-cache

[DEBUG] Adding key: http://localhost:38318 for channel [id: 0x9fdc9792, L:/127.0.0.1:57991 - R:localhost/127.0.0.1:38318]
[DEBUG] Using pooled Channel '[id: 0x9fdc9792, L:/127.0.0.1:57991 - R:localhost/127.0.0.1:38318]' for 'POST' to 'http://localhost:38318/session/aefe285a60ccb8ebb4d0c5a2f54ef586/element/3A99A16E6BCFF948B7653644F05D8C95_element_2/value'
[DEBUG] Using open Channel [id: 0x9fdc9792, L:/127.0.0.1:57991 - R:localhost/127.0.0.1:38318] for POST '/session/aefe285a60ccb8ebb4d0c5a2f54ef586/element/3A99A16E6BCFF948B7653644F05D8C95_element_2/value'
[DEBUG] Entry count for : http://localhost:57992 : 1
[DEBUG] 

Request DefaultHttpRequest(decodeResult: success, version: HTTP/1.1)
POST /session/aefe285a60ccb8ebb4d0c5a2f54ef586/element/3A99A16E6BCFF948B7653644F05D8C95_element_2/value HTTP/1.1
User-Agent: selenium/4.8.3 (java windows)
Content-Length: 277
Content-Type: application/json; charset=utf-8
host: localhost:38318
accept: */*

Response DefaultHttpResponse(decodeResult: success, version: HTTP/1.1)
HTTP/1.1 200 OK
Content-Length: 14
Content-Type: application/json; charset=utf-8
cache-control: no-cache

[DEBUG] Adding key: http://localhost:38318 for channel [id: 0x9fdc9792, L:/127.0.0.1:57991 - R:localhost/127.0.0.1:38318]
[DEBUG] Using pooled Channel '[id: 0x9fdc9792, L:/127.0.0.1:57991 - R:localhost/127.0.0.1:38318]' for 'POST' to 'http://localhost:38318/session/aefe285a60ccb8ebb4d0c5a2f54ef586/element'
[DEBUG] Using open Channel [id: 0x9fdc9792, L:/127.0.0.1:57991 - R:localhost/127.0.0.1:38318] for POST '/session/aefe285a60ccb8ebb4d0c5a2f54ef586/element'
[DEBUG] 

Request DefaultHttpRequest(decodeResult: success, version: HTTP/1.1)
POST /session/aefe285a60ccb8ebb4d0c5a2f54ef586/element HTTP/1.1
User-Agent: selenium/4.8.3 (java windows)
Content-Length: 70
Content-Type: application/json; charset=utf-8
host: localhost:38318
accept: */*

Response DefaultHttpResponse(decodeResult: success, version: HTTP/1.1)
HTTP/1.1 200 OK
Content-Length: 94
Content-Type: application/json; charset=utf-8
cache-control: no-cache

[DEBUG] Adding key: http://localhost:38318 for channel [id: 0x9fdc9792, L:/127.0.0.1:57991 - R:localhost/127.0.0.1:38318]
[DEBUG] Using pooled Channel '[id: 0x9fdc9792, L:/127.0.0.1:57991 - R:localhost/127.0.0.1:38318]' for 'POST' to 'http://localhost:38318/session/aefe285a60ccb8ebb4d0c5a2f54ef586/element/3A99A16E6BCFF948B7653644F05D8C95_element_6/clear'
[DEBUG] Using open Channel [id: 0x9fdc9792, L:/127.0.0.1:57991 - R:localhost/127.0.0.1:38318] for POST '/session/aefe285a60ccb8ebb4d0c5a2f54ef586/element/3A99A16E6BCFF948B7653644F05D8C95_element_6/clear'
[DEBUG] 

Request DefaultHttpRequest(decodeResult: success, version: HTTP/1.1)
POST /session/aefe285a60ccb8ebb4d0c5a2f54ef586/element/3A99A16E6BCFF948B7653644F05D8C95_element_6/clear HTTP/1.1
User-Agent: selenium/4.8.3 (java windows)
Content-Length: 56
Content-Type: application/json; charset=utf-8
host: localhost:38318
accept: */*

Response DefaultHttpResponse(decodeResult: success, version: HTTP/1.1)
HTTP/1.1 200 OK
Content-Length: 14
Content-Type: application/json; charset=utf-8
cache-control: no-cache

[DEBUG] Adding key: http://localhost:38318 for channel [id: 0x9fdc9792, L:/127.0.0.1:57991 - R:localhost/127.0.0.1:38318]
[DEBUG] Using pooled Channel '[id: 0x9fdc9792, L:/127.0.0.1:57991 - R:localhost/127.0.0.1:38318]' for 'POST' to 'http://localhost:38318/session/aefe285a60ccb8ebb4d0c5a2f54ef586/element'
[DEBUG] Using open Channel [id: 0x9fdc9792, L:/127.0.0.1:57991 - R:localhost/127.0.0.1:38318] for POST '/session/aefe285a60ccb8ebb4d0c5a2f54ef586/element'
[DEBUG] 

Request DefaultHttpRequest(decodeResult: success, version: HTTP/1.1)
POST /session/aefe285a60ccb8ebb4d0c5a2f54ef586/element HTTP/1.1
User-Agent: selenium/4.8.3 (java windows)
Content-Length: 70
Content-Type: application/json; charset=utf-8
host: localhost:38318
accept: */*

Response DefaultHttpResponse(decodeResult: success, version: HTTP/1.1)
HTTP/1.1 200 OK
Content-Length: 94
Content-Type: application/json; charset=utf-8
cache-control: no-cache

[DEBUG] Adding key: http://localhost:38318 for channel [id: 0x9fdc9792, L:/127.0.0.1:57991 - R:localhost/127.0.0.1:38318]
[DEBUG] Using pooled Channel '[id: 0x9fdc9792, L:/127.0.0.1:57991 - R:localhost/127.0.0.1:38318]' for 'POST' to 'http://localhost:38318/session/aefe285a60ccb8ebb4d0c5a2f54ef586/element/3A99A16E6BCFF948B7653644F05D8C95_element_6/value'
[DEBUG] Using open Channel [id: 0x9fdc9792, L:/127.0.0.1:57991 - R:localhost/127.0.0.1:38318] for POST '/session/aefe285a60ccb8ebb4d0c5a2f54ef586/element/3A99A16E6BCFF948B7653644F05D8C95_element_6/value'
[DEBUG] 

Request DefaultHttpRequest(decodeResult: success, version: HTTP/1.1)
POST /session/aefe285a60ccb8ebb4d0c5a2f54ef586/element/3A99A16E6BCFF948B7653644F05D8C95_element_6/value HTTP/1.1
User-Agent: selenium/4.8.3 (java windows)
Content-Length: 137
Content-Type: application/json; charset=utf-8
host: localhost:38318
accept: */*

Response DefaultHttpResponse(decodeResult: success, version: HTTP/1.1)
HTTP/1.1 200 OK
Content-Length: 14
Content-Type: application/json; charset=utf-8
cache-control: no-cache

[DEBUG] Adding key: http://localhost:38318 for channel [id: 0x9fdc9792, L:/127.0.0.1:57991 - R:localhost/127.0.0.1:38318]
  &amp#27;[32mAnd &amp#27;[0m&amp#27;[32mUser enters email &amp#27;[0m&amp#27;[32m&amp#27;[1m"admin@yourstore.com"&amp#27;[0m&amp#27;[32m and Password &amp#27;[0m&amp#27;[32m&amp#27;[1m"admin"&amp#27;[0m                                                                                       &amp#27;[90m# stepDefinition.Login.user_enters_email_and_password(java.lang.String,java.lang.String)&amp#27;[0m
[DEBUG] Using pooled Channel '[id: 0x9fdc9792, L:/127.0.0.1:57991 - R:localhost/127.0.0.1:38318]' for 'POST' to 'http://localhost:38318/session/aefe285a60ccb8ebb4d0c5a2f54ef586/element'
[DEBUG] Using open Channel [id: 0x9fdc9792, L:/127.0.0.1:57991 - R:localhost/127.0.0.1:38318] for POST '/session/aefe285a60ccb8ebb4d0c5a2f54ef586/element'
[DEBUG] 

Request DefaultHttpRequest(decodeResult: success, version: HTTP/1.1)
POST /session/aefe285a60ccb8ebb4d0c5a2f54ef586/element HTTP/1.1
User-Agent: selenium/4.8.3 (java windows)
Content-Length: 88
Content-Type: application/json; charset=utf-8
host: localhost:38318
accept: */*

Response DefaultHttpResponse(decodeResult: success, version: HTTP/1.1)
HTTP/1.1 200 OK
Content-Length: 94
Content-Type: application/json; charset=utf-8
cache-control: no-cache

[DEBUG] Adding key: http://localhost:38318 for channel [id: 0x9fdc9792, L:/127.0.0.1:57991 - R:localhost/127.0.0.1:38318]
[DEBUG] Using pooled Channel '[id: 0x9fdc9792, L:/127.0.0.1:57991 - R:localhost/127.0.0.1:38318]' for 'POST' to 'http://localhost:38318/session/aefe285a60ccb8ebb4d0c5a2f54ef586/element/3A99A16E6BCFF948B7653644F05D8C95_element_3/click'
[DEBUG] Using open Channel [id: 0x9fdc9792, L:/127.0.0.1:57991 - R:localhost/127.0.0.1:38318] for POST '/session/aefe285a60ccb8ebb4d0c5a2f54ef586/element/3A99A16E6BCFF948B7653644F05D8C95_element_3/click'
[DEBUG] Entry count for : http://localhost:57992 : 1
[DEBUG] Entry count for : http://localhost:57992 : 1
[DEBUG] Entry count for : http://localhost:57992 : 1
[DEBUG] Entry count for : http://localhost:57992 : 1
[DEBUG] 

Request DefaultHttpRequest(decodeResult: success, version: HTTP/1.1)
POST /session/aefe285a60ccb8ebb4d0c5a2f54ef586/element/3A99A16E6BCFF948B7653644F05D8C95_element_3/click HTTP/1.1
User-Agent: selenium/4.8.3 (java windows)
Content-Length: 56
Content-Type: application/json; charset=utf-8
host: localhost:38318
accept: */*

Response DefaultHttpResponse(decodeResult: success, version: HTTP/1.1)
HTTP/1.1 200 OK
Content-Length: 14
Content-Type: application/json; charset=utf-8
cache-control: no-cache

[DEBUG] Adding key: http://localhost:38318 for channel [id: 0x9fdc9792, L:/127.0.0.1:57991 - R:localhost/127.0.0.1:38318]
  &amp#27;[32mAnd &amp#27;[0m&amp#27;[32mUser clicks on login button&amp#27;[0m                                                                                                                        &amp#27;[90m# stepDefinition.Login.user_clicks_on_login_button()&amp#27;[0m
Admin page constructor called 
Admin page constructor end 
[DEBUG] Using pooled Channel '[id: 0x9fdc9792, L:/127.0.0.1:57991 - R:localhost/127.0.0.1:38318]' for 'GET' to 'http://localhost:38318/session/aefe285a60ccb8ebb4d0c5a2f54ef586/title'
[DEBUG] Using open Channel [id: 0x9fdc9792, L:/127.0.0.1:57991 - R:localhost/127.0.0.1:38318] for GET '/session/aefe285a60ccb8ebb4d0c5a2f54ef586/title'
[DEBUG] 

Request DefaultFullHttpRequest(decodeResult: success, version: HTTP/1.1, content: EmptyByteBufBE)
GET /session/aefe285a60ccb8ebb4d0c5a2f54ef586/title HTTP/1.1
User-Agent: selenium/4.8.3 (java windows)
Cache-Control: no-cache
Content-Type: application/json; charset=utf-8
host: localhost:38318
accept: */*

Response DefaultHttpResponse(decodeResult: success, version: HTTP/1.1)
HTTP/1.1 200 OK
Content-Length: 50
Content-Type: application/json; charset=utf-8
cache-control: no-cache

[DEBUG] Adding key: http://localhost:38318 for channel [id: 0x9fdc9792, L:/127.0.0.1:57991 - R:localhost/127.0.0.1:38318]
Admin page title verified
  &amp#27;[32mThen &amp#27;[0m&amp#27;[32mPage title should be &amp#27;[0m&amp#27;[32m&amp#27;[1m"Dashboard / nopCommerce administration"&amp#27;[0m                                                                                     &amp#27;[90m# stepDefinition.Login.page_title_should_be(java.lang.String)&amp#27;[0m
[DEBUG] Using pooled Channel '[id: 0x9fdc9792, L:/127.0.0.1:57991 - R:localhost/127.0.0.1:38318]' for 'POST' to 'http://localhost:38318/session/aefe285a60ccb8ebb4d0c5a2f54ef586/element'
[DEBUG] Using open Channel [id: 0x9fdc9792, L:/127.0.0.1:57991 - R:localhost/127.0.0.1:38318] for POST '/session/aefe285a60ccb8ebb4d0c5a2f54ef586/element'
[DEBUG] 

Request DefaultHttpRequest(decodeResult: success, version: HTTP/1.1)
POST /session/aefe285a60ccb8ebb4d0c5a2f54ef586/element HTTP/1.1
User-Agent: selenium/4.8.3 (java windows)
Content-Length: 86
Content-Type: application/json; charset=utf-8
host: localhost:38318
accept: */*

Response DefaultHttpResponse(decodeResult: success, version: HTTP/1.1)
HTTP/1.1 200 OK
Content-Length: 95
Content-Type: application/json; charset=utf-8
cache-control: no-cache

[DEBUG] Adding key: http://localhost:38318 for channel [id: 0x9fdc9792, L:/127.0.0.1:57991 - R:localhost/127.0.0.1:38318]
[DEBUG] Using pooled Channel '[id: 0x9fdc9792, L:/127.0.0.1:57991 - R:localhost/127.0.0.1:38318]' for 'POST' to 'http://localhost:38318/session/aefe285a60ccb8ebb4d0c5a2f54ef586/element/D7FAF9668A8C45CB2CCED49DAAD17A54_element_52/click'
[DEBUG] Using open Channel [id: 0x9fdc9792, L:/127.0.0.1:57991 - R:localhost/127.0.0.1:38318] for POST '/session/aefe285a60ccb8ebb4d0c5a2f54ef586/element/D7FAF9668A8C45CB2CCED49DAAD17A54_element_52/click'
[DEBUG] 

Request DefaultHttpRequest(decodeResult: success, version: HTTP/1.1)
POST /session/aefe285a60ccb8ebb4d0c5a2f54ef586/element/D7FAF9668A8C45CB2CCED49DAAD17A54_element_52/click HTTP/1.1
User-Agent: selenium/4.8.3 (java windows)
Content-Length: 57
Content-Type: application/json; charset=utf-8
host: localhost:38318
accept: */*

Response DefaultHttpResponse(decodeResult: success, version: HTTP/1.1)
HTTP/1.1 200 OK
Content-Length: 14
Content-Type: application/json; charset=utf-8
cache-control: no-cache

[DEBUG] Adding key: http://localhost:38318 for channel [id: 0x9fdc9792, L:/127.0.0.1:57991 - R:localhost/127.0.0.1:38318]
  &amp#27;[32mWhen &amp#27;[0m&amp#27;[32mUser clicks on dashboard customer&amp#27;[0m                                                                                                                 &amp#27;[90m# stepDefinition.Login.user_clicks_on_dashboard_customer()&amp#27;[0m
[DEBUG] Using pooled Channel '[id: 0x9fdc9792, L:/127.0.0.1:57991 - R:localhost/127.0.0.1:38318]' for 'POST' to 'http://localhost:38318/session/aefe285a60ccb8ebb4d0c5a2f54ef586/element'
[DEBUG] Using open Channel [id: 0x9fdc9792, L:/127.0.0.1:57991 - R:localhost/127.0.0.1:38318] for POST '/session/aefe285a60ccb8ebb4d0c5a2f54ef586/element'
[DEBUG] 

Request DefaultHttpRequest(decodeResult: success, version: HTTP/1.1)
POST /session/aefe285a60ccb8ebb4d0c5a2f54ef586/element HTTP/1.1
User-Agent: selenium/4.8.3 (java windows)
Content-Length: 95
Content-Type: application/json; charset=utf-8
host: localhost:38318
accept: */*

Response DefaultHttpResponse(decodeResult: success, version: HTTP/1.1)
HTTP/1.1 200 OK
Content-Length: 95
Content-Type: application/json; charset=utf-8
cache-control: no-cache

[DEBUG] Adding key: http://localhost:38318 for channel [id: 0x9fdc9792, L:/127.0.0.1:57991 - R:localhost/127.0.0.1:38318]
[DEBUG] Using pooled Channel '[id: 0x9fdc9792, L:/127.0.0.1:57991 - R:localhost/127.0.0.1:38318]' for 'POST' to 'http://localhost:38318/session/aefe285a60ccb8ebb4d0c5a2f54ef586/element/D7FAF9668A8C45CB2CCED49DAAD17A54_element_59/click'
[DEBUG] Using open Channel [id: 0x9fdc9792, L:/127.0.0.1:57991 - R:localhost/127.0.0.1:38318] for POST '/session/aefe285a60ccb8ebb4d0c5a2f54ef586/element/D7FAF9668A8C45CB2CCED49DAAD17A54_element_59/click'
[DEBUG] Entry count for : http://localhost:57992 : 1
[DEBUG] 

Request DefaultHttpRequest(decodeResult: success, version: HTTP/1.1)
POST /session/aefe285a60ccb8ebb4d0c5a2f54ef586/element/D7FAF9668A8C45CB2CCED49DAAD17A54_element_59/click HTTP/1.1
User-Agent: selenium/4.8.3 (java windows)
Content-Length: 57
Content-Type: application/json; charset=utf-8
host: localhost:38318
accept: */*

Response DefaultHttpResponse(decodeResult: success, version: HTTP/1.1)
HTTP/1.1 200 OK
Content-Length: 14
Content-Type: application/json; charset=utf-8
cache-control: no-cache

[DEBUG] Adding key: http://localhost:38318 for channel [id: 0x9fdc9792, L:/127.0.0.1:57991 - R:localhost/127.0.0.1:38318]
  &amp#27;[32mAnd &amp#27;[0m&amp#27;[32mUser clicks on customer subtab&amp#27;[0m                                                                                                                     &amp#27;[90m# stepDefinition.Login.user_clicks_on_customer_subtab()&amp#27;[0m
[DEBUG] Using pooled Channel '[id: 0x9fdc9792, L:/127.0.0.1:57991 - R:localhost/127.0.0.1:38318]' for 'POST' to 'http://localhost:38318/session/aefe285a60ccb8ebb4d0c5a2f54ef586/element'
[DEBUG] Using open Channel [id: 0x9fdc9792, L:/127.0.0.1:57991 - R:localhost/127.0.0.1:38318] for POST '/session/aefe285a60ccb8ebb4d0c5a2f54ef586/element'
[DEBUG] 

Request DefaultHttpRequest(decodeResult: success, version: HTTP/1.1)
POST /session/aefe285a60ccb8ebb4d0c5a2f54ef586/element HTTP/1.1
User-Agent: selenium/4.8.3 (java windows)
Content-Length: 97
Content-Type: application/json; charset=utf-8
host: localhost:38318
accept: */*

Response DefaultHttpResponse(decodeResult: success, version: HTTP/1.1)
HTTP/1.1 200 OK
Content-Length: 95
Content-Type: application/json; charset=utf-8
cache-control: no-cache

[DEBUG] Adding key: http://localhost:38318 for channel [id: 0x9fdc9792, L:/127.0.0.1:57991 - R:localhost/127.0.0.1:38318]
[DEBUG] Using pooled Channel '[id: 0x9fdc9792, L:/127.0.0.1:57991 - R:localhost/127.0.0.1:38318]' for 'POST' to 'http://localhost:38318/session/aefe285a60ccb8ebb4d0c5a2f54ef586/element/7B99C7F46E7A1E72532C7AC29706F784_element_77/click'
[DEBUG] Using open Channel [id: 0x9fdc9792, L:/127.0.0.1:57991 - R:localhost/127.0.0.1:38318] for POST '/session/aefe285a60ccb8ebb4d0c5a2f54ef586/element/7B99C7F46E7A1E72532C7AC29706F784_element_77/click'
[DEBUG] Entry count for : http://localhost:57992 : 1
[DEBUG] 

Request DefaultHttpRequest(decodeResult: success, version: HTTP/1.1)
POST /session/aefe285a60ccb8ebb4d0c5a2f54ef586/element/7B99C7F46E7A1E72532C7AC29706F784_element_77/click HTTP/1.1
User-Agent: selenium/4.8.3 (java windows)
Content-Length: 57
Content-Type: application/json; charset=utf-8
host: localhost:38318
accept: */*

Response DefaultHttpResponse(decodeResult: success, version: HTTP/1.1)
HTTP/1.1 200 OK
Content-Length: 14
Content-Type: application/json; charset=utf-8
cache-control: no-cache

[DEBUG] Adding key: http://localhost:38318 for channel [id: 0x9fdc9792, L:/127.0.0.1:57991 - R:localhost/127.0.0.1:38318]
  &amp#27;[32mAnd &amp#27;[0m&amp#27;[32mUser clciks on Add new button&amp#27;[0m                                                                                                                      &amp#27;[90m# stepDefinition.Login.user_clciks_on_add_new_button()&amp#27;[0m
[DEBUG] Using pooled Channel '[id: 0x9fdc9792, L:/127.0.0.1:57991 - R:localhost/127.0.0.1:38318]' for 'POST' to 'http://localhost:38318/session/aefe285a60ccb8ebb4d0c5a2f54ef586/element'
[DEBUG] Using open Channel [id: 0x9fdc9792, L:/127.0.0.1:57991 - R:localhost/127.0.0.1:38318] for POST '/session/aefe285a60ccb8ebb4d0c5a2f54ef586/element'
[DEBUG] 

Request DefaultHttpRequest(decodeResult: success, version: HTTP/1.1)
POST /session/aefe285a60ccb8ebb4d0c5a2f54ef586/element HTTP/1.1
User-Agent: selenium/4.8.3 (java windows)
Content-Length: 67
Content-Type: application/json; charset=utf-8
host: localhost:38318
accept: */*

Response DefaultHttpResponse(decodeResult: success, version: HTTP/1.1)
HTTP/1.1 200 OK
Content-Length: 95
Content-Type: application/json; charset=utf-8
cache-control: no-cache

[DEBUG] Adding key: http://localhost:38318 for channel [id: 0x9fdc9792, L:/127.0.0.1:57991 - R:localhost/127.0.0.1:38318]
[DEBUG] Using pooled Channel '[id: 0x9fdc9792, L:/127.0.0.1:57991 - R:localhost/127.0.0.1:38318]' for 'POST' to 'http://localhost:38318/session/aefe285a60ccb8ebb4d0c5a2f54ef586/element/D61EDBBE9BF0A5A4D7454A20955748EE_element_83/clear'
[DEBUG] Using open Channel [id: 0x9fdc9792, L:/127.0.0.1:57991 - R:localhost/127.0.0.1:38318] for POST '/session/aefe285a60ccb8ebb4d0c5a2f54ef586/element/D61EDBBE9BF0A5A4D7454A20955748EE_element_83/clear'
[DEBUG] 

Request DefaultHttpRequest(decodeResult: success, version: HTTP/1.1)
POST /session/aefe285a60ccb8ebb4d0c5a2f54ef586/element/D61EDBBE9BF0A5A4D7454A20955748EE_element_83/clear HTTP/1.1
User-Agent: selenium/4.8.3 (java windows)
Content-Length: 57
Content-Type: application/json; charset=utf-8
host: localhost:38318
accept: */*

Response DefaultHttpResponse(decodeResult: success, version: HTTP/1.1)
HTTP/1.1 200 OK
Content-Length: 14
Content-Type: application/json; charset=utf-8
cache-control: no-cache

[DEBUG] Adding key: http://localhost:38318 for channel [id: 0x9fdc9792, L:/127.0.0.1:57991 - R:localhost/127.0.0.1:38318]
[DEBUG] Using pooled Channel '[id: 0x9fdc9792, L:/127.0.0.1:57991 - R:localhost/127.0.0.1:38318]' for 'POST' to 'http://localhost:38318/session/aefe285a60ccb8ebb4d0c5a2f54ef586/element'
[DEBUG] Using open Channel [id: 0x9fdc9792, L:/127.0.0.1:57991 - R:localhost/127.0.0.1:38318] for POST '/session/aefe285a60ccb8ebb4d0c5a2f54ef586/element'
[DEBUG] 

Request DefaultHttpRequest(decodeResult: success, version: HTTP/1.1)
POST /session/aefe285a60ccb8ebb4d0c5a2f54ef586/element HTTP/1.1
User-Agent: selenium/4.8.3 (java windows)
Content-Length: 67
Content-Type: application/json; charset=utf-8
host: localhost:38318
accept: */*

Response DefaultHttpResponse(decodeResult: success, version: HTTP/1.1)
HTTP/1.1 200 OK
Content-Length: 95
Content-Type: application/json; charset=utf-8
cache-control: no-cache

[DEBUG] Adding key: http://localhost:38318 for channel [id: 0x9fdc9792, L:/127.0.0.1:57991 - R:localhost/127.0.0.1:38318]
[DEBUG] Using pooled Channel '[id: 0x9fdc9792, L:/127.0.0.1:57991 - R:localhost/127.0.0.1:38318]' for 'POST' to 'http://localhost:38318/session/aefe285a60ccb8ebb4d0c5a2f54ef586/element/D61EDBBE9BF0A5A4D7454A20955748EE_element_83/value'
[DEBUG] Using open Channel [id: 0x9fdc9792, L:/127.0.0.1:57991 - R:localhost/127.0.0.1:38318] for POST '/session/aefe285a60ccb8ebb4d0c5a2f54ef586/element/D61EDBBE9BF0A5A4D7454A20955748EE_element_83/value'
[DEBUG] 

Request DefaultHttpRequest(decodeResult: success, version: HTTP/1.1)
POST /session/aefe285a60ccb8ebb4d0c5a2f54ef586/element/D61EDBBE9BF0A5A4D7454A20955748EE_element_83/value HTTP/1.1
User-Agent: selenium/4.8.3 (java windows)
Content-Length: 278
Content-Type: application/json; charset=utf-8
host: localhost:38318
accept: */*

Response DefaultHttpResponse(decodeResult: success, version: HTTP/1.1)
HTTP/1.1 200 OK
Content-Length: 14
Content-Type: application/json; charset=utf-8
cache-control: no-cache

[DEBUG] Adding key: http://localhost:38318 for channel [id: 0x9fdc9792, L:/127.0.0.1:57991 - R:localhost/127.0.0.1:38318]
[DEBUG] Using pooled Channel '[id: 0x9fdc9792, L:/127.0.0.1:57991 - R:localhost/127.0.0.1:38318]' for 'POST' to 'http://localhost:38318/session/aefe285a60ccb8ebb4d0c5a2f54ef586/element'
[DEBUG] Using open Channel [id: 0x9fdc9792, L:/127.0.0.1:57991 - R:localhost/127.0.0.1:38318] for POST '/session/aefe285a60ccb8ebb4d0c5a2f54ef586/element'
[DEBUG] 

Request DefaultHttpRequest(decodeResult: success, version: HTTP/1.1)
POST /session/aefe285a60ccb8ebb4d0c5a2f54ef586/element HTTP/1.1
User-Agent: selenium/4.8.3 (java windows)
Content-Length: 70
Content-Type: application/json; charset=utf-8
host: localhost:38318
accept: */*

Response DefaultHttpResponse(decodeResult: success, version: HTTP/1.1)
HTTP/1.1 200 OK
Content-Length: 96
Content-Type: application/json; charset=utf-8
cache-control: no-cache

[DEBUG] Adding key: http://localhost:38318 for channel [id: 0x9fdc9792, L:/127.0.0.1:57991 - R:localhost/127.0.0.1:38318]
[DEBUG] Using pooled Channel '[id: 0x9fdc9792, L:/127.0.0.1:57991 - R:localhost/127.0.0.1:38318]' for 'POST' to 'http://localhost:38318/session/aefe285a60ccb8ebb4d0c5a2f54ef586/element/D61EDBBE9BF0A5A4D7454A20955748EE_element_117/clear'
[DEBUG] Using open Channel [id: 0x9fdc9792, L:/127.0.0.1:57991 - R:localhost/127.0.0.1:38318] for POST '/session/aefe285a60ccb8ebb4d0c5a2f54ef586/element/D61EDBBE9BF0A5A4D7454A20955748EE_element_117/clear'
[DEBUG] 

Request DefaultHttpRequest(decodeResult: success, version: HTTP/1.1)
POST /session/aefe285a60ccb8ebb4d0c5a2f54ef586/element/D61EDBBE9BF0A5A4D7454A20955748EE_element_117/clear HTTP/1.1
User-Agent: selenium/4.8.3 (java windows)
Content-Length: 58
Content-Type: application/json; charset=utf-8
host: localhost:38318
accept: */*

Response DefaultHttpResponse(decodeResult: success, version: HTTP/1.1)
HTTP/1.1 200 OK
Content-Length: 14
Content-Type: application/json; charset=utf-8
cache-control: no-cache

[DEBUG] Adding key: http://localhost:38318 for channel [id: 0x9fdc9792, L:/127.0.0.1:57991 - R:localhost/127.0.0.1:38318]
[DEBUG] Using pooled Channel '[id: 0x9fdc9792, L:/127.0.0.1:57991 - R:localhost/127.0.0.1:38318]' for 'POST' to 'http://localhost:38318/session/aefe285a60ccb8ebb4d0c5a2f54ef586/element'
[DEBUG] Using open Channel [id: 0x9fdc9792, L:/127.0.0.1:57991 - R:localhost/127.0.0.1:38318] for POST '/session/aefe285a60ccb8ebb4d0c5a2f54ef586/element'
[DEBUG] 

Request DefaultHttpRequest(decodeResult: success, version: HTTP/1.1)
POST /session/aefe285a60ccb8ebb4d0c5a2f54ef586/element HTTP/1.1
User-Agent: selenium/4.8.3 (java windows)
Content-Length: 70
Content-Type: application/json; charset=utf-8
host: localhost:38318
accept: */*

Response DefaultHttpResponse(decodeResult: success, version: HTTP/1.1)
HTTP/1.1 200 OK
Content-Length: 96
Content-Type: application/json; charset=utf-8
cache-control: no-cache

[DEBUG] Adding key: http://localhost:38318 for channel [id: 0x9fdc9792, L:/127.0.0.1:57991 - R:localhost/127.0.0.1:38318]
[DEBUG] Using pooled Channel '[id: 0x9fdc9792, L:/127.0.0.1:57991 - R:localhost/127.0.0.1:38318]' for 'POST' to 'http://localhost:38318/session/aefe285a60ccb8ebb4d0c5a2f54ef586/element/D61EDBBE9BF0A5A4D7454A20955748EE_element_117/value'
[DEBUG] Using open Channel [id: 0x9fdc9792, L:/127.0.0.1:57991 - R:localhost/127.0.0.1:38318] for POST '/session/aefe285a60ccb8ebb4d0c5a2f54ef586/element/D61EDBBE9BF0A5A4D7454A20955748EE_element_117/value'
[DEBUG] Entry count for : http://localhost:57992 : 1
[DEBUG] 

Request DefaultHttpRequest(decodeResult: success, version: HTTP/1.1)
POST /session/aefe285a60ccb8ebb4d0c5a2f54ef586/element/D61EDBBE9BF0A5A4D7454A20955748EE_element_117/value HTTP/1.1
User-Agent: selenium/4.8.3 (java windows)
Content-Length: 139
Content-Type: application/json; charset=utf-8
host: localhost:38318
accept: */*

Response DefaultHttpResponse(decodeResult: success, version: HTTP/1.1)
HTTP/1.1 200 OK
Content-Length: 14
Content-Type: application/json; charset=utf-8
cache-control: no-cache

[DEBUG] Adding key: http://localhost:38318 for channel [id: 0x9fdc9792, L:/127.0.0.1:57991 - R:localhost/127.0.0.1:38318]
[DEBUG] Using pooled Channel '[id: 0x9fdc9792, L:/127.0.0.1:57991 - R:localhost/127.0.0.1:38318]' for 'POST' to 'http://localhost:38318/session/aefe285a60ccb8ebb4d0c5a2f54ef586/element'
[DEBUG] Using open Channel [id: 0x9fdc9792, L:/127.0.0.1:57991 - R:localhost/127.0.0.1:38318] for POST '/session/aefe285a60ccb8ebb4d0c5a2f54ef586/element'
[DEBUG] 

Request DefaultHttpRequest(decodeResult: success, version: HTTP/1.1)
POST /session/aefe285a60ccb8ebb4d0c5a2f54ef586/element HTTP/1.1
User-Agent: selenium/4.8.3 (java windows)
Content-Length: 71
Content-Type: application/json; charset=utf-8
host: localhost:38318
accept: */*

Response DefaultHttpResponse(decodeResult: success, version: HTTP/1.1)
HTTP/1.1 200 OK
Content-Length: 96
Content-Type: application/json; charset=utf-8
cache-control: no-cache

[DEBUG] Adding key: http://localhost:38318 for channel [id: 0x9fdc9792, L:/127.0.0.1:57991 - R:localhost/127.0.0.1:38318]
[DEBUG] Using pooled Channel '[id: 0x9fdc9792, L:/127.0.0.1:57991 - R:localhost/127.0.0.1:38318]' for 'POST' to 'http://localhost:38318/session/aefe285a60ccb8ebb4d0c5a2f54ef586/element/D61EDBBE9BF0A5A4D7454A20955748EE_element_118/clear'
[DEBUG] Using open Channel [id: 0x9fdc9792, L:/127.0.0.1:57991 - R:localhost/127.0.0.1:38318] for POST '/session/aefe285a60ccb8ebb4d0c5a2f54ef586/element/D61EDBBE9BF0A5A4D7454A20955748EE_element_118/clear'
[DEBUG] 

Request DefaultHttpRequest(decodeResult: success, version: HTTP/1.1)
POST /session/aefe285a60ccb8ebb4d0c5a2f54ef586/element/D61EDBBE9BF0A5A4D7454A20955748EE_element_118/clear HTTP/1.1
User-Agent: selenium/4.8.3 (java windows)
Content-Length: 58
Content-Type: application/json; charset=utf-8
host: localhost:38318
accept: */*

Response DefaultHttpResponse(decodeResult: success, version: HTTP/1.1)
HTTP/1.1 200 OK
Content-Length: 14
Content-Type: application/json; charset=utf-8
cache-control: no-cache

[DEBUG] Adding key: http://localhost:38318 for channel [id: 0x9fdc9792, L:/127.0.0.1:57991 - R:localhost/127.0.0.1:38318]
[DEBUG] Using pooled Channel '[id: 0x9fdc9792, L:/127.0.0.1:57991 - R:localhost/127.0.0.1:38318]' for 'POST' to 'http://localhost:38318/session/aefe285a60ccb8ebb4d0c5a2f54ef586/element'
[DEBUG] Using open Channel [id: 0x9fdc9792, L:/127.0.0.1:57991 - R:localhost/127.0.0.1:38318] for POST '/session/aefe285a60ccb8ebb4d0c5a2f54ef586/element'
[DEBUG] 

Request DefaultHttpRequest(decodeResult: success, version: HTTP/1.1)
POST /session/aefe285a60ccb8ebb4d0c5a2f54ef586/element HTTP/1.1
User-Agent: selenium/4.8.3 (java windows)
Content-Length: 71
Content-Type: application/json; charset=utf-8
host: localhost:38318
accept: */*

Response DefaultHttpResponse(decodeResult: success, version: HTTP/1.1)
HTTP/1.1 200 OK
Content-Length: 96
Content-Type: application/json; charset=utf-8
cache-control: no-cache

[DEBUG] Adding key: http://localhost:38318 for channel [id: 0x9fdc9792, L:/127.0.0.1:57991 - R:localhost/127.0.0.1:38318]
[DEBUG] Using pooled Channel '[id: 0x9fdc9792, L:/127.0.0.1:57991 - R:localhost/127.0.0.1:38318]' for 'POST' to 'http://localhost:38318/session/aefe285a60ccb8ebb4d0c5a2f54ef586/element/D61EDBBE9BF0A5A4D7454A20955748EE_element_118/value'
[DEBUG] Using open Channel [id: 0x9fdc9792, L:/127.0.0.1:57991 - R:localhost/127.0.0.1:38318] for POST '/session/aefe285a60ccb8ebb4d0c5a2f54ef586/element/D61EDBBE9BF0A5A4D7454A20955748EE_element_118/value'
[DEBUG] 

Request DefaultHttpRequest(decodeResult: success, version: HTTP/1.1)
POST /session/aefe285a60ccb8ebb4d0c5a2f54ef586/element/D61EDBBE9BF0A5A4D7454A20955748EE_element_118/value HTTP/1.1
User-Agent: selenium/4.8.3 (java windows)
Content-Length: 149
Content-Type: application/json; charset=utf-8
host: localhost:38318
accept: */*

Response DefaultHttpResponse(decodeResult: success, version: HTTP/1.1)
HTTP/1.1 200 OK
Content-Length: 14
Content-Type: application/json; charset=utf-8
cache-control: no-cache

[DEBUG] Adding key: http://localhost:38318 for channel [id: 0x9fdc9792, L:/127.0.0.1:57991 - R:localhost/127.0.0.1:38318]
[DEBUG] Using pooled Channel '[id: 0x9fdc9792, L:/127.0.0.1:57991 - R:localhost/127.0.0.1:38318]' for 'POST' to 'http://localhost:38318/session/aefe285a60ccb8ebb4d0c5a2f54ef586/element'
[DEBUG] Using open Channel [id: 0x9fdc9792, L:/127.0.0.1:57991 - R:localhost/127.0.0.1:38318] for POST '/session/aefe285a60ccb8ebb4d0c5a2f54ef586/element'
[DEBUG] 

Request DefaultHttpRequest(decodeResult: success, version: HTTP/1.1)
POST /session/aefe285a60ccb8ebb4d0c5a2f54ef586/element HTTP/1.1
User-Agent: selenium/4.8.3 (java windows)
Content-Length: 70
Content-Type: application/json; charset=utf-8
host: localhost:38318
accept: */*

Response DefaultHttpResponse(decodeResult: success, version: HTTP/1.1)
HTTP/1.1 200 OK
Content-Length: 96
Content-Type: application/json; charset=utf-8
cache-control: no-cache

[DEBUG] Adding key: http://localhost:38318 for channel [id: 0x9fdc9792, L:/127.0.0.1:57991 - R:localhost/127.0.0.1:38318]
[DEBUG] Using pooled Channel '[id: 0x9fdc9792, L:/127.0.0.1:57991 - R:localhost/127.0.0.1:38318]' for 'POST' to 'http://localhost:38318/session/aefe285a60ccb8ebb4d0c5a2f54ef586/element/D61EDBBE9BF0A5A4D7454A20955748EE_element_119/clear'
[DEBUG] Using open Channel [id: 0x9fdc9792, L:/127.0.0.1:57991 - R:localhost/127.0.0.1:38318] for POST '/session/aefe285a60ccb8ebb4d0c5a2f54ef586/element/D61EDBBE9BF0A5A4D7454A20955748EE_element_119/clear'
[DEBUG] 

Request DefaultHttpRequest(decodeResult: success, version: HTTP/1.1)
POST /session/aefe285a60ccb8ebb4d0c5a2f54ef586/element/D61EDBBE9BF0A5A4D7454A20955748EE_element_119/clear HTTP/1.1
User-Agent: selenium/4.8.3 (java windows)
Content-Length: 58
Content-Type: application/json; charset=utf-8
host: localhost:38318
accept: */*

Response DefaultHttpResponse(decodeResult: success, version: HTTP/1.1)
HTTP/1.1 200 OK
Content-Length: 14
Content-Type: application/json; charset=utf-8
cache-control: no-cache

[DEBUG] Adding key: http://localhost:38318 for channel [id: 0x9fdc9792, L:/127.0.0.1:57991 - R:localhost/127.0.0.1:38318]
[DEBUG] Using pooled Channel '[id: 0x9fdc9792, L:/127.0.0.1:57991 - R:localhost/127.0.0.1:38318]' for 'POST' to 'http://localhost:38318/session/aefe285a60ccb8ebb4d0c5a2f54ef586/element'
[DEBUG] Using open Channel [id: 0x9fdc9792, L:/127.0.0.1:57991 - R:localhost/127.0.0.1:38318] for POST '/session/aefe285a60ccb8ebb4d0c5a2f54ef586/element'
[DEBUG] 

Request DefaultHttpRequest(decodeResult: success, version: HTTP/1.1)
POST /session/aefe285a60ccb8ebb4d0c5a2f54ef586/element HTTP/1.1
User-Agent: selenium/4.8.3 (java windows)
Content-Length: 70
Content-Type: application/json; charset=utf-8
host: localhost:38318
accept: */*

Response DefaultHttpResponse(decodeResult: success, version: HTTP/1.1)
HTTP/1.1 200 OK
Content-Length: 96
Content-Type: application/json; charset=utf-8
cache-control: no-cache

[DEBUG] Adding key: http://localhost:38318 for channel [id: 0x9fdc9792, L:/127.0.0.1:57991 - R:localhost/127.0.0.1:38318]
[DEBUG] Using pooled Channel '[id: 0x9fdc9792, L:/127.0.0.1:57991 - R:localhost/127.0.0.1:38318]' for 'POST' to 'http://localhost:38318/session/aefe285a60ccb8ebb4d0c5a2f54ef586/element/D61EDBBE9BF0A5A4D7454A20955748EE_element_119/value'
[DEBUG] Using open Channel [id: 0x9fdc9792, L:/127.0.0.1:57991 - R:localhost/127.0.0.1:38318] for POST '/session/aefe285a60ccb8ebb4d0c5a2f54ef586/element/D61EDBBE9BF0A5A4D7454A20955748EE_element_119/value'
[DEBUG] 

Request DefaultHttpRequest(decodeResult: success, version: HTTP/1.1)
POST /session/aefe285a60ccb8ebb4d0c5a2f54ef586/element/D61EDBBE9BF0A5A4D7454A20955748EE_element_119/value HTTP/1.1
User-Agent: selenium/4.8.3 (java windows)
Content-Length: 149
Content-Type: application/json; charset=utf-8
host: localhost:38318
accept: */*

Response DefaultHttpResponse(decodeResult: success, version: HTTP/1.1)
HTTP/1.1 200 OK
Content-Length: 14
Content-Type: application/json; charset=utf-8
cache-control: no-cache

[DEBUG] Adding key: http://localhost:38318 for channel [id: 0x9fdc9792, L:/127.0.0.1:57991 - R:localhost/127.0.0.1:38318]
[DEBUG] Using pooled Channel '[id: 0x9fdc9792, L:/127.0.0.1:57991 - R:localhost/127.0.0.1:38318]' for 'POST' to 'http://localhost:38318/session/aefe285a60ccb8ebb4d0c5a2f54ef586/element'
[DEBUG] Using open Channel [id: 0x9fdc9792, L:/127.0.0.1:57991 - R:localhost/127.0.0.1:38318] for POST '/session/aefe285a60ccb8ebb4d0c5a2f54ef586/element'
[DEBUG] 

Request DefaultHttpRequest(decodeResult: success, version: HTTP/1.1)
POST /session/aefe285a60ccb8ebb4d0c5a2f54ef586/element HTTP/1.1
User-Agent: selenium/4.8.3 (java windows)
Content-Length: 73
Content-Type: application/json; charset=utf-8
host: localhost:38318
accept: */*

Response DefaultHttpResponse(decodeResult: success, version: HTTP/1.1)
HTTP/1.1 200 OK
Content-Length: 96
Content-Type: application/json; charset=utf-8
cache-control: no-cache

[DEBUG] Adding key: http://localhost:38318 for channel [id: 0x9fdc9792, L:/127.0.0.1:57991 - R:localhost/127.0.0.1:38318]
[DEBUG] Using pooled Channel '[id: 0x9fdc9792, L:/127.0.0.1:57991 - R:localhost/127.0.0.1:38318]' for 'POST' to 'http://localhost:38318/session/aefe285a60ccb8ebb4d0c5a2f54ef586/element/D61EDBBE9BF0A5A4D7454A20955748EE_element_121/click'
[DEBUG] Using open Channel [id: 0x9fdc9792, L:/127.0.0.1:57991 - R:localhost/127.0.0.1:38318] for POST '/session/aefe285a60ccb8ebb4d0c5a2f54ef586/element/D61EDBBE9BF0A5A4D7454A20955748EE_element_121/click'
[DEBUG] 

Request DefaultHttpRequest(decodeResult: success, version: HTTP/1.1)
POST /session/aefe285a60ccb8ebb4d0c5a2f54ef586/element/D61EDBBE9BF0A5A4D7454A20955748EE_element_121/click HTTP/1.1
User-Agent: selenium/4.8.3 (java windows)
Content-Length: 58
Content-Type: application/json; charset=utf-8
host: localhost:38318
accept: */*

Response DefaultHttpResponse(decodeResult: success, version: HTTP/1.1)
HTTP/1.1 200 OK
Content-Length: 14
Content-Type: application/json; charset=utf-8
cache-control: no-cache

[DEBUG] Adding key: http://localhost:38318 for channel [id: 0x9fdc9792, L:/127.0.0.1:57991 - R:localhost/127.0.0.1:38318]
[DEBUG] Using pooled Channel '[id: 0x9fdc9792, L:/127.0.0.1:57991 - R:localhost/127.0.0.1:38318]' for 'POST' to 'http://localhost:38318/session/aefe285a60ccb8ebb4d0c5a2f54ef586/element'
[DEBUG] Using open Channel [id: 0x9fdc9792, L:/127.0.0.1:57991 - R:localhost/127.0.0.1:38318] for POST '/session/aefe285a60ccb8ebb4d0c5a2f54ef586/element'
[DEBUG] 

Request DefaultHttpRequest(decodeResult: success, version: HTTP/1.1)
POST /session/aefe285a60ccb8ebb4d0c5a2f54ef586/element HTTP/1.1
User-Agent: selenium/4.8.3 (java windows)
Content-Length: 73
Content-Type: application/json; charset=utf-8
host: localhost:38318
accept: */*

Response DefaultHttpResponse(decodeResult: success, version: HTTP/1.1)
HTTP/1.1 200 OK
Content-Length: 96
Content-Type: application/json; charset=utf-8
cache-control: no-cache

[DEBUG] Adding key: http://localhost:38318 for channel [id: 0x9fdc9792, L:/127.0.0.1:57991 - R:localhost/127.0.0.1:38318]
[DEBUG] Using pooled Channel '[id: 0x9fdc9792, L:/127.0.0.1:57991 - R:localhost/127.0.0.1:38318]' for 'POST' to 'http://localhost:38318/session/aefe285a60ccb8ebb4d0c5a2f54ef586/element/D61EDBBE9BF0A5A4D7454A20955748EE_element_122/value'
[DEBUG] Using open Channel [id: 0x9fdc9792, L:/127.0.0.1:57991 - R:localhost/127.0.0.1:38318] for POST '/session/aefe285a60ccb8ebb4d0c5a2f54ef586/element/D61EDBBE9BF0A5A4D7454A20955748EE_element_122/value'
[DEBUG] 

Request DefaultHttpRequest(decodeResult: success, version: HTTP/1.1)
POST /session/aefe285a60ccb8ebb4d0c5a2f54ef586/element/D61EDBBE9BF0A5A4D7454A20955748EE_element_122/value HTTP/1.1
User-Agent: selenium/4.8.3 (java windows)
Content-Length: 189
Content-Type: application/json; charset=utf-8
host: localhost:38318
accept: */*

Response DefaultHttpResponse(decodeResult: success, version: HTTP/1.1)
HTTP/1.1 200 OK
Content-Length: 14
Content-Type: application/json; charset=utf-8
cache-control: no-cache

[DEBUG] Adding key: http://localhost:38318 for channel [id: 0x9fdc9792, L:/127.0.0.1:57991 - R:localhost/127.0.0.1:38318]
[DEBUG] Using pooled Channel '[id: 0x9fdc9792, L:/127.0.0.1:57991 - R:localhost/127.0.0.1:38318]' for 'POST' to 'http://localhost:38318/session/aefe285a60ccb8ebb4d0c5a2f54ef586/element'
[DEBUG] Using open Channel [id: 0x9fdc9792, L:/127.0.0.1:57991 - R:localhost/127.0.0.1:38318] for POST '/session/aefe285a60ccb8ebb4d0c5a2f54ef586/element'
[DEBUG] 

Request DefaultHttpRequest(decodeResult: success, version: HTTP/1.1)
POST /session/aefe285a60ccb8ebb4d0c5a2f54ef586/element HTTP/1.1
User-Agent: selenium/4.8.3 (java windows)
Content-Length: 69
Content-Type: application/json; charset=utf-8
host: localhost:38318
accept: */*

Response DefaultHttpResponse(decodeResult: success, version: HTTP/1.1)
HTTP/1.1 200 OK
Content-Length: 96
Content-Type: application/json; charset=utf-8
cache-control: no-cache

[DEBUG] Adding key: http://localhost:38318 for channel [id: 0x9fdc9792, L:/127.0.0.1:57991 - R:localhost/127.0.0.1:38318]
[DEBUG] Using pooled Channel '[id: 0x9fdc9792, L:/127.0.0.1:57991 - R:localhost/127.0.0.1:38318]' for 'POST' to 'http://localhost:38318/session/aefe285a60ccb8ebb4d0c5a2f54ef586/element/D61EDBBE9BF0A5A4D7454A20955748EE_element_123/value'
[DEBUG] Using open Channel [id: 0x9fdc9792, L:/127.0.0.1:57991 - R:localhost/127.0.0.1:38318] for POST '/session/aefe285a60ccb8ebb4d0c5a2f54ef586/element/D61EDBBE9BF0A5A4D7454A20955748EE_element_123/value'
[DEBUG] 

Request DefaultHttpRequest(decodeResult: success, version: HTTP/1.1)
POST /session/aefe285a60ccb8ebb4d0c5a2f54ef586/element/D61EDBBE9BF0A5A4D7454A20955748EE_element_123/value HTTP/1.1
User-Agent: selenium/4.8.3 (java windows)
Content-Length: 109
Content-Type: application/json; charset=utf-8
host: localhost:38318
accept: */*

Response DefaultHttpResponse(decodeResult: success, version: HTTP/1.1)
HTTP/1.1 200 OK
Content-Length: 14
Content-Type: application/json; charset=utf-8
cache-control: no-cache

[DEBUG] Adding key: http://localhost:38318 for channel [id: 0x9fdc9792, L:/127.0.0.1:57991 - R:localhost/127.0.0.1:38318]
[DEBUG] Using pooled Channel '[id: 0x9fdc9792, L:/127.0.0.1:57991 - R:localhost/127.0.0.1:38318]' for 'POST' to 'http://localhost:38318/session/aefe285a60ccb8ebb4d0c5a2f54ef586/element'
[DEBUG] Using open Channel [id: 0x9fdc9792, L:/127.0.0.1:57991 - R:localhost/127.0.0.1:38318] for POST '/session/aefe285a60ccb8ebb4d0c5a2f54ef586/element'
[DEBUG] 

Request DefaultHttpRequest(decodeResult: success, version: HTTP/1.1)
POST /session/aefe285a60ccb8ebb4d0c5a2f54ef586/element HTTP/1.1
User-Agent: selenium/4.8.3 (java windows)
Content-Length: 73
Content-Type: application/json; charset=utf-8
host: localhost:38318
accept: */*

Response DefaultHttpResponse(decodeResult: success, version: HTTP/1.1)
HTTP/1.1 200 OK
Content-Length: 96
Content-Type: application/json; charset=utf-8
cache-control: no-cache

[DEBUG] Adding key: http://localhost:38318 for channel [id: 0x9fdc9792, L:/127.0.0.1:57991 - R:localhost/127.0.0.1:38318]
[DEBUG] Using pooled Channel '[id: 0x9fdc9792, L:/127.0.0.1:57991 - R:localhost/127.0.0.1:38318]' for 'POST' to 'http://localhost:38318/session/aefe285a60ccb8ebb4d0c5a2f54ef586/element/D61EDBBE9BF0A5A4D7454A20955748EE_element_124/click'
[DEBUG] Using open Channel [id: 0x9fdc9792, L:/127.0.0.1:57991 - R:localhost/127.0.0.1:38318] for POST '/session/aefe285a60ccb8ebb4d0c5a2f54ef586/element/D61EDBBE9BF0A5A4D7454A20955748EE_element_124/click'
[DEBUG] 

Request DefaultHttpRequest(decodeResult: success, version: HTTP/1.1)
POST /session/aefe285a60ccb8ebb4d0c5a2f54ef586/element/D61EDBBE9BF0A5A4D7454A20955748EE_element_124/click HTTP/1.1
User-Agent: selenium/4.8.3 (java windows)
Content-Length: 58
Content-Type: application/json; charset=utf-8
host: localhost:38318
accept: */*

Response DefaultHttpResponse(decodeResult: success, version: HTTP/1.1)
HTTP/1.1 200 OK
Content-Length: 14
Content-Type: application/json; charset=utf-8
cache-control: no-cache

[DEBUG] Adding key: http://localhost:38318 for channel [id: 0x9fdc9792, L:/127.0.0.1:57991 - R:localhost/127.0.0.1:38318]
[DEBUG] Using pooled Channel '[id: 0x9fdc9792, L:/127.0.0.1:57991 - R:localhost/127.0.0.1:38318]' for 'POST' to 'http://localhost:38318/session/aefe285a60ccb8ebb4d0c5a2f54ef586/element'
[DEBUG] Using open Channel [id: 0x9fdc9792, L:/127.0.0.1:57991 - R:localhost/127.0.0.1:38318] for POST '/session/aefe285a60ccb8ebb4d0c5a2f54ef586/element'
[DEBUG] 

Request DefaultHttpRequest(decodeResult: success, version: HTTP/1.1)
POST /session/aefe285a60ccb8ebb4d0c5a2f54ef586/element HTTP/1.1
User-Agent: selenium/4.8.3 (java windows)
Content-Length: 107
Content-Type: application/json; charset=utf-8
host: localhost:38318
accept: */*

Response DefaultHttpResponse(decodeResult: success, version: HTTP/1.1)
HTTP/1.1 200 OK
Content-Length: 96
Content-Type: application/json; charset=utf-8
cache-control: no-cache

[DEBUG] Adding key: http://localhost:38318 for channel [id: 0x9fdc9792, L:/127.0.0.1:57991 - R:localhost/127.0.0.1:38318]
[DEBUG] Using pooled Channel '[id: 0x9fdc9792, L:/127.0.0.1:57991 - R:localhost/127.0.0.1:38318]' for 'POST' to 'http://localhost:38318/session/aefe285a60ccb8ebb4d0c5a2f54ef586/actions'
[DEBUG] Using open Channel [id: 0x9fdc9792, L:/127.0.0.1:57991 - R:localhost/127.0.0.1:38318] for POST '/session/aefe285a60ccb8ebb4d0c5a2f54ef586/actions'
[DEBUG] 

Request DefaultHttpRequest(decodeResult: success, version: HTTP/1.1)
POST /session/aefe285a60ccb8ebb4d0c5a2f54ef586/actions HTTP/1.1
User-Agent: selenium/4.8.3 (java windows)
Content-Length: 5274
Content-Type: application/json; charset=utf-8
host: localhost:38318
accept: */*

Response DefaultHttpResponse(decodeResult: success, version: HTTP/1.1)
HTTP/1.1 200 OK
Content-Length: 14
Content-Type: application/json; charset=utf-8
cache-control: no-cache

[DEBUG] Adding key: http://localhost:38318 for channel [id: 0x9fdc9792, L:/127.0.0.1:57991 - R:localhost/127.0.0.1:38318]
[DEBUG] Entry count for : http://localhost:57992 : 1
[DEBUG] Entry count for : http://localhost:38318 : 1
action method successful
[DEBUG] Using pooled Channel '[id: 0x9fdc9792, L:/127.0.0.1:57991 - R:localhost/127.0.0.1:38318]' for 'POST' to 'http://localhost:38318/session/aefe285a60ccb8ebb4d0c5a2f54ef586/element'
[DEBUG] Using open Channel [id: 0x9fdc9792, L:/127.0.0.1:57991 - R:localhost/127.0.0.1:38318] for POST '/session/aefe285a60ccb8ebb4d0c5a2f54ef586/element'
[DEBUG] 

Request DefaultHttpRequest(decodeResult: success, version: HTTP/1.1)
POST /session/aefe285a60ccb8ebb4d0c5a2f54ef586/element HTTP/1.1
User-Agent: selenium/4.8.3 (java windows)
Content-Length: 160
Content-Type: application/json; charset=utf-8
host: localhost:38318
accept: */*

Response DefaultHttpResponse(decodeResult: success, version: HTTP/1.1)
HTTP/1.1 200 OK
Content-Length: 96
Content-Type: application/json; charset=utf-8
cache-control: no-cache

[DEBUG] Adding key: http://localhost:38318 for channel [id: 0x9fdc9792, L:/127.0.0.1:57991 - R:localhost/127.0.0.1:38318]
[DEBUG] Using pooled Channel '[id: 0x9fdc9792, L:/127.0.0.1:57991 - R:localhost/127.0.0.1:38318]' for 'POST' to 'http://localhost:38318/session/aefe285a60ccb8ebb4d0c5a2f54ef586/actions'
[DEBUG] Using open Channel [id: 0x9fdc9792, L:/127.0.0.1:57991 - R:localhost/127.0.0.1:38318] for POST '/session/aefe285a60ccb8ebb4d0c5a2f54ef586/actions'
[DEBUG] 

Request DefaultHttpRequest(decodeResult: success, version: HTTP/1.1)
POST /session/aefe285a60ccb8ebb4d0c5a2f54ef586/actions HTTP/1.1
User-Agent: selenium/4.8.3 (java windows)
Content-Length: 2682
Content-Type: application/json; charset=utf-8
host: localhost:38318
accept: */*

Response DefaultHttpResponse(decodeResult: success, version: HTTP/1.1)
HTTP/1.1 200 OK
Content-Length: 14
Content-Type: application/json; charset=utf-8
cache-control: no-cache

[DEBUG] Adding key: http://localhost:38318 for channel [id: 0x9fdc9792, L:/127.0.0.1:57991 - R:localhost/127.0.0.1:38318]
action method successful
user press enter key
[DEBUG] Using pooled Channel '[id: 0x9fdc9792, L:/127.0.0.1:57991 - R:localhost/127.0.0.1:38318]' for 'POST' to 'http://localhost:38318/session/aefe285a60ccb8ebb4d0c5a2f54ef586/element'
[DEBUG] Using open Channel [id: 0x9fdc9792, L:/127.0.0.1:57991 - R:localhost/127.0.0.1:38318] for POST '/session/aefe285a60ccb8ebb4d0c5a2f54ef586/element'
[DEBUG] 

Request DefaultHttpRequest(decodeResult: success, version: HTTP/1.1)
POST /session/aefe285a60ccb8ebb4d0c5a2f54ef586/element HTTP/1.1
User-Agent: selenium/4.8.3 (java windows)
Content-Length: 71
Content-Type: application/json; charset=utf-8
host: localhost:38318
accept: */*

Response DefaultHttpResponse(decodeResult: success, version: HTTP/1.1)
HTTP/1.1 200 OK
Content-Length: 96
Content-Type: application/json; charset=utf-8
cache-control: no-cache

[DEBUG] Adding key: http://localhost:38318 for channel [id: 0x9fdc9792, L:/127.0.0.1:57991 - R:localhost/127.0.0.1:38318]
[DEBUG] Using pooled Channel '[id: 0x9fdc9792, L:/127.0.0.1:57991 - R:localhost/127.0.0.1:38318]' for 'GET' to 'http://localhost:38318/session/aefe285a60ccb8ebb4d0c5a2f54ef586/element/D61EDBBE9BF0A5A4D7454A20955748EE_element_128/name'
[DEBUG] Using open Channel [id: 0x9fdc9792, L:/127.0.0.1:57991 - R:localhost/127.0.0.1:38318] for GET '/session/aefe285a60ccb8ebb4d0c5a2f54ef586/element/D61EDBBE9BF0A5A4D7454A20955748EE_element_128/name'
[DEBUG] 

Request DefaultFullHttpRequest(decodeResult: success, version: HTTP/1.1, content: EmptyByteBufBE)
GET /session/aefe285a60ccb8ebb4d0c5a2f54ef586/element/D61EDBBE9BF0A5A4D7454A20955748EE_element_128/name HTTP/1.1
User-Agent: selenium/4.8.3 (java windows)
Cache-Control: no-cache
Content-Type: application/json; charset=utf-8
host: localhost:38318
accept: */*

Response DefaultHttpResponse(decodeResult: success, version: HTTP/1.1)
HTTP/1.1 200 OK
Content-Length: 18
Content-Type: application/json; charset=utf-8
cache-control: no-cache

[DEBUG] Adding key: http://localhost:38318 for channel [id: 0x9fdc9792, L:/127.0.0.1:57991 - R:localhost/127.0.0.1:38318]
[DEBUG] Using pooled Channel '[id: 0x9fdc9792, L:/127.0.0.1:57991 - R:localhost/127.0.0.1:38318]' for 'POST' to 'http://localhost:38318/session/aefe285a60ccb8ebb4d0c5a2f54ef586/element'
[DEBUG] Using open Channel [id: 0x9fdc9792, L:/127.0.0.1:57991 - R:localhost/127.0.0.1:38318] for POST '/session/aefe285a60ccb8ebb4d0c5a2f54ef586/element'
[DEBUG] 

Request DefaultHttpRequest(decodeResult: success, version: HTTP/1.1)
POST /session/aefe285a60ccb8ebb4d0c5a2f54ef586/element HTTP/1.1
User-Agent: selenium/4.8.3 (java windows)
Content-Length: 71
Content-Type: application/json; charset=utf-8
host: localhost:38318
accept: */*

Response DefaultHttpResponse(decodeResult: success, version: HTTP/1.1)
HTTP/1.1 200 OK
Content-Length: 96
Content-Type: application/json; charset=utf-8
cache-control: no-cache

[DEBUG] Adding key: http://localhost:38318 for channel [id: 0x9fdc9792, L:/127.0.0.1:57991 - R:localhost/127.0.0.1:38318]
[DEBUG] Using pooled Channel '[id: 0x9fdc9792, L:/127.0.0.1:57991 - R:localhost/127.0.0.1:38318]' for 'GET' to 'http://localhost:38318/session/aefe285a60ccb8ebb4d0c5a2f54ef586/element/D61EDBBE9BF0A5A4D7454A20955748EE_element_128/attribute/multiple'
[DEBUG] Using open Channel [id: 0x9fdc9792, L:/127.0.0.1:57991 - R:localhost/127.0.0.1:38318] for GET '/session/aefe285a60ccb8ebb4d0c5a2f54ef586/element/D61EDBBE9BF0A5A4D7454A20955748EE_element_128/attribute/multiple'
[DEBUG] 

Request DefaultFullHttpRequest(decodeResult: success, version: HTTP/1.1, content: EmptyByteBufBE)
GET /session/aefe285a60ccb8ebb4d0c5a2f54ef586/element/D61EDBBE9BF0A5A4D7454A20955748EE_element_128/attribute/multiple HTTP/1.1
User-Agent: selenium/4.8.3 (java windows)
Cache-Control: no-cache
Content-Type: application/json; charset=utf-8
host: localhost:38318
accept: */*

Response DefaultHttpResponse(decodeResult: success, version: HTTP/1.1)
HTTP/1.1 200 OK
Content-Length: 14
Content-Type: application/json; charset=utf-8
cache-control: no-cache

[DEBUG] Adding key: http://localhost:38318 for channel [id: 0x9fdc9792, L:/127.0.0.1:57991 - R:localhost/127.0.0.1:38318]
[DEBUG] Using pooled Channel '[id: 0x9fdc9792, L:/127.0.0.1:57991 - R:localhost/127.0.0.1:38318]' for 'POST' to 'http://localhost:38318/session/aefe285a60ccb8ebb4d0c5a2f54ef586/element'
[DEBUG] Using open Channel [id: 0x9fdc9792, L:/127.0.0.1:57991 - R:localhost/127.0.0.1:38318] for POST '/session/aefe285a60ccb8ebb4d0c5a2f54ef586/element'
[DEBUG] 

Request DefaultHttpRequest(decodeResult: success, version: HTTP/1.1)
POST /session/aefe285a60ccb8ebb4d0c5a2f54ef586/element HTTP/1.1
User-Agent: selenium/4.8.3 (java windows)
Content-Length: 71
Content-Type: application/json; charset=utf-8
host: localhost:38318
accept: */*

Response DefaultHttpResponse(decodeResult: success, version: HTTP/1.1)
HTTP/1.1 200 OK
Content-Length: 96
Content-Type: application/json; charset=utf-8
cache-control: no-cache

[DEBUG] Adding key: http://localhost:38318 for channel [id: 0x9fdc9792, L:/127.0.0.1:57991 - R:localhost/127.0.0.1:38318]
[DEBUG] Using pooled Channel '[id: 0x9fdc9792, L:/127.0.0.1:57991 - R:localhost/127.0.0.1:38318]' for 'POST' to 'http://localhost:38318/session/aefe285a60ccb8ebb4d0c5a2f54ef586/element/D61EDBBE9BF0A5A4D7454A20955748EE_element_128/elements'
[DEBUG] Using open Channel [id: 0x9fdc9792, L:/127.0.0.1:57991 - R:localhost/127.0.0.1:38318] for POST '/session/aefe285a60ccb8ebb4d0c5a2f54ef586/element/D61EDBBE9BF0A5A4D7454A20955748EE_element_128/elements'
[DEBUG] 

Request DefaultHttpRequest(decodeResult: success, version: HTTP/1.1)
POST /session/aefe285a60ccb8ebb4d0c5a2f54ef586/element/D61EDBBE9BF0A5A4D7454A20955748EE_element_128/elements HTTP/1.1
User-Agent: selenium/4.8.3 (java windows)
Content-Length: 102
Content-Type: application/json; charset=utf-8
host: localhost:38318
accept: */*

Response DefaultHttpResponse(decodeResult: success, version: HTTP/1.1)
HTTP/1.1 200 OK
Content-Length: 272
Content-Type: application/json; charset=utf-8
cache-control: no-cache

[DEBUG] Adding key: http://localhost:38318 for channel [id: 0x9fdc9792, L:/127.0.0.1:57991 - R:localhost/127.0.0.1:38318]
[DEBUG] Using pooled Channel '[id: 0x9fdc9792, L:/127.0.0.1:57991 - R:localhost/127.0.0.1:38318]' for 'GET' to 'http://localhost:38318/session/aefe285a60ccb8ebb4d0c5a2f54ef586/element/D61EDBBE9BF0A5A4D7454A20955748EE_element_129/text'
[DEBUG] Using open Channel [id: 0x9fdc9792, L:/127.0.0.1:57991 - R:localhost/127.0.0.1:38318] for GET '/session/aefe285a60ccb8ebb4d0c5a2f54ef586/element/D61EDBBE9BF0A5A4D7454A20955748EE_element_129/text'
[DEBUG] 

Request DefaultFullHttpRequest(decodeResult: success, version: HTTP/1.1, content: EmptyByteBufBE)
GET /session/aefe285a60ccb8ebb4d0c5a2f54ef586/element/D61EDBBE9BF0A5A4D7454A20955748EE_element_129/text HTTP/1.1
User-Agent: selenium/4.8.3 (java windows)
Cache-Control: no-cache
Content-Type: application/json; charset=utf-8
host: localhost:38318
accept: */*

Response DefaultHttpResponse(decodeResult: success, version: HTTP/1.1)
HTTP/1.1 200 OK
Content-Length: 24
Content-Type: application/json; charset=utf-8
cache-control: no-cache

[DEBUG] Adding key: http://localhost:38318 for channel [id: 0x9fdc9792, L:/127.0.0.1:57991 - R:localhost/127.0.0.1:38318]
Dropdown option is not available
[DEBUG] Using pooled Channel '[id: 0x9fdc9792, L:/127.0.0.1:57991 - R:localhost/127.0.0.1:38318]' for 'GET' to 'http://localhost:38318/session/aefe285a60ccb8ebb4d0c5a2f54ef586/element/D61EDBBE9BF0A5A4D7454A20955748EE_element_130/text'
[DEBUG] Using open Channel [id: 0x9fdc9792, L:/127.0.0.1:57991 - R:localhost/127.0.0.1:38318] for GET '/session/aefe285a60ccb8ebb4d0c5a2f54ef586/element/D61EDBBE9BF0A5A4D7454A20955748EE_element_130/text'
[DEBUG] 

Request DefaultFullHttpRequest(decodeResult: success, version: HTTP/1.1, content: EmptyByteBufBE)
GET /session/aefe285a60ccb8ebb4d0c5a2f54ef586/element/D61EDBBE9BF0A5A4D7454A20955748EE_element_130/text HTTP/1.1
User-Agent: selenium/4.8.3 (java windows)
Cache-Control: no-cache
Content-Type: application/json; charset=utf-8
host: localhost:38318
accept: */*

Response DefaultHttpResponse(decodeResult: success, version: HTTP/1.1)
HTTP/1.1 200 OK
Content-Length: 20
Content-Type: application/json; charset=utf-8
cache-control: no-cache

[DEBUG] Adding key: http://localhost:38318 for channel [id: 0x9fdc9792, L:/127.0.0.1:57991 - R:localhost/127.0.0.1:38318]
[DEBUG] Using pooled Channel '[id: 0x9fdc9792, L:/127.0.0.1:57991 - R:localhost/127.0.0.1:38318]' for 'POST' to 'http://localhost:38318/session/aefe285a60ccb8ebb4d0c5a2f54ef586/element'
[DEBUG] Using open Channel [id: 0x9fdc9792, L:/127.0.0.1:57991 - R:localhost/127.0.0.1:38318] for POST '/session/aefe285a60ccb8ebb4d0c5a2f54ef586/element'
[DEBUG] 

Request DefaultHttpRequest(decodeResult: success, version: HTTP/1.1)
POST /session/aefe285a60ccb8ebb4d0c5a2f54ef586/element HTTP/1.1
User-Agent: selenium/4.8.3 (java windows)
Content-Length: 71
Content-Type: application/json; charset=utf-8
host: localhost:38318
accept: */*

Response DefaultHttpResponse(decodeResult: success, version: HTTP/1.1)
HTTP/1.1 200 OK
Content-Length: 96
Content-Type: application/json; charset=utf-8
cache-control: no-cache

[DEBUG] Adding key: http://localhost:38318 for channel [id: 0x9fdc9792, L:/127.0.0.1:57991 - R:localhost/127.0.0.1:38318]
[DEBUG] Using pooled Channel '[id: 0x9fdc9792, L:/127.0.0.1:57991 - R:localhost/127.0.0.1:38318]' for 'GET' to 'http://localhost:38318/session/aefe285a60ccb8ebb4d0c5a2f54ef586/element/D61EDBBE9BF0A5A4D7454A20955748EE_element_128/enabled'
[DEBUG] Using open Channel [id: 0x9fdc9792, L:/127.0.0.1:57991 - R:localhost/127.0.0.1:38318] for GET '/session/aefe285a60ccb8ebb4d0c5a2f54ef586/element/D61EDBBE9BF0A5A4D7454A20955748EE_element_128/enabled'
[DEBUG] 

Request DefaultFullHttpRequest(decodeResult: success, version: HTTP/1.1, content: EmptyByteBufBE)
GET /session/aefe285a60ccb8ebb4d0c5a2f54ef586/element/D61EDBBE9BF0A5A4D7454A20955748EE_element_128/enabled HTTP/1.1
User-Agent: selenium/4.8.3 (java windows)
Cache-Control: no-cache
Content-Type: application/json; charset=utf-8
host: localhost:38318
accept: */*

Response DefaultHttpResponse(decodeResult: success, version: HTTP/1.1)
HTTP/1.1 200 OK
Content-Length: 14
Content-Type: application/json; charset=utf-8
cache-control: no-cache

[DEBUG] Adding key: http://localhost:38318 for channel [id: 0x9fdc9792, L:/127.0.0.1:57991 - R:localhost/127.0.0.1:38318]
[DEBUG] Using pooled Channel '[id: 0x9fdc9792, L:/127.0.0.1:57991 - R:localhost/127.0.0.1:38318]' for 'POST' to 'http://localhost:38318/session/aefe285a60ccb8ebb4d0c5a2f54ef586/element'
[DEBUG] Using open Channel [id: 0x9fdc9792, L:/127.0.0.1:57991 - R:localhost/127.0.0.1:38318] for POST '/session/aefe285a60ccb8ebb4d0c5a2f54ef586/element'
[DEBUG] 

Request DefaultHttpRequest(decodeResult: success, version: HTTP/1.1)
POST /session/aefe285a60ccb8ebb4d0c5a2f54ef586/element HTTP/1.1
User-Agent: selenium/4.8.3 (java windows)
Content-Length: 71
Content-Type: application/json; charset=utf-8
host: localhost:38318
accept: */*

Response DefaultHttpResponse(decodeResult: success, version: HTTP/1.1)
HTTP/1.1 200 OK
Content-Length: 96
Content-Type: application/json; charset=utf-8
cache-control: no-cache

[DEBUG] Adding key: http://localhost:38318 for channel [id: 0x9fdc9792, L:/127.0.0.1:57991 - R:localhost/127.0.0.1:38318]
[DEBUG] Using pooled Channel '[id: 0x9fdc9792, L:/127.0.0.1:57991 - R:localhost/127.0.0.1:38318]' for 'POST' to 'http://localhost:38318/session/aefe285a60ccb8ebb4d0c5a2f54ef586/element/D61EDBBE9BF0A5A4D7454A20955748EE_element_128/elements'
[DEBUG] Using open Channel [id: 0x9fdc9792, L:/127.0.0.1:57991 - R:localhost/127.0.0.1:38318] for POST '/session/aefe285a60ccb8ebb4d0c5a2f54ef586/element/D61EDBBE9BF0A5A4D7454A20955748EE_element_128/elements'
[DEBUG] 

Request DefaultHttpRequest(decodeResult: success, version: HTTP/1.1)
POST /session/aefe285a60ccb8ebb4d0c5a2f54ef586/element/D61EDBBE9BF0A5A4D7454A20955748EE_element_128/elements HTTP/1.1
User-Agent: selenium/4.8.3 (java windows)
Content-Length: 147
Content-Type: application/json; charset=utf-8
host: localhost:38318
accept: */*

Response DefaultHttpResponse(decodeResult: success, version: HTTP/1.1)
HTTP/1.1 200 OK
Content-Length: 98
Content-Type: application/json; charset=utf-8
cache-control: no-cache

[DEBUG] Adding key: http://localhost:38318 for channel [id: 0x9fdc9792, L:/127.0.0.1:57991 - R:localhost/127.0.0.1:38318]
[DEBUG] Using pooled Channel '[id: 0x9fdc9792, L:/127.0.0.1:57991 - R:localhost/127.0.0.1:38318]' for 'GET' to 'http://localhost:38318/session/aefe285a60ccb8ebb4d0c5a2f54ef586/element/D61EDBBE9BF0A5A4D7454A20955748EE_element_130/enabled'
[DEBUG] Using open Channel [id: 0x9fdc9792, L:/127.0.0.1:57991 - R:localhost/127.0.0.1:38318] for GET '/session/aefe285a60ccb8ebb4d0c5a2f54ef586/element/D61EDBBE9BF0A5A4D7454A20955748EE_element_130/enabled'
[DEBUG] 

Request DefaultFullHttpRequest(decodeResult: success, version: HTTP/1.1, content: EmptyByteBufBE)
GET /session/aefe285a60ccb8ebb4d0c5a2f54ef586/element/D61EDBBE9BF0A5A4D7454A20955748EE_element_130/enabled HTTP/1.1
User-Agent: selenium/4.8.3 (java windows)
Cache-Control: no-cache
Content-Type: application/json; charset=utf-8
host: localhost:38318
accept: */*

Response DefaultHttpResponse(decodeResult: success, version: HTTP/1.1)
HTTP/1.1 200 OK
Content-Length: 14
Content-Type: application/json; charset=utf-8
cache-control: no-cache

[DEBUG] Adding key: http://localhost:38318 for channel [id: 0x9fdc9792, L:/127.0.0.1:57991 - R:localhost/127.0.0.1:38318]
[DEBUG] Using pooled Channel '[id: 0x9fdc9792, L:/127.0.0.1:57991 - R:localhost/127.0.0.1:38318]' for 'GET' to 'http://localhost:38318/session/aefe285a60ccb8ebb4d0c5a2f54ef586/element/D61EDBBE9BF0A5A4D7454A20955748EE_element_130/selected'
[DEBUG] Using open Channel [id: 0x9fdc9792, L:/127.0.0.1:57991 - R:localhost/127.0.0.1:38318] for GET '/session/aefe285a60ccb8ebb4d0c5a2f54ef586/element/D61EDBBE9BF0A5A4D7454A20955748EE_element_130/selected'
[DEBUG] 

Request DefaultFullHttpRequest(decodeResult: success, version: HTTP/1.1, content: EmptyByteBufBE)
GET /session/aefe285a60ccb8ebb4d0c5a2f54ef586/element/D61EDBBE9BF0A5A4D7454A20955748EE_element_130/selected HTTP/1.1
User-Agent: selenium/4.8.3 (java windows)
Cache-Control: no-cache
Content-Type: application/json; charset=utf-8
host: localhost:38318
accept: */*

Response DefaultHttpResponse(decodeResult: success, version: HTTP/1.1)
HTTP/1.1 200 OK
Content-Length: 15
Content-Type: application/json; charset=utf-8
cache-control: no-cache

[DEBUG] Adding key: http://localhost:38318 for channel [id: 0x9fdc9792, L:/127.0.0.1:57991 - R:localhost/127.0.0.1:38318]
[DEBUG] Using pooled Channel '[id: 0x9fdc9792, L:/127.0.0.1:57991 - R:localhost/127.0.0.1:38318]' for 'POST' to 'http://localhost:38318/session/aefe285a60ccb8ebb4d0c5a2f54ef586/element/D61EDBBE9BF0A5A4D7454A20955748EE_element_130/click'
[DEBUG] Using open Channel [id: 0x9fdc9792, L:/127.0.0.1:57991 - R:localhost/127.0.0.1:38318] for POST '/session/aefe285a60ccb8ebb4d0c5a2f54ef586/element/D61EDBBE9BF0A5A4D7454A20955748EE_element_130/click'
[DEBUG] 

Request DefaultHttpRequest(decodeResult: success, version: HTTP/1.1)
POST /session/aefe285a60ccb8ebb4d0c5a2f54ef586/element/D61EDBBE9BF0A5A4D7454A20955748EE_element_130/click HTTP/1.1
User-Agent: selenium/4.8.3 (java windows)
Content-Length: 58
Content-Type: application/json; charset=utf-8
host: localhost:38318
accept: */*

Response DefaultHttpResponse(decodeResult: success, version: HTTP/1.1)
HTTP/1.1 200 OK
Content-Length: 14
Content-Type: application/json; charset=utf-8
cache-control: no-cache

[DEBUG] Adding key: http://localhost:38318 for channel [id: 0x9fdc9792, L:/127.0.0.1:57991 - R:localhost/127.0.0.1:38318]
[DEBUG] Using pooled Channel '[id: 0x9fdc9792, L:/127.0.0.1:57991 - R:localhost/127.0.0.1:38318]' for 'GET' to 'http://localhost:38318/session/aefe285a60ccb8ebb4d0c5a2f54ef586/element/D61EDBBE9BF0A5A4D7454A20955748EE_element_131/text'
[DEBUG] Using open Channel [id: 0x9fdc9792, L:/127.0.0.1:57991 - R:localhost/127.0.0.1:38318] for GET '/session/aefe285a60ccb8ebb4d0c5a2f54ef586/element/D61EDBBE9BF0A5A4D7454A20955748EE_element_131/text'
[DEBUG] 

Request DefaultFullHttpRequest(decodeResult: success, version: HTTP/1.1, content: EmptyByteBufBE)
GET /session/aefe285a60ccb8ebb4d0c5a2f54ef586/element/D61EDBBE9BF0A5A4D7454A20955748EE_element_131/text HTTP/1.1
User-Agent: selenium/4.8.3 (java windows)
Cache-Control: no-cache
Content-Type: application/json; charset=utf-8
host: localhost:38318
accept: */*

Response DefaultHttpResponse(decodeResult: success, version: HTTP/1.1)
HTTP/1.1 200 OK
Content-Length: 20
Content-Type: application/json; charset=utf-8
cache-control: no-cache

[DEBUG] Adding key: http://localhost:38318 for channel [id: 0x9fdc9792, L:/127.0.0.1:57991 - R:localhost/127.0.0.1:38318]
Dropdown option is not available
[DEBUG] Using pooled Channel '[id: 0x9fdc9792, L:/127.0.0.1:57991 - R:localhost/127.0.0.1:38318]' for 'POST' to 'http://localhost:38318/session/aefe285a60ccb8ebb4d0c5a2f54ef586/element'
[DEBUG] Using open Channel [id: 0x9fdc9792, L:/127.0.0.1:57991 - R:localhost/127.0.0.1:38318] for POST '/session/aefe285a60ccb8ebb4d0c5a2f54ef586/element'
[DEBUG] 

Request DefaultHttpRequest(decodeResult: success, version: HTTP/1.1)
POST /session/aefe285a60ccb8ebb4d0c5a2f54ef586/element HTTP/1.1
User-Agent: selenium/4.8.3 (java windows)
Content-Length: 68
Content-Type: application/json; charset=utf-8
host: localhost:38318
accept: */*

Response DefaultHttpResponse(decodeResult: success, version: HTTP/1.1)
HTTP/1.1 200 OK
Content-Length: 96
Content-Type: application/json; charset=utf-8
cache-control: no-cache

[DEBUG] Adding key: http://localhost:38318 for channel [id: 0x9fdc9792, L:/127.0.0.1:57991 - R:localhost/127.0.0.1:38318]
[DEBUG] Using pooled Channel '[id: 0x9fdc9792, L:/127.0.0.1:57991 - R:localhost/127.0.0.1:38318]' for 'GET' to 'http://localhost:38318/session/aefe285a60ccb8ebb4d0c5a2f54ef586/element/D61EDBBE9BF0A5A4D7454A20955748EE_element_132/selected'
[DEBUG] Using open Channel [id: 0x9fdc9792, L:/127.0.0.1:57991 - R:localhost/127.0.0.1:38318] for GET '/session/aefe285a60ccb8ebb4d0c5a2f54ef586/element/D61EDBBE9BF0A5A4D7454A20955748EE_element_132/selected'
[DEBUG] 

Request DefaultFullHttpRequest(decodeResult: success, version: HTTP/1.1, content: EmptyByteBufBE)
GET /session/aefe285a60ccb8ebb4d0c5a2f54ef586/element/D61EDBBE9BF0A5A4D7454A20955748EE_element_132/selected HTTP/1.1
User-Agent: selenium/4.8.3 (java windows)
Cache-Control: no-cache
Content-Type: application/json; charset=utf-8
host: localhost:38318
accept: */*

Response DefaultHttpResponse(decodeResult: success, version: HTTP/1.1)
HTTP/1.1 200 OK
Content-Length: 14
Content-Type: application/json; charset=utf-8
cache-control: no-cache

[DEBUG] Adding key: http://localhost:38318 for channel [id: 0x9fdc9792, L:/127.0.0.1:57991 - R:localhost/127.0.0.1:38318]
checkbox is selected
[DEBUG] Using pooled Channel '[id: 0x9fdc9792, L:/127.0.0.1:57991 - R:localhost/127.0.0.1:38318]' for 'POST' to 'http://localhost:38318/session/aefe285a60ccb8ebb4d0c5a2f54ef586/element'
[DEBUG] Using open Channel [id: 0x9fdc9792, L:/127.0.0.1:57991 - R:localhost/127.0.0.1:38318] for POST '/session/aefe285a60ccb8ebb4d0c5a2f54ef586/element'
[DEBUG] 

Request DefaultHttpRequest(decodeResult: success, version: HTTP/1.1)
POST /session/aefe285a60ccb8ebb4d0c5a2f54ef586/element HTTP/1.1
User-Agent: selenium/4.8.3 (java windows)
Content-Length: 70
Content-Type: application/json; charset=utf-8
host: localhost:38318
accept: */*

Response DefaultHttpResponse(decodeResult: success, version: HTTP/1.1)
HTTP/1.1 200 OK
Content-Length: 96
Content-Type: application/json; charset=utf-8
cache-control: no-cache

[DEBUG] Adding key: http://localhost:38318 for channel [id: 0x9fdc9792, L:/127.0.0.1:57991 - R:localhost/127.0.0.1:38318]
[DEBUG] Using pooled Channel '[id: 0x9fdc9792, L:/127.0.0.1:57991 - R:localhost/127.0.0.1:38318]' for 'POST' to 'http://localhost:38318/session/aefe285a60ccb8ebb4d0c5a2f54ef586/element/D61EDBBE9BF0A5A4D7454A20955748EE_element_133/value'
[DEBUG] Using open Channel [id: 0x9fdc9792, L:/127.0.0.1:57991 - R:localhost/127.0.0.1:38318] for POST '/session/aefe285a60ccb8ebb4d0c5a2f54ef586/element/D61EDBBE9BF0A5A4D7454A20955748EE_element_133/value'
[DEBUG] 

Request DefaultHttpRequest(decodeResult: success, version: HTTP/1.1)
POST /session/aefe285a60ccb8ebb4d0c5a2f54ef586/element/D61EDBBE9BF0A5A4D7454A20955748EE_element_133/value HTTP/1.1
User-Agent: selenium/4.8.3 (java windows)
Content-Length: 169
Content-Type: application/json; charset=utf-8
host: localhost:38318
accept: */*

Response DefaultHttpResponse(decodeResult: success, version: HTTP/1.1)
HTTP/1.1 200 OK
Content-Length: 14
Content-Type: application/json; charset=utf-8
cache-control: no-cache

[DEBUG] Adding key: http://localhost:38318 for channel [id: 0x9fdc9792, L:/127.0.0.1:57991 - R:localhost/127.0.0.1:38318]
  &amp#27;[32mAnd &amp#27;[0m&amp#27;[32mUser Click enters Customer Info &amp#27;[0m&amp#27;[32m&amp#27;[1m"Test5.test@Test.com"&amp#27;[0m&amp#27;[32m&amp#27;[0m&amp#27;[32m&amp#27;[1m"test1"&amp#27;[0m&amp#27;[32m&amp#27;[0m&amp#27;[32m&amp#27;[1m"ftest1"&amp#27;[0m&amp#27;[32m&amp#27;[0m&amp#27;[32m&amp#27;[1m"ltest1"&amp#27;[0m&amp#27;[32m&amp#27;[0m&amp#27;[32m&amp#27;[1m"male"&amp#27;[0m&amp#27;[32m&amp#27;[0m&amp#27;[32m&amp#27;[1m"1/1/2023"&amp#27;[0m&amp#27;[32m&amp#27;[0m&amp#27;[32m&amp#27;[1m"MS"&amp#27;[0m&amp#27;[32m&amp#27;[0m&amp#27;[32m&amp#27;[1m"yes"&amp#27;[0m&amp#27;[32m&amp#27;[0m&amp#27;[32m&amp#27;[1m"Your store name"&amp#27;[0m&amp#27;[32m&amp#27;[0m&amp#27;[32m&amp#27;[1m"Guests"&amp#27;[0m&amp#27;[32m&amp#27;[0m&amp#27;[32m&amp#27;[1m"Vendor 1"&amp#27;[0m&amp#27;[32m&amp#27;[0m&amp#27;[32m&amp#27;[1m"Comment1"&amp#27;[0m &amp#27;[90m# stepDefinition.Login.user_click_enters_customer_info(java.lang.String,java.lang.String,java.lang.String,java.lang.String,java.lang.String,java.lang.String,java.lang.String,java.lang.String,java.lang.String,java.lang.String,java.lang.String,java.lang.String)&amp#27;[0m
[DEBUG] Using pooled Channel '[id: 0x9fdc9792, L:/127.0.0.1:57991 - R:localhost/127.0.0.1:38318]' for 'POST' to 'http://localhost:38318/session/aefe285a60ccb8ebb4d0c5a2f54ef586/element'
[DEBUG] Using open Channel [id: 0x9fdc9792, L:/127.0.0.1:57991 - R:localhost/127.0.0.1:38318] for POST '/session/aefe285a60ccb8ebb4d0c5a2f54ef586/element'
[DEBUG] 

Request DefaultHttpRequest(decodeResult: success, version: HTTP/1.1)
POST /session/aefe285a60ccb8ebb4d0c5a2f54ef586/element HTTP/1.1
User-Agent: selenium/4.8.3 (java windows)
Content-Length: 69
Content-Type: application/json; charset=utf-8
host: localhost:38318
accept: */*

Response DefaultHttpResponse(decodeResult: success, version: HTTP/1.1)
HTTP/1.1 200 OK
Content-Length: 96
Content-Type: application/json; charset=utf-8
cache-control: no-cache

[DEBUG] Adding key: http://localhost:38318 for channel [id: 0x9fdc9792, L:/127.0.0.1:57991 - R:localhost/127.0.0.1:38318]
[DEBUG] Using pooled Channel '[id: 0x9fdc9792, L:/127.0.0.1:57991 - R:localhost/127.0.0.1:38318]' for 'POST' to 'http://localhost:38318/session/aefe285a60ccb8ebb4d0c5a2f54ef586/element/D61EDBBE9BF0A5A4D7454A20955748EE_element_134/click'
[DEBUG] Using open Channel [id: 0x9fdc9792, L:/127.0.0.1:57991 - R:localhost/127.0.0.1:38318] for POST '/session/aefe285a60ccb8ebb4d0c5a2f54ef586/element/D61EDBBE9BF0A5A4D7454A20955748EE_element_134/click'
[DEBUG] Entry count for : http://localhost:57992 : 1
[DEBUG] 

Request DefaultHttpRequest(decodeResult: success, version: HTTP/1.1)
POST /session/aefe285a60ccb8ebb4d0c5a2f54ef586/element/D61EDBBE9BF0A5A4D7454A20955748EE_element_134/click HTTP/1.1
User-Agent: selenium/4.8.3 (java windows)
Content-Length: 58
Content-Type: application/json; charset=utf-8
host: localhost:38318
accept: */*

Response DefaultHttpResponse(decodeResult: success, version: HTTP/1.1)
HTTP/1.1 200 OK
Content-Length: 14
Content-Type: application/json; charset=utf-8
cache-control: no-cache

[DEBUG] Adding key: http://localhost:38318 for channel [id: 0x9fdc9792, L:/127.0.0.1:57991 - R:localhost/127.0.0.1:38318]
  &amp#27;[32mAnd &amp#27;[0m&amp#27;[32mUser Click on save button&amp#27;[0m                                                                                                                          &amp#27;[90m# stepDefinition.Login.user_click_on_save_button()&amp#27;[0m
[DEBUG] Using pooled Channel '[id: 0x9fdc9792, L:/127.0.0.1:57991 - R:localhost/127.0.0.1:38318]' for 'POST' to 'http://localhost:38318/session/aefe285a60ccb8ebb4d0c5a2f54ef586/element'
[DEBUG] Using open Channel [id: 0x9fdc9792, L:/127.0.0.1:57991 - R:localhost/127.0.0.1:38318] for POST '/session/aefe285a60ccb8ebb4d0c5a2f54ef586/element'
[DEBUG] Entry count for : http://localhost:57992 : 1
[DEBUG] Entry count for : http://localhost:57992 : 1
[DEBUG] Entry count for : http://localhost:57992 : 1
[DEBUG] Entry count for : http://localhost:57992 : 1
[DEBUG] Entry count for : http://localhost:57992 : 1
[DEBUG] Entry count for : http://localhost:57992 : 1
[DEBUG] Entry count for : http://localhost:57992 : 1
[DEBUG] Entry count for : http://localhost:57992 : 1
[DEBUG] Entry count for : http://localhost:57992 : 1
[DEBUG] 

Request DefaultHttpRequest(decodeResult: success, version: HTTP/1.1)
POST /session/aefe285a60ccb8ebb4d0c5a2f54ef586/element HTTP/1.1
User-Agent: selenium/4.8.3 (java windows)
Content-Length: 98
Content-Type: application/json; charset=utf-8
host: localhost:38318
accept: */*

Response DefaultHttpResponse(decodeResult: success, version: HTTP/1.1)
HTTP/1.1 404 Not Found
Content-Length: 972
Content-Type: application/json; charset=utf-8
cache-control: no-cache

[DEBUG] Adding key: http://localhost:38318 for channel [id: 0x9fdc9792, L:/127.0.0.1:57991 - R:localhost/127.0.0.1:38318]
  &amp#27;[31mThen &amp#27;[0m&amp#27;[31mUser confirmation message should appear&amp#27;[0m                                                                                                           &amp#27;[90m# stepDefinition.Login.user_confirmation_message_should_appear()&amp#27;[0m
      &amp#27;[31morg.openqa.selenium.NoSuchElementException: no such element: Unable to locate element: {"method":"xpath","selector":"//*[@class='alert alert-success alert-dismissable']"}
  (Session info: chrome=114.0.5735.110)
For documentation on this error, please visit: https://selenium.dev/exceptions/#no_such_element
Build info: version: '4.8.3', revision: 'e5e76298c3'
System info: os.name: 'Windows 11', os.arch: 'amd64', os.version: '10.0', java.version: '17.0.7'
Driver info: org.openqa.selenium.chrome.ChromeDriver
Command: [aefe285a60ccb8ebb4d0c5a2f54ef586, findElement {using=xpath, value=//*[@class='alert alert-success alert-dismissable']}]
Capabilities {acceptInsecureCerts: false, browserName: chrome, browserVersion: 114.0.5735.110, chrome: {chromedriverVersion: 114.0.5735.90 (386bc09e8f4f..., userDataDir: C:\Users\ABHINAV\AppData\Lo...}, goog:chromeOptions: {debuggerAddress: localhost:57992}, networkConnectionEnabled: false, pageLoadStrategy: normal, platformName: WINDOWS, proxy: Proxy(), se:cdp: ws://localhost:57992/devtoo..., se:cdpVersion: 114.0.5735.110, setWindowRect: true, strictFileInteractability: false, timeouts: {implicit: 0, pageLoad: 300000, script: 30000}, unhandledPromptBehavior: dismiss and notify, webauthn:extension:credBlob: true, webauthn:extension:largeBlob: true, webauthn:extension:minPinLength: true, webauthn:extension:prf: true, webauthn:virtualAuthenticators: true}
Session ID: aefe285a60ccb8ebb4d0c5a2f54ef586
	at java.base/jdk.internal.reflect.NativeConstructorAccessorImpl.newInstance0(Native Method)
	at java.base/jdk.internal.reflect.NativeConstructorAccessorImpl.newInstance(NativeConstructorAccessorImpl.java:77)
	at java.base/jdk.internal.reflect.DelegatingConstructorAccessorImpl.newInstance(DelegatingConstructorAccessorImpl.java:45)
	at java.base/java.lang.reflect.Constructor.newInstanceWithCaller(Constructor.java:499)
	at java.base/java.lang.reflect.Constructor.newInstance(Constructor.java:480)
	at org.openqa.selenium.remote.codec.w3c.W3CHttpResponseCodec.createException(W3CHttpResponseCodec.java:200)
	at org.openqa.selenium.remote.codec.w3c.W3CHttpResponseCodec.decode(W3CHttpResponseCodec.java:133)
	at org.openqa.selenium.remote.codec.w3c.W3CHttpResponseCodec.decode(W3CHttpResponseCodec.java:53)
	at org.openqa.selenium.remote.HttpCommandExecutor.execute(HttpCommandExecutor.java:193)
	at org.openqa.selenium.remote.service.DriverCommandExecutor.invokeExecute(DriverCommandExecutor.java:183)
	at org.openqa.selenium.remote.service.DriverCommandExecutor.execute(DriverCommandExecutor.java:158)
	at org.openqa.selenium.remote.RemoteWebDriver.execute(RemoteWebDriver.java:543)
	at org.openqa.selenium.remote.ElementLocation$ElementFinder$2.findElement(ElementLocation.java:162)
	at org.openqa.selenium.remote.ElementLocation.findElement(ElementLocation.java:60)
	at org.openqa.selenium.remote.RemoteWebDriver.findElement(RemoteWebDriver.java:352)
	at org.openqa.selenium.remote.RemoteWebDriver.findElement(RemoteWebDriver.java:344)
	at org.openqa.selenium.support.pagefactory.DefaultElementLocator.findElement(DefaultElementLocator.java:70)
	at org.openqa.selenium.support.pagefactory.internal.LocatingElementHandler.invoke(LocatingElementHandler.java:39)
	at jdk.proxy2/jdk.proxy2.$Proxy26.getText(Unknown Source)
	at pageObject.CustomerPage.getSuccessmsg(CustomerPage.java:226)
	at stepDefinition.Login.user_confirmation_message_should_appear(Login.java:158)
	at âœ½.User confirmation message should appear(file:///D:/Selenium%20project/Selenium_Tutorial_2023/Selenium_Practice_2024/Feature/Customer.feature:15)
&amp#27;[0m
  &amp#27;[36mThen &amp#27;[0m&amp#27;[36mUser clicks on logout button&amp#27;[0m                                                                                                                      &amp#27;[90m# stepDefinition.Login.user_clicks_on_logout_button()&amp#27;[0m
  &amp#27;[36mThen &amp#27;[0m&amp#27;[36mUser close the browser&amp#27;[0m                                                                                                                            &amp#27;[90m# stepDefinition.Login.user_close_the_browser()&amp#27;[0m
[DEBUG] Using pooled Channel '[id: 0x9fdc9792, L:/127.0.0.1:57991 - R:localhost/127.0.0.1:38318]' for 'DELETE' to 'http://localhost:38318/session/aefe285a60ccb8ebb4d0c5a2f54ef586/window'
[DEBUG] Using open Channel [id: 0x9fdc9792, L:/127.0.0.1:57991 - R:localhost/127.0.0.1:38318] for DELETE '/session/aefe285a60ccb8ebb4d0c5a2f54ef586/window'
[DEBUG] Entry count for : http://localhost:57992 : 1
[DEBUG] Channel Closed: [id: 0x919d0da0, L:/127.0.0.1:57999 ! R:localhost/127.0.0.1:57992] with attribute DISCARD
[DEBUG] Channel Closed: [id: 0x59964c33, L:/127.0.0.1:58000 ! R:localhost/127.0.0.1:57992] with attribute NettyResponseFuture{currentRetry=0,
	isDone=1,
	isCancelled=0,
	asyncHandler=org.asynchttpclient.ws.WebSocketUpgradeHandler@16d65605,
	nettyRequest=org.asynchttpclient.netty.request.NettyRequest@3ae2bfcb,
	future=java.util.concurrent.CompletableFuture@2b7079d4[Completed normally],
	uri=ws://localhost:57992/devtools/browser/78fbd6e0-89b3-4735-ae69-da2b74f83eb9,
	keepAlive=true,
	redirectCount=0,
	timeoutsHolder=null,
	inAuth=0,
	touch=1686681380138}
[DEBUG] Closing Channel [id: 0x59964c33, L:/127.0.0.1:58000 ! R:localhost/127.0.0.1:57992] 
[DEBUG] 

Request DefaultFullHttpRequest(decodeResult: success, version: HTTP/1.1, content: EmptyByteBufBE)
DELETE /session/aefe285a60ccb8ebb4d0c5a2f54ef586/window HTTP/1.1
User-Agent: selenium/4.8.3 (java windows)
Content-Type: application/json; charset=utf-8
host: localhost:38318
accept: */*

Response DefaultHttpResponse(decodeResult: success, version: HTTP/1.1)
HTTP/1.1 200 OK
Content-Length: 12
Content-Type: application/json; charset=utf-8
cache-control: no-cache

[DEBUG] Adding key: http://localhost:38318 for channel [id: 0x9fdc9792, L:/127.0.0.1:57991 - R:localhost/127.0.0.1:38318]
[DEBUG] Using pooled Channel '[id: 0x9fdc9792, L:/127.0.0.1:57991 - R:localhost/127.0.0.1:38318]' for 'DELETE' to 'http://localhost:38318/session/aefe285a60ccb8ebb4d0c5a2f54ef586'
[DEBUG] Using open Channel [id: 0x9fdc9792, L:/127.0.0.1:57991 - R:localhost/127.0.0.1:38318] for DELETE '/session/aefe285a60ccb8ebb4d0c5a2f54ef586'
[DEBUG] 

Request DefaultFullHttpRequest(decodeResult: success, version: HTTP/1.1, content: EmptyByteBufBE)
DELETE /session/aefe285a60ccb8ebb4d0c5a2f54ef586 HTTP/1.1
User-Agent: selenium/4.8.3 (java windows)
Content-Type: application/json; charset=utf-8
host: localhost:38318
accept: */*

Response DefaultHttpResponse(decodeResult: success, version: HTTP/1.1)
HTTP/1.1 200 OK
Content-Length: 14
Content-Type: application/json; charset=utf-8
cache-control: no-cache

[DEBUG] Adding key: http://localhost:38318 for channel [id: 0x9fdc9792, L:/127.0.0.1:57991 - R:localhost/127.0.0.1:38318]
[DEBUG] Channel Closed: [id: 0x9fdc9792, L:/127.0.0.1:57991 ! R:localhost/127.0.0.1:38318] with attribute DISCARD
]]></system-out>
    <system-err><![CDATA[Starting ChromeDriver 114.0.5735.90 (386bc09e8f4f2e025eddae123f36f6263096ae49-refs/branch-heads/5735@{#1052}) on port 38318
Only local connections are allowed.
Please see https://chromedriver.chromium.org/security-considerations for suggestions on keeping ChromeDriver safe.
ChromeDriver was started successfully.
Jun 14, 2023 12:06:20 AM org.openqa.selenium.devtools.CdpVersionFinder findNearestMatch
WARNING: Unable to find an exact match for CDP version 114, so returning the closest version found: 111
[1686681402.880][SEVERE]: Unable to receive message from renderer
]]></system-err>
  </testcase>
  <testcase name="runScenario" classname="Runner.TestRunner2024" time="13.93">
    <failure message="Session ID is null. Using WebDriver after calling quit()?&#10;Build info: version: &apos;4.8.3&apos;, revision: &apos;e5e76298c3&apos;&#10;System info: os.name: &apos;Windows 11&apos;, os.arch: &apos;amd64&apos;, os.version: &apos;10.0&apos;, java.version: &apos;17.0.7&apos;&#10;Driver info: org.openqa.selenium.chrome.ChromeDriver&#10;Command: [null, close {}]&#10;Capabilities {acceptInsecureCerts: false, browserName: chrome, browserVersion: 114.0.5735.110, chrome: {chromedriverVersion: 114.0.5735.90 (386bc09e8f4f..., userDataDir: C:\Users\ABHINAV\AppData\Lo...}, goog:chromeOptions: {debuggerAddress: localhost:58034}, networkConnectionEnabled: false, pageLoadStrategy: normal, platformName: WINDOWS, proxy: Proxy(), se:cdp: ws://localhost:58034/devtoo..., se:cdpVersion: 114.0.5735.110, setWindowRect: true, strictFileInteractability: false, timeouts: {implicit: 0, pageLoad: 300000, script: 30000}, unhandledPromptBehavior: dismiss and notify, webauthn:extension:credBlob: true, webauthn:extension:largeBlob: true, webauthn:extension:minPinLength: true, webauthn:extension:prf: true, webauthn:virtualAuthenticators: true}" type="org.openqa.selenium.NoSuchSessionException">org.openqa.selenium.NoSuchSessionException: 
Session ID is null. Using WebDriver after calling quit()?
Build info: version: '4.8.3', revision: 'e5e76298c3'
System info: os.name: 'Windows 11', os.arch: 'amd64', os.version: '10.0', java.version: '17.0.7'
Driver info: org.openqa.selenium.chrome.ChromeDriver
Command: [null, close {}]
Capabilities {acceptInsecureCerts: false, browserName: chrome, browserVersion: 114.0.5735.110, chrome: {chromedriverVersion: 114.0.5735.90 (386bc09e8f4f..., userDataDir: C:\Users\ABHINAV\AppData\Lo...}, goog:chromeOptions: {debuggerAddress: localhost:58034}, networkConnectionEnabled: false, pageLoadStrategy: normal, platformName: WINDOWS, proxy: Proxy(), se:cdp: ws://localhost:58034/devtoo..., se:cdpVersion: 114.0.5735.110, setWindowRect: true, strictFileInteractability: false, timeouts: {implicit: 0, pageLoad: 300000, script: 30000}, unhandledPromptBehavior: dismiss and notify, webauthn:extension:credBlob: true, webauthn:extension:largeBlob: true, webauthn:extension:minPinLength: true, webauthn:extension:prf: true, webauthn:virtualAuthenticators: true}
</failure>
    <system-out><![CDATA[
Scenario Outline: Add new customer                                                                                                                           &amp#27;[90m# Feature/Customer.feature:22&amp#27;[0m
[DEBUG] Resolution chrome=114 in cache (valid until 00:14:31 14/06/2023 IST)
[DEBUG] Resolution chrome114=114.0.5735.90 in cache (valid until 22:13:20 14/06/2023 IST)
[INFO] Using chromedriver 114.0.5735.90 (resolved driver for Chrome 114)
[DEBUG] Driver chromedriver 114.0.5735.90 found in cache
[INFO] Exporting webdriver.chrome.driver as C:\Users\ABHINAV\.cache\selenium\chromedriver\win32\114.0.5735.90\chromedriver.exe
[DEBUG] Using new Channel '[id: 0x639144db, L:/127.0.0.1:58033 - R:localhost/127.0.0.1:3000]' for 'POST' to '/session'
[DEBUG] 

Request DefaultHttpRequest(decodeResult: success, version: HTTP/1.1)
POST /session HTTP/1.1
User-Agent: selenium/4.8.3 (java windows)
Content-Length: 439
Content-Type: application/json; charset=utf-8
host: localhost:3000
accept: */*

Response DefaultHttpResponse(decodeResult: success, version: HTTP/1.1)
HTTP/1.1 200 OK
Content-Length: 862
Content-Type: application/json; charset=utf-8
cache-control: no-cache

[DEBUG] Adding key: http://localhost:3000 for channel [id: 0x639144db, L:/127.0.0.1:58033 - R:localhost/127.0.0.1:3000]
[DEBUG] Entry count for : http://localhost:57992 : 1
[DEBUG] Entry count for : http://localhost:38318 : 1
[DEBUG] Entry count for : http://localhost:3000 : 1
[DEBUG] Adding Candidate expired Channel [id: 0x919d0da0, L:/127.0.0.1:57999 ! R:localhost/127.0.0.1:57992] isIdleTimeoutExpired=false isRemotelyClosed=true isTtlExpired=false
[DEBUG] Closing Idle Channel [id: 0x919d0da0, L:/127.0.0.1:57999 ! R:localhost/127.0.0.1:57992]
[DEBUG] Adding Candidate expired Channel [id: 0x9fdc9792, L:/127.0.0.1:57991 ! R:localhost/127.0.0.1:38318] isIdleTimeoutExpired=false isRemotelyClosed=true isTtlExpired=false
[DEBUG] Closing Idle Channel [id: 0x9fdc9792, L:/127.0.0.1:57991 ! R:localhost/127.0.0.1:38318]
[DEBUG] Closed 2 connections out of 3 in 0 ms
[DEBUG] Using new Channel '[id: 0x174bb3da, L:/127.0.0.1:58041 - R:localhost/127.0.0.1:58034]' for 'GET' to '/json/version'
[DEBUG] 

Request DefaultFullHttpRequest(decodeResult: success, version: HTTP/1.1, content: EmptyByteBufBE)
GET /json/version HTTP/1.1
User-Agent: selenium/4.8.3 (java windows)
host: localhost:58034
accept: */*

Response DefaultHttpResponse(decodeResult: success, version: HTTP/1.1)
HTTP/1.1 200 OK
Content-Security-Policy: frame-ancestors 'none'
Content-Length: 424
Content-Type: application/json; charset=UTF-8

[DEBUG] Adding key: http://localhost:58034 for channel [id: 0x174bb3da, L:/127.0.0.1:58041 - R:localhost/127.0.0.1:58034]
[DEBUG] Using new Channel '[id: 0x25c6ba1d, L:/127.0.0.1:58042 - R:localhost/127.0.0.1:58034]' for 'GET' to '/devtools/browser/fd6fa58b-b511-4287-982c-6c5b5fbb1811'
[DEBUG] 

Request DefaultFullHttpRequest(decodeResult: success, version: HTTP/1.1, content: EmptyByteBufBE)
GET /devtools/browser/fd6fa58b-b511-4287-982c-6c5b5fbb1811 HTTP/1.1
upgrade: websocket
connection: upgrade
sec-websocket-key: P6hw2AHXcCWAV7RwCPpgng==
sec-websocket-version: 13
origin: http://localhost:58034
host: localhost:58034
accept: */*
user-agent: AHC/2.1

Response DefaultHttpResponse(decodeResult: success, version: HTTP/1.1)
HTTP/1.1 101 WebSocket Protocol Handshake
Upgrade: WebSocket
Connection: Upgrade
Sec-WebSocket-Accept: mH71EWehHqBvKDEgI7o/7QFt6tQ=

[DEBUG] Using pooled Channel '[id: 0x639144db, L:/127.0.0.1:58033 - R:localhost/127.0.0.1:3000]' for 'DELETE' to 'http://localhost:3000/session/63784dc3af3af6807855a911d92aed32/cookie'
[DEBUG] Using open Channel [id: 0x639144db, L:/127.0.0.1:58033 - R:localhost/127.0.0.1:3000] for DELETE '/session/63784dc3af3af6807855a911d92aed32/cookie'
[DEBUG] 

Request DefaultFullHttpRequest(decodeResult: success, version: HTTP/1.1, content: EmptyByteBufBE)
DELETE /session/63784dc3af3af6807855a911d92aed32/cookie HTTP/1.1
User-Agent: selenium/4.8.3 (java windows)
Content-Type: application/json; charset=utf-8
host: localhost:3000
accept: */*

Response DefaultHttpResponse(decodeResult: success, version: HTTP/1.1)
HTTP/1.1 200 OK
Content-Length: 14
Content-Type: application/json; charset=utf-8
cache-control: no-cache

[DEBUG] Adding key: http://localhost:3000 for channel [id: 0x639144db, L:/127.0.0.1:58033 - R:localhost/127.0.0.1:3000]
[DEBUG] Using pooled Channel '[id: 0x639144db, L:/127.0.0.1:58033 - R:localhost/127.0.0.1:3000]' for 'POST' to 'http://localhost:3000/session/63784dc3af3af6807855a911d92aed32/window/maximize'
[DEBUG] Using open Channel [id: 0x639144db, L:/127.0.0.1:58033 - R:localhost/127.0.0.1:3000] for POST '/session/63784dc3af3af6807855a911d92aed32/window/maximize'
[DEBUG] 

Request DefaultHttpRequest(decodeResult: success, version: HTTP/1.1)
POST /session/63784dc3af3af6807855a911d92aed32/window/maximize HTTP/1.1
User-Agent: selenium/4.8.3 (java windows)
Content-Length: 3
Content-Type: application/json; charset=utf-8
host: localhost:3000
accept: */*

Response DefaultHttpResponse(decodeResult: success, version: HTTP/1.1)
HTTP/1.1 200 OK
Content-Length: 51
Content-Type: application/json; charset=utf-8
cache-control: no-cache

[DEBUG] Adding key: http://localhost:3000 for channel [id: 0x639144db, L:/127.0.0.1:58033 - R:localhost/127.0.0.1:3000]
[DEBUG] Using pooled Channel '[id: 0x639144db, L:/127.0.0.1:58033 - R:localhost/127.0.0.1:3000]' for 'POST' to 'http://localhost:3000/session/63784dc3af3af6807855a911d92aed32/timeouts'
[DEBUG] Using open Channel [id: 0x639144db, L:/127.0.0.1:58033 - R:localhost/127.0.0.1:3000] for POST '/session/63784dc3af3af6807855a911d92aed32/timeouts'
[DEBUG] 

Request DefaultHttpRequest(decodeResult: success, version: HTTP/1.1)
POST /session/63784dc3af3af6807855a911d92aed32/timeouts HTTP/1.1
User-Agent: selenium/4.8.3 (java windows)
Content-Length: 23
Content-Type: application/json; charset=utf-8
host: localhost:3000
accept: */*

Response DefaultHttpResponse(decodeResult: success, version: HTTP/1.1)
HTTP/1.1 200 OK
Content-Length: 14
Content-Type: application/json; charset=utf-8
cache-control: no-cache

[DEBUG] Adding key: http://localhost:3000 for channel [id: 0x639144db, L:/127.0.0.1:58033 - R:localhost/127.0.0.1:3000]
  &amp#27;[32mGiven &amp#27;[0m&amp#27;[32mUser launch chrome browser&amp#27;[0m                                                                                                                           &amp#27;[90m# stepDefinition.Login.user_launch_chrome_browser()&amp#27;[0m
[DEBUG] Using pooled Channel '[id: 0x639144db, L:/127.0.0.1:58033 - R:localhost/127.0.0.1:3000]' for 'POST' to 'http://localhost:3000/session/63784dc3af3af6807855a911d92aed32/url'
[DEBUG] Using open Channel [id: 0x639144db, L:/127.0.0.1:58033 - R:localhost/127.0.0.1:3000] for POST '/session/63784dc3af3af6807855a911d92aed32/url'
[DEBUG] Entry count for : http://localhost:58034 : 1
[DEBUG] 

Request DefaultHttpRequest(decodeResult: success, version: HTTP/1.1)
POST /session/63784dc3af3af6807855a911d92aed32/url HTTP/1.1
User-Agent: selenium/4.8.3 (java windows)
Content-Length: 70
Content-Type: application/json; charset=utf-8
host: localhost:3000
accept: */*

Response DefaultHttpResponse(decodeResult: success, version: HTTP/1.1)
HTTP/1.1 200 OK
Content-Length: 14
Content-Type: application/json; charset=utf-8
cache-control: no-cache

[DEBUG] Adding key: http://localhost:3000 for channel [id: 0x639144db, L:/127.0.0.1:58033 - R:localhost/127.0.0.1:3000]
[DEBUG] Using pooled Channel '[id: 0x639144db, L:/127.0.0.1:58033 - R:localhost/127.0.0.1:3000]' for 'GET' to 'http://localhost:3000/session/63784dc3af3af6807855a911d92aed32/title'
[DEBUG] Using open Channel [id: 0x639144db, L:/127.0.0.1:58033 - R:localhost/127.0.0.1:3000] for GET '/session/63784dc3af3af6807855a911d92aed32/title'
[DEBUG] 

Request DefaultFullHttpRequest(decodeResult: success, version: HTTP/1.1, content: EmptyByteBufBE)
GET /session/63784dc3af3af6807855a911d92aed32/title HTTP/1.1
User-Agent: selenium/4.8.3 (java windows)
Cache-Control: no-cache
Content-Type: application/json; charset=utf-8
host: localhost:3000
accept: */*

Response DefaultHttpResponse(decodeResult: success, version: HTTP/1.1)
HTTP/1.1 200 OK
Content-Length: 29
Content-Type: application/json; charset=utf-8
cache-control: no-cache

[DEBUG] Adding key: http://localhost:3000 for channel [id: 0x639144db, L:/127.0.0.1:58033 - R:localhost/127.0.0.1:3000]
  &amp#27;[32mWhen &amp#27;[0m&amp#27;[32mUser opens URL &amp#27;[0m&amp#27;[32m&amp#27;[1m"https://admin-demo.nopcommerce.com/login"&amp#27;[0m                                                                                             &amp#27;[90m# stepDefinition.Login.user_opens_url(java.lang.String)&amp#27;[0m
[DEBUG] Using pooled Channel '[id: 0x639144db, L:/127.0.0.1:58033 - R:localhost/127.0.0.1:3000]' for 'POST' to 'http://localhost:3000/session/63784dc3af3af6807855a911d92aed32/element'
[DEBUG] Using open Channel [id: 0x639144db, L:/127.0.0.1:58033 - R:localhost/127.0.0.1:3000] for POST '/session/63784dc3af3af6807855a911d92aed32/element'
[DEBUG] 

Request DefaultHttpRequest(decodeResult: success, version: HTTP/1.1)
POST /session/63784dc3af3af6807855a911d92aed32/element HTTP/1.1
User-Agent: selenium/4.8.3 (java windows)
Content-Length: 67
Content-Type: application/json; charset=utf-8
host: localhost:3000
accept: */*

Response DefaultHttpResponse(decodeResult: success, version: HTTP/1.1)
HTTP/1.1 200 OK
Content-Length: 94
Content-Type: application/json; charset=utf-8
cache-control: no-cache

[DEBUG] Adding key: http://localhost:3000 for channel [id: 0x639144db, L:/127.0.0.1:58033 - R:localhost/127.0.0.1:3000]
[DEBUG] Using pooled Channel '[id: 0x639144db, L:/127.0.0.1:58033 - R:localhost/127.0.0.1:3000]' for 'POST' to 'http://localhost:3000/session/63784dc3af3af6807855a911d92aed32/element/C28EA875BC0304AAD4EF586193FD4FBC_element_2/clear'
[DEBUG] Using open Channel [id: 0x639144db, L:/127.0.0.1:58033 - R:localhost/127.0.0.1:3000] for POST '/session/63784dc3af3af6807855a911d92aed32/element/C28EA875BC0304AAD4EF586193FD4FBC_element_2/clear'
[DEBUG] 

Request DefaultHttpRequest(decodeResult: success, version: HTTP/1.1)
POST /session/63784dc3af3af6807855a911d92aed32/element/C28EA875BC0304AAD4EF586193FD4FBC_element_2/clear HTTP/1.1
User-Agent: selenium/4.8.3 (java windows)
Content-Length: 56
Content-Type: application/json; charset=utf-8
host: localhost:3000
accept: */*

Response DefaultHttpResponse(decodeResult: success, version: HTTP/1.1)
HTTP/1.1 200 OK
Content-Length: 14
Content-Type: application/json; charset=utf-8
cache-control: no-cache

[DEBUG] Adding key: http://localhost:3000 for channel [id: 0x639144db, L:/127.0.0.1:58033 - R:localhost/127.0.0.1:3000]
[DEBUG] Using pooled Channel '[id: 0x639144db, L:/127.0.0.1:58033 - R:localhost/127.0.0.1:3000]' for 'POST' to 'http://localhost:3000/session/63784dc3af3af6807855a911d92aed32/element'
[DEBUG] Using open Channel [id: 0x639144db, L:/127.0.0.1:58033 - R:localhost/127.0.0.1:3000] for POST '/session/63784dc3af3af6807855a911d92aed32/element'
[DEBUG] 

Request DefaultHttpRequest(decodeResult: success, version: HTTP/1.1)
POST /session/63784dc3af3af6807855a911d92aed32/element HTTP/1.1
User-Agent: selenium/4.8.3 (java windows)
Content-Length: 67
Content-Type: application/json; charset=utf-8
host: localhost:3000
accept: */*

Response DefaultHttpResponse(decodeResult: success, version: HTTP/1.1)
HTTP/1.1 200 OK
Content-Length: 94
Content-Type: application/json; charset=utf-8
cache-control: no-cache

[DEBUG] Adding key: http://localhost:3000 for channel [id: 0x639144db, L:/127.0.0.1:58033 - R:localhost/127.0.0.1:3000]
[DEBUG] Using pooled Channel '[id: 0x639144db, L:/127.0.0.1:58033 - R:localhost/127.0.0.1:3000]' for 'POST' to 'http://localhost:3000/session/63784dc3af3af6807855a911d92aed32/element/C28EA875BC0304AAD4EF586193FD4FBC_element_2/value'
[DEBUG] Using open Channel [id: 0x639144db, L:/127.0.0.1:58033 - R:localhost/127.0.0.1:3000] for POST '/session/63784dc3af3af6807855a911d92aed32/element/C28EA875BC0304AAD4EF586193FD4FBC_element_2/value'
[DEBUG] 

Request DefaultHttpRequest(decodeResult: success, version: HTTP/1.1)
POST /session/63784dc3af3af6807855a911d92aed32/element/C28EA875BC0304AAD4EF586193FD4FBC_element_2/value HTTP/1.1
User-Agent: selenium/4.8.3 (java windows)
Content-Length: 277
Content-Type: application/json; charset=utf-8
host: localhost:3000
accept: */*

Response DefaultHttpResponse(decodeResult: success, version: HTTP/1.1)
HTTP/1.1 200 OK
Content-Length: 14
Content-Type: application/json; charset=utf-8
cache-control: no-cache

[DEBUG] Adding key: http://localhost:3000 for channel [id: 0x639144db, L:/127.0.0.1:58033 - R:localhost/127.0.0.1:3000]
[DEBUG] Using pooled Channel '[id: 0x639144db, L:/127.0.0.1:58033 - R:localhost/127.0.0.1:3000]' for 'POST' to 'http://localhost:3000/session/63784dc3af3af6807855a911d92aed32/element'
[DEBUG] Using open Channel [id: 0x639144db, L:/127.0.0.1:58033 - R:localhost/127.0.0.1:3000] for POST '/session/63784dc3af3af6807855a911d92aed32/element'
[DEBUG] 

Request DefaultHttpRequest(decodeResult: success, version: HTTP/1.1)
POST /session/63784dc3af3af6807855a911d92aed32/element HTTP/1.1
User-Agent: selenium/4.8.3 (java windows)
Content-Length: 70
Content-Type: application/json; charset=utf-8
host: localhost:3000
accept: */*

Response DefaultHttpResponse(decodeResult: success, version: HTTP/1.1)
HTTP/1.1 200 OK
Content-Length: 94
Content-Type: application/json; charset=utf-8
cache-control: no-cache

[DEBUG] Adding key: http://localhost:3000 for channel [id: 0x639144db, L:/127.0.0.1:58033 - R:localhost/127.0.0.1:3000]
[DEBUG] Using pooled Channel '[id: 0x639144db, L:/127.0.0.1:58033 - R:localhost/127.0.0.1:3000]' for 'POST' to 'http://localhost:3000/session/63784dc3af3af6807855a911d92aed32/element/C28EA875BC0304AAD4EF586193FD4FBC_element_6/clear'
[DEBUG] Using open Channel [id: 0x639144db, L:/127.0.0.1:58033 - R:localhost/127.0.0.1:3000] for POST '/session/63784dc3af3af6807855a911d92aed32/element/C28EA875BC0304AAD4EF586193FD4FBC_element_6/clear'
[DEBUG] 

Request DefaultHttpRequest(decodeResult: success, version: HTTP/1.1)
POST /session/63784dc3af3af6807855a911d92aed32/element/C28EA875BC0304AAD4EF586193FD4FBC_element_6/clear HTTP/1.1
User-Agent: selenium/4.8.3 (java windows)
Content-Length: 56
Content-Type: application/json; charset=utf-8
host: localhost:3000
accept: */*

Response DefaultHttpResponse(decodeResult: success, version: HTTP/1.1)
HTTP/1.1 200 OK
Content-Length: 14
Content-Type: application/json; charset=utf-8
cache-control: no-cache

[DEBUG] Adding key: http://localhost:3000 for channel [id: 0x639144db, L:/127.0.0.1:58033 - R:localhost/127.0.0.1:3000]
[DEBUG] Using pooled Channel '[id: 0x639144db, L:/127.0.0.1:58033 - R:localhost/127.0.0.1:3000]' for 'POST' to 'http://localhost:3000/session/63784dc3af3af6807855a911d92aed32/element'
[DEBUG] Using open Channel [id: 0x639144db, L:/127.0.0.1:58033 - R:localhost/127.0.0.1:3000] for POST '/session/63784dc3af3af6807855a911d92aed32/element'
[DEBUG] 

Request DefaultHttpRequest(decodeResult: success, version: HTTP/1.1)
POST /session/63784dc3af3af6807855a911d92aed32/element HTTP/1.1
User-Agent: selenium/4.8.3 (java windows)
Content-Length: 70
Content-Type: application/json; charset=utf-8
host: localhost:3000
accept: */*

Response DefaultHttpResponse(decodeResult: success, version: HTTP/1.1)
HTTP/1.1 200 OK
Content-Length: 94
Content-Type: application/json; charset=utf-8
cache-control: no-cache

[DEBUG] Adding key: http://localhost:3000 for channel [id: 0x639144db, L:/127.0.0.1:58033 - R:localhost/127.0.0.1:3000]
[DEBUG] Using pooled Channel '[id: 0x639144db, L:/127.0.0.1:58033 - R:localhost/127.0.0.1:3000]' for 'POST' to 'http://localhost:3000/session/63784dc3af3af6807855a911d92aed32/element/C28EA875BC0304AAD4EF586193FD4FBC_element_6/value'
[DEBUG] Using open Channel [id: 0x639144db, L:/127.0.0.1:58033 - R:localhost/127.0.0.1:3000] for POST '/session/63784dc3af3af6807855a911d92aed32/element/C28EA875BC0304AAD4EF586193FD4FBC_element_6/value'
[DEBUG] 

Request DefaultHttpRequest(decodeResult: success, version: HTTP/1.1)
POST /session/63784dc3af3af6807855a911d92aed32/element/C28EA875BC0304AAD4EF586193FD4FBC_element_6/value HTTP/1.1
User-Agent: selenium/4.8.3 (java windows)
Content-Length: 137
Content-Type: application/json; charset=utf-8
host: localhost:3000
accept: */*

Response DefaultHttpResponse(decodeResult: success, version: HTTP/1.1)
HTTP/1.1 200 OK
Content-Length: 14
Content-Type: application/json; charset=utf-8
cache-control: no-cache

[DEBUG] Adding key: http://localhost:3000 for channel [id: 0x639144db, L:/127.0.0.1:58033 - R:localhost/127.0.0.1:3000]
  &amp#27;[32mAnd &amp#27;[0m&amp#27;[32mUser enters email &amp#27;[0m&amp#27;[32m&amp#27;[1m"admin@yourstore.com"&amp#27;[0m&amp#27;[32m and Password &amp#27;[0m&amp#27;[32m&amp#27;[1m"admin"&amp#27;[0m                                                                                           &amp#27;[90m# stepDefinition.Login.user_enters_email_and_password(java.lang.String,java.lang.String)&amp#27;[0m
[DEBUG] Using pooled Channel '[id: 0x639144db, L:/127.0.0.1:58033 - R:localhost/127.0.0.1:3000]' for 'POST' to 'http://localhost:3000/session/63784dc3af3af6807855a911d92aed32/element'
[DEBUG] Using open Channel [id: 0x639144db, L:/127.0.0.1:58033 - R:localhost/127.0.0.1:3000] for POST '/session/63784dc3af3af6807855a911d92aed32/element'
[DEBUG] Entry count for : http://localhost:58034 : 1
[DEBUG] 

Request DefaultHttpRequest(decodeResult: success, version: HTTP/1.1)
POST /session/63784dc3af3af6807855a911d92aed32/element HTTP/1.1
User-Agent: selenium/4.8.3 (java windows)
Content-Length: 88
Content-Type: application/json; charset=utf-8
host: localhost:3000
accept: */*

Response DefaultHttpResponse(decodeResult: success, version: HTTP/1.1)
HTTP/1.1 200 OK
Content-Length: 94
Content-Type: application/json; charset=utf-8
cache-control: no-cache

[DEBUG] Adding key: http://localhost:3000 for channel [id: 0x639144db, L:/127.0.0.1:58033 - R:localhost/127.0.0.1:3000]
[DEBUG] Using pooled Channel '[id: 0x639144db, L:/127.0.0.1:58033 - R:localhost/127.0.0.1:3000]' for 'POST' to 'http://localhost:3000/session/63784dc3af3af6807855a911d92aed32/element/C28EA875BC0304AAD4EF586193FD4FBC_element_3/click'
[DEBUG] Using open Channel [id: 0x639144db, L:/127.0.0.1:58033 - R:localhost/127.0.0.1:3000] for POST '/session/63784dc3af3af6807855a911d92aed32/element/C28EA875BC0304AAD4EF586193FD4FBC_element_3/click'
[DEBUG] Entry count for : http://localhost:58034 : 1
[DEBUG] Entry count for : http://localhost:58034 : 1
[DEBUG] 

Request DefaultHttpRequest(decodeResult: success, version: HTTP/1.1)
POST /session/63784dc3af3af6807855a911d92aed32/element/C28EA875BC0304AAD4EF586193FD4FBC_element_3/click HTTP/1.1
User-Agent: selenium/4.8.3 (java windows)
Content-Length: 56
Content-Type: application/json; charset=utf-8
host: localhost:3000
accept: */*

Response DefaultHttpResponse(decodeResult: success, version: HTTP/1.1)
HTTP/1.1 200 OK
Content-Length: 14
Content-Type: application/json; charset=utf-8
cache-control: no-cache

[DEBUG] Adding key: http://localhost:3000 for channel [id: 0x639144db, L:/127.0.0.1:58033 - R:localhost/127.0.0.1:3000]
  &amp#27;[32mAnd &amp#27;[0m&amp#27;[32mUser clicks on login button&amp#27;[0m                                                                                                                            &amp#27;[90m# stepDefinition.Login.user_clicks_on_login_button()&amp#27;[0m
Admin page constructor called 
Admin page constructor end 
[DEBUG] Using pooled Channel '[id: 0x639144db, L:/127.0.0.1:58033 - R:localhost/127.0.0.1:3000]' for 'GET' to 'http://localhost:3000/session/63784dc3af3af6807855a911d92aed32/title'
[DEBUG] Using open Channel [id: 0x639144db, L:/127.0.0.1:58033 - R:localhost/127.0.0.1:3000] for GET '/session/63784dc3af3af6807855a911d92aed32/title'
[DEBUG] 

Request DefaultFullHttpRequest(decodeResult: success, version: HTTP/1.1, content: EmptyByteBufBE)
GET /session/63784dc3af3af6807855a911d92aed32/title HTTP/1.1
User-Agent: selenium/4.8.3 (java windows)
Cache-Control: no-cache
Content-Type: application/json; charset=utf-8
host: localhost:3000
accept: */*

Response DefaultHttpResponse(decodeResult: success, version: HTTP/1.1)
HTTP/1.1 200 OK
Content-Length: 50
Content-Type: application/json; charset=utf-8
cache-control: no-cache

[DEBUG] Adding key: http://localhost:3000 for channel [id: 0x639144db, L:/127.0.0.1:58033 - R:localhost/127.0.0.1:3000]
Admin page title verified
  &amp#27;[32mThen &amp#27;[0m&amp#27;[32mPage title should be &amp#27;[0m&amp#27;[32m&amp#27;[1m"Dashboard / nopCommerce administration"&amp#27;[0m                                                                                         &amp#27;[90m# stepDefinition.Login.page_title_should_be(java.lang.String)&amp#27;[0m
[DEBUG] Using pooled Channel '[id: 0x639144db, L:/127.0.0.1:58033 - R:localhost/127.0.0.1:3000]' for 'POST' to 'http://localhost:3000/session/63784dc3af3af6807855a911d92aed32/element'
[DEBUG] Using open Channel [id: 0x639144db, L:/127.0.0.1:58033 - R:localhost/127.0.0.1:3000] for POST '/session/63784dc3af3af6807855a911d92aed32/element'
[DEBUG] 

Request DefaultHttpRequest(decodeResult: success, version: HTTP/1.1)
POST /session/63784dc3af3af6807855a911d92aed32/element HTTP/1.1
User-Agent: selenium/4.8.3 (java windows)
Content-Length: 86
Content-Type: application/json; charset=utf-8
host: localhost:3000
accept: */*

Response DefaultHttpResponse(decodeResult: success, version: HTTP/1.1)
HTTP/1.1 200 OK
Content-Length: 95
Content-Type: application/json; charset=utf-8
cache-control: no-cache

[DEBUG] Adding key: http://localhost:3000 for channel [id: 0x639144db, L:/127.0.0.1:58033 - R:localhost/127.0.0.1:3000]
[DEBUG] Using pooled Channel '[id: 0x639144db, L:/127.0.0.1:58033 - R:localhost/127.0.0.1:3000]' for 'POST' to 'http://localhost:3000/session/63784dc3af3af6807855a911d92aed32/element/521F300D7ECB48629242008A19619693_element_72/click'
[DEBUG] Using open Channel [id: 0x639144db, L:/127.0.0.1:58033 - R:localhost/127.0.0.1:3000] for POST '/session/63784dc3af3af6807855a911d92aed32/element/521F300D7ECB48629242008A19619693_element_72/click'
[DEBUG] 

Request DefaultHttpRequest(decodeResult: success, version: HTTP/1.1)
POST /session/63784dc3af3af6807855a911d92aed32/element/521F300D7ECB48629242008A19619693_element_72/click HTTP/1.1
User-Agent: selenium/4.8.3 (java windows)
Content-Length: 57
Content-Type: application/json; charset=utf-8
host: localhost:3000
accept: */*

Response DefaultHttpResponse(decodeResult: success, version: HTTP/1.1)
HTTP/1.1 200 OK
Content-Length: 14
Content-Type: application/json; charset=utf-8
cache-control: no-cache

[DEBUG] Adding key: http://localhost:3000 for channel [id: 0x639144db, L:/127.0.0.1:58033 - R:localhost/127.0.0.1:3000]
  &amp#27;[32mWhen &amp#27;[0m&amp#27;[32mUser clicks on dashboard customer&amp#27;[0m                                                                                                                     &amp#27;[90m# stepDefinition.Login.user_clicks_on_dashboard_customer()&amp#27;[0m
[DEBUG] Using pooled Channel '[id: 0x639144db, L:/127.0.0.1:58033 - R:localhost/127.0.0.1:3000]' for 'POST' to 'http://localhost:3000/session/63784dc3af3af6807855a911d92aed32/element'
[DEBUG] Using open Channel [id: 0x639144db, L:/127.0.0.1:58033 - R:localhost/127.0.0.1:3000] for POST '/session/63784dc3af3af6807855a911d92aed32/element'
[DEBUG] 

Request DefaultHttpRequest(decodeResult: success, version: HTTP/1.1)
POST /session/63784dc3af3af6807855a911d92aed32/element HTTP/1.1
User-Agent: selenium/4.8.3 (java windows)
Content-Length: 95
Content-Type: application/json; charset=utf-8
host: localhost:3000
accept: */*

Response DefaultHttpResponse(decodeResult: success, version: HTTP/1.1)
HTTP/1.1 200 OK
Content-Length: 95
Content-Type: application/json; charset=utf-8
cache-control: no-cache

[DEBUG] Adding key: http://localhost:3000 for channel [id: 0x639144db, L:/127.0.0.1:58033 - R:localhost/127.0.0.1:3000]
[DEBUG] Using pooled Channel '[id: 0x639144db, L:/127.0.0.1:58033 - R:localhost/127.0.0.1:3000]' for 'POST' to 'http://localhost:3000/session/63784dc3af3af6807855a911d92aed32/element/521F300D7ECB48629242008A19619693_element_73/click'
[DEBUG] Using open Channel [id: 0x639144db, L:/127.0.0.1:58033 - R:localhost/127.0.0.1:3000] for POST '/session/63784dc3af3af6807855a911d92aed32/element/521F300D7ECB48629242008A19619693_element_73/click'
[DEBUG] Entry count for : http://localhost:58034 : 1
[DEBUG] 

Request DefaultHttpRequest(decodeResult: success, version: HTTP/1.1)
POST /session/63784dc3af3af6807855a911d92aed32/element/521F300D7ECB48629242008A19619693_element_73/click HTTP/1.1
User-Agent: selenium/4.8.3 (java windows)
Content-Length: 57
Content-Type: application/json; charset=utf-8
host: localhost:3000
accept: */*

Response DefaultHttpResponse(decodeResult: success, version: HTTP/1.1)
HTTP/1.1 200 OK
Content-Length: 14
Content-Type: application/json; charset=utf-8
cache-control: no-cache

[DEBUG] Adding key: http://localhost:3000 for channel [id: 0x639144db, L:/127.0.0.1:58033 - R:localhost/127.0.0.1:3000]
  &amp#27;[32mAnd &amp#27;[0m&amp#27;[32mUser clicks on customer subtab&amp#27;[0m                                                                                                                         &amp#27;[90m# stepDefinition.Login.user_clicks_on_customer_subtab()&amp#27;[0m
[DEBUG] Using pooled Channel '[id: 0x639144db, L:/127.0.0.1:58033 - R:localhost/127.0.0.1:3000]' for 'POST' to 'http://localhost:3000/session/63784dc3af3af6807855a911d92aed32/element'
[DEBUG] Using open Channel [id: 0x639144db, L:/127.0.0.1:58033 - R:localhost/127.0.0.1:3000] for POST '/session/63784dc3af3af6807855a911d92aed32/element'
[DEBUG] 

Request DefaultHttpRequest(decodeResult: success, version: HTTP/1.1)
POST /session/63784dc3af3af6807855a911d92aed32/element HTTP/1.1
User-Agent: selenium/4.8.3 (java windows)
Content-Length: 97
Content-Type: application/json; charset=utf-8
host: localhost:3000
accept: */*

Response DefaultHttpResponse(decodeResult: success, version: HTTP/1.1)
HTTP/1.1 200 OK
Content-Length: 96
Content-Type: application/json; charset=utf-8
cache-control: no-cache

[DEBUG] Adding key: http://localhost:3000 for channel [id: 0x639144db, L:/127.0.0.1:58033 - R:localhost/127.0.0.1:3000]
[DEBUG] Using pooled Channel '[id: 0x639144db, L:/127.0.0.1:58033 - R:localhost/127.0.0.1:3000]' for 'POST' to 'http://localhost:3000/session/63784dc3af3af6807855a911d92aed32/element/8D8A2D6B8057435CF0761DB5D8C24781_element_119/click'
[DEBUG] Using open Channel [id: 0x639144db, L:/127.0.0.1:58033 - R:localhost/127.0.0.1:3000] for POST '/session/63784dc3af3af6807855a911d92aed32/element/8D8A2D6B8057435CF0761DB5D8C24781_element_119/click'
[DEBUG] Entry count for : http://localhost:58034 : 1
[DEBUG] 

Request DefaultHttpRequest(decodeResult: success, version: HTTP/1.1)
POST /session/63784dc3af3af6807855a911d92aed32/element/8D8A2D6B8057435CF0761DB5D8C24781_element_119/click HTTP/1.1
User-Agent: selenium/4.8.3 (java windows)
Content-Length: 58
Content-Type: application/json; charset=utf-8
host: localhost:3000
accept: */*

Response DefaultHttpResponse(decodeResult: success, version: HTTP/1.1)
HTTP/1.1 200 OK
Content-Length: 14
Content-Type: application/json; charset=utf-8
cache-control: no-cache

[DEBUG] Adding key: http://localhost:3000 for channel [id: 0x639144db, L:/127.0.0.1:58033 - R:localhost/127.0.0.1:3000]
  &amp#27;[32mAnd &amp#27;[0m&amp#27;[32mUser clciks on Add new button&amp#27;[0m                                                                                                                          &amp#27;[90m# stepDefinition.Login.user_clciks_on_add_new_button()&amp#27;[0m
[DEBUG] Using pooled Channel '[id: 0x639144db, L:/127.0.0.1:58033 - R:localhost/127.0.0.1:3000]' for 'POST' to 'http://localhost:3000/session/63784dc3af3af6807855a911d92aed32/element'
[DEBUG] Using open Channel [id: 0x639144db, L:/127.0.0.1:58033 - R:localhost/127.0.0.1:3000] for POST '/session/63784dc3af3af6807855a911d92aed32/element'
[DEBUG] 

Request DefaultHttpRequest(decodeResult: success, version: HTTP/1.1)
POST /session/63784dc3af3af6807855a911d92aed32/element HTTP/1.1
User-Agent: selenium/4.8.3 (java windows)
Content-Length: 67
Content-Type: application/json; charset=utf-8
host: localhost:3000
accept: */*

Response DefaultHttpResponse(decodeResult: success, version: HTTP/1.1)
HTTP/1.1 200 OK
Content-Length: 96
Content-Type: application/json; charset=utf-8
cache-control: no-cache

[DEBUG] Adding key: http://localhost:3000 for channel [id: 0x639144db, L:/127.0.0.1:58033 - R:localhost/127.0.0.1:3000]
[DEBUG] Using pooled Channel '[id: 0x639144db, L:/127.0.0.1:58033 - R:localhost/127.0.0.1:3000]' for 'POST' to 'http://localhost:3000/session/63784dc3af3af6807855a911d92aed32/element/1739721CBB1010EA6ED0204737E33479_element_128/clear'
[DEBUG] Using open Channel [id: 0x639144db, L:/127.0.0.1:58033 - R:localhost/127.0.0.1:3000] for POST '/session/63784dc3af3af6807855a911d92aed32/element/1739721CBB1010EA6ED0204737E33479_element_128/clear'
[DEBUG] Entry count for : http://localhost:58034 : 1
[DEBUG] 

Request DefaultHttpRequest(decodeResult: success, version: HTTP/1.1)
POST /session/63784dc3af3af6807855a911d92aed32/element/1739721CBB1010EA6ED0204737E33479_element_128/clear HTTP/1.1
User-Agent: selenium/4.8.3 (java windows)
Content-Length: 58
Content-Type: application/json; charset=utf-8
host: localhost:3000
accept: */*

Response DefaultHttpResponse(decodeResult: success, version: HTTP/1.1)
HTTP/1.1 200 OK
Content-Length: 14
Content-Type: application/json; charset=utf-8
cache-control: no-cache

[DEBUG] Adding key: http://localhost:3000 for channel [id: 0x639144db, L:/127.0.0.1:58033 - R:localhost/127.0.0.1:3000]
[DEBUG] Using pooled Channel '[id: 0x639144db, L:/127.0.0.1:58033 - R:localhost/127.0.0.1:3000]' for 'POST' to 'http://localhost:3000/session/63784dc3af3af6807855a911d92aed32/element'
[DEBUG] Using open Channel [id: 0x639144db, L:/127.0.0.1:58033 - R:localhost/127.0.0.1:3000] for POST '/session/63784dc3af3af6807855a911d92aed32/element'
[DEBUG] 

Request DefaultHttpRequest(decodeResult: success, version: HTTP/1.1)
POST /session/63784dc3af3af6807855a911d92aed32/element HTTP/1.1
User-Agent: selenium/4.8.3 (java windows)
Content-Length: 67
Content-Type: application/json; charset=utf-8
host: localhost:3000
accept: */*

Response DefaultHttpResponse(decodeResult: success, version: HTTP/1.1)
HTTP/1.1 200 OK
Content-Length: 96
Content-Type: application/json; charset=utf-8
cache-control: no-cache

[DEBUG] Adding key: http://localhost:3000 for channel [id: 0x639144db, L:/127.0.0.1:58033 - R:localhost/127.0.0.1:3000]
[DEBUG] Using pooled Channel '[id: 0x639144db, L:/127.0.0.1:58033 - R:localhost/127.0.0.1:3000]' for 'POST' to 'http://localhost:3000/session/63784dc3af3af6807855a911d92aed32/element/1739721CBB1010EA6ED0204737E33479_element_128/value'
[DEBUG] Using open Channel [id: 0x639144db, L:/127.0.0.1:58033 - R:localhost/127.0.0.1:3000] for POST '/session/63784dc3af3af6807855a911d92aed32/element/1739721CBB1010EA6ED0204737E33479_element_128/value'
[DEBUG] 

Request DefaultHttpRequest(decodeResult: success, version: HTTP/1.1)
POST /session/63784dc3af3af6807855a911d92aed32/element/1739721CBB1010EA6ED0204737E33479_element_128/value HTTP/1.1
User-Agent: selenium/4.8.3 (java windows)
Content-Length: 279
Content-Type: application/json; charset=utf-8
host: localhost:3000
accept: */*

Response DefaultHttpResponse(decodeResult: success, version: HTTP/1.1)
HTTP/1.1 200 OK
Content-Length: 14
Content-Type: application/json; charset=utf-8
cache-control: no-cache

[DEBUG] Adding key: http://localhost:3000 for channel [id: 0x639144db, L:/127.0.0.1:58033 - R:localhost/127.0.0.1:3000]
[DEBUG] Using pooled Channel '[id: 0x639144db, L:/127.0.0.1:58033 - R:localhost/127.0.0.1:3000]' for 'POST' to 'http://localhost:3000/session/63784dc3af3af6807855a911d92aed32/element'
[DEBUG] Using open Channel [id: 0x639144db, L:/127.0.0.1:58033 - R:localhost/127.0.0.1:3000] for POST '/session/63784dc3af3af6807855a911d92aed32/element'
[DEBUG] 

Request DefaultHttpRequest(decodeResult: success, version: HTTP/1.1)
POST /session/63784dc3af3af6807855a911d92aed32/element HTTP/1.1
User-Agent: selenium/4.8.3 (java windows)
Content-Length: 70
Content-Type: application/json; charset=utf-8
host: localhost:3000
accept: */*

Response DefaultHttpResponse(decodeResult: success, version: HTTP/1.1)
HTTP/1.1 200 OK
Content-Length: 96
Content-Type: application/json; charset=utf-8
cache-control: no-cache

[DEBUG] Adding key: http://localhost:3000 for channel [id: 0x639144db, L:/127.0.0.1:58033 - R:localhost/127.0.0.1:3000]
[DEBUG] Using pooled Channel '[id: 0x639144db, L:/127.0.0.1:58033 - R:localhost/127.0.0.1:3000]' for 'POST' to 'http://localhost:3000/session/63784dc3af3af6807855a911d92aed32/element/1739721CBB1010EA6ED0204737E33479_element_162/clear'
[DEBUG] Using open Channel [id: 0x639144db, L:/127.0.0.1:58033 - R:localhost/127.0.0.1:3000] for POST '/session/63784dc3af3af6807855a911d92aed32/element/1739721CBB1010EA6ED0204737E33479_element_162/clear'
[DEBUG] 

Request DefaultHttpRequest(decodeResult: success, version: HTTP/1.1)
POST /session/63784dc3af3af6807855a911d92aed32/element/1739721CBB1010EA6ED0204737E33479_element_162/clear HTTP/1.1
User-Agent: selenium/4.8.3 (java windows)
Content-Length: 58
Content-Type: application/json; charset=utf-8
host: localhost:3000
accept: */*

Response DefaultHttpResponse(decodeResult: success, version: HTTP/1.1)
HTTP/1.1 200 OK
Content-Length: 14
Content-Type: application/json; charset=utf-8
cache-control: no-cache

[DEBUG] Adding key: http://localhost:3000 for channel [id: 0x639144db, L:/127.0.0.1:58033 - R:localhost/127.0.0.1:3000]
[DEBUG] Using pooled Channel '[id: 0x639144db, L:/127.0.0.1:58033 - R:localhost/127.0.0.1:3000]' for 'POST' to 'http://localhost:3000/session/63784dc3af3af6807855a911d92aed32/element'
[DEBUG] Using open Channel [id: 0x639144db, L:/127.0.0.1:58033 - R:localhost/127.0.0.1:3000] for POST '/session/63784dc3af3af6807855a911d92aed32/element'
[DEBUG] 

Request DefaultHttpRequest(decodeResult: success, version: HTTP/1.1)
POST /session/63784dc3af3af6807855a911d92aed32/element HTTP/1.1
User-Agent: selenium/4.8.3 (java windows)
Content-Length: 70
Content-Type: application/json; charset=utf-8
host: localhost:3000
accept: */*

Response DefaultHttpResponse(decodeResult: success, version: HTTP/1.1)
HTTP/1.1 200 OK
Content-Length: 96
Content-Type: application/json; charset=utf-8
cache-control: no-cache

[DEBUG] Adding key: http://localhost:3000 for channel [id: 0x639144db, L:/127.0.0.1:58033 - R:localhost/127.0.0.1:3000]
[DEBUG] Using pooled Channel '[id: 0x639144db, L:/127.0.0.1:58033 - R:localhost/127.0.0.1:3000]' for 'POST' to 'http://localhost:3000/session/63784dc3af3af6807855a911d92aed32/element/1739721CBB1010EA6ED0204737E33479_element_162/value'
[DEBUG] Using open Channel [id: 0x639144db, L:/127.0.0.1:58033 - R:localhost/127.0.0.1:3000] for POST '/session/63784dc3af3af6807855a911d92aed32/element/1739721CBB1010EA6ED0204737E33479_element_162/value'
[DEBUG] 

Request DefaultHttpRequest(decodeResult: success, version: HTTP/1.1)
POST /session/63784dc3af3af6807855a911d92aed32/element/1739721CBB1010EA6ED0204737E33479_element_162/value HTTP/1.1
User-Agent: selenium/4.8.3 (java windows)
Content-Length: 139
Content-Type: application/json; charset=utf-8
host: localhost:3000
accept: */*

Response DefaultHttpResponse(decodeResult: success, version: HTTP/1.1)
HTTP/1.1 200 OK
Content-Length: 14
Content-Type: application/json; charset=utf-8
cache-control: no-cache

[DEBUG] Adding key: http://localhost:3000 for channel [id: 0x639144db, L:/127.0.0.1:58033 - R:localhost/127.0.0.1:3000]
[DEBUG] Using pooled Channel '[id: 0x639144db, L:/127.0.0.1:58033 - R:localhost/127.0.0.1:3000]' for 'POST' to 'http://localhost:3000/session/63784dc3af3af6807855a911d92aed32/element'
[DEBUG] Using open Channel [id: 0x639144db, L:/127.0.0.1:58033 - R:localhost/127.0.0.1:3000] for POST '/session/63784dc3af3af6807855a911d92aed32/element'
[DEBUG] 

Request DefaultHttpRequest(decodeResult: success, version: HTTP/1.1)
POST /session/63784dc3af3af6807855a911d92aed32/element HTTP/1.1
User-Agent: selenium/4.8.3 (java windows)
Content-Length: 71
Content-Type: application/json; charset=utf-8
host: localhost:3000
accept: */*

Response DefaultHttpResponse(decodeResult: success, version: HTTP/1.1)
HTTP/1.1 200 OK
Content-Length: 96
Content-Type: application/json; charset=utf-8
cache-control: no-cache

[DEBUG] Adding key: http://localhost:3000 for channel [id: 0x639144db, L:/127.0.0.1:58033 - R:localhost/127.0.0.1:3000]
[DEBUG] Using pooled Channel '[id: 0x639144db, L:/127.0.0.1:58033 - R:localhost/127.0.0.1:3000]' for 'POST' to 'http://localhost:3000/session/63784dc3af3af6807855a911d92aed32/element/1739721CBB1010EA6ED0204737E33479_element_163/clear'
[DEBUG] Using open Channel [id: 0x639144db, L:/127.0.0.1:58033 - R:localhost/127.0.0.1:3000] for POST '/session/63784dc3af3af6807855a911d92aed32/element/1739721CBB1010EA6ED0204737E33479_element_163/clear'
[DEBUG] 

Request DefaultHttpRequest(decodeResult: success, version: HTTP/1.1)
POST /session/63784dc3af3af6807855a911d92aed32/element/1739721CBB1010EA6ED0204737E33479_element_163/clear HTTP/1.1
User-Agent: selenium/4.8.3 (java windows)
Content-Length: 58
Content-Type: application/json; charset=utf-8
host: localhost:3000
accept: */*

Response DefaultHttpResponse(decodeResult: success, version: HTTP/1.1)
HTTP/1.1 200 OK
Content-Length: 14
Content-Type: application/json; charset=utf-8
cache-control: no-cache

[DEBUG] Adding key: http://localhost:3000 for channel [id: 0x639144db, L:/127.0.0.1:58033 - R:localhost/127.0.0.1:3000]
[DEBUG] Using pooled Channel '[id: 0x639144db, L:/127.0.0.1:58033 - R:localhost/127.0.0.1:3000]' for 'POST' to 'http://localhost:3000/session/63784dc3af3af6807855a911d92aed32/element'
[DEBUG] Using open Channel [id: 0x639144db, L:/127.0.0.1:58033 - R:localhost/127.0.0.1:3000] for POST '/session/63784dc3af3af6807855a911d92aed32/element'
[DEBUG] 

Request DefaultHttpRequest(decodeResult: success, version: HTTP/1.1)
POST /session/63784dc3af3af6807855a911d92aed32/element HTTP/1.1
User-Agent: selenium/4.8.3 (java windows)
Content-Length: 71
Content-Type: application/json; charset=utf-8
host: localhost:3000
accept: */*

Response DefaultHttpResponse(decodeResult: success, version: HTTP/1.1)
HTTP/1.1 200 OK
Content-Length: 96
Content-Type: application/json; charset=utf-8
cache-control: no-cache

[DEBUG] Adding key: http://localhost:3000 for channel [id: 0x639144db, L:/127.0.0.1:58033 - R:localhost/127.0.0.1:3000]
[DEBUG] Using pooled Channel '[id: 0x639144db, L:/127.0.0.1:58033 - R:localhost/127.0.0.1:3000]' for 'POST' to 'http://localhost:3000/session/63784dc3af3af6807855a911d92aed32/element/1739721CBB1010EA6ED0204737E33479_element_163/value'
[DEBUG] Using open Channel [id: 0x639144db, L:/127.0.0.1:58033 - R:localhost/127.0.0.1:3000] for POST '/session/63784dc3af3af6807855a911d92aed32/element/1739721CBB1010EA6ED0204737E33479_element_163/value'
[DEBUG] 

Request DefaultHttpRequest(decodeResult: success, version: HTTP/1.1)
POST /session/63784dc3af3af6807855a911d92aed32/element/1739721CBB1010EA6ED0204737E33479_element_163/value HTTP/1.1
User-Agent: selenium/4.8.3 (java windows)
Content-Length: 149
Content-Type: application/json; charset=utf-8
host: localhost:3000
accept: */*

Response DefaultHttpResponse(decodeResult: success, version: HTTP/1.1)
HTTP/1.1 200 OK
Content-Length: 14
Content-Type: application/json; charset=utf-8
cache-control: no-cache

[DEBUG] Adding key: http://localhost:3000 for channel [id: 0x639144db, L:/127.0.0.1:58033 - R:localhost/127.0.0.1:3000]
[DEBUG] Using pooled Channel '[id: 0x639144db, L:/127.0.0.1:58033 - R:localhost/127.0.0.1:3000]' for 'POST' to 'http://localhost:3000/session/63784dc3af3af6807855a911d92aed32/element'
[DEBUG] Using open Channel [id: 0x639144db, L:/127.0.0.1:58033 - R:localhost/127.0.0.1:3000] for POST '/session/63784dc3af3af6807855a911d92aed32/element'
[DEBUG] 

Request DefaultHttpRequest(decodeResult: success, version: HTTP/1.1)
POST /session/63784dc3af3af6807855a911d92aed32/element HTTP/1.1
User-Agent: selenium/4.8.3 (java windows)
Content-Length: 70
Content-Type: application/json; charset=utf-8
host: localhost:3000
accept: */*

Response DefaultHttpResponse(decodeResult: success, version: HTTP/1.1)
HTTP/1.1 200 OK
Content-Length: 96
Content-Type: application/json; charset=utf-8
cache-control: no-cache

[DEBUG] Adding key: http://localhost:3000 for channel [id: 0x639144db, L:/127.0.0.1:58033 - R:localhost/127.0.0.1:3000]
[DEBUG] Using pooled Channel '[id: 0x639144db, L:/127.0.0.1:58033 - R:localhost/127.0.0.1:3000]' for 'POST' to 'http://localhost:3000/session/63784dc3af3af6807855a911d92aed32/element/1739721CBB1010EA6ED0204737E33479_element_164/clear'
[DEBUG] Using open Channel [id: 0x639144db, L:/127.0.0.1:58033 - R:localhost/127.0.0.1:3000] for POST '/session/63784dc3af3af6807855a911d92aed32/element/1739721CBB1010EA6ED0204737E33479_element_164/clear'
[DEBUG] 

Request DefaultHttpRequest(decodeResult: success, version: HTTP/1.1)
POST /session/63784dc3af3af6807855a911d92aed32/element/1739721CBB1010EA6ED0204737E33479_element_164/clear HTTP/1.1
User-Agent: selenium/4.8.3 (java windows)
Content-Length: 58
Content-Type: application/json; charset=utf-8
host: localhost:3000
accept: */*

Response DefaultHttpResponse(decodeResult: success, version: HTTP/1.1)
HTTP/1.1 200 OK
Content-Length: 14
Content-Type: application/json; charset=utf-8
cache-control: no-cache

[DEBUG] Adding key: http://localhost:3000 for channel [id: 0x639144db, L:/127.0.0.1:58033 - R:localhost/127.0.0.1:3000]
[DEBUG] Using pooled Channel '[id: 0x639144db, L:/127.0.0.1:58033 - R:localhost/127.0.0.1:3000]' for 'POST' to 'http://localhost:3000/session/63784dc3af3af6807855a911d92aed32/element'
[DEBUG] Using open Channel [id: 0x639144db, L:/127.0.0.1:58033 - R:localhost/127.0.0.1:3000] for POST '/session/63784dc3af3af6807855a911d92aed32/element'
[DEBUG] 

Request DefaultHttpRequest(decodeResult: success, version: HTTP/1.1)
POST /session/63784dc3af3af6807855a911d92aed32/element HTTP/1.1
User-Agent: selenium/4.8.3 (java windows)
Content-Length: 70
Content-Type: application/json; charset=utf-8
host: localhost:3000
accept: */*

Response DefaultHttpResponse(decodeResult: success, version: HTTP/1.1)
HTTP/1.1 200 OK
Content-Length: 96
Content-Type: application/json; charset=utf-8
cache-control: no-cache

[DEBUG] Adding key: http://localhost:3000 for channel [id: 0x639144db, L:/127.0.0.1:58033 - R:localhost/127.0.0.1:3000]
[DEBUG] Using pooled Channel '[id: 0x639144db, L:/127.0.0.1:58033 - R:localhost/127.0.0.1:3000]' for 'POST' to 'http://localhost:3000/session/63784dc3af3af6807855a911d92aed32/element/1739721CBB1010EA6ED0204737E33479_element_164/value'
[DEBUG] Using open Channel [id: 0x639144db, L:/127.0.0.1:58033 - R:localhost/127.0.0.1:3000] for POST '/session/63784dc3af3af6807855a911d92aed32/element/1739721CBB1010EA6ED0204737E33479_element_164/value'
[DEBUG] 

Request DefaultHttpRequest(decodeResult: success, version: HTTP/1.1)
POST /session/63784dc3af3af6807855a911d92aed32/element/1739721CBB1010EA6ED0204737E33479_element_164/value HTTP/1.1
User-Agent: selenium/4.8.3 (java windows)
Content-Length: 149
Content-Type: application/json; charset=utf-8
host: localhost:3000
accept: */*

Response DefaultHttpResponse(decodeResult: success, version: HTTP/1.1)
HTTP/1.1 200 OK
Content-Length: 14
Content-Type: application/json; charset=utf-8
cache-control: no-cache

[DEBUG] Adding key: http://localhost:3000 for channel [id: 0x639144db, L:/127.0.0.1:58033 - R:localhost/127.0.0.1:3000]
[DEBUG] Using pooled Channel '[id: 0x639144db, L:/127.0.0.1:58033 - R:localhost/127.0.0.1:3000]' for 'POST' to 'http://localhost:3000/session/63784dc3af3af6807855a911d92aed32/element'
[DEBUG] Using open Channel [id: 0x639144db, L:/127.0.0.1:58033 - R:localhost/127.0.0.1:3000] for POST '/session/63784dc3af3af6807855a911d92aed32/element'
[DEBUG] 

Request DefaultHttpRequest(decodeResult: success, version: HTTP/1.1)
POST /session/63784dc3af3af6807855a911d92aed32/element HTTP/1.1
User-Agent: selenium/4.8.3 (java windows)
Content-Length: 75
Content-Type: application/json; charset=utf-8
host: localhost:3000
accept: */*

Response DefaultHttpResponse(decodeResult: success, version: HTTP/1.1)
HTTP/1.1 200 OK
Content-Length: 96
Content-Type: application/json; charset=utf-8
cache-control: no-cache

[DEBUG] Adding key: http://localhost:3000 for channel [id: 0x639144db, L:/127.0.0.1:58033 - R:localhost/127.0.0.1:3000]
[DEBUG] Using pooled Channel '[id: 0x639144db, L:/127.0.0.1:58033 - R:localhost/127.0.0.1:3000]' for 'POST' to 'http://localhost:3000/session/63784dc3af3af6807855a911d92aed32/element/1739721CBB1010EA6ED0204737E33479_element_166/click'
[DEBUG] Using open Channel [id: 0x639144db, L:/127.0.0.1:58033 - R:localhost/127.0.0.1:3000] for POST '/session/63784dc3af3af6807855a911d92aed32/element/1739721CBB1010EA6ED0204737E33479_element_166/click'
[DEBUG] 

Request DefaultHttpRequest(decodeResult: success, version: HTTP/1.1)
POST /session/63784dc3af3af6807855a911d92aed32/element/1739721CBB1010EA6ED0204737E33479_element_166/click HTTP/1.1
User-Agent: selenium/4.8.3 (java windows)
Content-Length: 58
Content-Type: application/json; charset=utf-8
host: localhost:3000
accept: */*

Response DefaultHttpResponse(decodeResult: success, version: HTTP/1.1)
HTTP/1.1 200 OK
Content-Length: 14
Content-Type: application/json; charset=utf-8
cache-control: no-cache

[DEBUG] Adding key: http://localhost:3000 for channel [id: 0x639144db, L:/127.0.0.1:58033 - R:localhost/127.0.0.1:3000]
[DEBUG] Using pooled Channel '[id: 0x639144db, L:/127.0.0.1:58033 - R:localhost/127.0.0.1:3000]' for 'POST' to 'http://localhost:3000/session/63784dc3af3af6807855a911d92aed32/element'
[DEBUG] Using open Channel [id: 0x639144db, L:/127.0.0.1:58033 - R:localhost/127.0.0.1:3000] for POST '/session/63784dc3af3af6807855a911d92aed32/element'
[DEBUG] 

Request DefaultHttpRequest(decodeResult: success, version: HTTP/1.1)
POST /session/63784dc3af3af6807855a911d92aed32/element HTTP/1.1
User-Agent: selenium/4.8.3 (java windows)
Content-Length: 73
Content-Type: application/json; charset=utf-8
host: localhost:3000
accept: */*

Response DefaultHttpResponse(decodeResult: success, version: HTTP/1.1)
HTTP/1.1 200 OK
Content-Length: 96
Content-Type: application/json; charset=utf-8
cache-control: no-cache

[DEBUG] Adding key: http://localhost:3000 for channel [id: 0x639144db, L:/127.0.0.1:58033 - R:localhost/127.0.0.1:3000]
[DEBUG] Using pooled Channel '[id: 0x639144db, L:/127.0.0.1:58033 - R:localhost/127.0.0.1:3000]' for 'POST' to 'http://localhost:3000/session/63784dc3af3af6807855a911d92aed32/element/1739721CBB1010EA6ED0204737E33479_element_167/value'
[DEBUG] Using open Channel [id: 0x639144db, L:/127.0.0.1:58033 - R:localhost/127.0.0.1:3000] for POST '/session/63784dc3af3af6807855a911d92aed32/element/1739721CBB1010EA6ED0204737E33479_element_167/value'
[DEBUG] 

Request DefaultHttpRequest(decodeResult: success, version: HTTP/1.1)
POST /session/63784dc3af3af6807855a911d92aed32/element/1739721CBB1010EA6ED0204737E33479_element_167/value HTTP/1.1
User-Agent: selenium/4.8.3 (java windows)
Content-Length: 189
Content-Type: application/json; charset=utf-8
host: localhost:3000
accept: */*

Response DefaultHttpResponse(decodeResult: success, version: HTTP/1.1)
HTTP/1.1 200 OK
Content-Length: 14
Content-Type: application/json; charset=utf-8
cache-control: no-cache

[DEBUG] Adding key: http://localhost:3000 for channel [id: 0x639144db, L:/127.0.0.1:58033 - R:localhost/127.0.0.1:3000]
[DEBUG] Using pooled Channel '[id: 0x639144db, L:/127.0.0.1:58033 - R:localhost/127.0.0.1:3000]' for 'POST' to 'http://localhost:3000/session/63784dc3af3af6807855a911d92aed32/element'
[DEBUG] Using open Channel [id: 0x639144db, L:/127.0.0.1:58033 - R:localhost/127.0.0.1:3000] for POST '/session/63784dc3af3af6807855a911d92aed32/element'
[DEBUG] 

Request DefaultHttpRequest(decodeResult: success, version: HTTP/1.1)
POST /session/63784dc3af3af6807855a911d92aed32/element HTTP/1.1
User-Agent: selenium/4.8.3 (java windows)
Content-Length: 69
Content-Type: application/json; charset=utf-8
host: localhost:3000
accept: */*

Response DefaultHttpResponse(decodeResult: success, version: HTTP/1.1)
HTTP/1.1 200 OK
Content-Length: 96
Content-Type: application/json; charset=utf-8
cache-control: no-cache

[DEBUG] Adding key: http://localhost:3000 for channel [id: 0x639144db, L:/127.0.0.1:58033 - R:localhost/127.0.0.1:3000]
[DEBUG] Using pooled Channel '[id: 0x639144db, L:/127.0.0.1:58033 - R:localhost/127.0.0.1:3000]' for 'POST' to 'http://localhost:3000/session/63784dc3af3af6807855a911d92aed32/element/1739721CBB1010EA6ED0204737E33479_element_168/value'
[DEBUG] Using open Channel [id: 0x639144db, L:/127.0.0.1:58033 - R:localhost/127.0.0.1:3000] for POST '/session/63784dc3af3af6807855a911d92aed32/element/1739721CBB1010EA6ED0204737E33479_element_168/value'
[DEBUG] 

Request DefaultHttpRequest(decodeResult: success, version: HTTP/1.1)
POST /session/63784dc3af3af6807855a911d92aed32/element/1739721CBB1010EA6ED0204737E33479_element_168/value HTTP/1.1
User-Agent: selenium/4.8.3 (java windows)
Content-Length: 139
Content-Type: application/json; charset=utf-8
host: localhost:3000
accept: */*

Response DefaultHttpResponse(decodeResult: success, version: HTTP/1.1)
HTTP/1.1 200 OK
Content-Length: 14
Content-Type: application/json; charset=utf-8
cache-control: no-cache

[DEBUG] Adding key: http://localhost:3000 for channel [id: 0x639144db, L:/127.0.0.1:58033 - R:localhost/127.0.0.1:3000]
[DEBUG] Using pooled Channel '[id: 0x639144db, L:/127.0.0.1:58033 - R:localhost/127.0.0.1:3000]' for 'POST' to 'http://localhost:3000/session/63784dc3af3af6807855a911d92aed32/element'
[DEBUG] Using open Channel [id: 0x639144db, L:/127.0.0.1:58033 - R:localhost/127.0.0.1:3000] for POST '/session/63784dc3af3af6807855a911d92aed32/element'
[DEBUG] 

Request DefaultHttpRequest(decodeResult: success, version: HTTP/1.1)
POST /session/63784dc3af3af6807855a911d92aed32/element HTTP/1.1
User-Agent: selenium/4.8.3 (java windows)
Content-Length: 107
Content-Type: application/json; charset=utf-8
host: localhost:3000
accept: */*

Response DefaultHttpResponse(decodeResult: success, version: HTTP/1.1)
HTTP/1.1 200 OK
Content-Length: 96
Content-Type: application/json; charset=utf-8
cache-control: no-cache

[DEBUG] Adding key: http://localhost:3000 for channel [id: 0x639144db, L:/127.0.0.1:58033 - R:localhost/127.0.0.1:3000]
[DEBUG] Using pooled Channel '[id: 0x639144db, L:/127.0.0.1:58033 - R:localhost/127.0.0.1:3000]' for 'POST' to 'http://localhost:3000/session/63784dc3af3af6807855a911d92aed32/actions'
[DEBUG] Using open Channel [id: 0x639144db, L:/127.0.0.1:58033 - R:localhost/127.0.0.1:3000] for POST '/session/63784dc3af3af6807855a911d92aed32/actions'
[DEBUG] Entry count for : http://localhost:58034 : 1
[DEBUG] 

Request DefaultHttpRequest(decodeResult: success, version: HTTP/1.1)
POST /session/63784dc3af3af6807855a911d92aed32/actions HTTP/1.1
User-Agent: selenium/4.8.3 (java windows)
Content-Length: 5274
Content-Type: application/json; charset=utf-8
host: localhost:3000
accept: */*

Response DefaultHttpResponse(decodeResult: success, version: HTTP/1.1)
HTTP/1.1 200 OK
Content-Length: 14
Content-Type: application/json; charset=utf-8
cache-control: no-cache

[DEBUG] Adding key: http://localhost:3000 for channel [id: 0x639144db, L:/127.0.0.1:58033 - R:localhost/127.0.0.1:3000]
action method successful
[DEBUG] Using pooled Channel '[id: 0x639144db, L:/127.0.0.1:58033 - R:localhost/127.0.0.1:3000]' for 'POST' to 'http://localhost:3000/session/63784dc3af3af6807855a911d92aed32/element'
[DEBUG] Using open Channel [id: 0x639144db, L:/127.0.0.1:58033 - R:localhost/127.0.0.1:3000] for POST '/session/63784dc3af3af6807855a911d92aed32/element'
[DEBUG] 

Request DefaultHttpRequest(decodeResult: success, version: HTTP/1.1)
POST /session/63784dc3af3af6807855a911d92aed32/element HTTP/1.1
User-Agent: selenium/4.8.3 (java windows)
Content-Length: 160
Content-Type: application/json; charset=utf-8
host: localhost:3000
accept: */*

Response DefaultHttpResponse(decodeResult: success, version: HTTP/1.1)
HTTP/1.1 200 OK
Content-Length: 96
Content-Type: application/json; charset=utf-8
cache-control: no-cache

[DEBUG] Adding key: http://localhost:3000 for channel [id: 0x639144db, L:/127.0.0.1:58033 - R:localhost/127.0.0.1:3000]
[DEBUG] Using pooled Channel '[id: 0x639144db, L:/127.0.0.1:58033 - R:localhost/127.0.0.1:3000]' for 'POST' to 'http://localhost:3000/session/63784dc3af3af6807855a911d92aed32/actions'
[DEBUG] Using open Channel [id: 0x639144db, L:/127.0.0.1:58033 - R:localhost/127.0.0.1:3000] for POST '/session/63784dc3af3af6807855a911d92aed32/actions'
[DEBUG] 

Request DefaultHttpRequest(decodeResult: success, version: HTTP/1.1)
POST /session/63784dc3af3af6807855a911d92aed32/actions HTTP/1.1
User-Agent: selenium/4.8.3 (java windows)
Content-Length: 2682
Content-Type: application/json; charset=utf-8
host: localhost:3000
accept: */*

Response DefaultHttpResponse(decodeResult: success, version: HTTP/1.1)
HTTP/1.1 200 OK
Content-Length: 14
Content-Type: application/json; charset=utf-8
cache-control: no-cache

[DEBUG] Adding key: http://localhost:3000 for channel [id: 0x639144db, L:/127.0.0.1:58033 - R:localhost/127.0.0.1:3000]
action method successful
user press enter key
[DEBUG] Using pooled Channel '[id: 0x639144db, L:/127.0.0.1:58033 - R:localhost/127.0.0.1:3000]' for 'POST' to 'http://localhost:3000/session/63784dc3af3af6807855a911d92aed32/element'
[DEBUG] Using open Channel [id: 0x639144db, L:/127.0.0.1:58033 - R:localhost/127.0.0.1:3000] for POST '/session/63784dc3af3af6807855a911d92aed32/element'
[DEBUG] 

Request DefaultHttpRequest(decodeResult: success, version: HTTP/1.1)
POST /session/63784dc3af3af6807855a911d92aed32/element HTTP/1.1
User-Agent: selenium/4.8.3 (java windows)
Content-Length: 71
Content-Type: application/json; charset=utf-8
host: localhost:3000
accept: */*

Response DefaultHttpResponse(decodeResult: success, version: HTTP/1.1)
HTTP/1.1 200 OK
Content-Length: 96
Content-Type: application/json; charset=utf-8
cache-control: no-cache

[DEBUG] Adding key: http://localhost:3000 for channel [id: 0x639144db, L:/127.0.0.1:58033 - R:localhost/127.0.0.1:3000]
[DEBUG] Using pooled Channel '[id: 0x639144db, L:/127.0.0.1:58033 - R:localhost/127.0.0.1:3000]' for 'GET' to 'http://localhost:3000/session/63784dc3af3af6807855a911d92aed32/element/1739721CBB1010EA6ED0204737E33479_element_172/name'
[DEBUG] Using open Channel [id: 0x639144db, L:/127.0.0.1:58033 - R:localhost/127.0.0.1:3000] for GET '/session/63784dc3af3af6807855a911d92aed32/element/1739721CBB1010EA6ED0204737E33479_element_172/name'
[DEBUG] 

Request DefaultFullHttpRequest(decodeResult: success, version: HTTP/1.1, content: EmptyByteBufBE)
GET /session/63784dc3af3af6807855a911d92aed32/element/1739721CBB1010EA6ED0204737E33479_element_172/name HTTP/1.1
User-Agent: selenium/4.8.3 (java windows)
Cache-Control: no-cache
Content-Type: application/json; charset=utf-8
host: localhost:3000
accept: */*

Response DefaultHttpResponse(decodeResult: success, version: HTTP/1.1)
HTTP/1.1 200 OK
Content-Length: 18
Content-Type: application/json; charset=utf-8
cache-control: no-cache

[DEBUG] Adding key: http://localhost:3000 for channel [id: 0x639144db, L:/127.0.0.1:58033 - R:localhost/127.0.0.1:3000]
[DEBUG] Using pooled Channel '[id: 0x639144db, L:/127.0.0.1:58033 - R:localhost/127.0.0.1:3000]' for 'POST' to 'http://localhost:3000/session/63784dc3af3af6807855a911d92aed32/element'
[DEBUG] Using open Channel [id: 0x639144db, L:/127.0.0.1:58033 - R:localhost/127.0.0.1:3000] for POST '/session/63784dc3af3af6807855a911d92aed32/element'
[DEBUG] 

Request DefaultHttpRequest(decodeResult: success, version: HTTP/1.1)
POST /session/63784dc3af3af6807855a911d92aed32/element HTTP/1.1
User-Agent: selenium/4.8.3 (java windows)
Content-Length: 71
Content-Type: application/json; charset=utf-8
host: localhost:3000
accept: */*

Response DefaultHttpResponse(decodeResult: success, version: HTTP/1.1)
HTTP/1.1 200 OK
Content-Length: 96
Content-Type: application/json; charset=utf-8
cache-control: no-cache

[DEBUG] Adding key: http://localhost:3000 for channel [id: 0x639144db, L:/127.0.0.1:58033 - R:localhost/127.0.0.1:3000]
[DEBUG] Using pooled Channel '[id: 0x639144db, L:/127.0.0.1:58033 - R:localhost/127.0.0.1:3000]' for 'GET' to 'http://localhost:3000/session/63784dc3af3af6807855a911d92aed32/element/1739721CBB1010EA6ED0204737E33479_element_172/attribute/multiple'
[DEBUG] Using open Channel [id: 0x639144db, L:/127.0.0.1:58033 - R:localhost/127.0.0.1:3000] for GET '/session/63784dc3af3af6807855a911d92aed32/element/1739721CBB1010EA6ED0204737E33479_element_172/attribute/multiple'
[DEBUG] 

Request DefaultFullHttpRequest(decodeResult: success, version: HTTP/1.1, content: EmptyByteBufBE)
GET /session/63784dc3af3af6807855a911d92aed32/element/1739721CBB1010EA6ED0204737E33479_element_172/attribute/multiple HTTP/1.1
User-Agent: selenium/4.8.3 (java windows)
Cache-Control: no-cache
Content-Type: application/json; charset=utf-8
host: localhost:3000
accept: */*

Response DefaultHttpResponse(decodeResult: success, version: HTTP/1.1)
HTTP/1.1 200 OK
Content-Length: 14
Content-Type: application/json; charset=utf-8
cache-control: no-cache

[DEBUG] Adding key: http://localhost:3000 for channel [id: 0x639144db, L:/127.0.0.1:58033 - R:localhost/127.0.0.1:3000]
[DEBUG] Using pooled Channel '[id: 0x639144db, L:/127.0.0.1:58033 - R:localhost/127.0.0.1:3000]' for 'POST' to 'http://localhost:3000/session/63784dc3af3af6807855a911d92aed32/element'
[DEBUG] Using open Channel [id: 0x639144db, L:/127.0.0.1:58033 - R:localhost/127.0.0.1:3000] for POST '/session/63784dc3af3af6807855a911d92aed32/element'
[DEBUG] 

Request DefaultHttpRequest(decodeResult: success, version: HTTP/1.1)
POST /session/63784dc3af3af6807855a911d92aed32/element HTTP/1.1
User-Agent: selenium/4.8.3 (java windows)
Content-Length: 71
Content-Type: application/json; charset=utf-8
host: localhost:3000
accept: */*

Response DefaultHttpResponse(decodeResult: success, version: HTTP/1.1)
HTTP/1.1 200 OK
Content-Length: 96
Content-Type: application/json; charset=utf-8
cache-control: no-cache

[DEBUG] Adding key: http://localhost:3000 for channel [id: 0x639144db, L:/127.0.0.1:58033 - R:localhost/127.0.0.1:3000]
[DEBUG] Using pooled Channel '[id: 0x639144db, L:/127.0.0.1:58033 - R:localhost/127.0.0.1:3000]' for 'POST' to 'http://localhost:3000/session/63784dc3af3af6807855a911d92aed32/element/1739721CBB1010EA6ED0204737E33479_element_172/elements'
[DEBUG] Using open Channel [id: 0x639144db, L:/127.0.0.1:58033 - R:localhost/127.0.0.1:3000] for POST '/session/63784dc3af3af6807855a911d92aed32/element/1739721CBB1010EA6ED0204737E33479_element_172/elements'
[DEBUG] 

Request DefaultHttpRequest(decodeResult: success, version: HTTP/1.1)
POST /session/63784dc3af3af6807855a911d92aed32/element/1739721CBB1010EA6ED0204737E33479_element_172/elements HTTP/1.1
User-Agent: selenium/4.8.3 (java windows)
Content-Length: 102
Content-Type: application/json; charset=utf-8
host: localhost:3000
accept: */*

Response DefaultHttpResponse(decodeResult: success, version: HTTP/1.1)
HTTP/1.1 200 OK
Content-Length: 272
Content-Type: application/json; charset=utf-8
cache-control: no-cache

[DEBUG] Adding key: http://localhost:3000 for channel [id: 0x639144db, L:/127.0.0.1:58033 - R:localhost/127.0.0.1:3000]
[DEBUG] Using pooled Channel '[id: 0x639144db, L:/127.0.0.1:58033 - R:localhost/127.0.0.1:3000]' for 'GET' to 'http://localhost:3000/session/63784dc3af3af6807855a911d92aed32/element/1739721CBB1010EA6ED0204737E33479_element_173/text'
[DEBUG] Using open Channel [id: 0x639144db, L:/127.0.0.1:58033 - R:localhost/127.0.0.1:3000] for GET '/session/63784dc3af3af6807855a911d92aed32/element/1739721CBB1010EA6ED0204737E33479_element_173/text'
[DEBUG] 

Request DefaultFullHttpRequest(decodeResult: success, version: HTTP/1.1, content: EmptyByteBufBE)
GET /session/63784dc3af3af6807855a911d92aed32/element/1739721CBB1010EA6ED0204737E33479_element_173/text HTTP/1.1
User-Agent: selenium/4.8.3 (java windows)
Cache-Control: no-cache
Content-Type: application/json; charset=utf-8
host: localhost:3000
accept: */*

Response DefaultHttpResponse(decodeResult: success, version: HTTP/1.1)
HTTP/1.1 200 OK
Content-Length: 24
Content-Type: application/json; charset=utf-8
cache-control: no-cache

[DEBUG] Adding key: http://localhost:3000 for channel [id: 0x639144db, L:/127.0.0.1:58033 - R:localhost/127.0.0.1:3000]
Dropdown option is not available
[DEBUG] Using pooled Channel '[id: 0x639144db, L:/127.0.0.1:58033 - R:localhost/127.0.0.1:3000]' for 'GET' to 'http://localhost:3000/session/63784dc3af3af6807855a911d92aed32/element/1739721CBB1010EA6ED0204737E33479_element_174/text'
[DEBUG] Using open Channel [id: 0x639144db, L:/127.0.0.1:58033 - R:localhost/127.0.0.1:3000] for GET '/session/63784dc3af3af6807855a911d92aed32/element/1739721CBB1010EA6ED0204737E33479_element_174/text'
[DEBUG] 

Request DefaultFullHttpRequest(decodeResult: success, version: HTTP/1.1, content: EmptyByteBufBE)
GET /session/63784dc3af3af6807855a911d92aed32/element/1739721CBB1010EA6ED0204737E33479_element_174/text HTTP/1.1
User-Agent: selenium/4.8.3 (java windows)
Cache-Control: no-cache
Content-Type: application/json; charset=utf-8
host: localhost:3000
accept: */*

Response DefaultHttpResponse(decodeResult: success, version: HTTP/1.1)
HTTP/1.1 200 OK
Content-Length: 20
Content-Type: application/json; charset=utf-8
cache-control: no-cache

[DEBUG] Adding key: http://localhost:3000 for channel [id: 0x639144db, L:/127.0.0.1:58033 - R:localhost/127.0.0.1:3000]
[DEBUG] Using pooled Channel '[id: 0x639144db, L:/127.0.0.1:58033 - R:localhost/127.0.0.1:3000]' for 'POST' to 'http://localhost:3000/session/63784dc3af3af6807855a911d92aed32/element'
[DEBUG] Using open Channel [id: 0x639144db, L:/127.0.0.1:58033 - R:localhost/127.0.0.1:3000] for POST '/session/63784dc3af3af6807855a911d92aed32/element'
[DEBUG] 

Request DefaultHttpRequest(decodeResult: success, version: HTTP/1.1)
POST /session/63784dc3af3af6807855a911d92aed32/element HTTP/1.1
User-Agent: selenium/4.8.3 (java windows)
Content-Length: 71
Content-Type: application/json; charset=utf-8
host: localhost:3000
accept: */*

Response DefaultHttpResponse(decodeResult: success, version: HTTP/1.1)
HTTP/1.1 200 OK
Content-Length: 96
Content-Type: application/json; charset=utf-8
cache-control: no-cache

[DEBUG] Adding key: http://localhost:3000 for channel [id: 0x639144db, L:/127.0.0.1:58033 - R:localhost/127.0.0.1:3000]
[DEBUG] Using pooled Channel '[id: 0x639144db, L:/127.0.0.1:58033 - R:localhost/127.0.0.1:3000]' for 'GET' to 'http://localhost:3000/session/63784dc3af3af6807855a911d92aed32/element/1739721CBB1010EA6ED0204737E33479_element_172/enabled'
[DEBUG] Using open Channel [id: 0x639144db, L:/127.0.0.1:58033 - R:localhost/127.0.0.1:3000] for GET '/session/63784dc3af3af6807855a911d92aed32/element/1739721CBB1010EA6ED0204737E33479_element_172/enabled'
[DEBUG] 

Request DefaultFullHttpRequest(decodeResult: success, version: HTTP/1.1, content: EmptyByteBufBE)
GET /session/63784dc3af3af6807855a911d92aed32/element/1739721CBB1010EA6ED0204737E33479_element_172/enabled HTTP/1.1
User-Agent: selenium/4.8.3 (java windows)
Cache-Control: no-cache
Content-Type: application/json; charset=utf-8
host: localhost:3000
accept: */*

Response DefaultHttpResponse(decodeResult: success, version: HTTP/1.1)
HTTP/1.1 200 OK
Content-Length: 14
Content-Type: application/json; charset=utf-8
cache-control: no-cache

[DEBUG] Adding key: http://localhost:3000 for channel [id: 0x639144db, L:/127.0.0.1:58033 - R:localhost/127.0.0.1:3000]
[DEBUG] Using pooled Channel '[id: 0x639144db, L:/127.0.0.1:58033 - R:localhost/127.0.0.1:3000]' for 'POST' to 'http://localhost:3000/session/63784dc3af3af6807855a911d92aed32/element'
[DEBUG] Using open Channel [id: 0x639144db, L:/127.0.0.1:58033 - R:localhost/127.0.0.1:3000] for POST '/session/63784dc3af3af6807855a911d92aed32/element'
[DEBUG] 

Request DefaultHttpRequest(decodeResult: success, version: HTTP/1.1)
POST /session/63784dc3af3af6807855a911d92aed32/element HTTP/1.1
User-Agent: selenium/4.8.3 (java windows)
Content-Length: 71
Content-Type: application/json; charset=utf-8
host: localhost:3000
accept: */*

Response DefaultHttpResponse(decodeResult: success, version: HTTP/1.1)
HTTP/1.1 200 OK
Content-Length: 96
Content-Type: application/json; charset=utf-8
cache-control: no-cache

[DEBUG] Adding key: http://localhost:3000 for channel [id: 0x639144db, L:/127.0.0.1:58033 - R:localhost/127.0.0.1:3000]
[DEBUG] Using pooled Channel '[id: 0x639144db, L:/127.0.0.1:58033 - R:localhost/127.0.0.1:3000]' for 'POST' to 'http://localhost:3000/session/63784dc3af3af6807855a911d92aed32/element/1739721CBB1010EA6ED0204737E33479_element_172/elements'
[DEBUG] Using open Channel [id: 0x639144db, L:/127.0.0.1:58033 - R:localhost/127.0.0.1:3000] for POST '/session/63784dc3af3af6807855a911d92aed32/element/1739721CBB1010EA6ED0204737E33479_element_172/elements'
[DEBUG] 

Request DefaultHttpRequest(decodeResult: success, version: HTTP/1.1)
POST /session/63784dc3af3af6807855a911d92aed32/element/1739721CBB1010EA6ED0204737E33479_element_172/elements HTTP/1.1
User-Agent: selenium/4.8.3 (java windows)
Content-Length: 147
Content-Type: application/json; charset=utf-8
host: localhost:3000
accept: */*

Response DefaultHttpResponse(decodeResult: success, version: HTTP/1.1)
HTTP/1.1 200 OK
Content-Length: 98
Content-Type: application/json; charset=utf-8
cache-control: no-cache

[DEBUG] Adding key: http://localhost:3000 for channel [id: 0x639144db, L:/127.0.0.1:58033 - R:localhost/127.0.0.1:3000]
[DEBUG] Using pooled Channel '[id: 0x639144db, L:/127.0.0.1:58033 - R:localhost/127.0.0.1:3000]' for 'GET' to 'http://localhost:3000/session/63784dc3af3af6807855a911d92aed32/element/1739721CBB1010EA6ED0204737E33479_element_174/enabled'
[DEBUG] Using open Channel [id: 0x639144db, L:/127.0.0.1:58033 - R:localhost/127.0.0.1:3000] for GET '/session/63784dc3af3af6807855a911d92aed32/element/1739721CBB1010EA6ED0204737E33479_element_174/enabled'
[DEBUG] 

Request DefaultFullHttpRequest(decodeResult: success, version: HTTP/1.1, content: EmptyByteBufBE)
GET /session/63784dc3af3af6807855a911d92aed32/element/1739721CBB1010EA6ED0204737E33479_element_174/enabled HTTP/1.1
User-Agent: selenium/4.8.3 (java windows)
Cache-Control: no-cache
Content-Type: application/json; charset=utf-8
host: localhost:3000
accept: */*

Response DefaultHttpResponse(decodeResult: success, version: HTTP/1.1)
HTTP/1.1 200 OK
Content-Length: 14
Content-Type: application/json; charset=utf-8
cache-control: no-cache

[DEBUG] Adding key: http://localhost:3000 for channel [id: 0x639144db, L:/127.0.0.1:58033 - R:localhost/127.0.0.1:3000]
[DEBUG] Using pooled Channel '[id: 0x639144db, L:/127.0.0.1:58033 - R:localhost/127.0.0.1:3000]' for 'GET' to 'http://localhost:3000/session/63784dc3af3af6807855a911d92aed32/element/1739721CBB1010EA6ED0204737E33479_element_174/selected'
[DEBUG] Using open Channel [id: 0x639144db, L:/127.0.0.1:58033 - R:localhost/127.0.0.1:3000] for GET '/session/63784dc3af3af6807855a911d92aed32/element/1739721CBB1010EA6ED0204737E33479_element_174/selected'
[DEBUG] 

Request DefaultFullHttpRequest(decodeResult: success, version: HTTP/1.1, content: EmptyByteBufBE)
GET /session/63784dc3af3af6807855a911d92aed32/element/1739721CBB1010EA6ED0204737E33479_element_174/selected HTTP/1.1
User-Agent: selenium/4.8.3 (java windows)
Cache-Control: no-cache
Content-Type: application/json; charset=utf-8
host: localhost:3000
accept: */*

Response DefaultHttpResponse(decodeResult: success, version: HTTP/1.1)
HTTP/1.1 200 OK
Content-Length: 15
Content-Type: application/json; charset=utf-8
cache-control: no-cache

[DEBUG] Adding key: http://localhost:3000 for channel [id: 0x639144db, L:/127.0.0.1:58033 - R:localhost/127.0.0.1:3000]
[DEBUG] Using pooled Channel '[id: 0x639144db, L:/127.0.0.1:58033 - R:localhost/127.0.0.1:3000]' for 'POST' to 'http://localhost:3000/session/63784dc3af3af6807855a911d92aed32/element/1739721CBB1010EA6ED0204737E33479_element_174/click'
[DEBUG] Using open Channel [id: 0x639144db, L:/127.0.0.1:58033 - R:localhost/127.0.0.1:3000] for POST '/session/63784dc3af3af6807855a911d92aed32/element/1739721CBB1010EA6ED0204737E33479_element_174/click'
[DEBUG] 

Request DefaultHttpRequest(decodeResult: success, version: HTTP/1.1)
POST /session/63784dc3af3af6807855a911d92aed32/element/1739721CBB1010EA6ED0204737E33479_element_174/click HTTP/1.1
User-Agent: selenium/4.8.3 (java windows)
Content-Length: 58
Content-Type: application/json; charset=utf-8
host: localhost:3000
accept: */*

Response DefaultHttpResponse(decodeResult: success, version: HTTP/1.1)
HTTP/1.1 200 OK
Content-Length: 14
Content-Type: application/json; charset=utf-8
cache-control: no-cache

[DEBUG] Adding key: http://localhost:3000 for channel [id: 0x639144db, L:/127.0.0.1:58033 - R:localhost/127.0.0.1:3000]
[DEBUG] Using pooled Channel '[id: 0x639144db, L:/127.0.0.1:58033 - R:localhost/127.0.0.1:3000]' for 'GET' to 'http://localhost:3000/session/63784dc3af3af6807855a911d92aed32/element/1739721CBB1010EA6ED0204737E33479_element_175/text'
[DEBUG] Using open Channel [id: 0x639144db, L:/127.0.0.1:58033 - R:localhost/127.0.0.1:3000] for GET '/session/63784dc3af3af6807855a911d92aed32/element/1739721CBB1010EA6ED0204737E33479_element_175/text'
[DEBUG] 

Request DefaultFullHttpRequest(decodeResult: success, version: HTTP/1.1, content: EmptyByteBufBE)
GET /session/63784dc3af3af6807855a911d92aed32/element/1739721CBB1010EA6ED0204737E33479_element_175/text HTTP/1.1
User-Agent: selenium/4.8.3 (java windows)
Cache-Control: no-cache
Content-Type: application/json; charset=utf-8
host: localhost:3000
accept: */*

Response DefaultHttpResponse(decodeResult: success, version: HTTP/1.1)
HTTP/1.1 200 OK
Content-Length: 20
Content-Type: application/json; charset=utf-8
cache-control: no-cache

[DEBUG] Adding key: http://localhost:3000 for channel [id: 0x639144db, L:/127.0.0.1:58033 - R:localhost/127.0.0.1:3000]
Dropdown option is not available
[DEBUG] Using pooled Channel '[id: 0x639144db, L:/127.0.0.1:58033 - R:localhost/127.0.0.1:3000]' for 'POST' to 'http://localhost:3000/session/63784dc3af3af6807855a911d92aed32/element'
[DEBUG] Using open Channel [id: 0x639144db, L:/127.0.0.1:58033 - R:localhost/127.0.0.1:3000] for POST '/session/63784dc3af3af6807855a911d92aed32/element'
[DEBUG] 

Request DefaultHttpRequest(decodeResult: success, version: HTTP/1.1)
POST /session/63784dc3af3af6807855a911d92aed32/element HTTP/1.1
User-Agent: selenium/4.8.3 (java windows)
Content-Length: 68
Content-Type: application/json; charset=utf-8
host: localhost:3000
accept: */*

Response DefaultHttpResponse(decodeResult: success, version: HTTP/1.1)
HTTP/1.1 200 OK
Content-Length: 96
Content-Type: application/json; charset=utf-8
cache-control: no-cache

[DEBUG] Adding key: http://localhost:3000 for channel [id: 0x639144db, L:/127.0.0.1:58033 - R:localhost/127.0.0.1:3000]
[DEBUG] Using pooled Channel '[id: 0x639144db, L:/127.0.0.1:58033 - R:localhost/127.0.0.1:3000]' for 'GET' to 'http://localhost:3000/session/63784dc3af3af6807855a911d92aed32/element/1739721CBB1010EA6ED0204737E33479_element_176/selected'
[DEBUG] Using open Channel [id: 0x639144db, L:/127.0.0.1:58033 - R:localhost/127.0.0.1:3000] for GET '/session/63784dc3af3af6807855a911d92aed32/element/1739721CBB1010EA6ED0204737E33479_element_176/selected'
[DEBUG] 

Request DefaultFullHttpRequest(decodeResult: success, version: HTTP/1.1, content: EmptyByteBufBE)
GET /session/63784dc3af3af6807855a911d92aed32/element/1739721CBB1010EA6ED0204737E33479_element_176/selected HTTP/1.1
User-Agent: selenium/4.8.3 (java windows)
Cache-Control: no-cache
Content-Type: application/json; charset=utf-8
host: localhost:3000
accept: */*

Response DefaultHttpResponse(decodeResult: success, version: HTTP/1.1)
HTTP/1.1 200 OK
Content-Length: 14
Content-Type: application/json; charset=utf-8
cache-control: no-cache

[DEBUG] Adding key: http://localhost:3000 for channel [id: 0x639144db, L:/127.0.0.1:58033 - R:localhost/127.0.0.1:3000]
checkbox is selected
[DEBUG] Using pooled Channel '[id: 0x639144db, L:/127.0.0.1:58033 - R:localhost/127.0.0.1:3000]' for 'POST' to 'http://localhost:3000/session/63784dc3af3af6807855a911d92aed32/element'
[DEBUG] Using open Channel [id: 0x639144db, L:/127.0.0.1:58033 - R:localhost/127.0.0.1:3000] for POST '/session/63784dc3af3af6807855a911d92aed32/element'
[DEBUG] 

Request DefaultHttpRequest(decodeResult: success, version: HTTP/1.1)
POST /session/63784dc3af3af6807855a911d92aed32/element HTTP/1.1
User-Agent: selenium/4.8.3 (java windows)
Content-Length: 70
Content-Type: application/json; charset=utf-8
host: localhost:3000
accept: */*

Response DefaultHttpResponse(decodeResult: success, version: HTTP/1.1)
HTTP/1.1 200 OK
Content-Length: 96
Content-Type: application/json; charset=utf-8
cache-control: no-cache

[DEBUG] Adding key: http://localhost:3000 for channel [id: 0x639144db, L:/127.0.0.1:58033 - R:localhost/127.0.0.1:3000]
[DEBUG] Using pooled Channel '[id: 0x639144db, L:/127.0.0.1:58033 - R:localhost/127.0.0.1:3000]' for 'POST' to 'http://localhost:3000/session/63784dc3af3af6807855a911d92aed32/element/1739721CBB1010EA6ED0204737E33479_element_177/value'
[DEBUG] Using open Channel [id: 0x639144db, L:/127.0.0.1:58033 - R:localhost/127.0.0.1:3000] for POST '/session/63784dc3af3af6807855a911d92aed32/element/1739721CBB1010EA6ED0204737E33479_element_177/value'
[DEBUG] 

Request DefaultHttpRequest(decodeResult: success, version: HTTP/1.1)
POST /session/63784dc3af3af6807855a911d92aed32/element/1739721CBB1010EA6ED0204737E33479_element_177/value HTTP/1.1
User-Agent: selenium/4.8.3 (java windows)
Content-Length: 169
Content-Type: application/json; charset=utf-8
host: localhost:3000
accept: */*

Response DefaultHttpResponse(decodeResult: success, version: HTTP/1.1)
HTTP/1.1 200 OK
Content-Length: 14
Content-Type: application/json; charset=utf-8
cache-control: no-cache

[DEBUG] Adding key: http://localhost:3000 for channel [id: 0x639144db, L:/127.0.0.1:58033 - R:localhost/127.0.0.1:3000]
  &amp#27;[32mAnd &amp#27;[0m&amp#27;[32mUser Click enters Customer Info &amp#27;[0m&amp#27;[32m&amp#27;[1m"Test6.test@Test.com"&amp#27;[0m&amp#27;[32m&amp#27;[0m&amp#27;[32m&amp#27;[1m"test1"&amp#27;[0m&amp#27;[32m&amp#27;[0m&amp#27;[32m&amp#27;[1m"ftest1"&amp#27;[0m&amp#27;[32m&amp#27;[0m&amp#27;[32m&amp#27;[1m"ltest1"&amp#27;[0m&amp#27;[32m&amp#27;[0m&amp#27;[32m&amp#27;[1m"Female"&amp#27;[0m&amp#27;[32m&amp#27;[0m&amp#27;[32m&amp#27;[1m"1/1/2024"&amp#27;[0m&amp#27;[32m&amp#27;[0m&amp#27;[32m&amp#27;[1m"apple"&amp#27;[0m&amp#27;[32m&amp#27;[0m&amp#27;[32m&amp#27;[1m"no"&amp#27;[0m&amp#27;[32m&amp#27;[0m&amp#27;[32m&amp#27;[1m"Your store name"&amp#27;[0m&amp#27;[32m&amp#27;[0m&amp#27;[32m&amp#27;[1m"Guests"&amp#27;[0m&amp#27;[32m&amp#27;[0m&amp#27;[32m&amp#27;[1m"Vendor 1"&amp#27;[0m&amp#27;[32m&amp#27;[0m&amp#27;[32m&amp#27;[1m"Comment2"&amp#27;[0m &amp#27;[90m# stepDefinition.Login.user_click_enters_customer_info(java.lang.String,java.lang.String,java.lang.String,java.lang.String,java.lang.String,java.lang.String,java.lang.String,java.lang.String,java.lang.String,java.lang.String,java.lang.String,java.lang.String)&amp#27;[0m
[DEBUG] Using pooled Channel '[id: 0x639144db, L:/127.0.0.1:58033 - R:localhost/127.0.0.1:3000]' for 'POST' to 'http://localhost:3000/session/63784dc3af3af6807855a911d92aed32/element'
[DEBUG] Using open Channel [id: 0x639144db, L:/127.0.0.1:58033 - R:localhost/127.0.0.1:3000] for POST '/session/63784dc3af3af6807855a911d92aed32/element'
[DEBUG] 

Request DefaultHttpRequest(decodeResult: success, version: HTTP/1.1)
POST /session/63784dc3af3af6807855a911d92aed32/element HTTP/1.1
User-Agent: selenium/4.8.3 (java windows)
Content-Length: 69
Content-Type: application/json; charset=utf-8
host: localhost:3000
accept: */*

Response DefaultHttpResponse(decodeResult: success, version: HTTP/1.1)
HTTP/1.1 200 OK
Content-Length: 96
Content-Type: application/json; charset=utf-8
cache-control: no-cache

[DEBUG] Adding key: http://localhost:3000 for channel [id: 0x639144db, L:/127.0.0.1:58033 - R:localhost/127.0.0.1:3000]
[DEBUG] Using pooled Channel '[id: 0x639144db, L:/127.0.0.1:58033 - R:localhost/127.0.0.1:3000]' for 'POST' to 'http://localhost:3000/session/63784dc3af3af6807855a911d92aed32/element/1739721CBB1010EA6ED0204737E33479_element_178/click'
[DEBUG] Using open Channel [id: 0x639144db, L:/127.0.0.1:58033 - R:localhost/127.0.0.1:3000] for POST '/session/63784dc3af3af6807855a911d92aed32/element/1739721CBB1010EA6ED0204737E33479_element_178/click'
[DEBUG] Entry count for : http://localhost:58034 : 1
[DEBUG] Entry count for : http://localhost:58034 : 1
[DEBUG] 

Request DefaultHttpRequest(decodeResult: success, version: HTTP/1.1)
POST /session/63784dc3af3af6807855a911d92aed32/element/1739721CBB1010EA6ED0204737E33479_element_178/click HTTP/1.1
User-Agent: selenium/4.8.3 (java windows)
Content-Length: 58
Content-Type: application/json; charset=utf-8
host: localhost:3000
accept: */*

Response DefaultHttpResponse(decodeResult: success, version: HTTP/1.1)
HTTP/1.1 200 OK
Content-Length: 14
Content-Type: application/json; charset=utf-8
cache-control: no-cache

[DEBUG] Adding key: http://localhost:3000 for channel [id: 0x639144db, L:/127.0.0.1:58033 - R:localhost/127.0.0.1:3000]
  &amp#27;[32mAnd &amp#27;[0m&amp#27;[32mUser Click on save button&amp#27;[0m                                                                                                                              &amp#27;[90m# stepDefinition.Login.user_click_on_save_button()&amp#27;[0m
[DEBUG] Using pooled Channel '[id: 0x639144db, L:/127.0.0.1:58033 - R:localhost/127.0.0.1:3000]' for 'POST' to 'http://localhost:3000/session/63784dc3af3af6807855a911d92aed32/element'
[DEBUG] Using open Channel [id: 0x639144db, L:/127.0.0.1:58033 - R:localhost/127.0.0.1:3000] for POST '/session/63784dc3af3af6807855a911d92aed32/element'
[DEBUG] 

Request DefaultHttpRequest(decodeResult: success, version: HTTP/1.1)
POST /session/63784dc3af3af6807855a911d92aed32/element HTTP/1.1
User-Agent: selenium/4.8.3 (java windows)
Content-Length: 98
Content-Type: application/json; charset=utf-8
host: localhost:3000
accept: */*

Response DefaultHttpResponse(decodeResult: success, version: HTTP/1.1)
HTTP/1.1 200 OK
Content-Length: 96
Content-Type: application/json; charset=utf-8
cache-control: no-cache

[DEBUG] Adding key: http://localhost:3000 for channel [id: 0x639144db, L:/127.0.0.1:58033 - R:localhost/127.0.0.1:3000]
[DEBUG] Using pooled Channel '[id: 0x639144db, L:/127.0.0.1:58033 - R:localhost/127.0.0.1:3000]' for 'GET' to 'http://localhost:3000/session/63784dc3af3af6807855a911d92aed32/element/2AEB05611934037E175FD6A884D6FF60_element_211/text'
[DEBUG] Using open Channel [id: 0x639144db, L:/127.0.0.1:58033 - R:localhost/127.0.0.1:3000] for GET '/session/63784dc3af3af6807855a911d92aed32/element/2AEB05611934037E175FD6A884D6FF60_element_211/text'
[DEBUG] 

Request DefaultFullHttpRequest(decodeResult: success, version: HTTP/1.1, content: EmptyByteBufBE)
GET /session/63784dc3af3af6807855a911d92aed32/element/2AEB05611934037E175FD6A884D6FF60_element_211/text HTTP/1.1
User-Agent: selenium/4.8.3 (java windows)
Cache-Control: no-cache
Content-Type: application/json; charset=utf-8
host: localhost:3000
accept: */*

Response DefaultHttpResponse(decodeResult: success, version: HTTP/1.1)
HTTP/1.1 200 OK
Content-Length: 61
Content-Type: application/json; charset=utf-8
cache-control: no-cache

[DEBUG] Adding key: http://localhost:3000 for channel [id: 0x639144db, L:/127.0.0.1:58033 - R:localhost/127.0.0.1:3000]
×
The new customer has been added successfully.
  &amp#27;[32mThen &amp#27;[0m&amp#27;[32mUser confirmation message should appear&amp#27;[0m                                                                                                               &amp#27;[90m# stepDefinition.Login.user_confirmation_message_should_appear()&amp#27;[0m
[DEBUG] Using pooled Channel '[id: 0x639144db, L:/127.0.0.1:58033 - R:localhost/127.0.0.1:3000]' for 'POST' to 'http://localhost:3000/session/63784dc3af3af6807855a911d92aed32/element'
[DEBUG] Using open Channel [id: 0x639144db, L:/127.0.0.1:58033 - R:localhost/127.0.0.1:3000] for POST '/session/63784dc3af3af6807855a911d92aed32/element'
[DEBUG] 

Request DefaultHttpRequest(decodeResult: success, version: HTTP/1.1)
POST /session/63784dc3af3af6807855a911d92aed32/element HTTP/1.1
User-Agent: selenium/4.8.3 (java windows)
Content-Length: 72
Content-Type: application/json; charset=utf-8
host: localhost:3000
accept: */*

Response DefaultHttpResponse(decodeResult: success, version: HTTP/1.1)
HTTP/1.1 200 OK
Content-Length: 96
Content-Type: application/json; charset=utf-8
cache-control: no-cache

[DEBUG] Adding key: http://localhost:3000 for channel [id: 0x639144db, L:/127.0.0.1:58033 - R:localhost/127.0.0.1:3000]
[DEBUG] Using pooled Channel '[id: 0x639144db, L:/127.0.0.1:58033 - R:localhost/127.0.0.1:3000]' for 'POST' to 'http://localhost:3000/session/63784dc3af3af6807855a911d92aed32/element/2AEB05611934037E175FD6A884D6FF60_element_212/click'
[DEBUG] Using open Channel [id: 0x639144db, L:/127.0.0.1:58033 - R:localhost/127.0.0.1:3000] for POST '/session/63784dc3af3af6807855a911d92aed32/element/2AEB05611934037E175FD6A884D6FF60_element_212/click'
[DEBUG] Entry count for : http://localhost:58034 : 1
[DEBUG] 

Request DefaultHttpRequest(decodeResult: success, version: HTTP/1.1)
POST /session/63784dc3af3af6807855a911d92aed32/element/2AEB05611934037E175FD6A884D6FF60_element_212/click HTTP/1.1
User-Agent: selenium/4.8.3 (java windows)
Content-Length: 58
Content-Type: application/json; charset=utf-8
host: localhost:3000
accept: */*

Response DefaultHttpResponse(decodeResult: success, version: HTTP/1.1)
HTTP/1.1 200 OK
Content-Length: 14
Content-Type: application/json; charset=utf-8
cache-control: no-cache

[DEBUG] Adding key: http://localhost:3000 for channel [id: 0x639144db, L:/127.0.0.1:58033 - R:localhost/127.0.0.1:3000]
  &amp#27;[32mThen &amp#27;[0m&amp#27;[32mUser clicks on logout button&amp#27;[0m                                                                                                                          &amp#27;[90m# stepDefinition.Login.user_clicks_on_logout_button()&amp#27;[0m
[DEBUG] Using pooled Channel '[id: 0x639144db, L:/127.0.0.1:58033 - R:localhost/127.0.0.1:3000]' for 'DELETE' to 'http://localhost:3000/session/63784dc3af3af6807855a911d92aed32/window'
[DEBUG] Using open Channel [id: 0x639144db, L:/127.0.0.1:58033 - R:localhost/127.0.0.1:3000] for DELETE '/session/63784dc3af3af6807855a911d92aed32/window'
[DEBUG] Channel Closed: [id: 0x174bb3da, L:/127.0.0.1:58041 ! R:localhost/127.0.0.1:58034] with attribute DISCARD
[DEBUG] Channel Closed: [id: 0x25c6ba1d, L:/127.0.0.1:58042 ! R:localhost/127.0.0.1:58034] with attribute NettyResponseFuture{currentRetry=0,
	isDone=1,
	isCancelled=0,
	asyncHandler=org.asynchttpclient.ws.WebSocketUpgradeHandler@6d66f449,
	nettyRequest=org.asynchttpclient.netty.request.NettyRequest@28647781,
	future=java.util.concurrent.CompletableFuture@3b1042e3[Completed normally],
	uri=ws://localhost:58034/devtools/browser/fd6fa58b-b511-4287-982c-6c5b5fbb1811,
	keepAlive=true,
	redirectCount=0,
	timeoutsHolder=null,
	inAuth=0,
	touch=1686681403968}
[DEBUG] Closing Channel [id: 0x25c6ba1d, L:/127.0.0.1:58042 ! R:localhost/127.0.0.1:58034] 
[DEBUG] 

Request DefaultFullHttpRequest(decodeResult: success, version: HTTP/1.1, content: EmptyByteBufBE)
DELETE /session/63784dc3af3af6807855a911d92aed32/window HTTP/1.1
User-Agent: selenium/4.8.3 (java windows)
Content-Type: application/json; charset=utf-8
host: localhost:3000
accept: */*

Response DefaultHttpResponse(decodeResult: success, version: HTTP/1.1)
HTTP/1.1 200 OK
Content-Length: 12
Content-Type: application/json; charset=utf-8
cache-control: no-cache

[DEBUG] Adding key: http://localhost:3000 for channel [id: 0x639144db, L:/127.0.0.1:58033 - R:localhost/127.0.0.1:3000]
[DEBUG] Using pooled Channel '[id: 0x639144db, L:/127.0.0.1:58033 - R:localhost/127.0.0.1:3000]' for 'DELETE' to 'http://localhost:3000/session/63784dc3af3af6807855a911d92aed32'
[DEBUG] Using open Channel [id: 0x639144db, L:/127.0.0.1:58033 - R:localhost/127.0.0.1:3000] for DELETE '/session/63784dc3af3af6807855a911d92aed32'
[DEBUG] 

Request DefaultFullHttpRequest(decodeResult: success, version: HTTP/1.1, content: EmptyByteBufBE)
DELETE /session/63784dc3af3af6807855a911d92aed32 HTTP/1.1
User-Agent: selenium/4.8.3 (java windows)
Content-Type: application/json; charset=utf-8
host: localhost:3000
accept: */*

Response DefaultHttpResponse(decodeResult: success, version: HTTP/1.1)
HTTP/1.1 200 OK
Content-Length: 14
Content-Type: application/json; charset=utf-8
cache-control: no-cache

[DEBUG] Adding key: http://localhost:3000 for channel [id: 0x639144db, L:/127.0.0.1:58033 - R:localhost/127.0.0.1:3000]
[DEBUG] Channel Closed: [id: 0x639144db, L:/127.0.0.1:58033 ! R:localhost/127.0.0.1:3000] with attribute DISCARD
  &amp#27;[32mThen &amp#27;[0m&amp#27;[32mUser close the browser&amp#27;[0m                                                                                                                                &amp#27;[90m# stepDefinition.Login.user_close_the_browser()&amp#27;[0m
      &amp#27;[31morg.openqa.selenium.NoSuchSessionException: Session ID is null. Using WebDriver after calling quit()?
Build info: version: '4.8.3', revision: 'e5e76298c3'
System info: os.name: 'Windows 11', os.arch: 'amd64', os.version: '10.0', java.version: '17.0.7'
Driver info: org.openqa.selenium.chrome.ChromeDriver
Command: [null, close {}]
Capabilities {acceptInsecureCerts: false, browserName: chrome, browserVersion: 114.0.5735.110, chrome: {chromedriverVersion: 114.0.5735.90 (386bc09e8f4f..., userDataDir: C:\Users\ABHINAV\AppData\Lo...}, goog:chromeOptions: {debuggerAddress: localhost:58034}, networkConnectionEnabled: false, pageLoadStrategy: normal, platformName: WINDOWS, proxy: Proxy(), se:cdp: ws://localhost:58034/devtoo..., se:cdpVersion: 114.0.5735.110, setWindowRect: true, strictFileInteractability: false, timeouts: {implicit: 0, pageLoad: 300000, script: 30000}, unhandledPromptBehavior: dismiss and notify, webauthn:extension:credBlob: true, webauthn:extension:largeBlob: true, webauthn:extension:minPinLength: true, webauthn:extension:prf: true, webauthn:virtualAuthenticators: true}
	at org.openqa.selenium.remote.HttpCommandExecutor.execute(HttpCommandExecutor.java:154)
	at org.openqa.selenium.remote.service.DriverCommandExecutor.invokeExecute(DriverCommandExecutor.java:183)
	at org.openqa.selenium.remote.service.DriverCommandExecutor.execute(DriverCommandExecutor.java:158)
	at org.openqa.selenium.remote.RemoteWebDriver.execute(RemoteWebDriver.java:543)
	at org.openqa.selenium.remote.RemoteWebDriver.execute(RemoteWebDriver.java:598)
	at org.openqa.selenium.remote.RemoteWebDriver.execute(RemoteWebDriver.java:602)
	at org.openqa.selenium.remote.RemoteWebDriver.close(RemoteWebDriver.java:419)
	at stepDefinition.Login.tearDown(Login.java:44)
&amp#27;[0m
]]></system-out>
    <system-err><![CDATA[Starting ChromeDriver 114.0.5735.90 (386bc09e8f4f2e025eddae123f36f6263096ae49-refs/branch-heads/5735@{#1052}) on port 3000
Only local connections are allowed.
Please see https://chromedriver.chromium.org/security-considerations for suggestions on keeping ChromeDriver safe.
ChromeDriver was started successfully.
Jun 14, 2023 12:06:43 AM org.openqa.selenium.devtools.CdpVersionFinder findNearestMatch
WARNING: Unable to find an exact match for CDP version 114, so returning the closest version found: 111
[1686681416.920][SEVERE]: Unable to receive message from renderer
]]></system-err>
  </testcase>
  <testcase name="runScenario" classname="Runner.TestRunner2024" time="14.449">
    <failure message="Session ID is null. Using WebDriver after calling quit()?&#10;Build info: version: &apos;4.8.3&apos;, revision: &apos;e5e76298c3&apos;&#10;System info: os.name: &apos;Windows 11&apos;, os.arch: &apos;amd64&apos;, os.version: &apos;10.0&apos;, java.version: &apos;17.0.7&apos;&#10;Driver info: org.openqa.selenium.chrome.ChromeDriver&#10;Command: [null, close {}]&#10;Capabilities {acceptInsecureCerts: false, browserName: chrome, browserVersion: 114.0.5735.110, chrome: {chromedriverVersion: 114.0.5735.90 (386bc09e8f4f..., userDataDir: C:\Users\ABHINAV\AppData\Lo...}, goog:chromeOptions: {debuggerAddress: localhost:58064}, networkConnectionEnabled: false, pageLoadStrategy: normal, platformName: WINDOWS, proxy: Proxy(), se:cdp: ws://localhost:58064/devtoo..., se:cdpVersion: 114.0.5735.110, setWindowRect: true, strictFileInteractability: false, timeouts: {implicit: 0, pageLoad: 300000, script: 30000}, unhandledPromptBehavior: dismiss and notify, webauthn:extension:credBlob: true, webauthn:extension:largeBlob: true, webauthn:extension:minPinLength: true, webauthn:extension:prf: true, webauthn:virtualAuthenticators: true}" type="org.openqa.selenium.NoSuchSessionException">org.openqa.selenium.NoSuchSessionException: 
Session ID is null. Using WebDriver after calling quit()?
Build info: version: '4.8.3', revision: 'e5e76298c3'
System info: os.name: 'Windows 11', os.arch: 'amd64', os.version: '10.0', java.version: '17.0.7'
Driver info: org.openqa.selenium.chrome.ChromeDriver
Command: [null, close {}]
Capabilities {acceptInsecureCerts: false, browserName: chrome, browserVersion: 114.0.5735.110, chrome: {chromedriverVersion: 114.0.5735.90 (386bc09e8f4f..., userDataDir: C:\Users\ABHINAV\AppData\Lo...}, goog:chromeOptions: {debuggerAddress: localhost:58064}, networkConnectionEnabled: false, pageLoadStrategy: normal, platformName: WINDOWS, proxy: Proxy(), se:cdp: ws://localhost:58064/devtoo..., se:cdpVersion: 114.0.5735.110, setWindowRect: true, strictFileInteractability: false, timeouts: {implicit: 0, pageLoad: 300000, script: 30000}, unhandledPromptBehavior: dismiss and notify, webauthn:extension:credBlob: true, webauthn:extension:largeBlob: true, webauthn:extension:minPinLength: true, webauthn:extension:prf: true, webauthn:virtualAuthenticators: true}
</failure>
    <system-out><![CDATA[
Scenario Outline: Add new customer                                                                                                                           &amp#27;[90m# Feature/Customer.feature:23&amp#27;[0m
[DEBUG] Resolution chrome=114 in cache (valid until 00:14:31 14/06/2023 IST)
[DEBUG] Resolution chrome114=114.0.5735.90 in cache (valid until 22:13:20 14/06/2023 IST)
[INFO] Using chromedriver 114.0.5735.90 (resolved driver for Chrome 114)
[DEBUG] Entry count for : http://localhost:58034 : 1
[DEBUG] Entry count for : http://localhost:3000 : 1
[DEBUG] Adding Candidate expired Channel [id: 0x174bb3da, L:/127.0.0.1:58041 ! R:localhost/127.0.0.1:58034] isIdleTimeoutExpired=false isRemotelyClosed=true isTtlExpired=false
[DEBUG] Closing Idle Channel [id: 0x174bb3da, L:/127.0.0.1:58041 ! R:localhost/127.0.0.1:58034]
[DEBUG] Adding Candidate expired Channel [id: 0x639144db, L:/127.0.0.1:58033 ! R:localhost/127.0.0.1:3000] isIdleTimeoutExpired=false isRemotelyClosed=true isTtlExpired=false
[DEBUG] Closing Idle Channel [id: 0x639144db, L:/127.0.0.1:58033 ! R:localhost/127.0.0.1:3000]
[DEBUG] Closed 2 connections out of 2 in 0 ms
[DEBUG] Driver chromedriver 114.0.5735.90 found in cache
[INFO] Exporting webdriver.chrome.driver as C:\Users\ABHINAV\.cache\selenium\chromedriver\win32\114.0.5735.90\chromedriver.exe
[DEBUG] Using new Channel '[id: 0x139f9055, L:/127.0.0.1:58063 - R:localhost/127.0.0.1:30029]' for 'POST' to '/session'
[DEBUG] 

Request DefaultHttpRequest(decodeResult: success, version: HTTP/1.1)
POST /session HTTP/1.1
User-Agent: selenium/4.8.3 (java windows)
Content-Length: 439
Content-Type: application/json; charset=utf-8
host: localhost:30029
accept: */*

Response DefaultHttpResponse(decodeResult: success, version: HTTP/1.1)
HTTP/1.1 200 OK
Content-Length: 863
Content-Type: application/json; charset=utf-8
cache-control: no-cache

[DEBUG] Adding key: http://localhost:30029 for channel [id: 0x139f9055, L:/127.0.0.1:58063 - R:localhost/127.0.0.1:30029]
[DEBUG] Using new Channel '[id: 0x966db5ad, L:/127.0.0.1:58071 - R:localhost/127.0.0.1:58064]' for 'GET' to '/json/version'
[DEBUG] 

Request DefaultFullHttpRequest(decodeResult: success, version: HTTP/1.1, content: EmptyByteBufBE)
GET /json/version HTTP/1.1
User-Agent: selenium/4.8.3 (java windows)
host: localhost:58064
accept: */*

Response DefaultHttpResponse(decodeResult: success, version: HTTP/1.1)
HTTP/1.1 200 OK
Content-Security-Policy: frame-ancestors 'none'
Content-Length: 424
Content-Type: application/json; charset=UTF-8

[DEBUG] Adding key: http://localhost:58064 for channel [id: 0x966db5ad, L:/127.0.0.1:58071 - R:localhost/127.0.0.1:58064]
[DEBUG] Using new Channel '[id: 0x779d6f90, L:/127.0.0.1:58072 - R:localhost/127.0.0.1:58064]' for 'GET' to '/devtools/browser/2f4e5d8b-5f3f-405a-a910-6726b650e4ef'
[DEBUG] 

Request DefaultFullHttpRequest(decodeResult: success, version: HTTP/1.1, content: EmptyByteBufBE)
GET /devtools/browser/2f4e5d8b-5f3f-405a-a910-6726b650e4ef HTTP/1.1
upgrade: websocket
connection: upgrade
sec-websocket-key: T93jxGyCbivY70A+ZkPZOg==
sec-websocket-version: 13
origin: http://localhost:58064
host: localhost:58064
accept: */*
user-agent: AHC/2.1

Response DefaultHttpResponse(decodeResult: success, version: HTTP/1.1)
HTTP/1.1 101 WebSocket Protocol Handshake
Upgrade: WebSocket
Connection: Upgrade
Sec-WebSocket-Accept: rB60imaaLoU4oESB5zCLoRZokwM=

[DEBUG] Using pooled Channel '[id: 0x139f9055, L:/127.0.0.1:58063 - R:localhost/127.0.0.1:30029]' for 'DELETE' to 'http://localhost:30029/session/af48b23c74633ec238c17eefeb3fbba8/cookie'
[DEBUG] Using open Channel [id: 0x139f9055, L:/127.0.0.1:58063 - R:localhost/127.0.0.1:30029] for DELETE '/session/af48b23c74633ec238c17eefeb3fbba8/cookie'
[DEBUG] 

Request DefaultFullHttpRequest(decodeResult: success, version: HTTP/1.1, content: EmptyByteBufBE)
DELETE /session/af48b23c74633ec238c17eefeb3fbba8/cookie HTTP/1.1
User-Agent: selenium/4.8.3 (java windows)
Content-Type: application/json; charset=utf-8
host: localhost:30029
accept: */*

Response DefaultHttpResponse(decodeResult: success, version: HTTP/1.1)
HTTP/1.1 200 OK
Content-Length: 14
Content-Type: application/json; charset=utf-8
cache-control: no-cache

[DEBUG] Adding key: http://localhost:30029 for channel [id: 0x139f9055, L:/127.0.0.1:58063 - R:localhost/127.0.0.1:30029]
[DEBUG] Using pooled Channel '[id: 0x139f9055, L:/127.0.0.1:58063 - R:localhost/127.0.0.1:30029]' for 'POST' to 'http://localhost:30029/session/af48b23c74633ec238c17eefeb3fbba8/window/maximize'
[DEBUG] Using open Channel [id: 0x139f9055, L:/127.0.0.1:58063 - R:localhost/127.0.0.1:30029] for POST '/session/af48b23c74633ec238c17eefeb3fbba8/window/maximize'
[DEBUG] 

Request DefaultHttpRequest(decodeResult: success, version: HTTP/1.1)
POST /session/af48b23c74633ec238c17eefeb3fbba8/window/maximize HTTP/1.1
User-Agent: selenium/4.8.3 (java windows)
Content-Length: 3
Content-Type: application/json; charset=utf-8
host: localhost:30029
accept: */*

Response DefaultHttpResponse(decodeResult: success, version: HTTP/1.1)
HTTP/1.1 200 OK
Content-Length: 51
Content-Type: application/json; charset=utf-8
cache-control: no-cache

[DEBUG] Adding key: http://localhost:30029 for channel [id: 0x139f9055, L:/127.0.0.1:58063 - R:localhost/127.0.0.1:30029]
[DEBUG] Using pooled Channel '[id: 0x139f9055, L:/127.0.0.1:58063 - R:localhost/127.0.0.1:30029]' for 'POST' to 'http://localhost:30029/session/af48b23c74633ec238c17eefeb3fbba8/timeouts'
[DEBUG] Using open Channel [id: 0x139f9055, L:/127.0.0.1:58063 - R:localhost/127.0.0.1:30029] for POST '/session/af48b23c74633ec238c17eefeb3fbba8/timeouts'
[DEBUG] 

Request DefaultHttpRequest(decodeResult: success, version: HTTP/1.1)
POST /session/af48b23c74633ec238c17eefeb3fbba8/timeouts HTTP/1.1
User-Agent: selenium/4.8.3 (java windows)
Content-Length: 23
Content-Type: application/json; charset=utf-8
host: localhost:30029
accept: */*

Response DefaultHttpResponse(decodeResult: success, version: HTTP/1.1)
HTTP/1.1 200 OK
Content-Length: 14
Content-Type: application/json; charset=utf-8
cache-control: no-cache

[DEBUG] Adding key: http://localhost:30029 for channel [id: 0x139f9055, L:/127.0.0.1:58063 - R:localhost/127.0.0.1:30029]
  &amp#27;[32mGiven &amp#27;[0m&amp#27;[32mUser launch chrome browser&amp#27;[0m                                                                                                                           &amp#27;[90m# stepDefinition.Login.user_launch_chrome_browser()&amp#27;[0m
[DEBUG] Using pooled Channel '[id: 0x139f9055, L:/127.0.0.1:58063 - R:localhost/127.0.0.1:30029]' for 'POST' to 'http://localhost:30029/session/af48b23c74633ec238c17eefeb3fbba8/url'
[DEBUG] Using open Channel [id: 0x139f9055, L:/127.0.0.1:58063 - R:localhost/127.0.0.1:30029] for POST '/session/af48b23c74633ec238c17eefeb3fbba8/url'
[DEBUG] Entry count for : http://localhost:58064 : 1
[DEBUG] Entry count for : http://localhost:58064 : 1
[DEBUG] 

Request DefaultHttpRequest(decodeResult: success, version: HTTP/1.1)
POST /session/af48b23c74633ec238c17eefeb3fbba8/url HTTP/1.1
User-Agent: selenium/4.8.3 (java windows)
Content-Length: 70
Content-Type: application/json; charset=utf-8
host: localhost:30029
accept: */*

Response DefaultHttpResponse(decodeResult: success, version: HTTP/1.1)
HTTP/1.1 200 OK
Content-Length: 14
Content-Type: application/json; charset=utf-8
cache-control: no-cache

[DEBUG] Adding key: http://localhost:30029 for channel [id: 0x139f9055, L:/127.0.0.1:58063 - R:localhost/127.0.0.1:30029]
[DEBUG] Using pooled Channel '[id: 0x139f9055, L:/127.0.0.1:58063 - R:localhost/127.0.0.1:30029]' for 'GET' to 'http://localhost:30029/session/af48b23c74633ec238c17eefeb3fbba8/title'
[DEBUG] Using open Channel [id: 0x139f9055, L:/127.0.0.1:58063 - R:localhost/127.0.0.1:30029] for GET '/session/af48b23c74633ec238c17eefeb3fbba8/title'
[DEBUG] 

Request DefaultFullHttpRequest(decodeResult: success, version: HTTP/1.1, content: EmptyByteBufBE)
GET /session/af48b23c74633ec238c17eefeb3fbba8/title HTTP/1.1
User-Agent: selenium/4.8.3 (java windows)
Cache-Control: no-cache
Content-Type: application/json; charset=utf-8
host: localhost:30029
accept: */*

Response DefaultHttpResponse(decodeResult: success, version: HTTP/1.1)
HTTP/1.1 200 OK
Content-Length: 29
Content-Type: application/json; charset=utf-8
cache-control: no-cache

[DEBUG] Adding key: http://localhost:30029 for channel [id: 0x139f9055, L:/127.0.0.1:58063 - R:localhost/127.0.0.1:30029]
  &amp#27;[32mWhen &amp#27;[0m&amp#27;[32mUser opens URL &amp#27;[0m&amp#27;[32m&amp#27;[1m"https://admin-demo.nopcommerce.com/login"&amp#27;[0m                                                                                             &amp#27;[90m# stepDefinition.Login.user_opens_url(java.lang.String)&amp#27;[0m
[DEBUG] Using pooled Channel '[id: 0x139f9055, L:/127.0.0.1:58063 - R:localhost/127.0.0.1:30029]' for 'POST' to 'http://localhost:30029/session/af48b23c74633ec238c17eefeb3fbba8/element'
[DEBUG] Using open Channel [id: 0x139f9055, L:/127.0.0.1:58063 - R:localhost/127.0.0.1:30029] for POST '/session/af48b23c74633ec238c17eefeb3fbba8/element'
[DEBUG] 

Request DefaultHttpRequest(decodeResult: success, version: HTTP/1.1)
POST /session/af48b23c74633ec238c17eefeb3fbba8/element HTTP/1.1
User-Agent: selenium/4.8.3 (java windows)
Content-Length: 67
Content-Type: application/json; charset=utf-8
host: localhost:30029
accept: */*

Response DefaultHttpResponse(decodeResult: success, version: HTTP/1.1)
HTTP/1.1 200 OK
Content-Length: 94
Content-Type: application/json; charset=utf-8
cache-control: no-cache

[DEBUG] Adding key: http://localhost:30029 for channel [id: 0x139f9055, L:/127.0.0.1:58063 - R:localhost/127.0.0.1:30029]
[DEBUG] Using pooled Channel '[id: 0x139f9055, L:/127.0.0.1:58063 - R:localhost/127.0.0.1:30029]' for 'POST' to 'http://localhost:30029/session/af48b23c74633ec238c17eefeb3fbba8/element/4D8A0D51A0ADD823D134EB19ADDC3393_element_2/clear'
[DEBUG] Using open Channel [id: 0x139f9055, L:/127.0.0.1:58063 - R:localhost/127.0.0.1:30029] for POST '/session/af48b23c74633ec238c17eefeb3fbba8/element/4D8A0D51A0ADD823D134EB19ADDC3393_element_2/clear'
[DEBUG] 

Request DefaultHttpRequest(decodeResult: success, version: HTTP/1.1)
POST /session/af48b23c74633ec238c17eefeb3fbba8/element/4D8A0D51A0ADD823D134EB19ADDC3393_element_2/clear HTTP/1.1
User-Agent: selenium/4.8.3 (java windows)
Content-Length: 56
Content-Type: application/json; charset=utf-8
host: localhost:30029
accept: */*

Response DefaultHttpResponse(decodeResult: success, version: HTTP/1.1)
HTTP/1.1 200 OK
Content-Length: 14
Content-Type: application/json; charset=utf-8
cache-control: no-cache

[DEBUG] Adding key: http://localhost:30029 for channel [id: 0x139f9055, L:/127.0.0.1:58063 - R:localhost/127.0.0.1:30029]
[DEBUG] Using pooled Channel '[id: 0x139f9055, L:/127.0.0.1:58063 - R:localhost/127.0.0.1:30029]' for 'POST' to 'http://localhost:30029/session/af48b23c74633ec238c17eefeb3fbba8/element'
[DEBUG] Using open Channel [id: 0x139f9055, L:/127.0.0.1:58063 - R:localhost/127.0.0.1:30029] for POST '/session/af48b23c74633ec238c17eefeb3fbba8/element'
[DEBUG] 

Request DefaultHttpRequest(decodeResult: success, version: HTTP/1.1)
POST /session/af48b23c74633ec238c17eefeb3fbba8/element HTTP/1.1
User-Agent: selenium/4.8.3 (java windows)
Content-Length: 67
Content-Type: application/json; charset=utf-8
host: localhost:30029
accept: */*

Response DefaultHttpResponse(decodeResult: success, version: HTTP/1.1)
HTTP/1.1 200 OK
Content-Length: 94
Content-Type: application/json; charset=utf-8
cache-control: no-cache

[DEBUG] Adding key: http://localhost:30029 for channel [id: 0x139f9055, L:/127.0.0.1:58063 - R:localhost/127.0.0.1:30029]
[DEBUG] Using pooled Channel '[id: 0x139f9055, L:/127.0.0.1:58063 - R:localhost/127.0.0.1:30029]' for 'POST' to 'http://localhost:30029/session/af48b23c74633ec238c17eefeb3fbba8/element/4D8A0D51A0ADD823D134EB19ADDC3393_element_2/value'
[DEBUG] Using open Channel [id: 0x139f9055, L:/127.0.0.1:58063 - R:localhost/127.0.0.1:30029] for POST '/session/af48b23c74633ec238c17eefeb3fbba8/element/4D8A0D51A0ADD823D134EB19ADDC3393_element_2/value'
[DEBUG] 

Request DefaultHttpRequest(decodeResult: success, version: HTTP/1.1)
POST /session/af48b23c74633ec238c17eefeb3fbba8/element/4D8A0D51A0ADD823D134EB19ADDC3393_element_2/value HTTP/1.1
User-Agent: selenium/4.8.3 (java windows)
Content-Length: 277
Content-Type: application/json; charset=utf-8
host: localhost:30029
accept: */*

Response DefaultHttpResponse(decodeResult: success, version: HTTP/1.1)
HTTP/1.1 200 OK
Content-Length: 14
Content-Type: application/json; charset=utf-8
cache-control: no-cache

[DEBUG] Adding key: http://localhost:30029 for channel [id: 0x139f9055, L:/127.0.0.1:58063 - R:localhost/127.0.0.1:30029]
[DEBUG] Using pooled Channel '[id: 0x139f9055, L:/127.0.0.1:58063 - R:localhost/127.0.0.1:30029]' for 'POST' to 'http://localhost:30029/session/af48b23c74633ec238c17eefeb3fbba8/element'
[DEBUG] Using open Channel [id: 0x139f9055, L:/127.0.0.1:58063 - R:localhost/127.0.0.1:30029] for POST '/session/af48b23c74633ec238c17eefeb3fbba8/element'
[DEBUG] 

Request DefaultHttpRequest(decodeResult: success, version: HTTP/1.1)
POST /session/af48b23c74633ec238c17eefeb3fbba8/element HTTP/1.1
User-Agent: selenium/4.8.3 (java windows)
Content-Length: 70
Content-Type: application/json; charset=utf-8
host: localhost:30029
accept: */*

Response DefaultHttpResponse(decodeResult: success, version: HTTP/1.1)
HTTP/1.1 200 OK
Content-Length: 94
Content-Type: application/json; charset=utf-8
cache-control: no-cache

[DEBUG] Adding key: http://localhost:30029 for channel [id: 0x139f9055, L:/127.0.0.1:58063 - R:localhost/127.0.0.1:30029]
[DEBUG] Using pooled Channel '[id: 0x139f9055, L:/127.0.0.1:58063 - R:localhost/127.0.0.1:30029]' for 'POST' to 'http://localhost:30029/session/af48b23c74633ec238c17eefeb3fbba8/element/4D8A0D51A0ADD823D134EB19ADDC3393_element_6/clear'
[DEBUG] Using open Channel [id: 0x139f9055, L:/127.0.0.1:58063 - R:localhost/127.0.0.1:30029] for POST '/session/af48b23c74633ec238c17eefeb3fbba8/element/4D8A0D51A0ADD823D134EB19ADDC3393_element_6/clear'
[DEBUG] 

Request DefaultHttpRequest(decodeResult: success, version: HTTP/1.1)
POST /session/af48b23c74633ec238c17eefeb3fbba8/element/4D8A0D51A0ADD823D134EB19ADDC3393_element_6/clear HTTP/1.1
User-Agent: selenium/4.8.3 (java windows)
Content-Length: 56
Content-Type: application/json; charset=utf-8
host: localhost:30029
accept: */*

Response DefaultHttpResponse(decodeResult: success, version: HTTP/1.1)
HTTP/1.1 200 OK
Content-Length: 14
Content-Type: application/json; charset=utf-8
cache-control: no-cache

[DEBUG] Adding key: http://localhost:30029 for channel [id: 0x139f9055, L:/127.0.0.1:58063 - R:localhost/127.0.0.1:30029]
[DEBUG] Using pooled Channel '[id: 0x139f9055, L:/127.0.0.1:58063 - R:localhost/127.0.0.1:30029]' for 'POST' to 'http://localhost:30029/session/af48b23c74633ec238c17eefeb3fbba8/element'
[DEBUG] Using open Channel [id: 0x139f9055, L:/127.0.0.1:58063 - R:localhost/127.0.0.1:30029] for POST '/session/af48b23c74633ec238c17eefeb3fbba8/element'
[DEBUG] 

Request DefaultHttpRequest(decodeResult: success, version: HTTP/1.1)
POST /session/af48b23c74633ec238c17eefeb3fbba8/element HTTP/1.1
User-Agent: selenium/4.8.3 (java windows)
Content-Length: 70
Content-Type: application/json; charset=utf-8
host: localhost:30029
accept: */*

Response DefaultHttpResponse(decodeResult: success, version: HTTP/1.1)
HTTP/1.1 200 OK
Content-Length: 94
Content-Type: application/json; charset=utf-8
cache-control: no-cache

[DEBUG] Adding key: http://localhost:30029 for channel [id: 0x139f9055, L:/127.0.0.1:58063 - R:localhost/127.0.0.1:30029]
[DEBUG] Using pooled Channel '[id: 0x139f9055, L:/127.0.0.1:58063 - R:localhost/127.0.0.1:30029]' for 'POST' to 'http://localhost:30029/session/af48b23c74633ec238c17eefeb3fbba8/element/4D8A0D51A0ADD823D134EB19ADDC3393_element_6/value'
[DEBUG] Using open Channel [id: 0x139f9055, L:/127.0.0.1:58063 - R:localhost/127.0.0.1:30029] for POST '/session/af48b23c74633ec238c17eefeb3fbba8/element/4D8A0D51A0ADD823D134EB19ADDC3393_element_6/value'
[DEBUG] 

Request DefaultHttpRequest(decodeResult: success, version: HTTP/1.1)
POST /session/af48b23c74633ec238c17eefeb3fbba8/element/4D8A0D51A0ADD823D134EB19ADDC3393_element_6/value HTTP/1.1
User-Agent: selenium/4.8.3 (java windows)
Content-Length: 137
Content-Type: application/json; charset=utf-8
host: localhost:30029
accept: */*

Response DefaultHttpResponse(decodeResult: success, version: HTTP/1.1)
HTTP/1.1 200 OK
Content-Length: 14
Content-Type: application/json; charset=utf-8
cache-control: no-cache

[DEBUG] Adding key: http://localhost:30029 for channel [id: 0x139f9055, L:/127.0.0.1:58063 - R:localhost/127.0.0.1:30029]
  &amp#27;[32mAnd &amp#27;[0m&amp#27;[32mUser enters email &amp#27;[0m&amp#27;[32m&amp#27;[1m"admin@yourstore.com"&amp#27;[0m&amp#27;[32m and Password &amp#27;[0m&amp#27;[32m&amp#27;[1m"admin"&amp#27;[0m                                                                                           &amp#27;[90m# stepDefinition.Login.user_enters_email_and_password(java.lang.String,java.lang.String)&amp#27;[0m
[DEBUG] Using pooled Channel '[id: 0x139f9055, L:/127.0.0.1:58063 - R:localhost/127.0.0.1:30029]' for 'POST' to 'http://localhost:30029/session/af48b23c74633ec238c17eefeb3fbba8/element'
[DEBUG] Using open Channel [id: 0x139f9055, L:/127.0.0.1:58063 - R:localhost/127.0.0.1:30029] for POST '/session/af48b23c74633ec238c17eefeb3fbba8/element'
[DEBUG] 

Request DefaultHttpRequest(decodeResult: success, version: HTTP/1.1)
POST /session/af48b23c74633ec238c17eefeb3fbba8/element HTTP/1.1
User-Agent: selenium/4.8.3 (java windows)
Content-Length: 88
Content-Type: application/json; charset=utf-8
host: localhost:30029
accept: */*

Response DefaultHttpResponse(decodeResult: success, version: HTTP/1.1)
HTTP/1.1 200 OK
Content-Length: 94
Content-Type: application/json; charset=utf-8
cache-control: no-cache

[DEBUG] Adding key: http://localhost:30029 for channel [id: 0x139f9055, L:/127.0.0.1:58063 - R:localhost/127.0.0.1:30029]
[DEBUG] Using pooled Channel '[id: 0x139f9055, L:/127.0.0.1:58063 - R:localhost/127.0.0.1:30029]' for 'POST' to 'http://localhost:30029/session/af48b23c74633ec238c17eefeb3fbba8/element/4D8A0D51A0ADD823D134EB19ADDC3393_element_3/click'
[DEBUG] Using open Channel [id: 0x139f9055, L:/127.0.0.1:58063 - R:localhost/127.0.0.1:30029] for POST '/session/af48b23c74633ec238c17eefeb3fbba8/element/4D8A0D51A0ADD823D134EB19ADDC3393_element_3/click'
[DEBUG] Entry count for : http://localhost:58064 : 1
[DEBUG] Entry count for : http://localhost:58064 : 1
[DEBUG] Entry count for : http://localhost:58064 : 1
[DEBUG] Entry count for : http://localhost:58064 : 1
[DEBUG] 

Request DefaultHttpRequest(decodeResult: success, version: HTTP/1.1)
POST /session/af48b23c74633ec238c17eefeb3fbba8/element/4D8A0D51A0ADD823D134EB19ADDC3393_element_3/click HTTP/1.1
User-Agent: selenium/4.8.3 (java windows)
Content-Length: 56
Content-Type: application/json; charset=utf-8
host: localhost:30029
accept: */*

Response DefaultHttpResponse(decodeResult: success, version: HTTP/1.1)
HTTP/1.1 200 OK
Content-Length: 14
Content-Type: application/json; charset=utf-8
cache-control: no-cache

[DEBUG] Adding key: http://localhost:30029 for channel [id: 0x139f9055, L:/127.0.0.1:58063 - R:localhost/127.0.0.1:30029]
  &amp#27;[32mAnd &amp#27;[0m&amp#27;[32mUser clicks on login button&amp#27;[0m                                                                                                                            &amp#27;[90m# stepDefinition.Login.user_clicks_on_login_button()&amp#27;[0m
Admin page constructor called 
Admin page constructor end 
[DEBUG] Using pooled Channel '[id: 0x139f9055, L:/127.0.0.1:58063 - R:localhost/127.0.0.1:30029]' for 'GET' to 'http://localhost:30029/session/af48b23c74633ec238c17eefeb3fbba8/title'
[DEBUG] Using open Channel [id: 0x139f9055, L:/127.0.0.1:58063 - R:localhost/127.0.0.1:30029] for GET '/session/af48b23c74633ec238c17eefeb3fbba8/title'
[DEBUG] 

Request DefaultFullHttpRequest(decodeResult: success, version: HTTP/1.1, content: EmptyByteBufBE)
GET /session/af48b23c74633ec238c17eefeb3fbba8/title HTTP/1.1
User-Agent: selenium/4.8.3 (java windows)
Cache-Control: no-cache
Content-Type: application/json; charset=utf-8
host: localhost:30029
accept: */*

Response DefaultHttpResponse(decodeResult: success, version: HTTP/1.1)
HTTP/1.1 200 OK
Content-Length: 50
Content-Type: application/json; charset=utf-8
cache-control: no-cache

[DEBUG] Adding key: http://localhost:30029 for channel [id: 0x139f9055, L:/127.0.0.1:58063 - R:localhost/127.0.0.1:30029]
Admin page title verified
  &amp#27;[32mThen &amp#27;[0m&amp#27;[32mPage title should be &amp#27;[0m&amp#27;[32m&amp#27;[1m"Dashboard / nopCommerce administration"&amp#27;[0m                                                                                         &amp#27;[90m# stepDefinition.Login.page_title_should_be(java.lang.String)&amp#27;[0m
[DEBUG] Using pooled Channel '[id: 0x139f9055, L:/127.0.0.1:58063 - R:localhost/127.0.0.1:30029]' for 'POST' to 'http://localhost:30029/session/af48b23c74633ec238c17eefeb3fbba8/element'
[DEBUG] Using open Channel [id: 0x139f9055, L:/127.0.0.1:58063 - R:localhost/127.0.0.1:30029] for POST '/session/af48b23c74633ec238c17eefeb3fbba8/element'
[DEBUG] 

Request DefaultHttpRequest(decodeResult: success, version: HTTP/1.1)
POST /session/af48b23c74633ec238c17eefeb3fbba8/element HTTP/1.1
User-Agent: selenium/4.8.3 (java windows)
Content-Length: 86
Content-Type: application/json; charset=utf-8
host: localhost:30029
accept: */*

Response DefaultHttpResponse(decodeResult: success, version: HTTP/1.1)
HTTP/1.1 200 OK
Content-Length: 95
Content-Type: application/json; charset=utf-8
cache-control: no-cache

[DEBUG] Adding key: http://localhost:30029 for channel [id: 0x139f9055, L:/127.0.0.1:58063 - R:localhost/127.0.0.1:30029]
[DEBUG] Using pooled Channel '[id: 0x139f9055, L:/127.0.0.1:58063 - R:localhost/127.0.0.1:30029]' for 'POST' to 'http://localhost:30029/session/af48b23c74633ec238c17eefeb3fbba8/element/92AB41E6AB07BBE3F1B6A9FA0D7424C6_element_53/click'
[DEBUG] Using open Channel [id: 0x139f9055, L:/127.0.0.1:58063 - R:localhost/127.0.0.1:30029] for POST '/session/af48b23c74633ec238c17eefeb3fbba8/element/92AB41E6AB07BBE3F1B6A9FA0D7424C6_element_53/click'
[DEBUG] 

Request DefaultHttpRequest(decodeResult: success, version: HTTP/1.1)
POST /session/af48b23c74633ec238c17eefeb3fbba8/element/92AB41E6AB07BBE3F1B6A9FA0D7424C6_element_53/click HTTP/1.1
User-Agent: selenium/4.8.3 (java windows)
Content-Length: 57
Content-Type: application/json; charset=utf-8
host: localhost:30029
accept: */*

Response DefaultHttpResponse(decodeResult: success, version: HTTP/1.1)
HTTP/1.1 200 OK
Content-Length: 14
Content-Type: application/json; charset=utf-8
cache-control: no-cache

[DEBUG] Adding key: http://localhost:30029 for channel [id: 0x139f9055, L:/127.0.0.1:58063 - R:localhost/127.0.0.1:30029]
  &amp#27;[32mWhen &amp#27;[0m&amp#27;[32mUser clicks on dashboard customer&amp#27;[0m                                                                                                                     &amp#27;[90m# stepDefinition.Login.user_clicks_on_dashboard_customer()&amp#27;[0m
[DEBUG] Using pooled Channel '[id: 0x139f9055, L:/127.0.0.1:58063 - R:localhost/127.0.0.1:30029]' for 'POST' to 'http://localhost:30029/session/af48b23c74633ec238c17eefeb3fbba8/element'
[DEBUG] Using open Channel [id: 0x139f9055, L:/127.0.0.1:58063 - R:localhost/127.0.0.1:30029] for POST '/session/af48b23c74633ec238c17eefeb3fbba8/element'
[DEBUG] 

Request DefaultHttpRequest(decodeResult: success, version: HTTP/1.1)
POST /session/af48b23c74633ec238c17eefeb3fbba8/element HTTP/1.1
User-Agent: selenium/4.8.3 (java windows)
Content-Length: 95
Content-Type: application/json; charset=utf-8
host: localhost:30029
accept: */*

Response DefaultHttpResponse(decodeResult: success, version: HTTP/1.1)
HTTP/1.1 200 OK
Content-Length: 95
Content-Type: application/json; charset=utf-8
cache-control: no-cache

[DEBUG] Adding key: http://localhost:30029 for channel [id: 0x139f9055, L:/127.0.0.1:58063 - R:localhost/127.0.0.1:30029]
[DEBUG] Using pooled Channel '[id: 0x139f9055, L:/127.0.0.1:58063 - R:localhost/127.0.0.1:30029]' for 'POST' to 'http://localhost:30029/session/af48b23c74633ec238c17eefeb3fbba8/element/92AB41E6AB07BBE3F1B6A9FA0D7424C6_element_54/click'
[DEBUG] Using open Channel [id: 0x139f9055, L:/127.0.0.1:58063 - R:localhost/127.0.0.1:30029] for POST '/session/af48b23c74633ec238c17eefeb3fbba8/element/92AB41E6AB07BBE3F1B6A9FA0D7424C6_element_54/click'
[DEBUG] Entry count for : http://localhost:58064 : 1
[DEBUG] 

Request DefaultHttpRequest(decodeResult: success, version: HTTP/1.1)
POST /session/af48b23c74633ec238c17eefeb3fbba8/element/92AB41E6AB07BBE3F1B6A9FA0D7424C6_element_54/click HTTP/1.1
User-Agent: selenium/4.8.3 (java windows)
Content-Length: 57
Content-Type: application/json; charset=utf-8
host: localhost:30029
accept: */*

Response DefaultHttpResponse(decodeResult: success, version: HTTP/1.1)
HTTP/1.1 200 OK
Content-Length: 14
Content-Type: application/json; charset=utf-8
cache-control: no-cache

[DEBUG] Adding key: http://localhost:30029 for channel [id: 0x139f9055, L:/127.0.0.1:58063 - R:localhost/127.0.0.1:30029]
  &amp#27;[32mAnd &amp#27;[0m&amp#27;[32mUser clicks on customer subtab&amp#27;[0m                                                                                                                         &amp#27;[90m# stepDefinition.Login.user_clicks_on_customer_subtab()&amp#27;[0m
[DEBUG] Using pooled Channel '[id: 0x139f9055, L:/127.0.0.1:58063 - R:localhost/127.0.0.1:30029]' for 'POST' to 'http://localhost:30029/session/af48b23c74633ec238c17eefeb3fbba8/element'
[DEBUG] Using open Channel [id: 0x139f9055, L:/127.0.0.1:58063 - R:localhost/127.0.0.1:30029] for POST '/session/af48b23c74633ec238c17eefeb3fbba8/element'
[DEBUG] 

Request DefaultHttpRequest(decodeResult: success, version: HTTP/1.1)
POST /session/af48b23c74633ec238c17eefeb3fbba8/element HTTP/1.1
User-Agent: selenium/4.8.3 (java windows)
Content-Length: 97
Content-Type: application/json; charset=utf-8
host: localhost:30029
accept: */*

Response DefaultHttpResponse(decodeResult: success, version: HTTP/1.1)
HTTP/1.1 200 OK
Content-Length: 96
Content-Type: application/json; charset=utf-8
cache-control: no-cache

[DEBUG] Adding key: http://localhost:30029 for channel [id: 0x139f9055, L:/127.0.0.1:58063 - R:localhost/127.0.0.1:30029]
[DEBUG] Using pooled Channel '[id: 0x139f9055, L:/127.0.0.1:58063 - R:localhost/127.0.0.1:30029]' for 'POST' to 'http://localhost:30029/session/af48b23c74633ec238c17eefeb3fbba8/element/79D25571F41B3673900AB0F32724FCF5_element_100/click'
[DEBUG] Using open Channel [id: 0x139f9055, L:/127.0.0.1:58063 - R:localhost/127.0.0.1:30029] for POST '/session/af48b23c74633ec238c17eefeb3fbba8/element/79D25571F41B3673900AB0F32724FCF5_element_100/click'
[DEBUG] Entry count for : http://localhost:58064 : 1
[DEBUG] 

Request DefaultHttpRequest(decodeResult: success, version: HTTP/1.1)
POST /session/af48b23c74633ec238c17eefeb3fbba8/element/79D25571F41B3673900AB0F32724FCF5_element_100/click HTTP/1.1
User-Agent: selenium/4.8.3 (java windows)
Content-Length: 58
Content-Type: application/json; charset=utf-8
host: localhost:30029
accept: */*

Response DefaultHttpResponse(decodeResult: success, version: HTTP/1.1)
HTTP/1.1 200 OK
Content-Length: 14
Content-Type: application/json; charset=utf-8
cache-control: no-cache

[DEBUG] Adding key: http://localhost:30029 for channel [id: 0x139f9055, L:/127.0.0.1:58063 - R:localhost/127.0.0.1:30029]
  &amp#27;[32mAnd &amp#27;[0m&amp#27;[32mUser clciks on Add new button&amp#27;[0m                                                                                                                          &amp#27;[90m# stepDefinition.Login.user_clciks_on_add_new_button()&amp#27;[0m
[DEBUG] Using pooled Channel '[id: 0x139f9055, L:/127.0.0.1:58063 - R:localhost/127.0.0.1:30029]' for 'POST' to 'http://localhost:30029/session/af48b23c74633ec238c17eefeb3fbba8/element'
[DEBUG] Using open Channel [id: 0x139f9055, L:/127.0.0.1:58063 - R:localhost/127.0.0.1:30029] for POST '/session/af48b23c74633ec238c17eefeb3fbba8/element'
[DEBUG] 

Request DefaultHttpRequest(decodeResult: success, version: HTTP/1.1)
POST /session/af48b23c74633ec238c17eefeb3fbba8/element HTTP/1.1
User-Agent: selenium/4.8.3 (java windows)
Content-Length: 67
Content-Type: application/json; charset=utf-8
host: localhost:30029
accept: */*

Response DefaultHttpResponse(decodeResult: success, version: HTTP/1.1)
HTTP/1.1 200 OK
Content-Length: 96
Content-Type: application/json; charset=utf-8
cache-control: no-cache

[DEBUG] Adding key: http://localhost:30029 for channel [id: 0x139f9055, L:/127.0.0.1:58063 - R:localhost/127.0.0.1:30029]
[DEBUG] Using pooled Channel '[id: 0x139f9055, L:/127.0.0.1:58063 - R:localhost/127.0.0.1:30029]' for 'POST' to 'http://localhost:30029/session/af48b23c74633ec238c17eefeb3fbba8/element/94D577C4459EACC8929FFC3A29A6A579_element_109/clear'
[DEBUG] Using open Channel [id: 0x139f9055, L:/127.0.0.1:58063 - R:localhost/127.0.0.1:30029] for POST '/session/af48b23c74633ec238c17eefeb3fbba8/element/94D577C4459EACC8929FFC3A29A6A579_element_109/clear'
[DEBUG] 

Request DefaultHttpRequest(decodeResult: success, version: HTTP/1.1)
POST /session/af48b23c74633ec238c17eefeb3fbba8/element/94D577C4459EACC8929FFC3A29A6A579_element_109/clear HTTP/1.1
User-Agent: selenium/4.8.3 (java windows)
Content-Length: 58
Content-Type: application/json; charset=utf-8
host: localhost:30029
accept: */*

Response DefaultHttpResponse(decodeResult: success, version: HTTP/1.1)
HTTP/1.1 200 OK
Content-Length: 14
Content-Type: application/json; charset=utf-8
cache-control: no-cache

[DEBUG] Adding key: http://localhost:30029 for channel [id: 0x139f9055, L:/127.0.0.1:58063 - R:localhost/127.0.0.1:30029]
[DEBUG] Using pooled Channel '[id: 0x139f9055, L:/127.0.0.1:58063 - R:localhost/127.0.0.1:30029]' for 'POST' to 'http://localhost:30029/session/af48b23c74633ec238c17eefeb3fbba8/element'
[DEBUG] Using open Channel [id: 0x139f9055, L:/127.0.0.1:58063 - R:localhost/127.0.0.1:30029] for POST '/session/af48b23c74633ec238c17eefeb3fbba8/element'
[DEBUG] 

Request DefaultHttpRequest(decodeResult: success, version: HTTP/1.1)
POST /session/af48b23c74633ec238c17eefeb3fbba8/element HTTP/1.1
User-Agent: selenium/4.8.3 (java windows)
Content-Length: 67
Content-Type: application/json; charset=utf-8
host: localhost:30029
accept: */*

Response DefaultHttpResponse(decodeResult: success, version: HTTP/1.1)
HTTP/1.1 200 OK
Content-Length: 96
Content-Type: application/json; charset=utf-8
cache-control: no-cache

[DEBUG] Adding key: http://localhost:30029 for channel [id: 0x139f9055, L:/127.0.0.1:58063 - R:localhost/127.0.0.1:30029]
[DEBUG] Using pooled Channel '[id: 0x139f9055, L:/127.0.0.1:58063 - R:localhost/127.0.0.1:30029]' for 'POST' to 'http://localhost:30029/session/af48b23c74633ec238c17eefeb3fbba8/element/94D577C4459EACC8929FFC3A29A6A579_element_109/value'
[DEBUG] Using open Channel [id: 0x139f9055, L:/127.0.0.1:58063 - R:localhost/127.0.0.1:30029] for POST '/session/af48b23c74633ec238c17eefeb3fbba8/element/94D577C4459EACC8929FFC3A29A6A579_element_109/value'
[DEBUG] 

Request DefaultHttpRequest(decodeResult: success, version: HTTP/1.1)
POST /session/af48b23c74633ec238c17eefeb3fbba8/element/94D577C4459EACC8929FFC3A29A6A579_element_109/value HTTP/1.1
User-Agent: selenium/4.8.3 (java windows)
Content-Length: 279
Content-Type: application/json; charset=utf-8
host: localhost:30029
accept: */*

Response DefaultHttpResponse(decodeResult: success, version: HTTP/1.1)
HTTP/1.1 200 OK
Content-Length: 14
Content-Type: application/json; charset=utf-8
cache-control: no-cache

[DEBUG] Adding key: http://localhost:30029 for channel [id: 0x139f9055, L:/127.0.0.1:58063 - R:localhost/127.0.0.1:30029]
[DEBUG] Using pooled Channel '[id: 0x139f9055, L:/127.0.0.1:58063 - R:localhost/127.0.0.1:30029]' for 'POST' to 'http://localhost:30029/session/af48b23c74633ec238c17eefeb3fbba8/element'
[DEBUG] Using open Channel [id: 0x139f9055, L:/127.0.0.1:58063 - R:localhost/127.0.0.1:30029] for POST '/session/af48b23c74633ec238c17eefeb3fbba8/element'
[DEBUG] 

Request DefaultHttpRequest(decodeResult: success, version: HTTP/1.1)
POST /session/af48b23c74633ec238c17eefeb3fbba8/element HTTP/1.1
User-Agent: selenium/4.8.3 (java windows)
Content-Length: 70
Content-Type: application/json; charset=utf-8
host: localhost:30029
accept: */*

Response DefaultHttpResponse(decodeResult: success, version: HTTP/1.1)
HTTP/1.1 200 OK
Content-Length: 96
Content-Type: application/json; charset=utf-8
cache-control: no-cache

[DEBUG] Adding key: http://localhost:30029 for channel [id: 0x139f9055, L:/127.0.0.1:58063 - R:localhost/127.0.0.1:30029]
[DEBUG] Using pooled Channel '[id: 0x139f9055, L:/127.0.0.1:58063 - R:localhost/127.0.0.1:30029]' for 'POST' to 'http://localhost:30029/session/af48b23c74633ec238c17eefeb3fbba8/element/94D577C4459EACC8929FFC3A29A6A579_element_117/clear'
[DEBUG] Using open Channel [id: 0x139f9055, L:/127.0.0.1:58063 - R:localhost/127.0.0.1:30029] for POST '/session/af48b23c74633ec238c17eefeb3fbba8/element/94D577C4459EACC8929FFC3A29A6A579_element_117/clear'
[DEBUG] 

Request DefaultHttpRequest(decodeResult: success, version: HTTP/1.1)
POST /session/af48b23c74633ec238c17eefeb3fbba8/element/94D577C4459EACC8929FFC3A29A6A579_element_117/clear HTTP/1.1
User-Agent: selenium/4.8.3 (java windows)
Content-Length: 58
Content-Type: application/json; charset=utf-8
host: localhost:30029
accept: */*

Response DefaultHttpResponse(decodeResult: success, version: HTTP/1.1)
HTTP/1.1 200 OK
Content-Length: 14
Content-Type: application/json; charset=utf-8
cache-control: no-cache

[DEBUG] Adding key: http://localhost:30029 for channel [id: 0x139f9055, L:/127.0.0.1:58063 - R:localhost/127.0.0.1:30029]
[DEBUG] Using pooled Channel '[id: 0x139f9055, L:/127.0.0.1:58063 - R:localhost/127.0.0.1:30029]' for 'POST' to 'http://localhost:30029/session/af48b23c74633ec238c17eefeb3fbba8/element'
[DEBUG] Using open Channel [id: 0x139f9055, L:/127.0.0.1:58063 - R:localhost/127.0.0.1:30029] for POST '/session/af48b23c74633ec238c17eefeb3fbba8/element'
[DEBUG] 

Request DefaultHttpRequest(decodeResult: success, version: HTTP/1.1)
POST /session/af48b23c74633ec238c17eefeb3fbba8/element HTTP/1.1
User-Agent: selenium/4.8.3 (java windows)
Content-Length: 70
Content-Type: application/json; charset=utf-8
host: localhost:30029
accept: */*

Response DefaultHttpResponse(decodeResult: success, version: HTTP/1.1)
HTTP/1.1 200 OK
Content-Length: 96
Content-Type: application/json; charset=utf-8
cache-control: no-cache

[DEBUG] Adding key: http://localhost:30029 for channel [id: 0x139f9055, L:/127.0.0.1:58063 - R:localhost/127.0.0.1:30029]
[DEBUG] Using pooled Channel '[id: 0x139f9055, L:/127.0.0.1:58063 - R:localhost/127.0.0.1:30029]' for 'POST' to 'http://localhost:30029/session/af48b23c74633ec238c17eefeb3fbba8/element/94D577C4459EACC8929FFC3A29A6A579_element_117/value'
[DEBUG] Using open Channel [id: 0x139f9055, L:/127.0.0.1:58063 - R:localhost/127.0.0.1:30029] for POST '/session/af48b23c74633ec238c17eefeb3fbba8/element/94D577C4459EACC8929FFC3A29A6A579_element_117/value'
[DEBUG] 

Request DefaultHttpRequest(decodeResult: success, version: HTTP/1.1)
POST /session/af48b23c74633ec238c17eefeb3fbba8/element/94D577C4459EACC8929FFC3A29A6A579_element_117/value HTTP/1.1
User-Agent: selenium/4.8.3 (java windows)
Content-Length: 139
Content-Type: application/json; charset=utf-8
host: localhost:30029
accept: */*

Response DefaultHttpResponse(decodeResult: success, version: HTTP/1.1)
HTTP/1.1 200 OK
Content-Length: 14
Content-Type: application/json; charset=utf-8
cache-control: no-cache

[DEBUG] Adding key: http://localhost:30029 for channel [id: 0x139f9055, L:/127.0.0.1:58063 - R:localhost/127.0.0.1:30029]
[DEBUG] Using pooled Channel '[id: 0x139f9055, L:/127.0.0.1:58063 - R:localhost/127.0.0.1:30029]' for 'POST' to 'http://localhost:30029/session/af48b23c74633ec238c17eefeb3fbba8/element'
[DEBUG] Using open Channel [id: 0x139f9055, L:/127.0.0.1:58063 - R:localhost/127.0.0.1:30029] for POST '/session/af48b23c74633ec238c17eefeb3fbba8/element'
[DEBUG] 

Request DefaultHttpRequest(decodeResult: success, version: HTTP/1.1)
POST /session/af48b23c74633ec238c17eefeb3fbba8/element HTTP/1.1
User-Agent: selenium/4.8.3 (java windows)
Content-Length: 71
Content-Type: application/json; charset=utf-8
host: localhost:30029
accept: */*

Response DefaultHttpResponse(decodeResult: success, version: HTTP/1.1)
HTTP/1.1 200 OK
Content-Length: 96
Content-Type: application/json; charset=utf-8
cache-control: no-cache

[DEBUG] Adding key: http://localhost:30029 for channel [id: 0x139f9055, L:/127.0.0.1:58063 - R:localhost/127.0.0.1:30029]
[DEBUG] Using pooled Channel '[id: 0x139f9055, L:/127.0.0.1:58063 - R:localhost/127.0.0.1:30029]' for 'POST' to 'http://localhost:30029/session/af48b23c74633ec238c17eefeb3fbba8/element/94D577C4459EACC8929FFC3A29A6A579_element_118/clear'
[DEBUG] Using open Channel [id: 0x139f9055, L:/127.0.0.1:58063 - R:localhost/127.0.0.1:30029] for POST '/session/af48b23c74633ec238c17eefeb3fbba8/element/94D577C4459EACC8929FFC3A29A6A579_element_118/clear'
[DEBUG] 

Request DefaultHttpRequest(decodeResult: success, version: HTTP/1.1)
POST /session/af48b23c74633ec238c17eefeb3fbba8/element/94D577C4459EACC8929FFC3A29A6A579_element_118/clear HTTP/1.1
User-Agent: selenium/4.8.3 (java windows)
Content-Length: 58
Content-Type: application/json; charset=utf-8
host: localhost:30029
accept: */*

Response DefaultHttpResponse(decodeResult: success, version: HTTP/1.1)
HTTP/1.1 200 OK
Content-Length: 14
Content-Type: application/json; charset=utf-8
cache-control: no-cache

[DEBUG] Adding key: http://localhost:30029 for channel [id: 0x139f9055, L:/127.0.0.1:58063 - R:localhost/127.0.0.1:30029]
[DEBUG] Using pooled Channel '[id: 0x139f9055, L:/127.0.0.1:58063 - R:localhost/127.0.0.1:30029]' for 'POST' to 'http://localhost:30029/session/af48b23c74633ec238c17eefeb3fbba8/element'
[DEBUG] Using open Channel [id: 0x139f9055, L:/127.0.0.1:58063 - R:localhost/127.0.0.1:30029] for POST '/session/af48b23c74633ec238c17eefeb3fbba8/element'
[DEBUG] 

Request DefaultHttpRequest(decodeResult: success, version: HTTP/1.1)
POST /session/af48b23c74633ec238c17eefeb3fbba8/element HTTP/1.1
User-Agent: selenium/4.8.3 (java windows)
Content-Length: 71
Content-Type: application/json; charset=utf-8
host: localhost:30029
accept: */*

Response DefaultHttpResponse(decodeResult: success, version: HTTP/1.1)
HTTP/1.1 200 OK
Content-Length: 96
Content-Type: application/json; charset=utf-8
cache-control: no-cache

[DEBUG] Adding key: http://localhost:30029 for channel [id: 0x139f9055, L:/127.0.0.1:58063 - R:localhost/127.0.0.1:30029]
[DEBUG] Using pooled Channel '[id: 0x139f9055, L:/127.0.0.1:58063 - R:localhost/127.0.0.1:30029]' for 'POST' to 'http://localhost:30029/session/af48b23c74633ec238c17eefeb3fbba8/element/94D577C4459EACC8929FFC3A29A6A579_element_118/value'
[DEBUG] Using open Channel [id: 0x139f9055, L:/127.0.0.1:58063 - R:localhost/127.0.0.1:30029] for POST '/session/af48b23c74633ec238c17eefeb3fbba8/element/94D577C4459EACC8929FFC3A29A6A579_element_118/value'
[DEBUG] 

Request DefaultHttpRequest(decodeResult: success, version: HTTP/1.1)
POST /session/af48b23c74633ec238c17eefeb3fbba8/element/94D577C4459EACC8929FFC3A29A6A579_element_118/value HTTP/1.1
User-Agent: selenium/4.8.3 (java windows)
Content-Length: 149
Content-Type: application/json; charset=utf-8
host: localhost:30029
accept: */*

Response DefaultHttpResponse(decodeResult: success, version: HTTP/1.1)
HTTP/1.1 200 OK
Content-Length: 14
Content-Type: application/json; charset=utf-8
cache-control: no-cache

[DEBUG] Adding key: http://localhost:30029 for channel [id: 0x139f9055, L:/127.0.0.1:58063 - R:localhost/127.0.0.1:30029]
[DEBUG] Using pooled Channel '[id: 0x139f9055, L:/127.0.0.1:58063 - R:localhost/127.0.0.1:30029]' for 'POST' to 'http://localhost:30029/session/af48b23c74633ec238c17eefeb3fbba8/element'
[DEBUG] Using open Channel [id: 0x139f9055, L:/127.0.0.1:58063 - R:localhost/127.0.0.1:30029] for POST '/session/af48b23c74633ec238c17eefeb3fbba8/element'
[DEBUG] 

Request DefaultHttpRequest(decodeResult: success, version: HTTP/1.1)
POST /session/af48b23c74633ec238c17eefeb3fbba8/element HTTP/1.1
User-Agent: selenium/4.8.3 (java windows)
Content-Length: 70
Content-Type: application/json; charset=utf-8
host: localhost:30029
accept: */*

Response DefaultHttpResponse(decodeResult: success, version: HTTP/1.1)
HTTP/1.1 200 OK
Content-Length: 96
Content-Type: application/json; charset=utf-8
cache-control: no-cache

[DEBUG] Adding key: http://localhost:30029 for channel [id: 0x139f9055, L:/127.0.0.1:58063 - R:localhost/127.0.0.1:30029]
[DEBUG] Using pooled Channel '[id: 0x139f9055, L:/127.0.0.1:58063 - R:localhost/127.0.0.1:30029]' for 'POST' to 'http://localhost:30029/session/af48b23c74633ec238c17eefeb3fbba8/element/94D577C4459EACC8929FFC3A29A6A579_element_119/clear'
[DEBUG] Using open Channel [id: 0x139f9055, L:/127.0.0.1:58063 - R:localhost/127.0.0.1:30029] for POST '/session/af48b23c74633ec238c17eefeb3fbba8/element/94D577C4459EACC8929FFC3A29A6A579_element_119/clear'
[DEBUG] 

Request DefaultHttpRequest(decodeResult: success, version: HTTP/1.1)
POST /session/af48b23c74633ec238c17eefeb3fbba8/element/94D577C4459EACC8929FFC3A29A6A579_element_119/clear HTTP/1.1
User-Agent: selenium/4.8.3 (java windows)
Content-Length: 58
Content-Type: application/json; charset=utf-8
host: localhost:30029
accept: */*

Response DefaultHttpResponse(decodeResult: success, version: HTTP/1.1)
HTTP/1.1 200 OK
Content-Length: 14
Content-Type: application/json; charset=utf-8
cache-control: no-cache

[DEBUG] Adding key: http://localhost:30029 for channel [id: 0x139f9055, L:/127.0.0.1:58063 - R:localhost/127.0.0.1:30029]
[DEBUG] Using pooled Channel '[id: 0x139f9055, L:/127.0.0.1:58063 - R:localhost/127.0.0.1:30029]' for 'POST' to 'http://localhost:30029/session/af48b23c74633ec238c17eefeb3fbba8/element'
[DEBUG] Using open Channel [id: 0x139f9055, L:/127.0.0.1:58063 - R:localhost/127.0.0.1:30029] for POST '/session/af48b23c74633ec238c17eefeb3fbba8/element'
[DEBUG] 

Request DefaultHttpRequest(decodeResult: success, version: HTTP/1.1)
POST /session/af48b23c74633ec238c17eefeb3fbba8/element HTTP/1.1
User-Agent: selenium/4.8.3 (java windows)
Content-Length: 70
Content-Type: application/json; charset=utf-8
host: localhost:30029
accept: */*

Response DefaultHttpResponse(decodeResult: success, version: HTTP/1.1)
HTTP/1.1 200 OK
Content-Length: 96
Content-Type: application/json; charset=utf-8
cache-control: no-cache

[DEBUG] Adding key: http://localhost:30029 for channel [id: 0x139f9055, L:/127.0.0.1:58063 - R:localhost/127.0.0.1:30029]
[DEBUG] Using pooled Channel '[id: 0x139f9055, L:/127.0.0.1:58063 - R:localhost/127.0.0.1:30029]' for 'POST' to 'http://localhost:30029/session/af48b23c74633ec238c17eefeb3fbba8/element/94D577C4459EACC8929FFC3A29A6A579_element_119/value'
[DEBUG] Using open Channel [id: 0x139f9055, L:/127.0.0.1:58063 - R:localhost/127.0.0.1:30029] for POST '/session/af48b23c74633ec238c17eefeb3fbba8/element/94D577C4459EACC8929FFC3A29A6A579_element_119/value'
[DEBUG] 

Request DefaultHttpRequest(decodeResult: success, version: HTTP/1.1)
POST /session/af48b23c74633ec238c17eefeb3fbba8/element/94D577C4459EACC8929FFC3A29A6A579_element_119/value HTTP/1.1
User-Agent: selenium/4.8.3 (java windows)
Content-Length: 149
Content-Type: application/json; charset=utf-8
host: localhost:30029
accept: */*

Response DefaultHttpResponse(decodeResult: success, version: HTTP/1.1)
HTTP/1.1 200 OK
Content-Length: 14
Content-Type: application/json; charset=utf-8
cache-control: no-cache

[DEBUG] Adding key: http://localhost:30029 for channel [id: 0x139f9055, L:/127.0.0.1:58063 - R:localhost/127.0.0.1:30029]
[DEBUG] Using pooled Channel '[id: 0x139f9055, L:/127.0.0.1:58063 - R:localhost/127.0.0.1:30029]' for 'POST' to 'http://localhost:30029/session/af48b23c74633ec238c17eefeb3fbba8/element'
[DEBUG] Using open Channel [id: 0x139f9055, L:/127.0.0.1:58063 - R:localhost/127.0.0.1:30029] for POST '/session/af48b23c74633ec238c17eefeb3fbba8/element'
[DEBUG] Entry count for : http://localhost:58064 : 1
[DEBUG] 

Request DefaultHttpRequest(decodeResult: success, version: HTTP/1.1)
POST /session/af48b23c74633ec238c17eefeb3fbba8/element HTTP/1.1
User-Agent: selenium/4.8.3 (java windows)
Content-Length: 73
Content-Type: application/json; charset=utf-8
host: localhost:30029
accept: */*

Response DefaultHttpResponse(decodeResult: success, version: HTTP/1.1)
HTTP/1.1 200 OK
Content-Length: 96
Content-Type: application/json; charset=utf-8
cache-control: no-cache

[DEBUG] Adding key: http://localhost:30029 for channel [id: 0x139f9055, L:/127.0.0.1:58063 - R:localhost/127.0.0.1:30029]
[DEBUG] Using pooled Channel '[id: 0x139f9055, L:/127.0.0.1:58063 - R:localhost/127.0.0.1:30029]' for 'POST' to 'http://localhost:30029/session/af48b23c74633ec238c17eefeb3fbba8/element/94D577C4459EACC8929FFC3A29A6A579_element_121/click'
[DEBUG] Using open Channel [id: 0x139f9055, L:/127.0.0.1:58063 - R:localhost/127.0.0.1:30029] for POST '/session/af48b23c74633ec238c17eefeb3fbba8/element/94D577C4459EACC8929FFC3A29A6A579_element_121/click'
[DEBUG] 

Request DefaultHttpRequest(decodeResult: success, version: HTTP/1.1)
POST /session/af48b23c74633ec238c17eefeb3fbba8/element/94D577C4459EACC8929FFC3A29A6A579_element_121/click HTTP/1.1
User-Agent: selenium/4.8.3 (java windows)
Content-Length: 58
Content-Type: application/json; charset=utf-8
host: localhost:30029
accept: */*

Response DefaultHttpResponse(decodeResult: success, version: HTTP/1.1)
HTTP/1.1 200 OK
Content-Length: 14
Content-Type: application/json; charset=utf-8
cache-control: no-cache

[DEBUG] Adding key: http://localhost:30029 for channel [id: 0x139f9055, L:/127.0.0.1:58063 - R:localhost/127.0.0.1:30029]
[DEBUG] Using pooled Channel '[id: 0x139f9055, L:/127.0.0.1:58063 - R:localhost/127.0.0.1:30029]' for 'POST' to 'http://localhost:30029/session/af48b23c74633ec238c17eefeb3fbba8/element'
[DEBUG] Using open Channel [id: 0x139f9055, L:/127.0.0.1:58063 - R:localhost/127.0.0.1:30029] for POST '/session/af48b23c74633ec238c17eefeb3fbba8/element'
[DEBUG] 

Request DefaultHttpRequest(decodeResult: success, version: HTTP/1.1)
POST /session/af48b23c74633ec238c17eefeb3fbba8/element HTTP/1.1
User-Agent: selenium/4.8.3 (java windows)
Content-Length: 73
Content-Type: application/json; charset=utf-8
host: localhost:30029
accept: */*

Response DefaultHttpResponse(decodeResult: success, version: HTTP/1.1)
HTTP/1.1 200 OK
Content-Length: 96
Content-Type: application/json; charset=utf-8
cache-control: no-cache

[DEBUG] Adding key: http://localhost:30029 for channel [id: 0x139f9055, L:/127.0.0.1:58063 - R:localhost/127.0.0.1:30029]
[DEBUG] Using pooled Channel '[id: 0x139f9055, L:/127.0.0.1:58063 - R:localhost/127.0.0.1:30029]' for 'POST' to 'http://localhost:30029/session/af48b23c74633ec238c17eefeb3fbba8/element/94D577C4459EACC8929FFC3A29A6A579_element_122/value'
[DEBUG] Using open Channel [id: 0x139f9055, L:/127.0.0.1:58063 - R:localhost/127.0.0.1:30029] for POST '/session/af48b23c74633ec238c17eefeb3fbba8/element/94D577C4459EACC8929FFC3A29A6A579_element_122/value'
[DEBUG] 

Request DefaultHttpRequest(decodeResult: success, version: HTTP/1.1)
POST /session/af48b23c74633ec238c17eefeb3fbba8/element/94D577C4459EACC8929FFC3A29A6A579_element_122/value HTTP/1.1
User-Agent: selenium/4.8.3 (java windows)
Content-Length: 189
Content-Type: application/json; charset=utf-8
host: localhost:30029
accept: */*

Response DefaultHttpResponse(decodeResult: success, version: HTTP/1.1)
HTTP/1.1 200 OK
Content-Length: 14
Content-Type: application/json; charset=utf-8
cache-control: no-cache

[DEBUG] Adding key: http://localhost:30029 for channel [id: 0x139f9055, L:/127.0.0.1:58063 - R:localhost/127.0.0.1:30029]
[DEBUG] Using pooled Channel '[id: 0x139f9055, L:/127.0.0.1:58063 - R:localhost/127.0.0.1:30029]' for 'POST' to 'http://localhost:30029/session/af48b23c74633ec238c17eefeb3fbba8/element'
[DEBUG] Using open Channel [id: 0x139f9055, L:/127.0.0.1:58063 - R:localhost/127.0.0.1:30029] for POST '/session/af48b23c74633ec238c17eefeb3fbba8/element'
[DEBUG] 

Request DefaultHttpRequest(decodeResult: success, version: HTTP/1.1)
POST /session/af48b23c74633ec238c17eefeb3fbba8/element HTTP/1.1
User-Agent: selenium/4.8.3 (java windows)
Content-Length: 69
Content-Type: application/json; charset=utf-8
host: localhost:30029
accept: */*

Response DefaultHttpResponse(decodeResult: success, version: HTTP/1.1)
HTTP/1.1 200 OK
Content-Length: 96
Content-Type: application/json; charset=utf-8
cache-control: no-cache

[DEBUG] Adding key: http://localhost:30029 for channel [id: 0x139f9055, L:/127.0.0.1:58063 - R:localhost/127.0.0.1:30029]
[DEBUG] Using pooled Channel '[id: 0x139f9055, L:/127.0.0.1:58063 - R:localhost/127.0.0.1:30029]' for 'POST' to 'http://localhost:30029/session/af48b23c74633ec238c17eefeb3fbba8/element/94D577C4459EACC8929FFC3A29A6A579_element_123/value'
[DEBUG] Using open Channel [id: 0x139f9055, L:/127.0.0.1:58063 - R:localhost/127.0.0.1:30029] for POST '/session/af48b23c74633ec238c17eefeb3fbba8/element/94D577C4459EACC8929FFC3A29A6A579_element_123/value'
[DEBUG] 

Request DefaultHttpRequest(decodeResult: success, version: HTTP/1.1)
POST /session/af48b23c74633ec238c17eefeb3fbba8/element/94D577C4459EACC8929FFC3A29A6A579_element_123/value HTTP/1.1
User-Agent: selenium/4.8.3 (java windows)
Content-Length: 149
Content-Type: application/json; charset=utf-8
host: localhost:30029
accept: */*

Response DefaultHttpResponse(decodeResult: success, version: HTTP/1.1)
HTTP/1.1 200 OK
Content-Length: 14
Content-Type: application/json; charset=utf-8
cache-control: no-cache

[DEBUG] Adding key: http://localhost:30029 for channel [id: 0x139f9055, L:/127.0.0.1:58063 - R:localhost/127.0.0.1:30029]
[DEBUG] Using pooled Channel '[id: 0x139f9055, L:/127.0.0.1:58063 - R:localhost/127.0.0.1:30029]' for 'POST' to 'http://localhost:30029/session/af48b23c74633ec238c17eefeb3fbba8/element'
[DEBUG] Using open Channel [id: 0x139f9055, L:/127.0.0.1:58063 - R:localhost/127.0.0.1:30029] for POST '/session/af48b23c74633ec238c17eefeb3fbba8/element'
[DEBUG] 

Request DefaultHttpRequest(decodeResult: success, version: HTTP/1.1)
POST /session/af48b23c74633ec238c17eefeb3fbba8/element HTTP/1.1
User-Agent: selenium/4.8.3 (java windows)
Content-Length: 73
Content-Type: application/json; charset=utf-8
host: localhost:30029
accept: */*

Response DefaultHttpResponse(decodeResult: success, version: HTTP/1.1)
HTTP/1.1 200 OK
Content-Length: 96
Content-Type: application/json; charset=utf-8
cache-control: no-cache

[DEBUG] Adding key: http://localhost:30029 for channel [id: 0x139f9055, L:/127.0.0.1:58063 - R:localhost/127.0.0.1:30029]
[DEBUG] Using pooled Channel '[id: 0x139f9055, L:/127.0.0.1:58063 - R:localhost/127.0.0.1:30029]' for 'POST' to 'http://localhost:30029/session/af48b23c74633ec238c17eefeb3fbba8/element/94D577C4459EACC8929FFC3A29A6A579_element_124/click'
[DEBUG] Using open Channel [id: 0x139f9055, L:/127.0.0.1:58063 - R:localhost/127.0.0.1:30029] for POST '/session/af48b23c74633ec238c17eefeb3fbba8/element/94D577C4459EACC8929FFC3A29A6A579_element_124/click'
[DEBUG] 

Request DefaultHttpRequest(decodeResult: success, version: HTTP/1.1)
POST /session/af48b23c74633ec238c17eefeb3fbba8/element/94D577C4459EACC8929FFC3A29A6A579_element_124/click HTTP/1.1
User-Agent: selenium/4.8.3 (java windows)
Content-Length: 58
Content-Type: application/json; charset=utf-8
host: localhost:30029
accept: */*

Response DefaultHttpResponse(decodeResult: success, version: HTTP/1.1)
HTTP/1.1 200 OK
Content-Length: 14
Content-Type: application/json; charset=utf-8
cache-control: no-cache

[DEBUG] Adding key: http://localhost:30029 for channel [id: 0x139f9055, L:/127.0.0.1:58063 - R:localhost/127.0.0.1:30029]
[DEBUG] Using pooled Channel '[id: 0x139f9055, L:/127.0.0.1:58063 - R:localhost/127.0.0.1:30029]' for 'POST' to 'http://localhost:30029/session/af48b23c74633ec238c17eefeb3fbba8/element'
[DEBUG] Using open Channel [id: 0x139f9055, L:/127.0.0.1:58063 - R:localhost/127.0.0.1:30029] for POST '/session/af48b23c74633ec238c17eefeb3fbba8/element'
[DEBUG] 

Request DefaultHttpRequest(decodeResult: success, version: HTTP/1.1)
POST /session/af48b23c74633ec238c17eefeb3fbba8/element HTTP/1.1
User-Agent: selenium/4.8.3 (java windows)
Content-Length: 107
Content-Type: application/json; charset=utf-8
host: localhost:30029
accept: */*

Response DefaultHttpResponse(decodeResult: success, version: HTTP/1.1)
HTTP/1.1 200 OK
Content-Length: 96
Content-Type: application/json; charset=utf-8
cache-control: no-cache

[DEBUG] Adding key: http://localhost:30029 for channel [id: 0x139f9055, L:/127.0.0.1:58063 - R:localhost/127.0.0.1:30029]
[DEBUG] Using pooled Channel '[id: 0x139f9055, L:/127.0.0.1:58063 - R:localhost/127.0.0.1:30029]' for 'POST' to 'http://localhost:30029/session/af48b23c74633ec238c17eefeb3fbba8/actions'
[DEBUG] Using open Channel [id: 0x139f9055, L:/127.0.0.1:58063 - R:localhost/127.0.0.1:30029] for POST '/session/af48b23c74633ec238c17eefeb3fbba8/actions'
[DEBUG] 

Request DefaultHttpRequest(decodeResult: success, version: HTTP/1.1)
POST /session/af48b23c74633ec238c17eefeb3fbba8/actions HTTP/1.1
User-Agent: selenium/4.8.3 (java windows)
Content-Length: 5274
Content-Type: application/json; charset=utf-8
host: localhost:30029
accept: */*

Response DefaultHttpResponse(decodeResult: success, version: HTTP/1.1)
HTTP/1.1 200 OK
Content-Length: 14
Content-Type: application/json; charset=utf-8
cache-control: no-cache

[DEBUG] Adding key: http://localhost:30029 for channel [id: 0x139f9055, L:/127.0.0.1:58063 - R:localhost/127.0.0.1:30029]
action method successful
[DEBUG] Using pooled Channel '[id: 0x139f9055, L:/127.0.0.1:58063 - R:localhost/127.0.0.1:30029]' for 'POST' to 'http://localhost:30029/session/af48b23c74633ec238c17eefeb3fbba8/element'
[DEBUG] Using open Channel [id: 0x139f9055, L:/127.0.0.1:58063 - R:localhost/127.0.0.1:30029] for POST '/session/af48b23c74633ec238c17eefeb3fbba8/element'
[DEBUG] 

Request DefaultHttpRequest(decodeResult: success, version: HTTP/1.1)
POST /session/af48b23c74633ec238c17eefeb3fbba8/element HTTP/1.1
User-Agent: selenium/4.8.3 (java windows)
Content-Length: 160
Content-Type: application/json; charset=utf-8
host: localhost:30029
accept: */*

Response DefaultHttpResponse(decodeResult: success, version: HTTP/1.1)
HTTP/1.1 200 OK
Content-Length: 96
Content-Type: application/json; charset=utf-8
cache-control: no-cache

[DEBUG] Adding key: http://localhost:30029 for channel [id: 0x139f9055, L:/127.0.0.1:58063 - R:localhost/127.0.0.1:30029]
[DEBUG] Using pooled Channel '[id: 0x139f9055, L:/127.0.0.1:58063 - R:localhost/127.0.0.1:30029]' for 'POST' to 'http://localhost:30029/session/af48b23c74633ec238c17eefeb3fbba8/actions'
[DEBUG] Using open Channel [id: 0x139f9055, L:/127.0.0.1:58063 - R:localhost/127.0.0.1:30029] for POST '/session/af48b23c74633ec238c17eefeb3fbba8/actions'
[DEBUG] 

Request DefaultHttpRequest(decodeResult: success, version: HTTP/1.1)
POST /session/af48b23c74633ec238c17eefeb3fbba8/actions HTTP/1.1
User-Agent: selenium/4.8.3 (java windows)
Content-Length: 2682
Content-Type: application/json; charset=utf-8
host: localhost:30029
accept: */*

Response DefaultHttpResponse(decodeResult: success, version: HTTP/1.1)
HTTP/1.1 200 OK
Content-Length: 14
Content-Type: application/json; charset=utf-8
cache-control: no-cache

[DEBUG] Adding key: http://localhost:30029 for channel [id: 0x139f9055, L:/127.0.0.1:58063 - R:localhost/127.0.0.1:30029]
action method successful
user press enter key
[DEBUG] Using pooled Channel '[id: 0x139f9055, L:/127.0.0.1:58063 - R:localhost/127.0.0.1:30029]' for 'POST' to 'http://localhost:30029/session/af48b23c74633ec238c17eefeb3fbba8/element'
[DEBUG] Using open Channel [id: 0x139f9055, L:/127.0.0.1:58063 - R:localhost/127.0.0.1:30029] for POST '/session/af48b23c74633ec238c17eefeb3fbba8/element'
[DEBUG] 

Request DefaultHttpRequest(decodeResult: success, version: HTTP/1.1)
POST /session/af48b23c74633ec238c17eefeb3fbba8/element HTTP/1.1
User-Agent: selenium/4.8.3 (java windows)
Content-Length: 71
Content-Type: application/json; charset=utf-8
host: localhost:30029
accept: */*

Response DefaultHttpResponse(decodeResult: success, version: HTTP/1.1)
HTTP/1.1 200 OK
Content-Length: 96
Content-Type: application/json; charset=utf-8
cache-control: no-cache

[DEBUG] Adding key: http://localhost:30029 for channel [id: 0x139f9055, L:/127.0.0.1:58063 - R:localhost/127.0.0.1:30029]
[DEBUG] Using pooled Channel '[id: 0x139f9055, L:/127.0.0.1:58063 - R:localhost/127.0.0.1:30029]' for 'GET' to 'http://localhost:30029/session/af48b23c74633ec238c17eefeb3fbba8/element/94D577C4459EACC8929FFC3A29A6A579_element_128/name'
[DEBUG] Using open Channel [id: 0x139f9055, L:/127.0.0.1:58063 - R:localhost/127.0.0.1:30029] for GET '/session/af48b23c74633ec238c17eefeb3fbba8/element/94D577C4459EACC8929FFC3A29A6A579_element_128/name'
[DEBUG] 

Request DefaultFullHttpRequest(decodeResult: success, version: HTTP/1.1, content: EmptyByteBufBE)
GET /session/af48b23c74633ec238c17eefeb3fbba8/element/94D577C4459EACC8929FFC3A29A6A579_element_128/name HTTP/1.1
User-Agent: selenium/4.8.3 (java windows)
Cache-Control: no-cache
Content-Type: application/json; charset=utf-8
host: localhost:30029
accept: */*

Response DefaultHttpResponse(decodeResult: success, version: HTTP/1.1)
HTTP/1.1 200 OK
Content-Length: 18
Content-Type: application/json; charset=utf-8
cache-control: no-cache

[DEBUG] Adding key: http://localhost:30029 for channel [id: 0x139f9055, L:/127.0.0.1:58063 - R:localhost/127.0.0.1:30029]
[DEBUG] Using pooled Channel '[id: 0x139f9055, L:/127.0.0.1:58063 - R:localhost/127.0.0.1:30029]' for 'POST' to 'http://localhost:30029/session/af48b23c74633ec238c17eefeb3fbba8/element'
[DEBUG] Using open Channel [id: 0x139f9055, L:/127.0.0.1:58063 - R:localhost/127.0.0.1:30029] for POST '/session/af48b23c74633ec238c17eefeb3fbba8/element'
[DEBUG] 

Request DefaultHttpRequest(decodeResult: success, version: HTTP/1.1)
POST /session/af48b23c74633ec238c17eefeb3fbba8/element HTTP/1.1
User-Agent: selenium/4.8.3 (java windows)
Content-Length: 71
Content-Type: application/json; charset=utf-8
host: localhost:30029
accept: */*

Response DefaultHttpResponse(decodeResult: success, version: HTTP/1.1)
HTTP/1.1 200 OK
Content-Length: 96
Content-Type: application/json; charset=utf-8
cache-control: no-cache

[DEBUG] Adding key: http://localhost:30029 for channel [id: 0x139f9055, L:/127.0.0.1:58063 - R:localhost/127.0.0.1:30029]
[DEBUG] Using pooled Channel '[id: 0x139f9055, L:/127.0.0.1:58063 - R:localhost/127.0.0.1:30029]' for 'GET' to 'http://localhost:30029/session/af48b23c74633ec238c17eefeb3fbba8/element/94D577C4459EACC8929FFC3A29A6A579_element_128/attribute/multiple'
[DEBUG] Using open Channel [id: 0x139f9055, L:/127.0.0.1:58063 - R:localhost/127.0.0.1:30029] for GET '/session/af48b23c74633ec238c17eefeb3fbba8/element/94D577C4459EACC8929FFC3A29A6A579_element_128/attribute/multiple'
[DEBUG] 

Request DefaultFullHttpRequest(decodeResult: success, version: HTTP/1.1, content: EmptyByteBufBE)
GET /session/af48b23c74633ec238c17eefeb3fbba8/element/94D577C4459EACC8929FFC3A29A6A579_element_128/attribute/multiple HTTP/1.1
User-Agent: selenium/4.8.3 (java windows)
Cache-Control: no-cache
Content-Type: application/json; charset=utf-8
host: localhost:30029
accept: */*

Response DefaultHttpResponse(decodeResult: success, version: HTTP/1.1)
HTTP/1.1 200 OK
Content-Length: 14
Content-Type: application/json; charset=utf-8
cache-control: no-cache

[DEBUG] Adding key: http://localhost:30029 for channel [id: 0x139f9055, L:/127.0.0.1:58063 - R:localhost/127.0.0.1:30029]
[DEBUG] Using pooled Channel '[id: 0x139f9055, L:/127.0.0.1:58063 - R:localhost/127.0.0.1:30029]' for 'POST' to 'http://localhost:30029/session/af48b23c74633ec238c17eefeb3fbba8/element'
[DEBUG] Using open Channel [id: 0x139f9055, L:/127.0.0.1:58063 - R:localhost/127.0.0.1:30029] for POST '/session/af48b23c74633ec238c17eefeb3fbba8/element'
[DEBUG] 

Request DefaultHttpRequest(decodeResult: success, version: HTTP/1.1)
POST /session/af48b23c74633ec238c17eefeb3fbba8/element HTTP/1.1
User-Agent: selenium/4.8.3 (java windows)
Content-Length: 71
Content-Type: application/json; charset=utf-8
host: localhost:30029
accept: */*

Response DefaultHttpResponse(decodeResult: success, version: HTTP/1.1)
HTTP/1.1 200 OK
Content-Length: 96
Content-Type: application/json; charset=utf-8
cache-control: no-cache

[DEBUG] Adding key: http://localhost:30029 for channel [id: 0x139f9055, L:/127.0.0.1:58063 - R:localhost/127.0.0.1:30029]
[DEBUG] Using pooled Channel '[id: 0x139f9055, L:/127.0.0.1:58063 - R:localhost/127.0.0.1:30029]' for 'POST' to 'http://localhost:30029/session/af48b23c74633ec238c17eefeb3fbba8/element/94D577C4459EACC8929FFC3A29A6A579_element_128/elements'
[DEBUG] Using open Channel [id: 0x139f9055, L:/127.0.0.1:58063 - R:localhost/127.0.0.1:30029] for POST '/session/af48b23c74633ec238c17eefeb3fbba8/element/94D577C4459EACC8929FFC3A29A6A579_element_128/elements'
[DEBUG] 

Request DefaultHttpRequest(decodeResult: success, version: HTTP/1.1)
POST /session/af48b23c74633ec238c17eefeb3fbba8/element/94D577C4459EACC8929FFC3A29A6A579_element_128/elements HTTP/1.1
User-Agent: selenium/4.8.3 (java windows)
Content-Length: 102
Content-Type: application/json; charset=utf-8
host: localhost:30029
accept: */*

Response DefaultHttpResponse(decodeResult: success, version: HTTP/1.1)
HTTP/1.1 200 OK
Content-Length: 272
Content-Type: application/json; charset=utf-8
cache-control: no-cache

[DEBUG] Adding key: http://localhost:30029 for channel [id: 0x139f9055, L:/127.0.0.1:58063 - R:localhost/127.0.0.1:30029]
[DEBUG] Using pooled Channel '[id: 0x139f9055, L:/127.0.0.1:58063 - R:localhost/127.0.0.1:30029]' for 'GET' to 'http://localhost:30029/session/af48b23c74633ec238c17eefeb3fbba8/element/94D577C4459EACC8929FFC3A29A6A579_element_129/text'
[DEBUG] Using open Channel [id: 0x139f9055, L:/127.0.0.1:58063 - R:localhost/127.0.0.1:30029] for GET '/session/af48b23c74633ec238c17eefeb3fbba8/element/94D577C4459EACC8929FFC3A29A6A579_element_129/text'
[DEBUG] 

Request DefaultFullHttpRequest(decodeResult: success, version: HTTP/1.1, content: EmptyByteBufBE)
GET /session/af48b23c74633ec238c17eefeb3fbba8/element/94D577C4459EACC8929FFC3A29A6A579_element_129/text HTTP/1.1
User-Agent: selenium/4.8.3 (java windows)
Cache-Control: no-cache
Content-Type: application/json; charset=utf-8
host: localhost:30029
accept: */*

Response DefaultHttpResponse(decodeResult: success, version: HTTP/1.1)
HTTP/1.1 200 OK
Content-Length: 24
Content-Type: application/json; charset=utf-8
cache-control: no-cache

[DEBUG] Adding key: http://localhost:30029 for channel [id: 0x139f9055, L:/127.0.0.1:58063 - R:localhost/127.0.0.1:30029]
Dropdown option is not available
[DEBUG] Using pooled Channel '[id: 0x139f9055, L:/127.0.0.1:58063 - R:localhost/127.0.0.1:30029]' for 'GET' to 'http://localhost:30029/session/af48b23c74633ec238c17eefeb3fbba8/element/94D577C4459EACC8929FFC3A29A6A579_element_130/text'
[DEBUG] Using open Channel [id: 0x139f9055, L:/127.0.0.1:58063 - R:localhost/127.0.0.1:30029] for GET '/session/af48b23c74633ec238c17eefeb3fbba8/element/94D577C4459EACC8929FFC3A29A6A579_element_130/text'
[DEBUG] 

Request DefaultFullHttpRequest(decodeResult: success, version: HTTP/1.1, content: EmptyByteBufBE)
GET /session/af48b23c74633ec238c17eefeb3fbba8/element/94D577C4459EACC8929FFC3A29A6A579_element_130/text HTTP/1.1
User-Agent: selenium/4.8.3 (java windows)
Cache-Control: no-cache
Content-Type: application/json; charset=utf-8
host: localhost:30029
accept: */*

Response DefaultHttpResponse(decodeResult: success, version: HTTP/1.1)
HTTP/1.1 200 OK
Content-Length: 20
Content-Type: application/json; charset=utf-8
cache-control: no-cache

[DEBUG] Adding key: http://localhost:30029 for channel [id: 0x139f9055, L:/127.0.0.1:58063 - R:localhost/127.0.0.1:30029]
Dropdown option is not available
[DEBUG] Using pooled Channel '[id: 0x139f9055, L:/127.0.0.1:58063 - R:localhost/127.0.0.1:30029]' for 'GET' to 'http://localhost:30029/session/af48b23c74633ec238c17eefeb3fbba8/element/94D577C4459EACC8929FFC3A29A6A579_element_131/text'
[DEBUG] Using open Channel [id: 0x139f9055, L:/127.0.0.1:58063 - R:localhost/127.0.0.1:30029] for GET '/session/af48b23c74633ec238c17eefeb3fbba8/element/94D577C4459EACC8929FFC3A29A6A579_element_131/text'
[DEBUG] 

Request DefaultFullHttpRequest(decodeResult: success, version: HTTP/1.1, content: EmptyByteBufBE)
GET /session/af48b23c74633ec238c17eefeb3fbba8/element/94D577C4459EACC8929FFC3A29A6A579_element_131/text HTTP/1.1
User-Agent: selenium/4.8.3 (java windows)
Cache-Control: no-cache
Content-Type: application/json; charset=utf-8
host: localhost:30029
accept: */*

Response DefaultHttpResponse(decodeResult: success, version: HTTP/1.1)
HTTP/1.1 200 OK
Content-Length: 20
Content-Type: application/json; charset=utf-8
cache-control: no-cache

[DEBUG] Adding key: http://localhost:30029 for channel [id: 0x139f9055, L:/127.0.0.1:58063 - R:localhost/127.0.0.1:30029]
[DEBUG] Using pooled Channel '[id: 0x139f9055, L:/127.0.0.1:58063 - R:localhost/127.0.0.1:30029]' for 'POST' to 'http://localhost:30029/session/af48b23c74633ec238c17eefeb3fbba8/element'
[DEBUG] Using open Channel [id: 0x139f9055, L:/127.0.0.1:58063 - R:localhost/127.0.0.1:30029] for POST '/session/af48b23c74633ec238c17eefeb3fbba8/element'
[DEBUG] 

Request DefaultHttpRequest(decodeResult: success, version: HTTP/1.1)
POST /session/af48b23c74633ec238c17eefeb3fbba8/element HTTP/1.1
User-Agent: selenium/4.8.3 (java windows)
Content-Length: 71
Content-Type: application/json; charset=utf-8
host: localhost:30029
accept: */*

Response DefaultHttpResponse(decodeResult: success, version: HTTP/1.1)
HTTP/1.1 200 OK
Content-Length: 96
Content-Type: application/json; charset=utf-8
cache-control: no-cache

[DEBUG] Adding key: http://localhost:30029 for channel [id: 0x139f9055, L:/127.0.0.1:58063 - R:localhost/127.0.0.1:30029]
[DEBUG] Using pooled Channel '[id: 0x139f9055, L:/127.0.0.1:58063 - R:localhost/127.0.0.1:30029]' for 'GET' to 'http://localhost:30029/session/af48b23c74633ec238c17eefeb3fbba8/element/94D577C4459EACC8929FFC3A29A6A579_element_128/enabled'
[DEBUG] Using open Channel [id: 0x139f9055, L:/127.0.0.1:58063 - R:localhost/127.0.0.1:30029] for GET '/session/af48b23c74633ec238c17eefeb3fbba8/element/94D577C4459EACC8929FFC3A29A6A579_element_128/enabled'
[DEBUG] 

Request DefaultFullHttpRequest(decodeResult: success, version: HTTP/1.1, content: EmptyByteBufBE)
GET /session/af48b23c74633ec238c17eefeb3fbba8/element/94D577C4459EACC8929FFC3A29A6A579_element_128/enabled HTTP/1.1
User-Agent: selenium/4.8.3 (java windows)
Cache-Control: no-cache
Content-Type: application/json; charset=utf-8
host: localhost:30029
accept: */*

Response DefaultHttpResponse(decodeResult: success, version: HTTP/1.1)
HTTP/1.1 200 OK
Content-Length: 14
Content-Type: application/json; charset=utf-8
cache-control: no-cache

[DEBUG] Adding key: http://localhost:30029 for channel [id: 0x139f9055, L:/127.0.0.1:58063 - R:localhost/127.0.0.1:30029]
[DEBUG] Using pooled Channel '[id: 0x139f9055, L:/127.0.0.1:58063 - R:localhost/127.0.0.1:30029]' for 'POST' to 'http://localhost:30029/session/af48b23c74633ec238c17eefeb3fbba8/element'
[DEBUG] Using open Channel [id: 0x139f9055, L:/127.0.0.1:58063 - R:localhost/127.0.0.1:30029] for POST '/session/af48b23c74633ec238c17eefeb3fbba8/element'
[DEBUG] 

Request DefaultHttpRequest(decodeResult: success, version: HTTP/1.1)
POST /session/af48b23c74633ec238c17eefeb3fbba8/element HTTP/1.1
User-Agent: selenium/4.8.3 (java windows)
Content-Length: 71
Content-Type: application/json; charset=utf-8
host: localhost:30029
accept: */*

Response DefaultHttpResponse(decodeResult: success, version: HTTP/1.1)
HTTP/1.1 200 OK
Content-Length: 96
Content-Type: application/json; charset=utf-8
cache-control: no-cache

[DEBUG] Adding key: http://localhost:30029 for channel [id: 0x139f9055, L:/127.0.0.1:58063 - R:localhost/127.0.0.1:30029]
[DEBUG] Using pooled Channel '[id: 0x139f9055, L:/127.0.0.1:58063 - R:localhost/127.0.0.1:30029]' for 'POST' to 'http://localhost:30029/session/af48b23c74633ec238c17eefeb3fbba8/element/94D577C4459EACC8929FFC3A29A6A579_element_128/elements'
[DEBUG] Using open Channel [id: 0x139f9055, L:/127.0.0.1:58063 - R:localhost/127.0.0.1:30029] for POST '/session/af48b23c74633ec238c17eefeb3fbba8/element/94D577C4459EACC8929FFC3A29A6A579_element_128/elements'
[DEBUG] 

Request DefaultHttpRequest(decodeResult: success, version: HTTP/1.1)
POST /session/af48b23c74633ec238c17eefeb3fbba8/element/94D577C4459EACC8929FFC3A29A6A579_element_128/elements HTTP/1.1
User-Agent: selenium/4.8.3 (java windows)
Content-Length: 147
Content-Type: application/json; charset=utf-8
host: localhost:30029
accept: */*

Response DefaultHttpResponse(decodeResult: success, version: HTTP/1.1)
HTTP/1.1 200 OK
Content-Length: 98
Content-Type: application/json; charset=utf-8
cache-control: no-cache

[DEBUG] Adding key: http://localhost:30029 for channel [id: 0x139f9055, L:/127.0.0.1:58063 - R:localhost/127.0.0.1:30029]
[DEBUG] Using pooled Channel '[id: 0x139f9055, L:/127.0.0.1:58063 - R:localhost/127.0.0.1:30029]' for 'GET' to 'http://localhost:30029/session/af48b23c74633ec238c17eefeb3fbba8/element/94D577C4459EACC8929FFC3A29A6A579_element_131/enabled'
[DEBUG] Using open Channel [id: 0x139f9055, L:/127.0.0.1:58063 - R:localhost/127.0.0.1:30029] for GET '/session/af48b23c74633ec238c17eefeb3fbba8/element/94D577C4459EACC8929FFC3A29A6A579_element_131/enabled'
[DEBUG] 

Request DefaultFullHttpRequest(decodeResult: success, version: HTTP/1.1, content: EmptyByteBufBE)
GET /session/af48b23c74633ec238c17eefeb3fbba8/element/94D577C4459EACC8929FFC3A29A6A579_element_131/enabled HTTP/1.1
User-Agent: selenium/4.8.3 (java windows)
Cache-Control: no-cache
Content-Type: application/json; charset=utf-8
host: localhost:30029
accept: */*

Response DefaultHttpResponse(decodeResult: success, version: HTTP/1.1)
HTTP/1.1 200 OK
Content-Length: 14
Content-Type: application/json; charset=utf-8
cache-control: no-cache

[DEBUG] Adding key: http://localhost:30029 for channel [id: 0x139f9055, L:/127.0.0.1:58063 - R:localhost/127.0.0.1:30029]
[DEBUG] Using pooled Channel '[id: 0x139f9055, L:/127.0.0.1:58063 - R:localhost/127.0.0.1:30029]' for 'GET' to 'http://localhost:30029/session/af48b23c74633ec238c17eefeb3fbba8/element/94D577C4459EACC8929FFC3A29A6A579_element_131/selected'
[DEBUG] Using open Channel [id: 0x139f9055, L:/127.0.0.1:58063 - R:localhost/127.0.0.1:30029] for GET '/session/af48b23c74633ec238c17eefeb3fbba8/element/94D577C4459EACC8929FFC3A29A6A579_element_131/selected'
[DEBUG] 

Request DefaultFullHttpRequest(decodeResult: success, version: HTTP/1.1, content: EmptyByteBufBE)
GET /session/af48b23c74633ec238c17eefeb3fbba8/element/94D577C4459EACC8929FFC3A29A6A579_element_131/selected HTTP/1.1
User-Agent: selenium/4.8.3 (java windows)
Cache-Control: no-cache
Content-Type: application/json; charset=utf-8
host: localhost:30029
accept: */*

Response DefaultHttpResponse(decodeResult: success, version: HTTP/1.1)
HTTP/1.1 200 OK
Content-Length: 15
Content-Type: application/json; charset=utf-8
cache-control: no-cache

[DEBUG] Adding key: http://localhost:30029 for channel [id: 0x139f9055, L:/127.0.0.1:58063 - R:localhost/127.0.0.1:30029]
[DEBUG] Using pooled Channel '[id: 0x139f9055, L:/127.0.0.1:58063 - R:localhost/127.0.0.1:30029]' for 'POST' to 'http://localhost:30029/session/af48b23c74633ec238c17eefeb3fbba8/element/94D577C4459EACC8929FFC3A29A6A579_element_131/click'
[DEBUG] Using open Channel [id: 0x139f9055, L:/127.0.0.1:58063 - R:localhost/127.0.0.1:30029] for POST '/session/af48b23c74633ec238c17eefeb3fbba8/element/94D577C4459EACC8929FFC3A29A6A579_element_131/click'
[DEBUG] Entry count for : http://localhost:58064 : 1
[DEBUG] 

Request DefaultHttpRequest(decodeResult: success, version: HTTP/1.1)
POST /session/af48b23c74633ec238c17eefeb3fbba8/element/94D577C4459EACC8929FFC3A29A6A579_element_131/click HTTP/1.1
User-Agent: selenium/4.8.3 (java windows)
Content-Length: 58
Content-Type: application/json; charset=utf-8
host: localhost:30029
accept: */*

Response DefaultHttpResponse(decodeResult: success, version: HTTP/1.1)
HTTP/1.1 200 OK
Content-Length: 14
Content-Type: application/json; charset=utf-8
cache-control: no-cache

[DEBUG] Adding key: http://localhost:30029 for channel [id: 0x139f9055, L:/127.0.0.1:58063 - R:localhost/127.0.0.1:30029]
[DEBUG] Using pooled Channel '[id: 0x139f9055, L:/127.0.0.1:58063 - R:localhost/127.0.0.1:30029]' for 'POST' to 'http://localhost:30029/session/af48b23c74633ec238c17eefeb3fbba8/element'
[DEBUG] Using open Channel [id: 0x139f9055, L:/127.0.0.1:58063 - R:localhost/127.0.0.1:30029] for POST '/session/af48b23c74633ec238c17eefeb3fbba8/element'
[DEBUG] 

Request DefaultHttpRequest(decodeResult: success, version: HTTP/1.1)
POST /session/af48b23c74633ec238c17eefeb3fbba8/element HTTP/1.1
User-Agent: selenium/4.8.3 (java windows)
Content-Length: 68
Content-Type: application/json; charset=utf-8
host: localhost:30029
accept: */*

Response DefaultHttpResponse(decodeResult: success, version: HTTP/1.1)
HTTP/1.1 200 OK
Content-Length: 96
Content-Type: application/json; charset=utf-8
cache-control: no-cache

[DEBUG] Adding key: http://localhost:30029 for channel [id: 0x139f9055, L:/127.0.0.1:58063 - R:localhost/127.0.0.1:30029]
[DEBUG] Using pooled Channel '[id: 0x139f9055, L:/127.0.0.1:58063 - R:localhost/127.0.0.1:30029]' for 'GET' to 'http://localhost:30029/session/af48b23c74633ec238c17eefeb3fbba8/element/94D577C4459EACC8929FFC3A29A6A579_element_132/selected'
[DEBUG] Using open Channel [id: 0x139f9055, L:/127.0.0.1:58063 - R:localhost/127.0.0.1:30029] for GET '/session/af48b23c74633ec238c17eefeb3fbba8/element/94D577C4459EACC8929FFC3A29A6A579_element_132/selected'
[DEBUG] 

Request DefaultFullHttpRequest(decodeResult: success, version: HTTP/1.1, content: EmptyByteBufBE)
GET /session/af48b23c74633ec238c17eefeb3fbba8/element/94D577C4459EACC8929FFC3A29A6A579_element_132/selected HTTP/1.1
User-Agent: selenium/4.8.3 (java windows)
Cache-Control: no-cache
Content-Type: application/json; charset=utf-8
host: localhost:30029
accept: */*

Response DefaultHttpResponse(decodeResult: success, version: HTTP/1.1)
HTTP/1.1 200 OK
Content-Length: 14
Content-Type: application/json; charset=utf-8
cache-control: no-cache

[DEBUG] Adding key: http://localhost:30029 for channel [id: 0x139f9055, L:/127.0.0.1:58063 - R:localhost/127.0.0.1:30029]
checkbox is selected
[DEBUG] Using pooled Channel '[id: 0x139f9055, L:/127.0.0.1:58063 - R:localhost/127.0.0.1:30029]' for 'POST' to 'http://localhost:30029/session/af48b23c74633ec238c17eefeb3fbba8/element'
[DEBUG] Using open Channel [id: 0x139f9055, L:/127.0.0.1:58063 - R:localhost/127.0.0.1:30029] for POST '/session/af48b23c74633ec238c17eefeb3fbba8/element'
[DEBUG] 

Request DefaultHttpRequest(decodeResult: success, version: HTTP/1.1)
POST /session/af48b23c74633ec238c17eefeb3fbba8/element HTTP/1.1
User-Agent: selenium/4.8.3 (java windows)
Content-Length: 70
Content-Type: application/json; charset=utf-8
host: localhost:30029
accept: */*

Response DefaultHttpResponse(decodeResult: success, version: HTTP/1.1)
HTTP/1.1 200 OK
Content-Length: 96
Content-Type: application/json; charset=utf-8
cache-control: no-cache

[DEBUG] Adding key: http://localhost:30029 for channel [id: 0x139f9055, L:/127.0.0.1:58063 - R:localhost/127.0.0.1:30029]
[DEBUG] Using pooled Channel '[id: 0x139f9055, L:/127.0.0.1:58063 - R:localhost/127.0.0.1:30029]' for 'POST' to 'http://localhost:30029/session/af48b23c74633ec238c17eefeb3fbba8/element/94D577C4459EACC8929FFC3A29A6A579_element_133/value'
[DEBUG] Using open Channel [id: 0x139f9055, L:/127.0.0.1:58063 - R:localhost/127.0.0.1:30029] for POST '/session/af48b23c74633ec238c17eefeb3fbba8/element/94D577C4459EACC8929FFC3A29A6A579_element_133/value'
[DEBUG] 

Request DefaultHttpRequest(decodeResult: success, version: HTTP/1.1)
POST /session/af48b23c74633ec238c17eefeb3fbba8/element/94D577C4459EACC8929FFC3A29A6A579_element_133/value HTTP/1.1
User-Agent: selenium/4.8.3 (java windows)
Content-Length: 169
Content-Type: application/json; charset=utf-8
host: localhost:30029
accept: */*

Response DefaultHttpResponse(decodeResult: success, version: HTTP/1.1)
HTTP/1.1 200 OK
Content-Length: 14
Content-Type: application/json; charset=utf-8
cache-control: no-cache

[DEBUG] Adding key: http://localhost:30029 for channel [id: 0x139f9055, L:/127.0.0.1:58063 - R:localhost/127.0.0.1:30029]
  &amp#27;[32mAnd &amp#27;[0m&amp#27;[32mUser Click enters Customer Info &amp#27;[0m&amp#27;[32m&amp#27;[1m"Test7.test@Test.com"&amp#27;[0m&amp#27;[32m&amp#27;[0m&amp#27;[32m&amp#27;[1m"test1"&amp#27;[0m&amp#27;[32m&amp#27;[0m&amp#27;[32m&amp#27;[1m"ftest1"&amp#27;[0m&amp#27;[32m&amp#27;[0m&amp#27;[32m&amp#27;[1m"ltest1"&amp#27;[0m&amp#27;[32m&amp#27;[0m&amp#27;[32m&amp#27;[1m"male"&amp#27;[0m&amp#27;[32m&amp#27;[0m&amp#27;[32m&amp#27;[1m"1/1/2025"&amp#27;[0m&amp#27;[32m&amp#27;[0m&amp#27;[32m&amp#27;[1m"Oracle"&amp#27;[0m&amp#27;[32m&amp#27;[0m&amp#27;[32m&amp#27;[1m"yes"&amp#27;[0m&amp#27;[32m&amp#27;[0m&amp#27;[32m&amp#27;[1m"Your store name"&amp#27;[0m&amp#27;[32m&amp#27;[0m&amp#27;[32m&amp#27;[1m"Guests"&amp#27;[0m&amp#27;[32m&amp#27;[0m&amp#27;[32m&amp#27;[1m"Vendor 2"&amp#27;[0m&amp#27;[32m&amp#27;[0m&amp#27;[32m&amp#27;[1m"Comment3"&amp#27;[0m &amp#27;[90m# stepDefinition.Login.user_click_enters_customer_info(java.lang.String,java.lang.String,java.lang.String,java.lang.String,java.lang.String,java.lang.String,java.lang.String,java.lang.String,java.lang.String,java.lang.String,java.lang.String,java.lang.String)&amp#27;[0m
[DEBUG] Using pooled Channel '[id: 0x139f9055, L:/127.0.0.1:58063 - R:localhost/127.0.0.1:30029]' for 'POST' to 'http://localhost:30029/session/af48b23c74633ec238c17eefeb3fbba8/element'
[DEBUG] Using open Channel [id: 0x139f9055, L:/127.0.0.1:58063 - R:localhost/127.0.0.1:30029] for POST '/session/af48b23c74633ec238c17eefeb3fbba8/element'
[DEBUG] 

Request DefaultHttpRequest(decodeResult: success, version: HTTP/1.1)
POST /session/af48b23c74633ec238c17eefeb3fbba8/element HTTP/1.1
User-Agent: selenium/4.8.3 (java windows)
Content-Length: 69
Content-Type: application/json; charset=utf-8
host: localhost:30029
accept: */*

Response DefaultHttpResponse(decodeResult: success, version: HTTP/1.1)
HTTP/1.1 200 OK
Content-Length: 96
Content-Type: application/json; charset=utf-8
cache-control: no-cache

[DEBUG] Adding key: http://localhost:30029 for channel [id: 0x139f9055, L:/127.0.0.1:58063 - R:localhost/127.0.0.1:30029]
[DEBUG] Using pooled Channel '[id: 0x139f9055, L:/127.0.0.1:58063 - R:localhost/127.0.0.1:30029]' for 'POST' to 'http://localhost:30029/session/af48b23c74633ec238c17eefeb3fbba8/element/94D577C4459EACC8929FFC3A29A6A579_element_134/click'
[DEBUG] Using open Channel [id: 0x139f9055, L:/127.0.0.1:58063 - R:localhost/127.0.0.1:30029] for POST '/session/af48b23c74633ec238c17eefeb3fbba8/element/94D577C4459EACC8929FFC3A29A6A579_element_134/click'
[DEBUG] Entry count for : http://localhost:58064 : 1
[DEBUG] 

Request DefaultHttpRequest(decodeResult: success, version: HTTP/1.1)
POST /session/af48b23c74633ec238c17eefeb3fbba8/element/94D577C4459EACC8929FFC3A29A6A579_element_134/click HTTP/1.1
User-Agent: selenium/4.8.3 (java windows)
Content-Length: 58
Content-Type: application/json; charset=utf-8
host: localhost:30029
accept: */*

Response DefaultHttpResponse(decodeResult: success, version: HTTP/1.1)
HTTP/1.1 200 OK
Content-Length: 14
Content-Type: application/json; charset=utf-8
cache-control: no-cache

[DEBUG] Adding key: http://localhost:30029 for channel [id: 0x139f9055, L:/127.0.0.1:58063 - R:localhost/127.0.0.1:30029]
  &amp#27;[32mAnd &amp#27;[0m&amp#27;[32mUser Click on save button&amp#27;[0m                                                                                                                              &amp#27;[90m# stepDefinition.Login.user_click_on_save_button()&amp#27;[0m
[DEBUG] Using pooled Channel '[id: 0x139f9055, L:/127.0.0.1:58063 - R:localhost/127.0.0.1:30029]' for 'POST' to 'http://localhost:30029/session/af48b23c74633ec238c17eefeb3fbba8/element'
[DEBUG] Using open Channel [id: 0x139f9055, L:/127.0.0.1:58063 - R:localhost/127.0.0.1:30029] for POST '/session/af48b23c74633ec238c17eefeb3fbba8/element'
[DEBUG] 

Request DefaultHttpRequest(decodeResult: success, version: HTTP/1.1)
POST /session/af48b23c74633ec238c17eefeb3fbba8/element HTTP/1.1
User-Agent: selenium/4.8.3 (java windows)
Content-Length: 98
Content-Type: application/json; charset=utf-8
host: localhost:30029
accept: */*

Response DefaultHttpResponse(decodeResult: success, version: HTTP/1.1)
HTTP/1.1 200 OK
Content-Length: 96
Content-Type: application/json; charset=utf-8
cache-control: no-cache

[DEBUG] Adding key: http://localhost:30029 for channel [id: 0x139f9055, L:/127.0.0.1:58063 - R:localhost/127.0.0.1:30029]
[DEBUG] Using pooled Channel '[id: 0x139f9055, L:/127.0.0.1:58063 - R:localhost/127.0.0.1:30029]' for 'GET' to 'http://localhost:30029/session/af48b23c74633ec238c17eefeb3fbba8/element/DD2E3180B53C81E99CC52CDD5BDB7DB7_element_167/text'
[DEBUG] Using open Channel [id: 0x139f9055, L:/127.0.0.1:58063 - R:localhost/127.0.0.1:30029] for GET '/session/af48b23c74633ec238c17eefeb3fbba8/element/DD2E3180B53C81E99CC52CDD5BDB7DB7_element_167/text'
[DEBUG] 

Request DefaultFullHttpRequest(decodeResult: success, version: HTTP/1.1, content: EmptyByteBufBE)
GET /session/af48b23c74633ec238c17eefeb3fbba8/element/DD2E3180B53C81E99CC52CDD5BDB7DB7_element_167/text HTTP/1.1
User-Agent: selenium/4.8.3 (java windows)
Cache-Control: no-cache
Content-Type: application/json; charset=utf-8
host: localhost:30029
accept: */*

Response DefaultHttpResponse(decodeResult: success, version: HTTP/1.1)
HTTP/1.1 200 OK
Content-Length: 61
Content-Type: application/json; charset=utf-8
cache-control: no-cache

[DEBUG] Adding key: http://localhost:30029 for channel [id: 0x139f9055, L:/127.0.0.1:58063 - R:localhost/127.0.0.1:30029]
×
The new customer has been added successfully.
  &amp#27;[32mThen &amp#27;[0m&amp#27;[32mUser confirmation message should appear&amp#27;[0m                                                                                                               &amp#27;[90m# stepDefinition.Login.user_confirmation_message_should_appear()&amp#27;[0m
[DEBUG] Using pooled Channel '[id: 0x139f9055, L:/127.0.0.1:58063 - R:localhost/127.0.0.1:30029]' for 'POST' to 'http://localhost:30029/session/af48b23c74633ec238c17eefeb3fbba8/element'
[DEBUG] Using open Channel [id: 0x139f9055, L:/127.0.0.1:58063 - R:localhost/127.0.0.1:30029] for POST '/session/af48b23c74633ec238c17eefeb3fbba8/element'
[DEBUG] 

Request DefaultHttpRequest(decodeResult: success, version: HTTP/1.1)
POST /session/af48b23c74633ec238c17eefeb3fbba8/element HTTP/1.1
User-Agent: selenium/4.8.3 (java windows)
Content-Length: 72
Content-Type: application/json; charset=utf-8
host: localhost:30029
accept: */*

Response DefaultHttpResponse(decodeResult: success, version: HTTP/1.1)
HTTP/1.1 200 OK
Content-Length: 96
Content-Type: application/json; charset=utf-8
cache-control: no-cache

[DEBUG] Adding key: http://localhost:30029 for channel [id: 0x139f9055, L:/127.0.0.1:58063 - R:localhost/127.0.0.1:30029]
[DEBUG] Using pooled Channel '[id: 0x139f9055, L:/127.0.0.1:58063 - R:localhost/127.0.0.1:30029]' for 'POST' to 'http://localhost:30029/session/af48b23c74633ec238c17eefeb3fbba8/element/DD2E3180B53C81E99CC52CDD5BDB7DB7_element_168/click'
[DEBUG] Using open Channel [id: 0x139f9055, L:/127.0.0.1:58063 - R:localhost/127.0.0.1:30029] for POST '/session/af48b23c74633ec238c17eefeb3fbba8/element/DD2E3180B53C81E99CC52CDD5BDB7DB7_element_168/click'
[DEBUG] Entry count for : http://localhost:58064 : 1
[DEBUG] 

Request DefaultHttpRequest(decodeResult: success, version: HTTP/1.1)
POST /session/af48b23c74633ec238c17eefeb3fbba8/element/DD2E3180B53C81E99CC52CDD5BDB7DB7_element_168/click HTTP/1.1
User-Agent: selenium/4.8.3 (java windows)
Content-Length: 58
Content-Type: application/json; charset=utf-8
host: localhost:30029
accept: */*

Response DefaultHttpResponse(decodeResult: success, version: HTTP/1.1)
HTTP/1.1 200 OK
Content-Length: 14
Content-Type: application/json; charset=utf-8
cache-control: no-cache

[DEBUG] Adding key: http://localhost:30029 for channel [id: 0x139f9055, L:/127.0.0.1:58063 - R:localhost/127.0.0.1:30029]
  &amp#27;[32mThen &amp#27;[0m&amp#27;[32mUser clicks on logout button&amp#27;[0m                                                                                                                          &amp#27;[90m# stepDefinition.Login.user_clicks_on_logout_button()&amp#27;[0m
[DEBUG] Using pooled Channel '[id: 0x139f9055, L:/127.0.0.1:58063 - R:localhost/127.0.0.1:30029]' for 'DELETE' to 'http://localhost:30029/session/af48b23c74633ec238c17eefeb3fbba8/window'
[DEBUG] Using open Channel [id: 0x139f9055, L:/127.0.0.1:58063 - R:localhost/127.0.0.1:30029] for DELETE '/session/af48b23c74633ec238c17eefeb3fbba8/window'
[DEBUG] Unexpected I/O exception on channel [id: 0x966db5ad, L:/127.0.0.1:58071 - R:localhost/127.0.0.1:58064]
java.net.SocketException: Connection reset
	at java.base/sun.nio.ch.SocketChannelImpl.throwConnectionReset(SocketChannelImpl.java:394) ~[na:na]
	at java.base/sun.nio.ch.SocketChannelImpl.read(SocketChannelImpl.java:426) ~[na:na]
	at io.netty.buffer.PooledByteBuf.setBytes(PooledByteBuf.java:256) ~[netty-buffer-4.1.90.Final.jar:4.1.90.Final]
	at io.netty.buffer.AbstractByteBuf.writeBytes(AbstractByteBuf.java:1132) ~[netty-buffer-4.1.90.Final.jar:4.1.90.Final]
	at io.netty.channel.socket.nio.NioSocketChannel.doReadBytes(NioSocketChannel.java:357) ~[netty-transport-4.1.90.Final.jar:4.1.90.Final]
	at io.netty.channel.nio.AbstractNioByteChannel$NioByteUnsafe.read(AbstractNioByteChannel.java:151) ~[netty-transport-4.1.90.Final.jar:4.1.90.Final]
	at io.netty.channel.nio.NioEventLoop.processSelectedKey(NioEventLoop.java:788) ~[netty-transport-4.1.90.Final.jar:4.1.90.Final]
	at io.netty.channel.nio.NioEventLoop.processSelectedKeysOptimized(NioEventLoop.java:724) ~[netty-transport-4.1.90.Final.jar:4.1.90.Final]
	at io.netty.channel.nio.NioEventLoop.processSelectedKeys(NioEventLoop.java:650) ~[netty-transport-4.1.90.Final.jar:4.1.90.Final]
	at io.netty.channel.nio.NioEventLoop.run(NioEventLoop.java:562) ~[netty-transport-4.1.90.Final.jar:4.1.90.Final]
	at io.netty.util.concurrent.SingleThreadEventExecutor$4.run(SingleThreadEventExecutor.java:997) ~[netty-common-4.1.90.Final.jar:4.1.90.Final]
	at io.netty.util.internal.ThreadExecutorMap$2.run(ThreadExecutorMap.java:74) ~[netty-common-4.1.90.Final.jar:4.1.90.Final]
	at io.netty.util.concurrent.FastThreadLocalRunnable.run(FastThreadLocalRunnable.java:30) ~[netty-common-4.1.90.Final.jar:4.1.90.Final]
	at java.base/java.lang.Thread.run(Thread.java:833) ~[na:na]
[DEBUG] Unexpected I/O exception on channel [id: 0x779d6f90, L:/127.0.0.1:58072 - R:localhost/127.0.0.1:58064]
java.net.SocketException: Connection reset
	at java.base/sun.nio.ch.SocketChannelImpl.throwConnectionReset(SocketChannelImpl.java:394) ~[na:na]
	at java.base/sun.nio.ch.SocketChannelImpl.read(SocketChannelImpl.java:426) ~[na:na]
	at io.netty.buffer.PooledByteBuf.setBytes(PooledByteBuf.java:256) ~[netty-buffer-4.1.90.Final.jar:4.1.90.Final]
	at io.netty.buffer.AbstractByteBuf.writeBytes(AbstractByteBuf.java:1132) ~[netty-buffer-4.1.90.Final.jar:4.1.90.Final]
	at io.netty.channel.socket.nio.NioSocketChannel.doReadBytes(NioSocketChannel.java:357) ~[netty-transport-4.1.90.Final.jar:4.1.90.Final]
	at io.netty.channel.nio.AbstractNioByteChannel$NioByteUnsafe.read(AbstractNioByteChannel.java:151) ~[netty-transport-4.1.90.Final.jar:4.1.90.Final]
	at io.netty.channel.nio.NioEventLoop.processSelectedKey(NioEventLoop.java:788) ~[netty-transport-4.1.90.Final.jar:4.1.90.Final]
	at io.netty.channel.nio.NioEventLoop.processSelectedKeysOptimized(NioEventLoop.java:724) ~[netty-transport-4.1.90.Final.jar:4.1.90.Final]
	at io.netty.channel.nio.NioEventLoop.processSelectedKeys(NioEventLoop.java:650) ~[netty-transport-4.1.90.Final.jar:4.1.90.Final]
	at io.netty.channel.nio.NioEventLoop.run(NioEventLoop.java:562) ~[netty-transport-4.1.90.Final.jar:4.1.90.Final]
	at io.netty.util.concurrent.SingleThreadEventExecutor$4.run(SingleThreadEventExecutor.java:997) ~[netty-common-4.1.90.Final.jar:4.1.90.Final]
	at io.netty.util.internal.ThreadExecutorMap$2.run(ThreadExecutorMap.java:74) ~[netty-common-4.1.90.Final.jar:4.1.90.Final]
	at io.netty.util.concurrent.FastThreadLocalRunnable.run(FastThreadLocalRunnable.java:30) ~[netty-common-4.1.90.Final.jar:4.1.90.Final]
	at java.base/java.lang.Thread.run(Thread.java:833) ~[na:na]
[DEBUG] Closing Channel [id: 0x966db5ad, L:/127.0.0.1:58071 - R:localhost/127.0.0.1:58064] 
[DEBUG] Was unable to recover Future: NettyResponseFuture{currentRetry=0,
	isDone=1,
	isCancelled=0,
	asyncHandler=org.asynchttpclient.ws.WebSocketUpgradeHandler@3e0ea5e5,
	nettyRequest=org.asynchttpclient.netty.request.NettyRequest@4fadd4df,
	future=java.util.concurrent.CompletableFuture@772ecc8d[Completed normally],
	uri=ws://localhost:58064/devtools/browser/2f4e5d8b-5f3f-405a-a910-6726b650e4ef,
	keepAlive=true,
	redirectCount=0,
	timeoutsHolder=null,
	inAuth=0,
	touch=1686681431385}
[DEBUG] Closing Channel [id: 0x779d6f90, L:/127.0.0.1:58072 - R:localhost/127.0.0.1:58064] 
[DEBUG] Channel Closed: [id: 0x966db5ad, L:/127.0.0.1:58071 ! R:localhost/127.0.0.1:58064] with attribute DISCARD
[WARN] onError
java.net.SocketException: Connection reset
	at java.base/sun.nio.ch.SocketChannelImpl.throwConnectionReset(SocketChannelImpl.java:394) ~[na:na]
	at java.base/sun.nio.ch.SocketChannelImpl.read(SocketChannelImpl.java:426) ~[na:na]
	at io.netty.buffer.PooledByteBuf.setBytes(PooledByteBuf.java:256) ~[netty-buffer-4.1.90.Final.jar:4.1.90.Final]
	at io.netty.buffer.AbstractByteBuf.writeBytes(AbstractByteBuf.java:1132) ~[netty-buffer-4.1.90.Final.jar:4.1.90.Final]
	at io.netty.channel.socket.nio.NioSocketChannel.doReadBytes(NioSocketChannel.java:357) ~[netty-transport-4.1.90.Final.jar:4.1.90.Final]
	at io.netty.channel.nio.AbstractNioByteChannel$NioByteUnsafe.read(AbstractNioByteChannel.java:151) ~[netty-transport-4.1.90.Final.jar:4.1.90.Final]
	at io.netty.channel.nio.NioEventLoop.processSelectedKey(NioEventLoop.java:788) ~[netty-transport-4.1.90.Final.jar:4.1.90.Final]
	at io.netty.channel.nio.NioEventLoop.processSelectedKeysOptimized(NioEventLoop.java:724) ~[netty-transport-4.1.90.Final.jar:4.1.90.Final]
	at io.netty.channel.nio.NioEventLoop.processSelectedKeys(NioEventLoop.java:650) ~[netty-transport-4.1.90.Final.jar:4.1.90.Final]
	at io.netty.channel.nio.NioEventLoop.run(NioEventLoop.java:562) ~[netty-transport-4.1.90.Final.jar:4.1.90.Final]
	at io.netty.util.concurrent.SingleThreadEventExecutor$4.run(SingleThreadEventExecutor.java:997) ~[netty-common-4.1.90.Final.jar:4.1.90.Final]
	at io.netty.util.internal.ThreadExecutorMap$2.run(ThreadExecutorMap.java:74) ~[netty-common-4.1.90.Final.jar:4.1.90.Final]
	at io.netty.util.concurrent.FastThreadLocalRunnable.run(FastThreadLocalRunnable.java:30) ~[netty-common-4.1.90.Final.jar:4.1.90.Final]
	at java.base/java.lang.Thread.run(Thread.java:833) ~[na:na]
[DEBUG] Closing Channel [id: 0x779d6f90, L:/127.0.0.1:58072 ! R:localhost/127.0.0.1:58064] 
[DEBUG] Channel Closed: [id: 0x779d6f90, L:/127.0.0.1:58072 ! R:localhost/127.0.0.1:58064] with attribute DISCARD
[DEBUG] 

Request DefaultFullHttpRequest(decodeResult: success, version: HTTP/1.1, content: EmptyByteBufBE)
DELETE /session/af48b23c74633ec238c17eefeb3fbba8/window HTTP/1.1
User-Agent: selenium/4.8.3 (java windows)
Content-Type: application/json; charset=utf-8
host: localhost:30029
accept: */*

Response DefaultHttpResponse(decodeResult: success, version: HTTP/1.1)
HTTP/1.1 200 OK
Content-Length: 12
Content-Type: application/json; charset=utf-8
cache-control: no-cache

[DEBUG] Adding key: http://localhost:30029 for channel [id: 0x139f9055, L:/127.0.0.1:58063 - R:localhost/127.0.0.1:30029]
[DEBUG] Using pooled Channel '[id: 0x139f9055, L:/127.0.0.1:58063 - R:localhost/127.0.0.1:30029]' for 'DELETE' to 'http://localhost:30029/session/af48b23c74633ec238c17eefeb3fbba8'
[DEBUG] Using open Channel [id: 0x139f9055, L:/127.0.0.1:58063 - R:localhost/127.0.0.1:30029] for DELETE '/session/af48b23c74633ec238c17eefeb3fbba8'
[DEBUG] Entry count for : http://localhost:58064 : 1
[DEBUG] Adding Candidate expired Channel [id: 0x966db5ad, L:/127.0.0.1:58071 ! R:localhost/127.0.0.1:58064] isIdleTimeoutExpired=false isRemotelyClosed=true isTtlExpired=false
[DEBUG] Closing Idle Channel [id: 0x966db5ad, L:/127.0.0.1:58071 ! R:localhost/127.0.0.1:58064]
[DEBUG] Closed 1 connections out of 1 in 0 ms
[DEBUG] 

Request DefaultFullHttpRequest(decodeResult: success, version: HTTP/1.1, content: EmptyByteBufBE)
DELETE /session/af48b23c74633ec238c17eefeb3fbba8 HTTP/1.1
User-Agent: selenium/4.8.3 (java windows)
Content-Type: application/json; charset=utf-8
host: localhost:30029
accept: */*

Response DefaultHttpResponse(decodeResult: success, version: HTTP/1.1)
HTTP/1.1 200 OK
Content-Length: 14
Content-Type: application/json; charset=utf-8
cache-control: no-cache

[DEBUG] Adding key: http://localhost:30029 for channel [id: 0x139f9055, L:/127.0.0.1:58063 - R:localhost/127.0.0.1:30029]
[DEBUG] Channel Closed: [id: 0x139f9055, L:/127.0.0.1:58063 ! R:localhost/127.0.0.1:30029] with attribute DISCARD
  &amp#27;[32mThen &amp#27;[0m&amp#27;[32mUser close the browser&amp#27;[0m                                                                                                                                &amp#27;[90m# stepDefinition.Login.user_close_the_browser()&amp#27;[0m
      &amp#27;[31morg.openqa.selenium.NoSuchSessionException: Session ID is null. Using WebDriver after calling quit()?
Build info: version: '4.8.3', revision: 'e5e76298c3'
System info: os.name: 'Windows 11', os.arch: 'amd64', os.version: '10.0', java.version: '17.0.7'
Driver info: org.openqa.selenium.chrome.ChromeDriver
Command: [null, close {}]
Capabilities {acceptInsecureCerts: false, browserName: chrome, browserVersion: 114.0.5735.110, chrome: {chromedriverVersion: 114.0.5735.90 (386bc09e8f4f..., userDataDir: C:\Users\ABHINAV\AppData\Lo...}, goog:chromeOptions: {debuggerAddress: localhost:58064}, networkConnectionEnabled: false, pageLoadStrategy: normal, platformName: WINDOWS, proxy: Proxy(), se:cdp: ws://localhost:58064/devtoo..., se:cdpVersion: 114.0.5735.110, setWindowRect: true, strictFileInteractability: false, timeouts: {implicit: 0, pageLoad: 300000, script: 30000}, unhandledPromptBehavior: dismiss and notify, webauthn:extension:credBlob: true, webauthn:extension:largeBlob: true, webauthn:extension:minPinLength: true, webauthn:extension:prf: true, webauthn:virtualAuthenticators: true}
	at org.openqa.selenium.remote.HttpCommandExecutor.execute(HttpCommandExecutor.java:154)
	at org.openqa.selenium.remote.service.DriverCommandExecutor.invokeExecute(DriverCommandExecutor.java:183)
	at org.openqa.selenium.remote.service.DriverCommandExecutor.execute(DriverCommandExecutor.java:158)
	at org.openqa.selenium.remote.RemoteWebDriver.execute(RemoteWebDriver.java:543)
	at org.openqa.selenium.remote.RemoteWebDriver.execute(RemoteWebDriver.java:598)
	at org.openqa.selenium.remote.RemoteWebDriver.execute(RemoteWebDriver.java:602)
	at org.openqa.selenium.remote.RemoteWebDriver.close(RemoteWebDriver.java:419)
	at stepDefinition.Login.tearDown(Login.java:44)
&amp#27;[0m
]]></system-out>
    <system-err><![CDATA[Starting ChromeDriver 114.0.5735.90 (386bc09e8f4f2e025eddae123f36f6263096ae49-refs/branch-heads/5735@{#1052}) on port 30029
Only local connections are allowed.
Please see https://chromedriver.chromium.org/security-considerations for suggestions on keeping ChromeDriver safe.
ChromeDriver was started successfully.
Jun 14, 2023 12:06:57 AM org.openqa.selenium.devtools.CdpVersionFinder findNearestMatch
WARNING: Unable to find an exact match for CDP version 114, so returning the closest version found: 111
Jun 14, 2023 12:07:11 AM org.openqa.selenium.remote.http.WebSocket$Listener onError
WARNING: Connection reset
java.net.SocketException: Connection reset
	at java.base/sun.nio.ch.SocketChannelImpl.throwConnectionReset(SocketChannelImpl.java:394)
	at java.base/sun.nio.ch.SocketChannelImpl.read(SocketChannelImpl.java:426)
	at io.netty.buffer.PooledByteBuf.setBytes(PooledByteBuf.java:256)
	at io.netty.buffer.AbstractByteBuf.writeBytes(AbstractByteBuf.java:1132)
	at io.netty.channel.socket.nio.NioSocketChannel.doReadBytes(NioSocketChannel.java:357)
	at io.netty.channel.nio.AbstractNioByteChannel$NioByteUnsafe.read(AbstractNioByteChannel.java:151)
	at io.netty.channel.nio.NioEventLoop.processSelectedKey(NioEventLoop.java:788)
	at io.netty.channel.nio.NioEventLoop.processSelectedKeysOptimized(NioEventLoop.java:724)
	at io.netty.channel.nio.NioEventLoop.processSelectedKeys(NioEventLoop.java:650)
	at io.netty.channel.nio.NioEventLoop.run(NioEventLoop.java:562)
	at io.netty.util.concurrent.SingleThreadEventExecutor$4.run(SingleThreadEventExecutor.java:997)
	at io.netty.util.internal.ThreadExecutorMap$2.run(ThreadExecutorMap.java:74)
	at io.netty.util.concurrent.FastThreadLocalRunnable.run(FastThreadLocalRunnable.java:30)
	at java.base/java.lang.Thread.run(Thread.java:833)

]]></system-err>
  </testcase>
  <testcase name="runScenario" classname="Runner.TestRunner2024" time="13.302">
    <failure message="Session ID is null. Using WebDriver after calling quit()?&#10;Build info: version: &apos;4.8.3&apos;, revision: &apos;e5e76298c3&apos;&#10;System info: os.name: &apos;Windows 11&apos;, os.arch: &apos;amd64&apos;, os.version: &apos;10.0&apos;, java.version: &apos;17.0.7&apos;&#10;Driver info: org.openqa.selenium.chrome.ChromeDriver&#10;Command: [null, close {}]&#10;Capabilities {acceptInsecureCerts: false, browserName: chrome, browserVersion: 114.0.5735.110, chrome: {chromedriverVersion: 114.0.5735.90 (386bc09e8f4f..., userDataDir: C:\Users\ABHINAV\AppData\Lo...}, goog:chromeOptions: {debuggerAddress: localhost:58096}, networkConnectionEnabled: false, pageLoadStrategy: normal, platformName: WINDOWS, proxy: Proxy(), se:cdp: ws://localhost:58096/devtoo..., se:cdpVersion: 114.0.5735.110, setWindowRect: true, strictFileInteractability: false, timeouts: {implicit: 0, pageLoad: 300000, script: 30000}, unhandledPromptBehavior: dismiss and notify, webauthn:extension:credBlob: true, webauthn:extension:largeBlob: true, webauthn:extension:minPinLength: true, webauthn:extension:prf: true, webauthn:virtualAuthenticators: true}" type="org.openqa.selenium.NoSuchSessionException">org.openqa.selenium.NoSuchSessionException: 
Session ID is null. Using WebDriver after calling quit()?
Build info: version: '4.8.3', revision: 'e5e76298c3'
System info: os.name: 'Windows 11', os.arch: 'amd64', os.version: '10.0', java.version: '17.0.7'
Driver info: org.openqa.selenium.chrome.ChromeDriver
Command: [null, close {}]
Capabilities {acceptInsecureCerts: false, browserName: chrome, browserVersion: 114.0.5735.110, chrome: {chromedriverVersion: 114.0.5735.90 (386bc09e8f4f..., userDataDir: C:\Users\ABHINAV\AppData\Lo...}, goog:chromeOptions: {debuggerAddress: localhost:58096}, networkConnectionEnabled: false, pageLoadStrategy: normal, platformName: WINDOWS, proxy: Proxy(), se:cdp: ws://localhost:58096/devtoo..., se:cdpVersion: 114.0.5735.110, setWindowRect: true, strictFileInteractability: false, timeouts: {implicit: 0, pageLoad: 300000, script: 30000}, unhandledPromptBehavior: dismiss and notify, webauthn:extension:credBlob: true, webauthn:extension:largeBlob: true, webauthn:extension:minPinLength: true, webauthn:extension:prf: true, webauthn:virtualAuthenticators: true}
</failure>
    <system-out><![CDATA[
@Search
Scenario Outline: Search the Added customer                          &amp#27;[90m# Feature/Customer.feature:43&amp#27;[0m
[DEBUG] Resolution chrome=114 in cache (valid until 00:14:31 14/06/2023 IST)
[DEBUG] Resolution chrome114=114.0.5735.90 in cache (valid until 22:13:20 14/06/2023 IST)
[INFO] Using chromedriver 114.0.5735.90 (resolved driver for Chrome 114)
[DEBUG] Driver chromedriver 114.0.5735.90 found in cache
[INFO] Exporting webdriver.chrome.driver as C:\Users\ABHINAV\.cache\selenium\chromedriver\win32\114.0.5735.90\chromedriver.exe
[DEBUG] Using new Channel '[id: 0xf632b182, L:/127.0.0.1:58095 - R:localhost/127.0.0.1:20193]' for 'POST' to '/session'
[DEBUG] 

Request DefaultHttpRequest(decodeResult: success, version: HTTP/1.1)
POST /session HTTP/1.1
User-Agent: selenium/4.8.3 (java windows)
Content-Length: 439
Content-Type: application/json; charset=utf-8
host: localhost:20193
accept: */*

Response DefaultHttpResponse(decodeResult: success, version: HTTP/1.1)
HTTP/1.1 200 OK
Content-Length: 862
Content-Type: application/json; charset=utf-8
cache-control: no-cache

[DEBUG] Adding key: http://localhost:20193 for channel [id: 0xf632b182, L:/127.0.0.1:58095 - R:localhost/127.0.0.1:20193]
[DEBUG] Using new Channel '[id: 0x46e853cf, L:/127.0.0.1:58102 - R:localhost/127.0.0.1:58096]' for 'GET' to '/json/version'
[DEBUG] 

Request DefaultFullHttpRequest(decodeResult: success, version: HTTP/1.1, content: EmptyByteBufBE)
GET /json/version HTTP/1.1
User-Agent: selenium/4.8.3 (java windows)
host: localhost:58096
accept: */*

Response DefaultHttpResponse(decodeResult: success, version: HTTP/1.1)
HTTP/1.1 200 OK
Content-Security-Policy: frame-ancestors 'none'
Content-Length: 424
Content-Type: application/json; charset=UTF-8

[DEBUG] Adding key: http://localhost:58096 for channel [id: 0x46e853cf, L:/127.0.0.1:58102 - R:localhost/127.0.0.1:58096]
[DEBUG] Using new Channel '[id: 0xb8cf5843, L:/127.0.0.1:58103 - R:localhost/127.0.0.1:58096]' for 'GET' to '/devtools/browser/d5db2798-a107-471b-aac2-ef6e60d179b4'
[DEBUG] 

Request DefaultFullHttpRequest(decodeResult: success, version: HTTP/1.1, content: EmptyByteBufBE)
GET /devtools/browser/d5db2798-a107-471b-aac2-ef6e60d179b4 HTTP/1.1
upgrade: websocket
connection: upgrade
sec-websocket-key: vtwWiEwFxJg76AOwxG3vAA==
sec-websocket-version: 13
origin: http://localhost:58096
host: localhost:58096
accept: */*
user-agent: AHC/2.1

Response DefaultHttpResponse(decodeResult: success, version: HTTP/1.1)
HTTP/1.1 101 WebSocket Protocol Handshake
Upgrade: WebSocket
Connection: Upgrade
Sec-WebSocket-Accept: rd6K4hsMvUBRviRVQSo5tfxKdj4=

[DEBUG] Using pooled Channel '[id: 0xf632b182, L:/127.0.0.1:58095 - R:localhost/127.0.0.1:20193]' for 'DELETE' to 'http://localhost:20193/session/4a0114effe34d03e2cbd68e333f9e001/cookie'
[DEBUG] Using open Channel [id: 0xf632b182, L:/127.0.0.1:58095 - R:localhost/127.0.0.1:20193] for DELETE '/session/4a0114effe34d03e2cbd68e333f9e001/cookie'
[DEBUG] 

Request DefaultFullHttpRequest(decodeResult: success, version: HTTP/1.1, content: EmptyByteBufBE)
DELETE /session/4a0114effe34d03e2cbd68e333f9e001/cookie HTTP/1.1
User-Agent: selenium/4.8.3 (java windows)
Content-Type: application/json; charset=utf-8
host: localhost:20193
accept: */*

Response DefaultHttpResponse(decodeResult: success, version: HTTP/1.1)
HTTP/1.1 200 OK
Content-Length: 14
Content-Type: application/json; charset=utf-8
cache-control: no-cache

[DEBUG] Adding key: http://localhost:20193 for channel [id: 0xf632b182, L:/127.0.0.1:58095 - R:localhost/127.0.0.1:20193]
[DEBUG] Using pooled Channel '[id: 0xf632b182, L:/127.0.0.1:58095 - R:localhost/127.0.0.1:20193]' for 'POST' to 'http://localhost:20193/session/4a0114effe34d03e2cbd68e333f9e001/window/maximize'
[DEBUG] Using open Channel [id: 0xf632b182, L:/127.0.0.1:58095 - R:localhost/127.0.0.1:20193] for POST '/session/4a0114effe34d03e2cbd68e333f9e001/window/maximize'
[DEBUG] Entry count for : http://localhost:30029 : 1
[DEBUG] Entry count for : http://localhost:58096 : 1
[DEBUG] Adding Candidate expired Channel [id: 0x139f9055, L:/127.0.0.1:58063 ! R:localhost/127.0.0.1:30029] isIdleTimeoutExpired=false isRemotelyClosed=true isTtlExpired=false
[DEBUG] Closing Idle Channel [id: 0x139f9055, L:/127.0.0.1:58063 ! R:localhost/127.0.0.1:30029]
[DEBUG] Closed 1 connections out of 2 in 0 ms
[DEBUG] 

Request DefaultHttpRequest(decodeResult: success, version: HTTP/1.1)
POST /session/4a0114effe34d03e2cbd68e333f9e001/window/maximize HTTP/1.1
User-Agent: selenium/4.8.3 (java windows)
Content-Length: 3
Content-Type: application/json; charset=utf-8
host: localhost:20193
accept: */*

Response DefaultHttpResponse(decodeResult: success, version: HTTP/1.1)
HTTP/1.1 200 OK
Content-Length: 51
Content-Type: application/json; charset=utf-8
cache-control: no-cache

[DEBUG] Adding key: http://localhost:20193 for channel [id: 0xf632b182, L:/127.0.0.1:58095 - R:localhost/127.0.0.1:20193]
[DEBUG] Using pooled Channel '[id: 0xf632b182, L:/127.0.0.1:58095 - R:localhost/127.0.0.1:20193]' for 'POST' to 'http://localhost:20193/session/4a0114effe34d03e2cbd68e333f9e001/timeouts'
[DEBUG] Using open Channel [id: 0xf632b182, L:/127.0.0.1:58095 - R:localhost/127.0.0.1:20193] for POST '/session/4a0114effe34d03e2cbd68e333f9e001/timeouts'
[DEBUG] 

Request DefaultHttpRequest(decodeResult: success, version: HTTP/1.1)
POST /session/4a0114effe34d03e2cbd68e333f9e001/timeouts HTTP/1.1
User-Agent: selenium/4.8.3 (java windows)
Content-Length: 23
Content-Type: application/json; charset=utf-8
host: localhost:20193
accept: */*

Response DefaultHttpResponse(decodeResult: success, version: HTTP/1.1)
HTTP/1.1 200 OK
Content-Length: 14
Content-Type: application/json; charset=utf-8
cache-control: no-cache

[DEBUG] Adding key: http://localhost:20193 for channel [id: 0xf632b182, L:/127.0.0.1:58095 - R:localhost/127.0.0.1:20193]
  &amp#27;[32mGiven &amp#27;[0m&amp#27;[32mUser launch chrome browser&amp#27;[0m                                   &amp#27;[90m# stepDefinition.Login.user_launch_chrome_browser()&amp#27;[0m
[DEBUG] Using pooled Channel '[id: 0xf632b182, L:/127.0.0.1:58095 - R:localhost/127.0.0.1:20193]' for 'POST' to 'http://localhost:20193/session/4a0114effe34d03e2cbd68e333f9e001/url'
[DEBUG] Using open Channel [id: 0xf632b182, L:/127.0.0.1:58095 - R:localhost/127.0.0.1:20193] for POST '/session/4a0114effe34d03e2cbd68e333f9e001/url'
[DEBUG] Entry count for : http://localhost:58096 : 1
[DEBUG] 

Request DefaultHttpRequest(decodeResult: success, version: HTTP/1.1)
POST /session/4a0114effe34d03e2cbd68e333f9e001/url HTTP/1.1
User-Agent: selenium/4.8.3 (java windows)
Content-Length: 70
Content-Type: application/json; charset=utf-8
host: localhost:20193
accept: */*

Response DefaultHttpResponse(decodeResult: success, version: HTTP/1.1)
HTTP/1.1 200 OK
Content-Length: 14
Content-Type: application/json; charset=utf-8
cache-control: no-cache

[DEBUG] Adding key: http://localhost:20193 for channel [id: 0xf632b182, L:/127.0.0.1:58095 - R:localhost/127.0.0.1:20193]
[DEBUG] Using pooled Channel '[id: 0xf632b182, L:/127.0.0.1:58095 - R:localhost/127.0.0.1:20193]' for 'GET' to 'http://localhost:20193/session/4a0114effe34d03e2cbd68e333f9e001/title'
[DEBUG] Using open Channel [id: 0xf632b182, L:/127.0.0.1:58095 - R:localhost/127.0.0.1:20193] for GET '/session/4a0114effe34d03e2cbd68e333f9e001/title'
[DEBUG] 

Request DefaultFullHttpRequest(decodeResult: success, version: HTTP/1.1, content: EmptyByteBufBE)
GET /session/4a0114effe34d03e2cbd68e333f9e001/title HTTP/1.1
User-Agent: selenium/4.8.3 (java windows)
Cache-Control: no-cache
Content-Type: application/json; charset=utf-8
host: localhost:20193
accept: */*

Response DefaultHttpResponse(decodeResult: success, version: HTTP/1.1)
HTTP/1.1 200 OK
Content-Length: 29
Content-Type: application/json; charset=utf-8
cache-control: no-cache

[DEBUG] Adding key: http://localhost:20193 for channel [id: 0xf632b182, L:/127.0.0.1:58095 - R:localhost/127.0.0.1:20193]
  &amp#27;[32mWhen &amp#27;[0m&amp#27;[32mUser opens URL &amp#27;[0m&amp#27;[32m&amp#27;[1m"https://admin-demo.nopcommerce.com/login"&amp#27;[0m     &amp#27;[90m# stepDefinition.Login.user_opens_url(java.lang.String)&amp#27;[0m
[DEBUG] Using pooled Channel '[id: 0xf632b182, L:/127.0.0.1:58095 - R:localhost/127.0.0.1:20193]' for 'POST' to 'http://localhost:20193/session/4a0114effe34d03e2cbd68e333f9e001/element'
[DEBUG] Using open Channel [id: 0xf632b182, L:/127.0.0.1:58095 - R:localhost/127.0.0.1:20193] for POST '/session/4a0114effe34d03e2cbd68e333f9e001/element'
[DEBUG] 

Request DefaultHttpRequest(decodeResult: success, version: HTTP/1.1)
POST /session/4a0114effe34d03e2cbd68e333f9e001/element HTTP/1.1
User-Agent: selenium/4.8.3 (java windows)
Content-Length: 67
Content-Type: application/json; charset=utf-8
host: localhost:20193
accept: */*

Response DefaultHttpResponse(decodeResult: success, version: HTTP/1.1)
HTTP/1.1 200 OK
Content-Length: 94
Content-Type: application/json; charset=utf-8
cache-control: no-cache

[DEBUG] Adding key: http://localhost:20193 for channel [id: 0xf632b182, L:/127.0.0.1:58095 - R:localhost/127.0.0.1:20193]
[DEBUG] Using pooled Channel '[id: 0xf632b182, L:/127.0.0.1:58095 - R:localhost/127.0.0.1:20193]' for 'POST' to 'http://localhost:20193/session/4a0114effe34d03e2cbd68e333f9e001/element/40278478ED5271B8113919B21D847FAD_element_2/clear'
[DEBUG] Using open Channel [id: 0xf632b182, L:/127.0.0.1:58095 - R:localhost/127.0.0.1:20193] for POST '/session/4a0114effe34d03e2cbd68e333f9e001/element/40278478ED5271B8113919B21D847FAD_element_2/clear'
[DEBUG] 

Request DefaultHttpRequest(decodeResult: success, version: HTTP/1.1)
POST /session/4a0114effe34d03e2cbd68e333f9e001/element/40278478ED5271B8113919B21D847FAD_element_2/clear HTTP/1.1
User-Agent: selenium/4.8.3 (java windows)
Content-Length: 56
Content-Type: application/json; charset=utf-8
host: localhost:20193
accept: */*

Response DefaultHttpResponse(decodeResult: success, version: HTTP/1.1)
HTTP/1.1 200 OK
Content-Length: 14
Content-Type: application/json; charset=utf-8
cache-control: no-cache

[DEBUG] Adding key: http://localhost:20193 for channel [id: 0xf632b182, L:/127.0.0.1:58095 - R:localhost/127.0.0.1:20193]
[DEBUG] Using pooled Channel '[id: 0xf632b182, L:/127.0.0.1:58095 - R:localhost/127.0.0.1:20193]' for 'POST' to 'http://localhost:20193/session/4a0114effe34d03e2cbd68e333f9e001/element'
[DEBUG] Using open Channel [id: 0xf632b182, L:/127.0.0.1:58095 - R:localhost/127.0.0.1:20193] for POST '/session/4a0114effe34d03e2cbd68e333f9e001/element'
[DEBUG] 

Request DefaultHttpRequest(decodeResult: success, version: HTTP/1.1)
POST /session/4a0114effe34d03e2cbd68e333f9e001/element HTTP/1.1
User-Agent: selenium/4.8.3 (java windows)
Content-Length: 67
Content-Type: application/json; charset=utf-8
host: localhost:20193
accept: */*

Response DefaultHttpResponse(decodeResult: success, version: HTTP/1.1)
HTTP/1.1 200 OK
Content-Length: 94
Content-Type: application/json; charset=utf-8
cache-control: no-cache

[DEBUG] Adding key: http://localhost:20193 for channel [id: 0xf632b182, L:/127.0.0.1:58095 - R:localhost/127.0.0.1:20193]
[DEBUG] Using pooled Channel '[id: 0xf632b182, L:/127.0.0.1:58095 - R:localhost/127.0.0.1:20193]' for 'POST' to 'http://localhost:20193/session/4a0114effe34d03e2cbd68e333f9e001/element/40278478ED5271B8113919B21D847FAD_element_2/value'
[DEBUG] Using open Channel [id: 0xf632b182, L:/127.0.0.1:58095 - R:localhost/127.0.0.1:20193] for POST '/session/4a0114effe34d03e2cbd68e333f9e001/element/40278478ED5271B8113919B21D847FAD_element_2/value'
[DEBUG] 

Request DefaultHttpRequest(decodeResult: success, version: HTTP/1.1)
POST /session/4a0114effe34d03e2cbd68e333f9e001/element/40278478ED5271B8113919B21D847FAD_element_2/value HTTP/1.1
User-Agent: selenium/4.8.3 (java windows)
Content-Length: 277
Content-Type: application/json; charset=utf-8
host: localhost:20193
accept: */*

Response DefaultHttpResponse(decodeResult: success, version: HTTP/1.1)
HTTP/1.1 200 OK
Content-Length: 14
Content-Type: application/json; charset=utf-8
cache-control: no-cache

[DEBUG] Adding key: http://localhost:20193 for channel [id: 0xf632b182, L:/127.0.0.1:58095 - R:localhost/127.0.0.1:20193]
[DEBUG] Using pooled Channel '[id: 0xf632b182, L:/127.0.0.1:58095 - R:localhost/127.0.0.1:20193]' for 'POST' to 'http://localhost:20193/session/4a0114effe34d03e2cbd68e333f9e001/element'
[DEBUG] Using open Channel [id: 0xf632b182, L:/127.0.0.1:58095 - R:localhost/127.0.0.1:20193] for POST '/session/4a0114effe34d03e2cbd68e333f9e001/element'
[DEBUG] 

Request DefaultHttpRequest(decodeResult: success, version: HTTP/1.1)
POST /session/4a0114effe34d03e2cbd68e333f9e001/element HTTP/1.1
User-Agent: selenium/4.8.3 (java windows)
Content-Length: 70
Content-Type: application/json; charset=utf-8
host: localhost:20193
accept: */*

Response DefaultHttpResponse(decodeResult: success, version: HTTP/1.1)
HTTP/1.1 200 OK
Content-Length: 94
Content-Type: application/json; charset=utf-8
cache-control: no-cache

[DEBUG] Adding key: http://localhost:20193 for channel [id: 0xf632b182, L:/127.0.0.1:58095 - R:localhost/127.0.0.1:20193]
[DEBUG] Using pooled Channel '[id: 0xf632b182, L:/127.0.0.1:58095 - R:localhost/127.0.0.1:20193]' for 'POST' to 'http://localhost:20193/session/4a0114effe34d03e2cbd68e333f9e001/element/40278478ED5271B8113919B21D847FAD_element_6/clear'
[DEBUG] Using open Channel [id: 0xf632b182, L:/127.0.0.1:58095 - R:localhost/127.0.0.1:20193] for POST '/session/4a0114effe34d03e2cbd68e333f9e001/element/40278478ED5271B8113919B21D847FAD_element_6/clear'
[DEBUG] 

Request DefaultHttpRequest(decodeResult: success, version: HTTP/1.1)
POST /session/4a0114effe34d03e2cbd68e333f9e001/element/40278478ED5271B8113919B21D847FAD_element_6/clear HTTP/1.1
User-Agent: selenium/4.8.3 (java windows)
Content-Length: 56
Content-Type: application/json; charset=utf-8
host: localhost:20193
accept: */*

Response DefaultHttpResponse(decodeResult: success, version: HTTP/1.1)
HTTP/1.1 200 OK
Content-Length: 14
Content-Type: application/json; charset=utf-8
cache-control: no-cache

[DEBUG] Adding key: http://localhost:20193 for channel [id: 0xf632b182, L:/127.0.0.1:58095 - R:localhost/127.0.0.1:20193]
[DEBUG] Using pooled Channel '[id: 0xf632b182, L:/127.0.0.1:58095 - R:localhost/127.0.0.1:20193]' for 'POST' to 'http://localhost:20193/session/4a0114effe34d03e2cbd68e333f9e001/element'
[DEBUG] Using open Channel [id: 0xf632b182, L:/127.0.0.1:58095 - R:localhost/127.0.0.1:20193] for POST '/session/4a0114effe34d03e2cbd68e333f9e001/element'
[DEBUG] 

Request DefaultHttpRequest(decodeResult: success, version: HTTP/1.1)
POST /session/4a0114effe34d03e2cbd68e333f9e001/element HTTP/1.1
User-Agent: selenium/4.8.3 (java windows)
Content-Length: 70
Content-Type: application/json; charset=utf-8
host: localhost:20193
accept: */*

Response DefaultHttpResponse(decodeResult: success, version: HTTP/1.1)
HTTP/1.1 200 OK
Content-Length: 94
Content-Type: application/json; charset=utf-8
cache-control: no-cache

[DEBUG] Adding key: http://localhost:20193 for channel [id: 0xf632b182, L:/127.0.0.1:58095 - R:localhost/127.0.0.1:20193]
[DEBUG] Using pooled Channel '[id: 0xf632b182, L:/127.0.0.1:58095 - R:localhost/127.0.0.1:20193]' for 'POST' to 'http://localhost:20193/session/4a0114effe34d03e2cbd68e333f9e001/element/40278478ED5271B8113919B21D847FAD_element_6/value'
[DEBUG] Using open Channel [id: 0xf632b182, L:/127.0.0.1:58095 - R:localhost/127.0.0.1:20193] for POST '/session/4a0114effe34d03e2cbd68e333f9e001/element/40278478ED5271B8113919B21D847FAD_element_6/value'
[DEBUG] 

Request DefaultHttpRequest(decodeResult: success, version: HTTP/1.1)
POST /session/4a0114effe34d03e2cbd68e333f9e001/element/40278478ED5271B8113919B21D847FAD_element_6/value HTTP/1.1
User-Agent: selenium/4.8.3 (java windows)
Content-Length: 137
Content-Type: application/json; charset=utf-8
host: localhost:20193
accept: */*

Response DefaultHttpResponse(decodeResult: success, version: HTTP/1.1)
HTTP/1.1 200 OK
Content-Length: 14
Content-Type: application/json; charset=utf-8
cache-control: no-cache

[DEBUG] Adding key: http://localhost:20193 for channel [id: 0xf632b182, L:/127.0.0.1:58095 - R:localhost/127.0.0.1:20193]
  &amp#27;[32mAnd &amp#27;[0m&amp#27;[32mUser enters email &amp#27;[0m&amp#27;[32m&amp#27;[1m"admin@yourstore.com"&amp#27;[0m&amp#27;[32m and Password &amp#27;[0m&amp#27;[32m&amp#27;[1m"admin"&amp#27;[0m   &amp#27;[90m# stepDefinition.Login.user_enters_email_and_password(java.lang.String,java.lang.String)&amp#27;[0m
[DEBUG] Using pooled Channel '[id: 0xf632b182, L:/127.0.0.1:58095 - R:localhost/127.0.0.1:20193]' for 'POST' to 'http://localhost:20193/session/4a0114effe34d03e2cbd68e333f9e001/element'
[DEBUG] Using open Channel [id: 0xf632b182, L:/127.0.0.1:58095 - R:localhost/127.0.0.1:20193] for POST '/session/4a0114effe34d03e2cbd68e333f9e001/element'
[DEBUG] 

Request DefaultHttpRequest(decodeResult: success, version: HTTP/1.1)
POST /session/4a0114effe34d03e2cbd68e333f9e001/element HTTP/1.1
User-Agent: selenium/4.8.3 (java windows)
Content-Length: 88
Content-Type: application/json; charset=utf-8
host: localhost:20193
accept: */*

Response DefaultHttpResponse(decodeResult: success, version: HTTP/1.1)
HTTP/1.1 200 OK
Content-Length: 94
Content-Type: application/json; charset=utf-8
cache-control: no-cache

[DEBUG] Adding key: http://localhost:20193 for channel [id: 0xf632b182, L:/127.0.0.1:58095 - R:localhost/127.0.0.1:20193]
[DEBUG] Using pooled Channel '[id: 0xf632b182, L:/127.0.0.1:58095 - R:localhost/127.0.0.1:20193]' for 'POST' to 'http://localhost:20193/session/4a0114effe34d03e2cbd68e333f9e001/element/40278478ED5271B8113919B21D847FAD_element_3/click'
[DEBUG] Using open Channel [id: 0xf632b182, L:/127.0.0.1:58095 - R:localhost/127.0.0.1:20193] for POST '/session/4a0114effe34d03e2cbd68e333f9e001/element/40278478ED5271B8113919B21D847FAD_element_3/click'
[DEBUG] Entry count for : http://localhost:58096 : 1
[DEBUG] Entry count for : http://localhost:58096 : 1
[DEBUG] Entry count for : http://localhost:58096 : 1
[DEBUG] Entry count for : http://localhost:58096 : 1
[DEBUG] Entry count for : http://localhost:58096 : 1
[DEBUG] Entry count for : http://localhost:58096 : 1
[DEBUG] 

Request DefaultHttpRequest(decodeResult: success, version: HTTP/1.1)
POST /session/4a0114effe34d03e2cbd68e333f9e001/element/40278478ED5271B8113919B21D847FAD_element_3/click HTTP/1.1
User-Agent: selenium/4.8.3 (java windows)
Content-Length: 56
Content-Type: application/json; charset=utf-8
host: localhost:20193
accept: */*

Response DefaultHttpResponse(decodeResult: success, version: HTTP/1.1)
HTTP/1.1 200 OK
Content-Length: 14
Content-Type: application/json; charset=utf-8
cache-control: no-cache

[DEBUG] Adding key: http://localhost:20193 for channel [id: 0xf632b182, L:/127.0.0.1:58095 - R:localhost/127.0.0.1:20193]
  &amp#27;[32mAnd &amp#27;[0m&amp#27;[32mUser clicks on login button&amp#27;[0m                                    &amp#27;[90m# stepDefinition.Login.user_clicks_on_login_button()&amp#27;[0m
Admin page constructor called 
Admin page constructor end 
[DEBUG] Using pooled Channel '[id: 0xf632b182, L:/127.0.0.1:58095 - R:localhost/127.0.0.1:20193]' for 'GET' to 'http://localhost:20193/session/4a0114effe34d03e2cbd68e333f9e001/title'
[DEBUG] Using open Channel [id: 0xf632b182, L:/127.0.0.1:58095 - R:localhost/127.0.0.1:20193] for GET '/session/4a0114effe34d03e2cbd68e333f9e001/title'
[DEBUG] 

Request DefaultFullHttpRequest(decodeResult: success, version: HTTP/1.1, content: EmptyByteBufBE)
GET /session/4a0114effe34d03e2cbd68e333f9e001/title HTTP/1.1
User-Agent: selenium/4.8.3 (java windows)
Cache-Control: no-cache
Content-Type: application/json; charset=utf-8
host: localhost:20193
accept: */*

Response DefaultHttpResponse(decodeResult: success, version: HTTP/1.1)
HTTP/1.1 200 OK
Content-Length: 50
Content-Type: application/json; charset=utf-8
cache-control: no-cache

[DEBUG] Adding key: http://localhost:20193 for channel [id: 0xf632b182, L:/127.0.0.1:58095 - R:localhost/127.0.0.1:20193]
Admin page title verified
  &amp#27;[32mThen &amp#27;[0m&amp#27;[32mPage title should be &amp#27;[0m&amp#27;[32m&amp#27;[1m"Dashboard / nopCommerce administration"&amp#27;[0m &amp#27;[90m# stepDefinition.Login.page_title_should_be(java.lang.String)&amp#27;[0m
[DEBUG] Using pooled Channel '[id: 0xf632b182, L:/127.0.0.1:58095 - R:localhost/127.0.0.1:20193]' for 'POST' to 'http://localhost:20193/session/4a0114effe34d03e2cbd68e333f9e001/element'
[DEBUG] Using open Channel [id: 0xf632b182, L:/127.0.0.1:58095 - R:localhost/127.0.0.1:20193] for POST '/session/4a0114effe34d03e2cbd68e333f9e001/element'
[DEBUG] 

Request DefaultHttpRequest(decodeResult: success, version: HTTP/1.1)
POST /session/4a0114effe34d03e2cbd68e333f9e001/element HTTP/1.1
User-Agent: selenium/4.8.3 (java windows)
Content-Length: 86
Content-Type: application/json; charset=utf-8
host: localhost:20193
accept: */*

Response DefaultHttpResponse(decodeResult: success, version: HTTP/1.1)
HTTP/1.1 200 OK
Content-Length: 95
Content-Type: application/json; charset=utf-8
cache-control: no-cache

[DEBUG] Adding key: http://localhost:20193 for channel [id: 0xf632b182, L:/127.0.0.1:58095 - R:localhost/127.0.0.1:20193]
[DEBUG] Using pooled Channel '[id: 0xf632b182, L:/127.0.0.1:58095 - R:localhost/127.0.0.1:20193]' for 'POST' to 'http://localhost:20193/session/4a0114effe34d03e2cbd68e333f9e001/element/B867E176928CF98652F7254AAF40D8D1_element_58/click'
[DEBUG] Using open Channel [id: 0xf632b182, L:/127.0.0.1:58095 - R:localhost/127.0.0.1:20193] for POST '/session/4a0114effe34d03e2cbd68e333f9e001/element/B867E176928CF98652F7254AAF40D8D1_element_58/click'
[DEBUG] 

Request DefaultHttpRequest(decodeResult: success, version: HTTP/1.1)
POST /session/4a0114effe34d03e2cbd68e333f9e001/element/B867E176928CF98652F7254AAF40D8D1_element_58/click HTTP/1.1
User-Agent: selenium/4.8.3 (java windows)
Content-Length: 57
Content-Type: application/json; charset=utf-8
host: localhost:20193
accept: */*

Response DefaultHttpResponse(decodeResult: success, version: HTTP/1.1)
HTTP/1.1 200 OK
Content-Length: 14
Content-Type: application/json; charset=utf-8
cache-control: no-cache

[DEBUG] Adding key: http://localhost:20193 for channel [id: 0xf632b182, L:/127.0.0.1:58095 - R:localhost/127.0.0.1:20193]
  &amp#27;[32mWhen &amp#27;[0m&amp#27;[32mUser clicks on dashboard customer&amp#27;[0m                             &amp#27;[90m# stepDefinition.Login.user_clicks_on_dashboard_customer()&amp#27;[0m
[DEBUG] Using pooled Channel '[id: 0xf632b182, L:/127.0.0.1:58095 - R:localhost/127.0.0.1:20193]' for 'POST' to 'http://localhost:20193/session/4a0114effe34d03e2cbd68e333f9e001/element'
[DEBUG] Using open Channel [id: 0xf632b182, L:/127.0.0.1:58095 - R:localhost/127.0.0.1:20193] for POST '/session/4a0114effe34d03e2cbd68e333f9e001/element'
[DEBUG] 

Request DefaultHttpRequest(decodeResult: success, version: HTTP/1.1)
POST /session/4a0114effe34d03e2cbd68e333f9e001/element HTTP/1.1
User-Agent: selenium/4.8.3 (java windows)
Content-Length: 95
Content-Type: application/json; charset=utf-8
host: localhost:20193
accept: */*

Response DefaultHttpResponse(decodeResult: success, version: HTTP/1.1)
HTTP/1.1 200 OK
Content-Length: 95
Content-Type: application/json; charset=utf-8
cache-control: no-cache

[DEBUG] Adding key: http://localhost:20193 for channel [id: 0xf632b182, L:/127.0.0.1:58095 - R:localhost/127.0.0.1:20193]
[DEBUG] Using pooled Channel '[id: 0xf632b182, L:/127.0.0.1:58095 - R:localhost/127.0.0.1:20193]' for 'POST' to 'http://localhost:20193/session/4a0114effe34d03e2cbd68e333f9e001/element/B867E176928CF98652F7254AAF40D8D1_element_65/click'
[DEBUG] Using open Channel [id: 0xf632b182, L:/127.0.0.1:58095 - R:localhost/127.0.0.1:20193] for POST '/session/4a0114effe34d03e2cbd68e333f9e001/element/B867E176928CF98652F7254AAF40D8D1_element_65/click'
[DEBUG] Entry count for : http://localhost:58096 : 1
[DEBUG] Entry count for : http://localhost:58096 : 1
[DEBUG] 

Request DefaultHttpRequest(decodeResult: success, version: HTTP/1.1)
POST /session/4a0114effe34d03e2cbd68e333f9e001/element/B867E176928CF98652F7254AAF40D8D1_element_65/click HTTP/1.1
User-Agent: selenium/4.8.3 (java windows)
Content-Length: 57
Content-Type: application/json; charset=utf-8
host: localhost:20193
accept: */*

Response DefaultHttpResponse(decodeResult: success, version: HTTP/1.1)
HTTP/1.1 200 OK
Content-Length: 14
Content-Type: application/json; charset=utf-8
cache-control: no-cache

[DEBUG] Adding key: http://localhost:20193 for channel [id: 0xf632b182, L:/127.0.0.1:58095 - R:localhost/127.0.0.1:20193]
  &amp#27;[32mAnd &amp#27;[0m&amp#27;[32mUser clicks on customer subtab&amp#27;[0m                                 &amp#27;[90m# stepDefinition.Login.user_clicks_on_customer_subtab()&amp#27;[0m
  &amp#27;[32mAnd &amp#27;[0m&amp#27;[32mSearch with an email&amp#27;[0m                                           &amp#27;[90m# stepDefinition.Login.search_with_an_email()&amp#27;[0m
  &amp#27;[32mAnd &amp#27;[0m&amp#27;[32mSelect and click on edit in search result&amp#27;[0m                      &amp#27;[90m# stepDefinition.Login.select_and_click_on_edit_in_serach_result()&amp#27;[0m
  &amp#27;[32mAnd &amp#27;[0m&amp#27;[32mDelete the record&amp#27;[0m                                              &amp#27;[90m# stepDefinition.Login.delete_the_record()&amp#27;[0m
  &amp#27;[32mAnd &amp#27;[0m&amp#27;[32mUser validate the deleted record&amp#27;[0m                               &amp#27;[90m# stepDefinition.Login.user_validate_the_deleted_record()&amp#27;[0m
[DEBUG] Using pooled Channel '[id: 0xf632b182, L:/127.0.0.1:58095 - R:localhost/127.0.0.1:20193]' for 'POST' to 'http://localhost:20193/session/4a0114effe34d03e2cbd68e333f9e001/element'
[DEBUG] Using open Channel [id: 0xf632b182, L:/127.0.0.1:58095 - R:localhost/127.0.0.1:20193] for POST '/session/4a0114effe34d03e2cbd68e333f9e001/element'
[DEBUG] 

Request DefaultHttpRequest(decodeResult: success, version: HTTP/1.1)
POST /session/4a0114effe34d03e2cbd68e333f9e001/element HTTP/1.1
User-Agent: selenium/4.8.3 (java windows)
Content-Length: 72
Content-Type: application/json; charset=utf-8
host: localhost:20193
accept: */*

Response DefaultHttpResponse(decodeResult: success, version: HTTP/1.1)
HTTP/1.1 200 OK
Content-Length: 95
Content-Type: application/json; charset=utf-8
cache-control: no-cache

[DEBUG] Adding key: http://localhost:20193 for channel [id: 0xf632b182, L:/127.0.0.1:58095 - R:localhost/127.0.0.1:20193]
[DEBUG] Using pooled Channel '[id: 0xf632b182, L:/127.0.0.1:58095 - R:localhost/127.0.0.1:20193]' for 'POST' to 'http://localhost:20193/session/4a0114effe34d03e2cbd68e333f9e001/element/B37DD6988E0F23C2E0A5340DC1F27A62_element_80/click'
[DEBUG] Using open Channel [id: 0xf632b182, L:/127.0.0.1:58095 - R:localhost/127.0.0.1:20193] for POST '/session/4a0114effe34d03e2cbd68e333f9e001/element/B37DD6988E0F23C2E0A5340DC1F27A62_element_80/click'
[DEBUG] Entry count for : http://localhost:58096 : 1
[DEBUG] 

Request DefaultHttpRequest(decodeResult: success, version: HTTP/1.1)
POST /session/4a0114effe34d03e2cbd68e333f9e001/element/B37DD6988E0F23C2E0A5340DC1F27A62_element_80/click HTTP/1.1
User-Agent: selenium/4.8.3 (java windows)
Content-Length: 57
Content-Type: application/json; charset=utf-8
host: localhost:20193
accept: */*

Response DefaultHttpResponse(decodeResult: success, version: HTTP/1.1)
HTTP/1.1 200 OK
Content-Length: 14
Content-Type: application/json; charset=utf-8
cache-control: no-cache

[DEBUG] Adding key: http://localhost:20193 for channel [id: 0xf632b182, L:/127.0.0.1:58095 - R:localhost/127.0.0.1:20193]
  &amp#27;[32mThen &amp#27;[0m&amp#27;[32mUser clicks on logout button&amp#27;[0m                                  &amp#27;[90m# stepDefinition.Login.user_clicks_on_logout_button()&amp#27;[0m
[DEBUG] Using pooled Channel '[id: 0xf632b182, L:/127.0.0.1:58095 - R:localhost/127.0.0.1:20193]' for 'DELETE' to 'http://localhost:20193/session/4a0114effe34d03e2cbd68e333f9e001/window'
[DEBUG] Using open Channel [id: 0xf632b182, L:/127.0.0.1:58095 - R:localhost/127.0.0.1:20193] for DELETE '/session/4a0114effe34d03e2cbd68e333f9e001/window'
[DEBUG] Channel Closed: [id: 0x46e853cf, L:/127.0.0.1:58102 ! R:localhost/127.0.0.1:58096] with attribute DISCARD
[DEBUG] Channel Closed: [id: 0xb8cf5843, L:/127.0.0.1:58103 ! R:localhost/127.0.0.1:58096] with attribute NettyResponseFuture{currentRetry=0,
	isDone=1,
	isCancelled=0,
	asyncHandler=org.asynchttpclient.ws.WebSocketUpgradeHandler@7fe5c705,
	nettyRequest=org.asynchttpclient.netty.request.NettyRequest@3ae7469d,
	future=java.util.concurrent.CompletableFuture@22813bb0[Completed normally],
	uri=ws://localhost:58096/devtools/browser/d5db2798-a107-471b-aac2-ef6e60d179b4,
	keepAlive=true,
	redirectCount=0,
	timeoutsHolder=null,
	inAuth=0,
	touch=1686681432420}
[DEBUG] Closing Channel [id: 0xb8cf5843, L:/127.0.0.1:58103 ! R:localhost/127.0.0.1:58096] 
[DEBUG] Entry count for : http://localhost:58096 : 1
[DEBUG] Adding Candidate expired Channel [id: 0x46e853cf, L:/127.0.0.1:58102 ! R:localhost/127.0.0.1:58096] isIdleTimeoutExpired=false isRemotelyClosed=true isTtlExpired=false
[DEBUG] Closing Idle Channel [id: 0x46e853cf, L:/127.0.0.1:58102 ! R:localhost/127.0.0.1:58096]
[DEBUG] Closed 1 connections out of 1 in 0 ms
[DEBUG] 

Request DefaultFullHttpRequest(decodeResult: success, version: HTTP/1.1, content: EmptyByteBufBE)
DELETE /session/4a0114effe34d03e2cbd68e333f9e001/window HTTP/1.1
User-Agent: selenium/4.8.3 (java windows)
Content-Type: application/json; charset=utf-8
host: localhost:20193
accept: */*

Response DefaultHttpResponse(decodeResult: success, version: HTTP/1.1)
HTTP/1.1 200 OK
Content-Length: 12
Content-Type: application/json; charset=utf-8
cache-control: no-cache

[DEBUG] Adding key: http://localhost:20193 for channel [id: 0xf632b182, L:/127.0.0.1:58095 - R:localhost/127.0.0.1:20193]
[DEBUG] Using pooled Channel '[id: 0xf632b182, L:/127.0.0.1:58095 - R:localhost/127.0.0.1:20193]' for 'DELETE' to 'http://localhost:20193/session/4a0114effe34d03e2cbd68e333f9e001'
[DEBUG] Using open Channel [id: 0xf632b182, L:/127.0.0.1:58095 - R:localhost/127.0.0.1:20193] for DELETE '/session/4a0114effe34d03e2cbd68e333f9e001'
[DEBUG] 

Request DefaultFullHttpRequest(decodeResult: success, version: HTTP/1.1, content: EmptyByteBufBE)
DELETE /session/4a0114effe34d03e2cbd68e333f9e001 HTTP/1.1
User-Agent: selenium/4.8.3 (java windows)
Content-Type: application/json; charset=utf-8
host: localhost:20193
accept: */*

Response DefaultHttpResponse(decodeResult: success, version: HTTP/1.1)
HTTP/1.1 200 OK
Content-Length: 14
Content-Type: application/json; charset=utf-8
cache-control: no-cache

[DEBUG] Adding key: http://localhost:20193 for channel [id: 0xf632b182, L:/127.0.0.1:58095 - R:localhost/127.0.0.1:20193]
[DEBUG] Channel Closed: [id: 0xf632b182, L:/127.0.0.1:58095 ! R:localhost/127.0.0.1:20193] with attribute DISCARD
  &amp#27;[32mThen &amp#27;[0m&amp#27;[32mUser close the browser&amp#27;[0m                                        &amp#27;[90m# stepDefinition.Login.user_close_the_browser()&amp#27;[0m
      &amp#27;[31morg.openqa.selenium.NoSuchSessionException: Session ID is null. Using WebDriver after calling quit()?
Build info: version: '4.8.3', revision: 'e5e76298c3'
System info: os.name: 'Windows 11', os.arch: 'amd64', os.version: '10.0', java.version: '17.0.7'
Driver info: org.openqa.selenium.chrome.ChromeDriver
Command: [null, close {}]
Capabilities {acceptInsecureCerts: false, browserName: chrome, browserVersion: 114.0.5735.110, chrome: {chromedriverVersion: 114.0.5735.90 (386bc09e8f4f..., userDataDir: C:\Users\ABHINAV\AppData\Lo...}, goog:chromeOptions: {debuggerAddress: localhost:58096}, networkConnectionEnabled: false, pageLoadStrategy: normal, platformName: WINDOWS, proxy: Proxy(), se:cdp: ws://localhost:58096/devtoo..., se:cdpVersion: 114.0.5735.110, setWindowRect: true, strictFileInteractability: false, timeouts: {implicit: 0, pageLoad: 300000, script: 30000}, unhandledPromptBehavior: dismiss and notify, webauthn:extension:credBlob: true, webauthn:extension:largeBlob: true, webauthn:extension:minPinLength: true, webauthn:extension:prf: true, webauthn:virtualAuthenticators: true}
	at org.openqa.selenium.remote.HttpCommandExecutor.execute(HttpCommandExecutor.java:154)
	at org.openqa.selenium.remote.service.DriverCommandExecutor.invokeExecute(DriverCommandExecutor.java:183)
	at org.openqa.selenium.remote.service.DriverCommandExecutor.execute(DriverCommandExecutor.java:158)
	at org.openqa.selenium.remote.RemoteWebDriver.execute(RemoteWebDriver.java:543)
	at org.openqa.selenium.remote.RemoteWebDriver.execute(RemoteWebDriver.java:598)
	at org.openqa.selenium.remote.RemoteWebDriver.execute(RemoteWebDriver.java:602)
	at org.openqa.selenium.remote.RemoteWebDriver.close(RemoteWebDriver.java:419)
	at stepDefinition.Login.tearDown(Login.java:44)
&amp#27;[0m
]]></system-out>
    <system-err><![CDATA[Starting ChromeDriver 114.0.5735.90 (386bc09e8f4f2e025eddae123f36f6263096ae49-refs/branch-heads/5735@{#1052}) on port 20193
Only local connections are allowed.
Please see https://chromedriver.chromium.org/security-considerations for suggestions on keeping ChromeDriver safe.
ChromeDriver was started successfully.
Jun 14, 2023 12:07:12 AM org.openqa.selenium.devtools.CdpVersionFinder findNearestMatch
WARNING: Unable to find an exact match for CDP version 114, so returning the closest version found: 111
[1686681444.650][SEVERE]: Unable to receive message from renderer
]]></system-err>
  </testcase>
  <testcase name="runScenario" classname="Runner.TestRunner2024" time="9.97">
    <failure message="Session ID is null. Using WebDriver after calling quit()?&#10;Build info: version: &apos;4.8.3&apos;, revision: &apos;e5e76298c3&apos;&#10;System info: os.name: &apos;Windows 11&apos;, os.arch: &apos;amd64&apos;, os.version: &apos;10.0&apos;, java.version: &apos;17.0.7&apos;&#10;Driver info: org.openqa.selenium.chrome.ChromeDriver&#10;Command: [null, close {}]&#10;Capabilities {acceptInsecureCerts: false, browserName: chrome, browserVersion: 114.0.5735.110, chrome: {chromedriverVersion: 114.0.5735.90 (386bc09e8f4f..., userDataDir: C:\Users\ABHINAV\AppData\Lo...}, goog:chromeOptions: {debuggerAddress: localhost:58130}, networkConnectionEnabled: false, pageLoadStrategy: normal, platformName: WINDOWS, proxy: Proxy(), se:cdp: ws://localhost:58130/devtoo..., se:cdpVersion: 114.0.5735.110, setWindowRect: true, strictFileInteractability: false, timeouts: {implicit: 0, pageLoad: 300000, script: 30000}, unhandledPromptBehavior: dismiss and notify, webauthn:extension:credBlob: true, webauthn:extension:largeBlob: true, webauthn:extension:minPinLength: true, webauthn:extension:prf: true, webauthn:virtualAuthenticators: true}" type="org.openqa.selenium.NoSuchSessionException">org.openqa.selenium.NoSuchSessionException: 
Session ID is null. Using WebDriver after calling quit()?
Build info: version: '4.8.3', revision: 'e5e76298c3'
System info: os.name: 'Windows 11', os.arch: 'amd64', os.version: '10.0', java.version: '17.0.7'
Driver info: org.openqa.selenium.chrome.ChromeDriver
Command: [null, close {}]
Capabilities {acceptInsecureCerts: false, browserName: chrome, browserVersion: 114.0.5735.110, chrome: {chromedriverVersion: 114.0.5735.90 (386bc09e8f4f..., userDataDir: C:\Users\ABHINAV\AppData\Lo...}, goog:chromeOptions: {debuggerAddress: localhost:58130}, networkConnectionEnabled: false, pageLoadStrategy: normal, platformName: WINDOWS, proxy: Proxy(), se:cdp: ws://localhost:58130/devtoo..., se:cdpVersion: 114.0.5735.110, setWindowRect: true, strictFileInteractability: false, timeouts: {implicit: 0, pageLoad: 300000, script: 30000}, unhandledPromptBehavior: dismiss and notify, webauthn:extension:credBlob: true, webauthn:extension:largeBlob: true, webauthn:extension:minPinLength: true, webauthn:extension:prf: true, webauthn:virtualAuthenticators: true}
</failure>
    <system-out><![CDATA[
@Search
Scenario Outline: Search the Added customer                          &amp#27;[90m# Feature/Customer.feature:44&amp#27;[0m
[DEBUG] Resolution chrome=114 in cache (valid until 00:14:31 14/06/2023 IST)
[DEBUG] Resolution chrome114=114.0.5735.90 in cache (valid until 22:13:20 14/06/2023 IST)
[INFO] Using chromedriver 114.0.5735.90 (resolved driver for Chrome 114)
[DEBUG] Driver chromedriver 114.0.5735.90 found in cache
[INFO] Exporting webdriver.chrome.driver as C:\Users\ABHINAV\.cache\selenium\chromedriver\win32\114.0.5735.90\chromedriver.exe
[DEBUG] Using new Channel '[id: 0xc6898fab, L:/127.0.0.1:58128 - R:localhost/127.0.0.1:6028]' for 'POST' to '/session'
[DEBUG] 

Request DefaultHttpRequest(decodeResult: success, version: HTTP/1.1)
POST /session HTTP/1.1
User-Agent: selenium/4.8.3 (java windows)
Content-Length: 439
Content-Type: application/json; charset=utf-8
host: localhost:6028
accept: */*

Response DefaultHttpResponse(decodeResult: success, version: HTTP/1.1)
HTTP/1.1 200 OK
Content-Length: 862
Content-Type: application/json; charset=utf-8
cache-control: no-cache

[DEBUG] Adding key: http://localhost:6028 for channel [id: 0xc6898fab, L:/127.0.0.1:58128 - R:localhost/127.0.0.1:6028]
[DEBUG] Using new Channel '[id: 0xad3f64e8, L:/127.0.0.1:58136 - R:localhost/127.0.0.1:58130]' for 'GET' to '/json/version'
[DEBUG] 

Request DefaultFullHttpRequest(decodeResult: success, version: HTTP/1.1, content: EmptyByteBufBE)
GET /json/version HTTP/1.1
User-Agent: selenium/4.8.3 (java windows)
host: localhost:58130
accept: */*

Response DefaultHttpResponse(decodeResult: success, version: HTTP/1.1)
HTTP/1.1 200 OK
Content-Security-Policy: frame-ancestors 'none'
Content-Length: 424
Content-Type: application/json; charset=UTF-8

[DEBUG] Adding key: http://localhost:58130 for channel [id: 0xad3f64e8, L:/127.0.0.1:58136 - R:localhost/127.0.0.1:58130]
[DEBUG] Using new Channel '[id: 0xed8aaa2c, L:/127.0.0.1:58137 - R:localhost/127.0.0.1:58130]' for 'GET' to '/devtools/browser/c439bc00-9a3d-4ebf-a8f9-4ecad0cb7274'
[DEBUG] 

Request DefaultFullHttpRequest(decodeResult: success, version: HTTP/1.1, content: EmptyByteBufBE)
GET /devtools/browser/c439bc00-9a3d-4ebf-a8f9-4ecad0cb7274 HTTP/1.1
upgrade: websocket
connection: upgrade
sec-websocket-key: YN5C8OkuFDgqKaa0vNRpHg==
sec-websocket-version: 13
origin: http://localhost:58130
host: localhost:58130
accept: */*
user-agent: AHC/2.1

Response DefaultHttpResponse(decodeResult: success, version: HTTP/1.1)
HTTP/1.1 101 WebSocket Protocol Handshake
Upgrade: WebSocket
Connection: Upgrade
Sec-WebSocket-Accept: Oz5zRGtmGL/DT7bm5cIzYZqTtzI=

[DEBUG] Using pooled Channel '[id: 0xc6898fab, L:/127.0.0.1:58128 - R:localhost/127.0.0.1:6028]' for 'DELETE' to 'http://localhost:6028/session/c3988b31e9d4d99448dd084a20a2ebff/cookie'
[DEBUG] Using open Channel [id: 0xc6898fab, L:/127.0.0.1:58128 - R:localhost/127.0.0.1:6028] for DELETE '/session/c3988b31e9d4d99448dd084a20a2ebff/cookie'
[DEBUG] 

Request DefaultFullHttpRequest(decodeResult: success, version: HTTP/1.1, content: EmptyByteBufBE)
DELETE /session/c3988b31e9d4d99448dd084a20a2ebff/cookie HTTP/1.1
User-Agent: selenium/4.8.3 (java windows)
Content-Type: application/json; charset=utf-8
host: localhost:6028
accept: */*

Response DefaultHttpResponse(decodeResult: success, version: HTTP/1.1)
HTTP/1.1 200 OK
Content-Length: 14
Content-Type: application/json; charset=utf-8
cache-control: no-cache

[DEBUG] Adding key: http://localhost:6028 for channel [id: 0xc6898fab, L:/127.0.0.1:58128 - R:localhost/127.0.0.1:6028]
[DEBUG] Using pooled Channel '[id: 0xc6898fab, L:/127.0.0.1:58128 - R:localhost/127.0.0.1:6028]' for 'POST' to 'http://localhost:6028/session/c3988b31e9d4d99448dd084a20a2ebff/window/maximize'
[DEBUG] Using open Channel [id: 0xc6898fab, L:/127.0.0.1:58128 - R:localhost/127.0.0.1:6028] for POST '/session/c3988b31e9d4d99448dd084a20a2ebff/window/maximize'
[DEBUG] Entry count for : http://localhost:20193 : 1
[DEBUG] Entry count for : http://localhost:58130 : 1
[DEBUG] Adding Candidate expired Channel [id: 0xf632b182, L:/127.0.0.1:58095 ! R:localhost/127.0.0.1:20193] isIdleTimeoutExpired=false isRemotelyClosed=true isTtlExpired=false
[DEBUG] Closing Idle Channel [id: 0xf632b182, L:/127.0.0.1:58095 ! R:localhost/127.0.0.1:20193]
[DEBUG] Closed 1 connections out of 2 in 0 ms
[DEBUG] 

Request DefaultHttpRequest(decodeResult: success, version: HTTP/1.1)
POST /session/c3988b31e9d4d99448dd084a20a2ebff/window/maximize HTTP/1.1
User-Agent: selenium/4.8.3 (java windows)
Content-Length: 3
Content-Type: application/json; charset=utf-8
host: localhost:6028
accept: */*

Response DefaultHttpResponse(decodeResult: success, version: HTTP/1.1)
HTTP/1.1 200 OK
Content-Length: 51
Content-Type: application/json; charset=utf-8
cache-control: no-cache

[DEBUG] Adding key: http://localhost:6028 for channel [id: 0xc6898fab, L:/127.0.0.1:58128 - R:localhost/127.0.0.1:6028]
[DEBUG] Using pooled Channel '[id: 0xc6898fab, L:/127.0.0.1:58128 - R:localhost/127.0.0.1:6028]' for 'POST' to 'http://localhost:6028/session/c3988b31e9d4d99448dd084a20a2ebff/timeouts'
[DEBUG] Using open Channel [id: 0xc6898fab, L:/127.0.0.1:58128 - R:localhost/127.0.0.1:6028] for POST '/session/c3988b31e9d4d99448dd084a20a2ebff/timeouts'
[DEBUG] 

Request DefaultHttpRequest(decodeResult: success, version: HTTP/1.1)
POST /session/c3988b31e9d4d99448dd084a20a2ebff/timeouts HTTP/1.1
User-Agent: selenium/4.8.3 (java windows)
Content-Length: 23
Content-Type: application/json; charset=utf-8
host: localhost:6028
accept: */*

Response DefaultHttpResponse(decodeResult: success, version: HTTP/1.1)
HTTP/1.1 200 OK
Content-Length: 14
Content-Type: application/json; charset=utf-8
cache-control: no-cache

[DEBUG] Adding key: http://localhost:6028 for channel [id: 0xc6898fab, L:/127.0.0.1:58128 - R:localhost/127.0.0.1:6028]
  &amp#27;[32mGiven &amp#27;[0m&amp#27;[32mUser launch chrome browser&amp#27;[0m                                   &amp#27;[90m# stepDefinition.Login.user_launch_chrome_browser()&amp#27;[0m
[DEBUG] Using pooled Channel '[id: 0xc6898fab, L:/127.0.0.1:58128 - R:localhost/127.0.0.1:6028]' for 'POST' to 'http://localhost:6028/session/c3988b31e9d4d99448dd084a20a2ebff/url'
[DEBUG] Using open Channel [id: 0xc6898fab, L:/127.0.0.1:58128 - R:localhost/127.0.0.1:6028] for POST '/session/c3988b31e9d4d99448dd084a20a2ebff/url'
[DEBUG] Entry count for : http://localhost:58130 : 1
[DEBUG] 

Request DefaultHttpRequest(decodeResult: success, version: HTTP/1.1)
POST /session/c3988b31e9d4d99448dd084a20a2ebff/url HTTP/1.1
User-Agent: selenium/4.8.3 (java windows)
Content-Length: 70
Content-Type: application/json; charset=utf-8
host: localhost:6028
accept: */*

Response DefaultHttpResponse(decodeResult: success, version: HTTP/1.1)
HTTP/1.1 200 OK
Content-Length: 14
Content-Type: application/json; charset=utf-8
cache-control: no-cache

[DEBUG] Adding key: http://localhost:6028 for channel [id: 0xc6898fab, L:/127.0.0.1:58128 - R:localhost/127.0.0.1:6028]
[DEBUG] Using pooled Channel '[id: 0xc6898fab, L:/127.0.0.1:58128 - R:localhost/127.0.0.1:6028]' for 'GET' to 'http://localhost:6028/session/c3988b31e9d4d99448dd084a20a2ebff/title'
[DEBUG] Using open Channel [id: 0xc6898fab, L:/127.0.0.1:58128 - R:localhost/127.0.0.1:6028] for GET '/session/c3988b31e9d4d99448dd084a20a2ebff/title'
[DEBUG] 

Request DefaultFullHttpRequest(decodeResult: success, version: HTTP/1.1, content: EmptyByteBufBE)
GET /session/c3988b31e9d4d99448dd084a20a2ebff/title HTTP/1.1
User-Agent: selenium/4.8.3 (java windows)
Cache-Control: no-cache
Content-Type: application/json; charset=utf-8
host: localhost:6028
accept: */*

Response DefaultHttpResponse(decodeResult: success, version: HTTP/1.1)
HTTP/1.1 200 OK
Content-Length: 29
Content-Type: application/json; charset=utf-8
cache-control: no-cache

[DEBUG] Adding key: http://localhost:6028 for channel [id: 0xc6898fab, L:/127.0.0.1:58128 - R:localhost/127.0.0.1:6028]
  &amp#27;[32mWhen &amp#27;[0m&amp#27;[32mUser opens URL &amp#27;[0m&amp#27;[32m&amp#27;[1m"https://admin-demo.nopcommerce.com/login"&amp#27;[0m     &amp#27;[90m# stepDefinition.Login.user_opens_url(java.lang.String)&amp#27;[0m
[DEBUG] Using pooled Channel '[id: 0xc6898fab, L:/127.0.0.1:58128 - R:localhost/127.0.0.1:6028]' for 'POST' to 'http://localhost:6028/session/c3988b31e9d4d99448dd084a20a2ebff/element'
[DEBUG] Using open Channel [id: 0xc6898fab, L:/127.0.0.1:58128 - R:localhost/127.0.0.1:6028] for POST '/session/c3988b31e9d4d99448dd084a20a2ebff/element'
[DEBUG] 

Request DefaultHttpRequest(decodeResult: success, version: HTTP/1.1)
POST /session/c3988b31e9d4d99448dd084a20a2ebff/element HTTP/1.1
User-Agent: selenium/4.8.3 (java windows)
Content-Length: 67
Content-Type: application/json; charset=utf-8
host: localhost:6028
accept: */*

Response DefaultHttpResponse(decodeResult: success, version: HTTP/1.1)
HTTP/1.1 200 OK
Content-Length: 94
Content-Type: application/json; charset=utf-8
cache-control: no-cache

[DEBUG] Adding key: http://localhost:6028 for channel [id: 0xc6898fab, L:/127.0.0.1:58128 - R:localhost/127.0.0.1:6028]
[DEBUG] Using pooled Channel '[id: 0xc6898fab, L:/127.0.0.1:58128 - R:localhost/127.0.0.1:6028]' for 'POST' to 'http://localhost:6028/session/c3988b31e9d4d99448dd084a20a2ebff/element/80FEBDA51B8D8361F8107682DF90171F_element_2/clear'
[DEBUG] Using open Channel [id: 0xc6898fab, L:/127.0.0.1:58128 - R:localhost/127.0.0.1:6028] for POST '/session/c3988b31e9d4d99448dd084a20a2ebff/element/80FEBDA51B8D8361F8107682DF90171F_element_2/clear'
[DEBUG] 

Request DefaultHttpRequest(decodeResult: success, version: HTTP/1.1)
POST /session/c3988b31e9d4d99448dd084a20a2ebff/element/80FEBDA51B8D8361F8107682DF90171F_element_2/clear HTTP/1.1
User-Agent: selenium/4.8.3 (java windows)
Content-Length: 56
Content-Type: application/json; charset=utf-8
host: localhost:6028
accept: */*

Response DefaultHttpResponse(decodeResult: success, version: HTTP/1.1)
HTTP/1.1 200 OK
Content-Length: 14
Content-Type: application/json; charset=utf-8
cache-control: no-cache

[DEBUG] Adding key: http://localhost:6028 for channel [id: 0xc6898fab, L:/127.0.0.1:58128 - R:localhost/127.0.0.1:6028]
[DEBUG] Using pooled Channel '[id: 0xc6898fab, L:/127.0.0.1:58128 - R:localhost/127.0.0.1:6028]' for 'POST' to 'http://localhost:6028/session/c3988b31e9d4d99448dd084a20a2ebff/element'
[DEBUG] Using open Channel [id: 0xc6898fab, L:/127.0.0.1:58128 - R:localhost/127.0.0.1:6028] for POST '/session/c3988b31e9d4d99448dd084a20a2ebff/element'
[DEBUG] 

Request DefaultHttpRequest(decodeResult: success, version: HTTP/1.1)
POST /session/c3988b31e9d4d99448dd084a20a2ebff/element HTTP/1.1
User-Agent: selenium/4.8.3 (java windows)
Content-Length: 67
Content-Type: application/json; charset=utf-8
host: localhost:6028
accept: */*

Response DefaultHttpResponse(decodeResult: success, version: HTTP/1.1)
HTTP/1.1 200 OK
Content-Length: 94
Content-Type: application/json; charset=utf-8
cache-control: no-cache

[DEBUG] Adding key: http://localhost:6028 for channel [id: 0xc6898fab, L:/127.0.0.1:58128 - R:localhost/127.0.0.1:6028]
[DEBUG] Using pooled Channel '[id: 0xc6898fab, L:/127.0.0.1:58128 - R:localhost/127.0.0.1:6028]' for 'POST' to 'http://localhost:6028/session/c3988b31e9d4d99448dd084a20a2ebff/element/80FEBDA51B8D8361F8107682DF90171F_element_2/value'
[DEBUG] Using open Channel [id: 0xc6898fab, L:/127.0.0.1:58128 - R:localhost/127.0.0.1:6028] for POST '/session/c3988b31e9d4d99448dd084a20a2ebff/element/80FEBDA51B8D8361F8107682DF90171F_element_2/value'
[DEBUG] 

Request DefaultHttpRequest(decodeResult: success, version: HTTP/1.1)
POST /session/c3988b31e9d4d99448dd084a20a2ebff/element/80FEBDA51B8D8361F8107682DF90171F_element_2/value HTTP/1.1
User-Agent: selenium/4.8.3 (java windows)
Content-Length: 277
Content-Type: application/json; charset=utf-8
host: localhost:6028
accept: */*

Response DefaultHttpResponse(decodeResult: success, version: HTTP/1.1)
HTTP/1.1 200 OK
Content-Length: 14
Content-Type: application/json; charset=utf-8
cache-control: no-cache

[DEBUG] Adding key: http://localhost:6028 for channel [id: 0xc6898fab, L:/127.0.0.1:58128 - R:localhost/127.0.0.1:6028]
[DEBUG] Using pooled Channel '[id: 0xc6898fab, L:/127.0.0.1:58128 - R:localhost/127.0.0.1:6028]' for 'POST' to 'http://localhost:6028/session/c3988b31e9d4d99448dd084a20a2ebff/element'
[DEBUG] Using open Channel [id: 0xc6898fab, L:/127.0.0.1:58128 - R:localhost/127.0.0.1:6028] for POST '/session/c3988b31e9d4d99448dd084a20a2ebff/element'
[DEBUG] 

Request DefaultHttpRequest(decodeResult: success, version: HTTP/1.1)
POST /session/c3988b31e9d4d99448dd084a20a2ebff/element HTTP/1.1
User-Agent: selenium/4.8.3 (java windows)
Content-Length: 70
Content-Type: application/json; charset=utf-8
host: localhost:6028
accept: */*

Response DefaultHttpResponse(decodeResult: success, version: HTTP/1.1)
HTTP/1.1 200 OK
Content-Length: 94
Content-Type: application/json; charset=utf-8
cache-control: no-cache

[DEBUG] Adding key: http://localhost:6028 for channel [id: 0xc6898fab, L:/127.0.0.1:58128 - R:localhost/127.0.0.1:6028]
[DEBUG] Using pooled Channel '[id: 0xc6898fab, L:/127.0.0.1:58128 - R:localhost/127.0.0.1:6028]' for 'POST' to 'http://localhost:6028/session/c3988b31e9d4d99448dd084a20a2ebff/element/80FEBDA51B8D8361F8107682DF90171F_element_6/clear'
[DEBUG] Using open Channel [id: 0xc6898fab, L:/127.0.0.1:58128 - R:localhost/127.0.0.1:6028] for POST '/session/c3988b31e9d4d99448dd084a20a2ebff/element/80FEBDA51B8D8361F8107682DF90171F_element_6/clear'
[DEBUG] 

Request DefaultHttpRequest(decodeResult: success, version: HTTP/1.1)
POST /session/c3988b31e9d4d99448dd084a20a2ebff/element/80FEBDA51B8D8361F8107682DF90171F_element_6/clear HTTP/1.1
User-Agent: selenium/4.8.3 (java windows)
Content-Length: 56
Content-Type: application/json; charset=utf-8
host: localhost:6028
accept: */*

Response DefaultHttpResponse(decodeResult: success, version: HTTP/1.1)
HTTP/1.1 200 OK
Content-Length: 14
Content-Type: application/json; charset=utf-8
cache-control: no-cache

[DEBUG] Adding key: http://localhost:6028 for channel [id: 0xc6898fab, L:/127.0.0.1:58128 - R:localhost/127.0.0.1:6028]
[DEBUG] Using pooled Channel '[id: 0xc6898fab, L:/127.0.0.1:58128 - R:localhost/127.0.0.1:6028]' for 'POST' to 'http://localhost:6028/session/c3988b31e9d4d99448dd084a20a2ebff/element'
[DEBUG] Using open Channel [id: 0xc6898fab, L:/127.0.0.1:58128 - R:localhost/127.0.0.1:6028] for POST '/session/c3988b31e9d4d99448dd084a20a2ebff/element'
[DEBUG] 

Request DefaultHttpRequest(decodeResult: success, version: HTTP/1.1)
POST /session/c3988b31e9d4d99448dd084a20a2ebff/element HTTP/1.1
User-Agent: selenium/4.8.3 (java windows)
Content-Length: 70
Content-Type: application/json; charset=utf-8
host: localhost:6028
accept: */*

Response DefaultHttpResponse(decodeResult: success, version: HTTP/1.1)
HTTP/1.1 200 OK
Content-Length: 94
Content-Type: application/json; charset=utf-8
cache-control: no-cache

[DEBUG] Adding key: http://localhost:6028 for channel [id: 0xc6898fab, L:/127.0.0.1:58128 - R:localhost/127.0.0.1:6028]
[DEBUG] Using pooled Channel '[id: 0xc6898fab, L:/127.0.0.1:58128 - R:localhost/127.0.0.1:6028]' for 'POST' to 'http://localhost:6028/session/c3988b31e9d4d99448dd084a20a2ebff/element/80FEBDA51B8D8361F8107682DF90171F_element_6/value'
[DEBUG] Using open Channel [id: 0xc6898fab, L:/127.0.0.1:58128 - R:localhost/127.0.0.1:6028] for POST '/session/c3988b31e9d4d99448dd084a20a2ebff/element/80FEBDA51B8D8361F8107682DF90171F_element_6/value'
[DEBUG] 

Request DefaultHttpRequest(decodeResult: success, version: HTTP/1.1)
POST /session/c3988b31e9d4d99448dd084a20a2ebff/element/80FEBDA51B8D8361F8107682DF90171F_element_6/value HTTP/1.1
User-Agent: selenium/4.8.3 (java windows)
Content-Length: 137
Content-Type: application/json; charset=utf-8
host: localhost:6028
accept: */*

Response DefaultHttpResponse(decodeResult: success, version: HTTP/1.1)
HTTP/1.1 200 OK
Content-Length: 14
Content-Type: application/json; charset=utf-8
cache-control: no-cache

[DEBUG] Adding key: http://localhost:6028 for channel [id: 0xc6898fab, L:/127.0.0.1:58128 - R:localhost/127.0.0.1:6028]
  &amp#27;[32mAnd &amp#27;[0m&amp#27;[32mUser enters email &amp#27;[0m&amp#27;[32m&amp#27;[1m"admin@yourstore.com"&amp#27;[0m&amp#27;[32m and Password &amp#27;[0m&amp#27;[32m&amp#27;[1m"admin"&amp#27;[0m   &amp#27;[90m# stepDefinition.Login.user_enters_email_and_password(java.lang.String,java.lang.String)&amp#27;[0m
[DEBUG] Using pooled Channel '[id: 0xc6898fab, L:/127.0.0.1:58128 - R:localhost/127.0.0.1:6028]' for 'POST' to 'http://localhost:6028/session/c3988b31e9d4d99448dd084a20a2ebff/element'
[DEBUG] Using open Channel [id: 0xc6898fab, L:/127.0.0.1:58128 - R:localhost/127.0.0.1:6028] for POST '/session/c3988b31e9d4d99448dd084a20a2ebff/element'
[DEBUG] 

Request DefaultHttpRequest(decodeResult: success, version: HTTP/1.1)
POST /session/c3988b31e9d4d99448dd084a20a2ebff/element HTTP/1.1
User-Agent: selenium/4.8.3 (java windows)
Content-Length: 88
Content-Type: application/json; charset=utf-8
host: localhost:6028
accept: */*

Response DefaultHttpResponse(decodeResult: success, version: HTTP/1.1)
HTTP/1.1 200 OK
Content-Length: 94
Content-Type: application/json; charset=utf-8
cache-control: no-cache

[DEBUG] Adding key: http://localhost:6028 for channel [id: 0xc6898fab, L:/127.0.0.1:58128 - R:localhost/127.0.0.1:6028]
[DEBUG] Using pooled Channel '[id: 0xc6898fab, L:/127.0.0.1:58128 - R:localhost/127.0.0.1:6028]' for 'POST' to 'http://localhost:6028/session/c3988b31e9d4d99448dd084a20a2ebff/element/80FEBDA51B8D8361F8107682DF90171F_element_3/click'
[DEBUG] Using open Channel [id: 0xc6898fab, L:/127.0.0.1:58128 - R:localhost/127.0.0.1:6028] for POST '/session/c3988b31e9d4d99448dd084a20a2ebff/element/80FEBDA51B8D8361F8107682DF90171F_element_3/click'
[DEBUG] Entry count for : http://localhost:58130 : 1
[DEBUG] Entry count for : http://localhost:58130 : 1
[DEBUG] Entry count for : http://localhost:58130 : 1
[DEBUG] Entry count for : http://localhost:58130 : 1
[DEBUG] 

Request DefaultHttpRequest(decodeResult: success, version: HTTP/1.1)
POST /session/c3988b31e9d4d99448dd084a20a2ebff/element/80FEBDA51B8D8361F8107682DF90171F_element_3/click HTTP/1.1
User-Agent: selenium/4.8.3 (java windows)
Content-Length: 56
Content-Type: application/json; charset=utf-8
host: localhost:6028
accept: */*

Response DefaultHttpResponse(decodeResult: success, version: HTTP/1.1)
HTTP/1.1 200 OK
Content-Length: 14
Content-Type: application/json; charset=utf-8
cache-control: no-cache

[DEBUG] Adding key: http://localhost:6028 for channel [id: 0xc6898fab, L:/127.0.0.1:58128 - R:localhost/127.0.0.1:6028]
  &amp#27;[32mAnd &amp#27;[0m&amp#27;[32mUser clicks on login button&amp#27;[0m                                    &amp#27;[90m# stepDefinition.Login.user_clicks_on_login_button()&amp#27;[0m
Admin page constructor called 
Admin page constructor end 
[DEBUG] Using pooled Channel '[id: 0xc6898fab, L:/127.0.0.1:58128 - R:localhost/127.0.0.1:6028]' for 'GET' to 'http://localhost:6028/session/c3988b31e9d4d99448dd084a20a2ebff/title'
[DEBUG] Using open Channel [id: 0xc6898fab, L:/127.0.0.1:58128 - R:localhost/127.0.0.1:6028] for GET '/session/c3988b31e9d4d99448dd084a20a2ebff/title'
[DEBUG] 

Request DefaultFullHttpRequest(decodeResult: success, version: HTTP/1.1, content: EmptyByteBufBE)
GET /session/c3988b31e9d4d99448dd084a20a2ebff/title HTTP/1.1
User-Agent: selenium/4.8.3 (java windows)
Cache-Control: no-cache
Content-Type: application/json; charset=utf-8
host: localhost:6028
accept: */*

Response DefaultHttpResponse(decodeResult: success, version: HTTP/1.1)
HTTP/1.1 200 OK
Content-Length: 50
Content-Type: application/json; charset=utf-8
cache-control: no-cache

[DEBUG] Adding key: http://localhost:6028 for channel [id: 0xc6898fab, L:/127.0.0.1:58128 - R:localhost/127.0.0.1:6028]
Admin page title verified
  &amp#27;[32mThen &amp#27;[0m&amp#27;[32mPage title should be &amp#27;[0m&amp#27;[32m&amp#27;[1m"Dashboard / nopCommerce administration"&amp#27;[0m &amp#27;[90m# stepDefinition.Login.page_title_should_be(java.lang.String)&amp#27;[0m
[DEBUG] Using pooled Channel '[id: 0xc6898fab, L:/127.0.0.1:58128 - R:localhost/127.0.0.1:6028]' for 'POST' to 'http://localhost:6028/session/c3988b31e9d4d99448dd084a20a2ebff/element'
[DEBUG] Using open Channel [id: 0xc6898fab, L:/127.0.0.1:58128 - R:localhost/127.0.0.1:6028] for POST '/session/c3988b31e9d4d99448dd084a20a2ebff/element'
[DEBUG] 

Request DefaultHttpRequest(decodeResult: success, version: HTTP/1.1)
POST /session/c3988b31e9d4d99448dd084a20a2ebff/element HTTP/1.1
User-Agent: selenium/4.8.3 (java windows)
Content-Length: 86
Content-Type: application/json; charset=utf-8
host: localhost:6028
accept: */*

Response DefaultHttpResponse(decodeResult: success, version: HTTP/1.1)
HTTP/1.1 200 OK
Content-Length: 95
Content-Type: application/json; charset=utf-8
cache-control: no-cache

[DEBUG] Adding key: http://localhost:6028 for channel [id: 0xc6898fab, L:/127.0.0.1:58128 - R:localhost/127.0.0.1:6028]
[DEBUG] Using pooled Channel '[id: 0xc6898fab, L:/127.0.0.1:58128 - R:localhost/127.0.0.1:6028]' for 'POST' to 'http://localhost:6028/session/c3988b31e9d4d99448dd084a20a2ebff/element/44CBBBB60F8C159BEAD803631887DEE1_element_93/click'
[DEBUG] Using open Channel [id: 0xc6898fab, L:/127.0.0.1:58128 - R:localhost/127.0.0.1:6028] for POST '/session/c3988b31e9d4d99448dd084a20a2ebff/element/44CBBBB60F8C159BEAD803631887DEE1_element_93/click'
[DEBUG] 

Request DefaultHttpRequest(decodeResult: success, version: HTTP/1.1)
POST /session/c3988b31e9d4d99448dd084a20a2ebff/element/44CBBBB60F8C159BEAD803631887DEE1_element_93/click HTTP/1.1
User-Agent: selenium/4.8.3 (java windows)
Content-Length: 57
Content-Type: application/json; charset=utf-8
host: localhost:6028
accept: */*

Response DefaultHttpResponse(decodeResult: success, version: HTTP/1.1)
HTTP/1.1 200 OK
Content-Length: 14
Content-Type: application/json; charset=utf-8
cache-control: no-cache

[DEBUG] Adding key: http://localhost:6028 for channel [id: 0xc6898fab, L:/127.0.0.1:58128 - R:localhost/127.0.0.1:6028]
  &amp#27;[32mWhen &amp#27;[0m&amp#27;[32mUser clicks on dashboard customer&amp#27;[0m                             &amp#27;[90m# stepDefinition.Login.user_clicks_on_dashboard_customer()&amp#27;[0m
[DEBUG] Using pooled Channel '[id: 0xc6898fab, L:/127.0.0.1:58128 - R:localhost/127.0.0.1:6028]' for 'POST' to 'http://localhost:6028/session/c3988b31e9d4d99448dd084a20a2ebff/element'
[DEBUG] Using open Channel [id: 0xc6898fab, L:/127.0.0.1:58128 - R:localhost/127.0.0.1:6028] for POST '/session/c3988b31e9d4d99448dd084a20a2ebff/element'
[DEBUG] 

Request DefaultHttpRequest(decodeResult: success, version: HTTP/1.1)
POST /session/c3988b31e9d4d99448dd084a20a2ebff/element HTTP/1.1
User-Agent: selenium/4.8.3 (java windows)
Content-Length: 95
Content-Type: application/json; charset=utf-8
host: localhost:6028
accept: */*

Response DefaultHttpResponse(decodeResult: success, version: HTTP/1.1)
HTTP/1.1 200 OK
Content-Length: 95
Content-Type: application/json; charset=utf-8
cache-control: no-cache

[DEBUG] Adding key: http://localhost:6028 for channel [id: 0xc6898fab, L:/127.0.0.1:58128 - R:localhost/127.0.0.1:6028]
[DEBUG] Using pooled Channel '[id: 0xc6898fab, L:/127.0.0.1:58128 - R:localhost/127.0.0.1:6028]' for 'POST' to 'http://localhost:6028/session/c3988b31e9d4d99448dd084a20a2ebff/element/44CBBBB60F8C159BEAD803631887DEE1_element_94/click'
[DEBUG] Using open Channel [id: 0xc6898fab, L:/127.0.0.1:58128 - R:localhost/127.0.0.1:6028] for POST '/session/c3988b31e9d4d99448dd084a20a2ebff/element/44CBBBB60F8C159BEAD803631887DEE1_element_94/click'
[DEBUG] Entry count for : http://localhost:58130 : 1
[DEBUG] 

Request DefaultHttpRequest(decodeResult: success, version: HTTP/1.1)
POST /session/c3988b31e9d4d99448dd084a20a2ebff/element/44CBBBB60F8C159BEAD803631887DEE1_element_94/click HTTP/1.1
User-Agent: selenium/4.8.3 (java windows)
Content-Length: 57
Content-Type: application/json; charset=utf-8
host: localhost:6028
accept: */*

Response DefaultHttpResponse(decodeResult: success, version: HTTP/1.1)
HTTP/1.1 200 OK
Content-Length: 14
Content-Type: application/json; charset=utf-8
cache-control: no-cache

[DEBUG] Adding key: http://localhost:6028 for channel [id: 0xc6898fab, L:/127.0.0.1:58128 - R:localhost/127.0.0.1:6028]
  &amp#27;[32mAnd &amp#27;[0m&amp#27;[32mUser clicks on customer subtab&amp#27;[0m                                 &amp#27;[90m# stepDefinition.Login.user_clicks_on_customer_subtab()&amp#27;[0m
  &amp#27;[32mAnd &amp#27;[0m&amp#27;[32mSearch with an email&amp#27;[0m                                           &amp#27;[90m# stepDefinition.Login.search_with_an_email()&amp#27;[0m
  &amp#27;[32mAnd &amp#27;[0m&amp#27;[32mSelect and click on edit in search result&amp#27;[0m                      &amp#27;[90m# stepDefinition.Login.select_and_click_on_edit_in_serach_result()&amp#27;[0m
  &amp#27;[32mAnd &amp#27;[0m&amp#27;[32mDelete the record&amp#27;[0m                                              &amp#27;[90m# stepDefinition.Login.delete_the_record()&amp#27;[0m
  &amp#27;[32mAnd &amp#27;[0m&amp#27;[32mUser validate the deleted record&amp#27;[0m                               &amp#27;[90m# stepDefinition.Login.user_validate_the_deleted_record()&amp#27;[0m
[DEBUG] Using pooled Channel '[id: 0xc6898fab, L:/127.0.0.1:58128 - R:localhost/127.0.0.1:6028]' for 'POST' to 'http://localhost:6028/session/c3988b31e9d4d99448dd084a20a2ebff/element'
[DEBUG] Using open Channel [id: 0xc6898fab, L:/127.0.0.1:58128 - R:localhost/127.0.0.1:6028] for POST '/session/c3988b31e9d4d99448dd084a20a2ebff/element'
[DEBUG] 

Request DefaultHttpRequest(decodeResult: success, version: HTTP/1.1)
POST /session/c3988b31e9d4d99448dd084a20a2ebff/element HTTP/1.1
User-Agent: selenium/4.8.3 (java windows)
Content-Length: 72
Content-Type: application/json; charset=utf-8
host: localhost:6028
accept: */*

Response DefaultHttpResponse(decodeResult: success, version: HTTP/1.1)
HTTP/1.1 200 OK
Content-Length: 96
Content-Type: application/json; charset=utf-8
cache-control: no-cache

[DEBUG] Adding key: http://localhost:6028 for channel [id: 0xc6898fab, L:/127.0.0.1:58128 - R:localhost/127.0.0.1:6028]
[DEBUG] Using pooled Channel '[id: 0xc6898fab, L:/127.0.0.1:58128 - R:localhost/127.0.0.1:6028]' for 'POST' to 'http://localhost:6028/session/c3988b31e9d4d99448dd084a20a2ebff/element/15D3653FF968A9AC075846649BDE2E2D_element_115/click'
[DEBUG] Using open Channel [id: 0xc6898fab, L:/127.0.0.1:58128 - R:localhost/127.0.0.1:6028] for POST '/session/c3988b31e9d4d99448dd084a20a2ebff/element/15D3653FF968A9AC075846649BDE2E2D_element_115/click'
[DEBUG] Entry count for : http://localhost:58130 : 1
[DEBUG] 

Request DefaultHttpRequest(decodeResult: success, version: HTTP/1.1)
POST /session/c3988b31e9d4d99448dd084a20a2ebff/element/15D3653FF968A9AC075846649BDE2E2D_element_115/click HTTP/1.1
User-Agent: selenium/4.8.3 (java windows)
Content-Length: 58
Content-Type: application/json; charset=utf-8
host: localhost:6028
accept: */*

Response DefaultHttpResponse(decodeResult: success, version: HTTP/1.1)
HTTP/1.1 200 OK
Content-Length: 14
Content-Type: application/json; charset=utf-8
cache-control: no-cache

[DEBUG] Adding key: http://localhost:6028 for channel [id: 0xc6898fab, L:/127.0.0.1:58128 - R:localhost/127.0.0.1:6028]
  &amp#27;[32mThen &amp#27;[0m&amp#27;[32mUser clicks on logout button&amp#27;[0m                                  &amp#27;[90m# stepDefinition.Login.user_clicks_on_logout_button()&amp#27;[0m
[DEBUG] Using pooled Channel '[id: 0xc6898fab, L:/127.0.0.1:58128 - R:localhost/127.0.0.1:6028]' for 'DELETE' to 'http://localhost:6028/session/c3988b31e9d4d99448dd084a20a2ebff/window'
[DEBUG] Using open Channel [id: 0xc6898fab, L:/127.0.0.1:58128 - R:localhost/127.0.0.1:6028] for DELETE '/session/c3988b31e9d4d99448dd084a20a2ebff/window'
[DEBUG] Entry count for : http://localhost:58130 : 1
[DEBUG] Channel Closed: [id: 0xad3f64e8, L:/127.0.0.1:58136 ! R:localhost/127.0.0.1:58130] with attribute DISCARD
[DEBUG] Channel Closed: [id: 0xed8aaa2c, L:/127.0.0.1:58137 ! R:localhost/127.0.0.1:58130] with attribute NettyResponseFuture{currentRetry=0,
	isDone=1,
	isCancelled=0,
	asyncHandler=org.asynchttpclient.ws.WebSocketUpgradeHandler@1bb8fd69,
	nettyRequest=org.asynchttpclient.netty.request.NettyRequest@5eba707a,
	future=java.util.concurrent.CompletableFuture@4bdfd5ea[Completed normally],
	uri=ws://localhost:58130/devtools/browser/c439bc00-9a3d-4ebf-a8f9-4ecad0cb7274,
	keepAlive=true,
	redirectCount=0,
	timeoutsHolder=null,
	inAuth=0,
	touch=1686681445652}
[DEBUG] Closing Channel [id: 0xed8aaa2c, L:/127.0.0.1:58137 ! R:localhost/127.0.0.1:58130] 
[DEBUG] 

Request DefaultFullHttpRequest(decodeResult: success, version: HTTP/1.1, content: EmptyByteBufBE)
DELETE /session/c3988b31e9d4d99448dd084a20a2ebff/window HTTP/1.1
User-Agent: selenium/4.8.3 (java windows)
Content-Type: application/json; charset=utf-8
host: localhost:6028
accept: */*

Response DefaultHttpResponse(decodeResult: success, version: HTTP/1.1)
HTTP/1.1 200 OK
Content-Length: 12
Content-Type: application/json; charset=utf-8
cache-control: no-cache

[DEBUG] Adding key: http://localhost:6028 for channel [id: 0xc6898fab, L:/127.0.0.1:58128 - R:localhost/127.0.0.1:6028]
[DEBUG] Using pooled Channel '[id: 0xc6898fab, L:/127.0.0.1:58128 - R:localhost/127.0.0.1:6028]' for 'DELETE' to 'http://localhost:6028/session/c3988b31e9d4d99448dd084a20a2ebff'
[DEBUG] Using open Channel [id: 0xc6898fab, L:/127.0.0.1:58128 - R:localhost/127.0.0.1:6028] for DELETE '/session/c3988b31e9d4d99448dd084a20a2ebff'
[DEBUG] 

Request DefaultFullHttpRequest(decodeResult: success, version: HTTP/1.1, content: EmptyByteBufBE)
DELETE /session/c3988b31e9d4d99448dd084a20a2ebff HTTP/1.1
User-Agent: selenium/4.8.3 (java windows)
Content-Type: application/json; charset=utf-8
host: localhost:6028
accept: */*

Response DefaultHttpResponse(decodeResult: success, version: HTTP/1.1)
HTTP/1.1 200 OK
Content-Length: 14
Content-Type: application/json; charset=utf-8
cache-control: no-cache

[DEBUG] Adding key: http://localhost:6028 for channel [id: 0xc6898fab, L:/127.0.0.1:58128 - R:localhost/127.0.0.1:6028]
[DEBUG] Channel Closed: [id: 0xc6898fab, L:/127.0.0.1:58128 ! R:localhost/127.0.0.1:6028] with attribute DISCARD
  &amp#27;[32mThen &amp#27;[0m&amp#27;[32mUser close the browser&amp#27;[0m                                        &amp#27;[90m# stepDefinition.Login.user_close_the_browser()&amp#27;[0m
      &amp#27;[31morg.openqa.selenium.NoSuchSessionException: Session ID is null. Using WebDriver after calling quit()?
Build info: version: '4.8.3', revision: 'e5e76298c3'
System info: os.name: 'Windows 11', os.arch: 'amd64', os.version: '10.0', java.version: '17.0.7'
Driver info: org.openqa.selenium.chrome.ChromeDriver
Command: [null, close {}]
Capabilities {acceptInsecureCerts: false, browserName: chrome, browserVersion: 114.0.5735.110, chrome: {chromedriverVersion: 114.0.5735.90 (386bc09e8f4f..., userDataDir: C:\Users\ABHINAV\AppData\Lo...}, goog:chromeOptions: {debuggerAddress: localhost:58130}, networkConnectionEnabled: false, pageLoadStrategy: normal, platformName: WINDOWS, proxy: Proxy(), se:cdp: ws://localhost:58130/devtoo..., se:cdpVersion: 114.0.5735.110, setWindowRect: true, strictFileInteractability: false, timeouts: {implicit: 0, pageLoad: 300000, script: 30000}, unhandledPromptBehavior: dismiss and notify, webauthn:extension:credBlob: true, webauthn:extension:largeBlob: true, webauthn:extension:minPinLength: true, webauthn:extension:prf: true, webauthn:virtualAuthenticators: true}
	at org.openqa.selenium.remote.HttpCommandExecutor.execute(HttpCommandExecutor.java:154)
	at org.openqa.selenium.remote.service.DriverCommandExecutor.invokeExecute(DriverCommandExecutor.java:183)
	at org.openqa.selenium.remote.service.DriverCommandExecutor.execute(DriverCommandExecutor.java:158)
	at org.openqa.selenium.remote.RemoteWebDriver.execute(RemoteWebDriver.java:543)
	at org.openqa.selenium.remote.RemoteWebDriver.execute(RemoteWebDriver.java:598)
	at org.openqa.selenium.remote.RemoteWebDriver.execute(RemoteWebDriver.java:602)
	at org.openqa.selenium.remote.RemoteWebDriver.close(RemoteWebDriver.java:419)
	at stepDefinition.Login.tearDown(Login.java:44)
&amp#27;[0m
]]></system-out>
    <system-err><![CDATA[Starting ChromeDriver 114.0.5735.90 (386bc09e8f4f2e025eddae123f36f6263096ae49-refs/branch-heads/5735@{#1052}) on port 6028
Only local connections are allowed.
Please see https://chromedriver.chromium.org/security-considerations for suggestions on keeping ChromeDriver safe.
ChromeDriver was started successfully.
Jun 14, 2023 12:07:25 AM org.openqa.selenium.devtools.CdpVersionFinder findNearestMatch
WARNING: Unable to find an exact match for CDP version 114, so returning the closest version found: 111
[1686681454.611][WARNING]: Processing messages while being disconnected
[1686681454.611][SEVERE]: Unable to receive message from renderer
]]></system-err>
  </testcase>
  <testcase name="runScenario" classname="Runner.TestRunner2024" time="6.072">
    <failure message="no such window: target window already closed&#10;from unknown error: web view not found&#10;  (Session info: chrome=114.0.5735.110)&#10;Build info: version: &apos;4.8.3&apos;, revision: &apos;e5e76298c3&apos;&#10;System info: os.name: &apos;Windows 11&apos;, os.arch: &apos;amd64&apos;, os.version: &apos;10.0&apos;, java.version: &apos;17.0.7&apos;&#10;Driver info: org.openqa.selenium.chrome.ChromeDriver&#10;Command: [9d70164d02b0f45105ff46d1855b88ba, getTitle {}]&#10;Capabilities {acceptInsecureCerts: false, browserName: chrome, browserVersion: 114.0.5735.110, chrome: {chromedriverVersion: 114.0.5735.90 (386bc09e8f4f..., userDataDir: C:\Users\ABHINAV\AppData\Lo...}, goog:chromeOptions: {debuggerAddress: localhost:58158}, networkConnectionEnabled: false, pageLoadStrategy: normal, platformName: WINDOWS, proxy: Proxy(), se:cdp: ws://localhost:58158/devtoo..., se:cdpVersion: 114.0.5735.110, setWindowRect: true, strictFileInteractability: false, timeouts: {implicit: 0, pageLoad: 300000, script: 30000}, unhandledPromptBehavior: dismiss and notify, webauthn:extension:credBlob: true, webauthn:extension:largeBlob: true, webauthn:extension:minPinLength: true, webauthn:extension:prf: true, webauthn:virtualAuthenticators: true}&#10;Session ID: 9d70164d02b0f45105ff46d1855b88ba" type="org.openqa.selenium.NoSuchWindowException">org.openqa.selenium.NoSuchWindowException: 
no such window: target window already closed
from unknown error: web view not found
  (Session info: chrome=114.0.5735.110)
Build info: version: '4.8.3', revision: 'e5e76298c3'
System info: os.name: 'Windows 11', os.arch: 'amd64', os.version: '10.0', java.version: '17.0.7'
Driver info: org.openqa.selenium.chrome.ChromeDriver
Command: [9d70164d02b0f45105ff46d1855b88ba, getTitle {}]
Capabilities {acceptInsecureCerts: false, browserName: chrome, browserVersion: 114.0.5735.110, chrome: {chromedriverVersion: 114.0.5735.90 (386bc09e8f4f..., userDataDir: C:\Users\ABHINAV\AppData\Lo...}, goog:chromeOptions: {debuggerAddress: localhost:58158}, networkConnectionEnabled: false, pageLoadStrategy: normal, platformName: WINDOWS, proxy: Proxy(), se:cdp: ws://localhost:58158/devtoo..., se:cdpVersion: 114.0.5735.110, setWindowRect: true, strictFileInteractability: false, timeouts: {implicit: 0, pageLoad: 300000, script: 30000}, unhandledPromptBehavior: dismiss and notify, webauthn:extension:credBlob: true, webauthn:extension:largeBlob: true, webauthn:extension:minPinLength: true, webauthn:extension:prf: true, webauthn:virtualAuthenticators: true}
Session ID: 9d70164d02b0f45105ff46d1855b88ba
</failure>
    <system-out><![CDATA[
@Search
Scenario Outline: Search the Added customer                          &amp#27;[90m# Feature/Customer.feature:45&amp#27;[0m
[DEBUG] Resolution chrome=114 in cache (valid until 00:14:31 14/06/2023 IST)
[DEBUG] Resolution chrome114=114.0.5735.90 in cache (valid until 22:13:20 14/06/2023 IST)
[INFO] Using chromedriver 114.0.5735.90 (resolved driver for Chrome 114)
[DEBUG] Driver chromedriver 114.0.5735.90 found in cache
[INFO] Exporting webdriver.chrome.driver as C:\Users\ABHINAV\.cache\selenium\chromedriver\win32\114.0.5735.90\chromedriver.exe
[DEBUG] Using new Channel '[id: 0x1cdd9c56, L:/127.0.0.1:58157 - R:localhost/127.0.0.1:8849]' for 'POST' to '/session'
[DEBUG] 

Request DefaultHttpRequest(decodeResult: success, version: HTTP/1.1)
POST /session HTTP/1.1
User-Agent: selenium/4.8.3 (java windows)
Content-Length: 439
Content-Type: application/json; charset=utf-8
host: localhost:8849
accept: */*

Response DefaultHttpResponse(decodeResult: success, version: HTTP/1.1)
HTTP/1.1 200 OK
Content-Length: 862
Content-Type: application/json; charset=utf-8
cache-control: no-cache

[DEBUG] Adding key: http://localhost:8849 for channel [id: 0x1cdd9c56, L:/127.0.0.1:58157 - R:localhost/127.0.0.1:8849]
[DEBUG] Using new Channel '[id: 0x6b8dc18d, L:/127.0.0.1:58164 - R:localhost/127.0.0.1:58158]' for 'GET' to '/json/version'
[DEBUG] 

Request DefaultFullHttpRequest(decodeResult: success, version: HTTP/1.1, content: EmptyByteBufBE)
GET /json/version HTTP/1.1
User-Agent: selenium/4.8.3 (java windows)
host: localhost:58158
accept: */*

Response DefaultHttpResponse(decodeResult: success, version: HTTP/1.1)
HTTP/1.1 200 OK
Content-Security-Policy: frame-ancestors 'none'
Content-Length: 424
Content-Type: application/json; charset=UTF-8

[DEBUG] Adding key: http://localhost:58158 for channel [id: 0x6b8dc18d, L:/127.0.0.1:58164 - R:localhost/127.0.0.1:58158]
[DEBUG] Using new Channel '[id: 0x9dd644e7, L:/127.0.0.1:58165 - R:localhost/127.0.0.1:58158]' for 'GET' to '/devtools/browser/eb325867-cba3-4de9-aa55-23f859dfcfcf'
[DEBUG] 

Request DefaultFullHttpRequest(decodeResult: success, version: HTTP/1.1, content: EmptyByteBufBE)
GET /devtools/browser/eb325867-cba3-4de9-aa55-23f859dfcfcf HTTP/1.1
upgrade: websocket
connection: upgrade
sec-websocket-key: ksCnu89vM+uiKKDyS8LxvQ==
sec-websocket-version: 13
origin: http://localhost:58158
host: localhost:58158
accept: */*
user-agent: AHC/2.1

Response DefaultHttpResponse(decodeResult: success, version: HTTP/1.1)
HTTP/1.1 101 WebSocket Protocol Handshake
Upgrade: WebSocket
Connection: Upgrade
Sec-WebSocket-Accept: JqJzXAhObpqjwIwz1y6OueJ5j7U=

[DEBUG] Using pooled Channel '[id: 0x1cdd9c56, L:/127.0.0.1:58157 - R:localhost/127.0.0.1:8849]' for 'DELETE' to 'http://localhost:8849/session/9d70164d02b0f45105ff46d1855b88ba/cookie'
[DEBUG] Using open Channel [id: 0x1cdd9c56, L:/127.0.0.1:58157 - R:localhost/127.0.0.1:8849] for DELETE '/session/9d70164d02b0f45105ff46d1855b88ba/cookie'
[DEBUG] 

Request DefaultFullHttpRequest(decodeResult: success, version: HTTP/1.1, content: EmptyByteBufBE)
DELETE /session/9d70164d02b0f45105ff46d1855b88ba/cookie HTTP/1.1
User-Agent: selenium/4.8.3 (java windows)
Content-Type: application/json; charset=utf-8
host: localhost:8849
accept: */*

Response DefaultHttpResponse(decodeResult: success, version: HTTP/1.1)
HTTP/1.1 200 OK
Content-Length: 14
Content-Type: application/json; charset=utf-8
cache-control: no-cache

[DEBUG] Adding key: http://localhost:8849 for channel [id: 0x1cdd9c56, L:/127.0.0.1:58157 - R:localhost/127.0.0.1:8849]
[DEBUG] Using pooled Channel '[id: 0x1cdd9c56, L:/127.0.0.1:58157 - R:localhost/127.0.0.1:8849]' for 'POST' to 'http://localhost:8849/session/9d70164d02b0f45105ff46d1855b88ba/window/maximize'
[DEBUG] Using open Channel [id: 0x1cdd9c56, L:/127.0.0.1:58157 - R:localhost/127.0.0.1:8849] for POST '/session/9d70164d02b0f45105ff46d1855b88ba/window/maximize'
[DEBUG] Entry count for : http://localhost:58130 : 1
[DEBUG] Entry count for : http://localhost:6028 : 1
[DEBUG] Entry count for : http://localhost:58158 : 1
[DEBUG] Adding Candidate expired Channel [id: 0xad3f64e8, L:/127.0.0.1:58136 ! R:localhost/127.0.0.1:58130] isIdleTimeoutExpired=false isRemotelyClosed=true isTtlExpired=false
[DEBUG] Closing Idle Channel [id: 0xad3f64e8, L:/127.0.0.1:58136 ! R:localhost/127.0.0.1:58130]
[DEBUG] Adding Candidate expired Channel [id: 0xc6898fab, L:/127.0.0.1:58128 ! R:localhost/127.0.0.1:6028] isIdleTimeoutExpired=false isRemotelyClosed=true isTtlExpired=false
[DEBUG] Closing Idle Channel [id: 0xc6898fab, L:/127.0.0.1:58128 ! R:localhost/127.0.0.1:6028]
[DEBUG] Closed 2 connections out of 3 in 0 ms
[DEBUG] 

Request DefaultHttpRequest(decodeResult: success, version: HTTP/1.1)
POST /session/9d70164d02b0f45105ff46d1855b88ba/window/maximize HTTP/1.1
User-Agent: selenium/4.8.3 (java windows)
Content-Length: 3
Content-Type: application/json; charset=utf-8
host: localhost:8849
accept: */*

Response DefaultHttpResponse(decodeResult: success, version: HTTP/1.1)
HTTP/1.1 200 OK
Content-Length: 51
Content-Type: application/json; charset=utf-8
cache-control: no-cache

[DEBUG] Adding key: http://localhost:8849 for channel [id: 0x1cdd9c56, L:/127.0.0.1:58157 - R:localhost/127.0.0.1:8849]
[DEBUG] Using pooled Channel '[id: 0x1cdd9c56, L:/127.0.0.1:58157 - R:localhost/127.0.0.1:8849]' for 'POST' to 'http://localhost:8849/session/9d70164d02b0f45105ff46d1855b88ba/timeouts'
[DEBUG] Using open Channel [id: 0x1cdd9c56, L:/127.0.0.1:58157 - R:localhost/127.0.0.1:8849] for POST '/session/9d70164d02b0f45105ff46d1855b88ba/timeouts'
[DEBUG] 

Request DefaultHttpRequest(decodeResult: success, version: HTTP/1.1)
POST /session/9d70164d02b0f45105ff46d1855b88ba/timeouts HTTP/1.1
User-Agent: selenium/4.8.3 (java windows)
Content-Length: 23
Content-Type: application/json; charset=utf-8
host: localhost:8849
accept: */*

Response DefaultHttpResponse(decodeResult: success, version: HTTP/1.1)
HTTP/1.1 200 OK
Content-Length: 14
Content-Type: application/json; charset=utf-8
cache-control: no-cache

[DEBUG] Adding key: http://localhost:8849 for channel [id: 0x1cdd9c56, L:/127.0.0.1:58157 - R:localhost/127.0.0.1:8849]
  &amp#27;[32mGiven &amp#27;[0m&amp#27;[32mUser launch chrome browser&amp#27;[0m                                   &amp#27;[90m# stepDefinition.Login.user_launch_chrome_browser()&amp#27;[0m
[DEBUG] Using pooled Channel '[id: 0x1cdd9c56, L:/127.0.0.1:58157 - R:localhost/127.0.0.1:8849]' for 'POST' to 'http://localhost:8849/session/9d70164d02b0f45105ff46d1855b88ba/url'
[DEBUG] Using open Channel [id: 0x1cdd9c56, L:/127.0.0.1:58157 - R:localhost/127.0.0.1:8849] for POST '/session/9d70164d02b0f45105ff46d1855b88ba/url'
[DEBUG] Entry count for : http://localhost:58158 : 1
[DEBUG] 

Request DefaultHttpRequest(decodeResult: success, version: HTTP/1.1)
POST /session/9d70164d02b0f45105ff46d1855b88ba/url HTTP/1.1
User-Agent: selenium/4.8.3 (java windows)
Content-Length: 70
Content-Type: application/json; charset=utf-8
host: localhost:8849
accept: */*

Response DefaultHttpResponse(decodeResult: success, version: HTTP/1.1)
HTTP/1.1 200 OK
Content-Length: 14
Content-Type: application/json; charset=utf-8
cache-control: no-cache

[DEBUG] Adding key: http://localhost:8849 for channel [id: 0x1cdd9c56, L:/127.0.0.1:58157 - R:localhost/127.0.0.1:8849]
[DEBUG] Using pooled Channel '[id: 0x1cdd9c56, L:/127.0.0.1:58157 - R:localhost/127.0.0.1:8849]' for 'GET' to 'http://localhost:8849/session/9d70164d02b0f45105ff46d1855b88ba/title'
[DEBUG] Using open Channel [id: 0x1cdd9c56, L:/127.0.0.1:58157 - R:localhost/127.0.0.1:8849] for GET '/session/9d70164d02b0f45105ff46d1855b88ba/title'
[DEBUG] 

Request DefaultFullHttpRequest(decodeResult: success, version: HTTP/1.1, content: EmptyByteBufBE)
GET /session/9d70164d02b0f45105ff46d1855b88ba/title HTTP/1.1
User-Agent: selenium/4.8.3 (java windows)
Cache-Control: no-cache
Content-Type: application/json; charset=utf-8
host: localhost:8849
accept: */*

Response DefaultHttpResponse(decodeResult: success, version: HTTP/1.1)
HTTP/1.1 200 OK
Content-Length: 29
Content-Type: application/json; charset=utf-8
cache-control: no-cache

[DEBUG] Adding key: http://localhost:8849 for channel [id: 0x1cdd9c56, L:/127.0.0.1:58157 - R:localhost/127.0.0.1:8849]
  &amp#27;[32mWhen &amp#27;[0m&amp#27;[32mUser opens URL &amp#27;[0m&amp#27;[32m&amp#27;[1m"https://admin-demo.nopcommerce.com/login"&amp#27;[0m     &amp#27;[90m# stepDefinition.Login.user_opens_url(java.lang.String)&amp#27;[0m
[DEBUG] Using pooled Channel '[id: 0x1cdd9c56, L:/127.0.0.1:58157 - R:localhost/127.0.0.1:8849]' for 'POST' to 'http://localhost:8849/session/9d70164d02b0f45105ff46d1855b88ba/element'
[DEBUG] Using open Channel [id: 0x1cdd9c56, L:/127.0.0.1:58157 - R:localhost/127.0.0.1:8849] for POST '/session/9d70164d02b0f45105ff46d1855b88ba/element'
[DEBUG] 

Request DefaultHttpRequest(decodeResult: success, version: HTTP/1.1)
POST /session/9d70164d02b0f45105ff46d1855b88ba/element HTTP/1.1
User-Agent: selenium/4.8.3 (java windows)
Content-Length: 67
Content-Type: application/json; charset=utf-8
host: localhost:8849
accept: */*

Response DefaultHttpResponse(decodeResult: success, version: HTTP/1.1)
HTTP/1.1 200 OK
Content-Length: 94
Content-Type: application/json; charset=utf-8
cache-control: no-cache

[DEBUG] Adding key: http://localhost:8849 for channel [id: 0x1cdd9c56, L:/127.0.0.1:58157 - R:localhost/127.0.0.1:8849]
[DEBUG] Using pooled Channel '[id: 0x1cdd9c56, L:/127.0.0.1:58157 - R:localhost/127.0.0.1:8849]' for 'POST' to 'http://localhost:8849/session/9d70164d02b0f45105ff46d1855b88ba/element/FE70C06464DF0AB45B6FB1CC4ED57573_element_2/clear'
[DEBUG] Using open Channel [id: 0x1cdd9c56, L:/127.0.0.1:58157 - R:localhost/127.0.0.1:8849] for POST '/session/9d70164d02b0f45105ff46d1855b88ba/element/FE70C06464DF0AB45B6FB1CC4ED57573_element_2/clear'
[DEBUG] 

Request DefaultHttpRequest(decodeResult: success, version: HTTP/1.1)
POST /session/9d70164d02b0f45105ff46d1855b88ba/element/FE70C06464DF0AB45B6FB1CC4ED57573_element_2/clear HTTP/1.1
User-Agent: selenium/4.8.3 (java windows)
Content-Length: 56
Content-Type: application/json; charset=utf-8
host: localhost:8849
accept: */*

Response DefaultHttpResponse(decodeResult: success, version: HTTP/1.1)
HTTP/1.1 200 OK
Content-Length: 14
Content-Type: application/json; charset=utf-8
cache-control: no-cache

[DEBUG] Adding key: http://localhost:8849 for channel [id: 0x1cdd9c56, L:/127.0.0.1:58157 - R:localhost/127.0.0.1:8849]
[DEBUG] Using pooled Channel '[id: 0x1cdd9c56, L:/127.0.0.1:58157 - R:localhost/127.0.0.1:8849]' for 'POST' to 'http://localhost:8849/session/9d70164d02b0f45105ff46d1855b88ba/element'
[DEBUG] Using open Channel [id: 0x1cdd9c56, L:/127.0.0.1:58157 - R:localhost/127.0.0.1:8849] for POST '/session/9d70164d02b0f45105ff46d1855b88ba/element'
[DEBUG] 

Request DefaultHttpRequest(decodeResult: success, version: HTTP/1.1)
POST /session/9d70164d02b0f45105ff46d1855b88ba/element HTTP/1.1
User-Agent: selenium/4.8.3 (java windows)
Content-Length: 67
Content-Type: application/json; charset=utf-8
host: localhost:8849
accept: */*

Response DefaultHttpResponse(decodeResult: success, version: HTTP/1.1)
HTTP/1.1 200 OK
Content-Length: 94
Content-Type: application/json; charset=utf-8
cache-control: no-cache

[DEBUG] Adding key: http://localhost:8849 for channel [id: 0x1cdd9c56, L:/127.0.0.1:58157 - R:localhost/127.0.0.1:8849]
[DEBUG] Using pooled Channel '[id: 0x1cdd9c56, L:/127.0.0.1:58157 - R:localhost/127.0.0.1:8849]' for 'POST' to 'http://localhost:8849/session/9d70164d02b0f45105ff46d1855b88ba/element/FE70C06464DF0AB45B6FB1CC4ED57573_element_2/value'
[DEBUG] Using open Channel [id: 0x1cdd9c56, L:/127.0.0.1:58157 - R:localhost/127.0.0.1:8849] for POST '/session/9d70164d02b0f45105ff46d1855b88ba/element/FE70C06464DF0AB45B6FB1CC4ED57573_element_2/value'
[DEBUG] 

Request DefaultHttpRequest(decodeResult: success, version: HTTP/1.1)
POST /session/9d70164d02b0f45105ff46d1855b88ba/element/FE70C06464DF0AB45B6FB1CC4ED57573_element_2/value HTTP/1.1
User-Agent: selenium/4.8.3 (java windows)
Content-Length: 277
Content-Type: application/json; charset=utf-8
host: localhost:8849
accept: */*

Response DefaultHttpResponse(decodeResult: success, version: HTTP/1.1)
HTTP/1.1 200 OK
Content-Length: 14
Content-Type: application/json; charset=utf-8
cache-control: no-cache

[DEBUG] Adding key: http://localhost:8849 for channel [id: 0x1cdd9c56, L:/127.0.0.1:58157 - R:localhost/127.0.0.1:8849]
[DEBUG] Using pooled Channel '[id: 0x1cdd9c56, L:/127.0.0.1:58157 - R:localhost/127.0.0.1:8849]' for 'POST' to 'http://localhost:8849/session/9d70164d02b0f45105ff46d1855b88ba/element'
[DEBUG] Using open Channel [id: 0x1cdd9c56, L:/127.0.0.1:58157 - R:localhost/127.0.0.1:8849] for POST '/session/9d70164d02b0f45105ff46d1855b88ba/element'
[DEBUG] 

Request DefaultHttpRequest(decodeResult: success, version: HTTP/1.1)
POST /session/9d70164d02b0f45105ff46d1855b88ba/element HTTP/1.1
User-Agent: selenium/4.8.3 (java windows)
Content-Length: 70
Content-Type: application/json; charset=utf-8
host: localhost:8849
accept: */*

Response DefaultHttpResponse(decodeResult: success, version: HTTP/1.1)
HTTP/1.1 200 OK
Content-Length: 94
Content-Type: application/json; charset=utf-8
cache-control: no-cache

[DEBUG] Adding key: http://localhost:8849 for channel [id: 0x1cdd9c56, L:/127.0.0.1:58157 - R:localhost/127.0.0.1:8849]
[DEBUG] Using pooled Channel '[id: 0x1cdd9c56, L:/127.0.0.1:58157 - R:localhost/127.0.0.1:8849]' for 'POST' to 'http://localhost:8849/session/9d70164d02b0f45105ff46d1855b88ba/element/FE70C06464DF0AB45B6FB1CC4ED57573_element_6/clear'
[DEBUG] Using open Channel [id: 0x1cdd9c56, L:/127.0.0.1:58157 - R:localhost/127.0.0.1:8849] for POST '/session/9d70164d02b0f45105ff46d1855b88ba/element/FE70C06464DF0AB45B6FB1CC4ED57573_element_6/clear'
[DEBUG] 

Request DefaultHttpRequest(decodeResult: success, version: HTTP/1.1)
POST /session/9d70164d02b0f45105ff46d1855b88ba/element/FE70C06464DF0AB45B6FB1CC4ED57573_element_6/clear HTTP/1.1
User-Agent: selenium/4.8.3 (java windows)
Content-Length: 56
Content-Type: application/json; charset=utf-8
host: localhost:8849
accept: */*

Response DefaultHttpResponse(decodeResult: success, version: HTTP/1.1)
HTTP/1.1 200 OK
Content-Length: 14
Content-Type: application/json; charset=utf-8
cache-control: no-cache

[DEBUG] Adding key: http://localhost:8849 for channel [id: 0x1cdd9c56, L:/127.0.0.1:58157 - R:localhost/127.0.0.1:8849]
[DEBUG] Using pooled Channel '[id: 0x1cdd9c56, L:/127.0.0.1:58157 - R:localhost/127.0.0.1:8849]' for 'POST' to 'http://localhost:8849/session/9d70164d02b0f45105ff46d1855b88ba/element'
[DEBUG] Using open Channel [id: 0x1cdd9c56, L:/127.0.0.1:58157 - R:localhost/127.0.0.1:8849] for POST '/session/9d70164d02b0f45105ff46d1855b88ba/element'
[DEBUG] 

Request DefaultHttpRequest(decodeResult: success, version: HTTP/1.1)
POST /session/9d70164d02b0f45105ff46d1855b88ba/element HTTP/1.1
User-Agent: selenium/4.8.3 (java windows)
Content-Length: 70
Content-Type: application/json; charset=utf-8
host: localhost:8849
accept: */*

Response DefaultHttpResponse(decodeResult: success, version: HTTP/1.1)
HTTP/1.1 200 OK
Content-Length: 94
Content-Type: application/json; charset=utf-8
cache-control: no-cache

[DEBUG] Adding key: http://localhost:8849 for channel [id: 0x1cdd9c56, L:/127.0.0.1:58157 - R:localhost/127.0.0.1:8849]
[DEBUG] Using pooled Channel '[id: 0x1cdd9c56, L:/127.0.0.1:58157 - R:localhost/127.0.0.1:8849]' for 'POST' to 'http://localhost:8849/session/9d70164d02b0f45105ff46d1855b88ba/element/FE70C06464DF0AB45B6FB1CC4ED57573_element_6/value'
[DEBUG] Using open Channel [id: 0x1cdd9c56, L:/127.0.0.1:58157 - R:localhost/127.0.0.1:8849] for POST '/session/9d70164d02b0f45105ff46d1855b88ba/element/FE70C06464DF0AB45B6FB1CC4ED57573_element_6/value'
[DEBUG] 

Request DefaultHttpRequest(decodeResult: success, version: HTTP/1.1)
POST /session/9d70164d02b0f45105ff46d1855b88ba/element/FE70C06464DF0AB45B6FB1CC4ED57573_element_6/value HTTP/1.1
User-Agent: selenium/4.8.3 (java windows)
Content-Length: 137
Content-Type: application/json; charset=utf-8
host: localhost:8849
accept: */*

Response DefaultHttpResponse(decodeResult: success, version: HTTP/1.1)
HTTP/1.1 200 OK
Content-Length: 14
Content-Type: application/json; charset=utf-8
cache-control: no-cache

[DEBUG] Adding key: http://localhost:8849 for channel [id: 0x1cdd9c56, L:/127.0.0.1:58157 - R:localhost/127.0.0.1:8849]
  &amp#27;[32mAnd &amp#27;[0m&amp#27;[32mUser enters email &amp#27;[0m&amp#27;[32m&amp#27;[1m"admin@yourstore.com"&amp#27;[0m&amp#27;[32m and Password &amp#27;[0m&amp#27;[32m&amp#27;[1m"admin"&amp#27;[0m   &amp#27;[90m# stepDefinition.Login.user_enters_email_and_password(java.lang.String,java.lang.String)&amp#27;[0m
[DEBUG] Using pooled Channel '[id: 0x1cdd9c56, L:/127.0.0.1:58157 - R:localhost/127.0.0.1:8849]' for 'POST' to 'http://localhost:8849/session/9d70164d02b0f45105ff46d1855b88ba/element'
[DEBUG] Using open Channel [id: 0x1cdd9c56, L:/127.0.0.1:58157 - R:localhost/127.0.0.1:8849] for POST '/session/9d70164d02b0f45105ff46d1855b88ba/element'
[DEBUG] 

Request DefaultHttpRequest(decodeResult: success, version: HTTP/1.1)
POST /session/9d70164d02b0f45105ff46d1855b88ba/element HTTP/1.1
User-Agent: selenium/4.8.3 (java windows)
Content-Length: 88
Content-Type: application/json; charset=utf-8
host: localhost:8849
accept: */*

Response DefaultHttpResponse(decodeResult: success, version: HTTP/1.1)
HTTP/1.1 200 OK
Content-Length: 94
Content-Type: application/json; charset=utf-8
cache-control: no-cache

[DEBUG] Adding key: http://localhost:8849 for channel [id: 0x1cdd9c56, L:/127.0.0.1:58157 - R:localhost/127.0.0.1:8849]
[DEBUG] Using pooled Channel '[id: 0x1cdd9c56, L:/127.0.0.1:58157 - R:localhost/127.0.0.1:8849]' for 'POST' to 'http://localhost:8849/session/9d70164d02b0f45105ff46d1855b88ba/element/FE70C06464DF0AB45B6FB1CC4ED57573_element_3/click'
[DEBUG] Using open Channel [id: 0x1cdd9c56, L:/127.0.0.1:58157 - R:localhost/127.0.0.1:8849] for POST '/session/9d70164d02b0f45105ff46d1855b88ba/element/FE70C06464DF0AB45B6FB1CC4ED57573_element_3/click'
[DEBUG] Entry count for : http://localhost:58158 : 1
[DEBUG] Entry count for : http://localhost:58158 : 1
[DEBUG] Entry count for : http://localhost:58158 : 1
[DEBUG] 

Request DefaultHttpRequest(decodeResult: success, version: HTTP/1.1)
POST /session/9d70164d02b0f45105ff46d1855b88ba/element/FE70C06464DF0AB45B6FB1CC4ED57573_element_3/click HTTP/1.1
User-Agent: selenium/4.8.3 (java windows)
Content-Length: 56
Content-Type: application/json; charset=utf-8
host: localhost:8849
accept: */*

Response DefaultHttpResponse(decodeResult: success, version: HTTP/1.1)
HTTP/1.1 200 OK
Content-Length: 14
Content-Type: application/json; charset=utf-8
cache-control: no-cache

[DEBUG] Adding key: http://localhost:8849 for channel [id: 0x1cdd9c56, L:/127.0.0.1:58157 - R:localhost/127.0.0.1:8849]
  &amp#27;[32mAnd &amp#27;[0m&amp#27;[32mUser clicks on login button&amp#27;[0m                                    &amp#27;[90m# stepDefinition.Login.user_clicks_on_login_button()&amp#27;[0m
Admin page constructor called 
Admin page constructor end 
[DEBUG] Using pooled Channel '[id: 0x1cdd9c56, L:/127.0.0.1:58157 - R:localhost/127.0.0.1:8849]' for 'GET' to 'http://localhost:8849/session/9d70164d02b0f45105ff46d1855b88ba/title'
[DEBUG] Using open Channel [id: 0x1cdd9c56, L:/127.0.0.1:58157 - R:localhost/127.0.0.1:8849] for GET '/session/9d70164d02b0f45105ff46d1855b88ba/title'
[DEBUG] 

Request DefaultFullHttpRequest(decodeResult: success, version: HTTP/1.1, content: EmptyByteBufBE)
GET /session/9d70164d02b0f45105ff46d1855b88ba/title HTTP/1.1
User-Agent: selenium/4.8.3 (java windows)
Cache-Control: no-cache
Content-Type: application/json; charset=utf-8
host: localhost:8849
accept: */*

Response DefaultHttpResponse(decodeResult: success, version: HTTP/1.1)
HTTP/1.1 404 Not Found
Content-Length: 865
Content-Type: application/json; charset=utf-8
cache-control: no-cache

[DEBUG] Adding key: http://localhost:8849 for channel [id: 0x1cdd9c56, L:/127.0.0.1:58157 - R:localhost/127.0.0.1:8849]
  &amp#27;[31mThen &amp#27;[0m&amp#27;[31mPage title should be &amp#27;[0m&amp#27;[31m&amp#27;[1m"Dashboard / nopCommerce administration"&amp#27;[0m &amp#27;[90m# stepDefinition.Login.page_title_should_be(java.lang.String)&amp#27;[0m
      &amp#27;[31morg.openqa.selenium.NoSuchWindowException: no such window: target window already closed
from unknown error: web view not found
  (Session info: chrome=114.0.5735.110)
Build info: version: '4.8.3', revision: 'e5e76298c3'
System info: os.name: 'Windows 11', os.arch: 'amd64', os.version: '10.0', java.version: '17.0.7'
Driver info: org.openqa.selenium.chrome.ChromeDriver
Command: [9d70164d02b0f45105ff46d1855b88ba, getTitle {}]
Capabilities {acceptInsecureCerts: false, browserName: chrome, browserVersion: 114.0.5735.110, chrome: {chromedriverVersion: 114.0.5735.90 (386bc09e8f4f..., userDataDir: C:\Users\ABHINAV\AppData\Lo...}, goog:chromeOptions: {debuggerAddress: localhost:58158}, networkConnectionEnabled: false, pageLoadStrategy: normal, platformName: WINDOWS, proxy: Proxy(), se:cdp: ws://localhost:58158/devtoo..., se:cdpVersion: 114.0.5735.110, setWindowRect: true, strictFileInteractability: false, timeouts: {implicit: 0, pageLoad: 300000, script: 30000}, unhandledPromptBehavior: dismiss and notify, webauthn:extension:credBlob: true, webauthn:extension:largeBlob: true, webauthn:extension:minPinLength: true, webauthn:extension:prf: true, webauthn:virtualAuthenticators: true}
Session ID: 9d70164d02b0f45105ff46d1855b88ba
	at java.base/jdk.internal.reflect.NativeConstructorAccessorImpl.newInstance0(Native Method)
	at java.base/jdk.internal.reflect.NativeConstructorAccessorImpl.newInstance(NativeConstructorAccessorImpl.java:77)
	at java.base/jdk.internal.reflect.DelegatingConstructorAccessorImpl.newInstance(DelegatingConstructorAccessorImpl.java:45)
	at java.base/java.lang.reflect.Constructor.newInstanceWithCaller(Constructor.java:499)
	at java.base/java.lang.reflect.Constructor.newInstance(Constructor.java:480)
	at org.openqa.selenium.remote.codec.w3c.W3CHttpResponseCodec.createException(W3CHttpResponseCodec.java:200)
	at org.openqa.selenium.remote.codec.w3c.W3CHttpResponseCodec.decode(W3CHttpResponseCodec.java:133)
	at org.openqa.selenium.remote.codec.w3c.W3CHttpResponseCodec.decode(W3CHttpResponseCodec.java:53)
	at org.openqa.selenium.remote.HttpCommandExecutor.execute(HttpCommandExecutor.java:193)
	at org.openqa.selenium.remote.service.DriverCommandExecutor.invokeExecute(DriverCommandExecutor.java:183)
	at org.openqa.selenium.remote.service.DriverCommandExecutor.execute(DriverCommandExecutor.java:158)
	at org.openqa.selenium.remote.RemoteWebDriver.execute(RemoteWebDriver.java:543)
	at org.openqa.selenium.remote.RemoteWebDriver.execute(RemoteWebDriver.java:598)
	at org.openqa.selenium.remote.RemoteWebDriver.execute(RemoteWebDriver.java:602)
	at org.openqa.selenium.remote.RemoteWebDriver.getTitle(RemoteWebDriver.java:302)
	at pageObject.AdminPage.checkPageTitle(AdminPage.java:42)
	at stepDefinition.Login.page_title_should_be(Login.java:81)
	at âœ½.Page title should be "Dashboard / nopCommerce administration"(file:///D:/Selenium%20project/Selenium_Tutorial_2023/Selenium_Practice_2024/Feature/Customer.feature:31)
&amp#27;[0m
  &amp#27;[36mWhen &amp#27;[0m&amp#27;[36mUser clicks on dashboard customer&amp#27;[0m                             &amp#27;[90m# stepDefinition.Login.user_clicks_on_dashboard_customer()&amp#27;[0m
  &amp#27;[36mAnd &amp#27;[0m&amp#27;[36mUser clicks on customer subtab&amp#27;[0m                                 &amp#27;[90m# stepDefinition.Login.user_clicks_on_customer_subtab()&amp#27;[0m
  &amp#27;[36mAnd &amp#27;[0m&amp#27;[36mSearch with an email&amp#27;[0m                                           &amp#27;[90m# stepDefinition.Login.search_with_an_email()&amp#27;[0m
  &amp#27;[36mAnd &amp#27;[0m&amp#27;[36mSelect and click on edit in search result&amp#27;[0m                      &amp#27;[90m# stepDefinition.Login.select_and_click_on_edit_in_serach_result()&amp#27;[0m
  &amp#27;[36mAnd &amp#27;[0m&amp#27;[36mDelete the record&amp#27;[0m                                              &amp#27;[90m# stepDefinition.Login.delete_the_record()&amp#27;[0m
  &amp#27;[36mAnd &amp#27;[0m&amp#27;[36mUser validate the deleted record&amp#27;[0m                               &amp#27;[90m# stepDefinition.Login.user_validate_the_deleted_record()&amp#27;[0m
  &amp#27;[36mThen &amp#27;[0m&amp#27;[36mUser clicks on logout button&amp#27;[0m                                  &amp#27;[90m# stepDefinition.Login.user_clicks_on_logout_button()&amp#27;[0m
  &amp#27;[36mThen &amp#27;[0m&amp#27;[36mUser close the browser&amp#27;[0m                                        &amp#27;[90m# stepDefinition.Login.user_close_the_browser()&amp#27;[0m
[DEBUG] Using pooled Channel '[id: 0x1cdd9c56, L:/127.0.0.1:58157 - R:localhost/127.0.0.1:8849]' for 'DELETE' to 'http://localhost:8849/session/9d70164d02b0f45105ff46d1855b88ba/window'
[DEBUG] Using open Channel [id: 0x1cdd9c56, L:/127.0.0.1:58157 - R:localhost/127.0.0.1:8849] for DELETE '/session/9d70164d02b0f45105ff46d1855b88ba/window'
[DEBUG] Channel Closed: [id: 0x6b8dc18d, L:/127.0.0.1:58164 ! R:localhost/127.0.0.1:58158] with attribute DISCARD
[DEBUG] Channel Closed: [id: 0x9dd644e7, L:/127.0.0.1:58165 ! R:localhost/127.0.0.1:58158] with attribute NettyResponseFuture{currentRetry=0,
	isDone=1,
	isCancelled=0,
	asyncHandler=org.asynchttpclient.ws.WebSocketUpgradeHandler@1a0de968,
	nettyRequest=org.asynchttpclient.netty.request.NettyRequest@5f0f744d,
	future=java.util.concurrent.CompletableFuture@6356c8f6[Completed normally],
	uri=ws://localhost:58158/devtools/browser/eb325867-cba3-4de9-aa55-23f859dfcfcf,
	keepAlive=true,
	redirectCount=0,
	timeoutsHolder=null,
	inAuth=0,
	touch=1686681455613}
[DEBUG] Closing Channel [id: 0x9dd644e7, L:/127.0.0.1:58165 ! R:localhost/127.0.0.1:58158] 
[DEBUG] 

Request DefaultFullHttpRequest(decodeResult: success, version: HTTP/1.1, content: EmptyByteBufBE)
DELETE /session/9d70164d02b0f45105ff46d1855b88ba/window HTTP/1.1
User-Agent: selenium/4.8.3 (java windows)
Content-Type: application/json; charset=utf-8
host: localhost:8849
accept: */*

Response DefaultHttpResponse(decodeResult: success, version: HTTP/1.1)
HTTP/1.1 500 Internal Server Error
Content-Length: 1027
Content-Type: application/json; charset=utf-8
cache-control: no-cache

[DEBUG] Adding key: http://localhost:8849 for channel [id: 0x1cdd9c56, L:/127.0.0.1:58157 - R:localhost/127.0.0.1:8849]
      &amp#27;[31morg.openqa.selenium.WebDriverException: disconnected: Unable to receive message from renderer
  (failed to check if window was closed: disconnected: not connected to DevTools)
  (Session info: chrome=114.0.5735.110)
Build info: version: '4.8.3', revision: 'e5e76298c3'
System info: os.name: 'Windows 11', os.arch: 'amd64', os.version: '10.0', java.version: '17.0.7'
Driver info: org.openqa.selenium.chrome.ChromeDriver
Command: [9d70164d02b0f45105ff46d1855b88ba, close {}]
Capabilities {acceptInsecureCerts: false, browserName: chrome, browserVersion: 114.0.5735.110, chrome: {chromedriverVersion: 114.0.5735.90 (386bc09e8f4f..., userDataDir: C:\Users\ABHINAV\AppData\Lo...}, goog:chromeOptions: {debuggerAddress: localhost:58158}, networkConnectionEnabled: false, pageLoadStrategy: normal, platformName: WINDOWS, proxy: Proxy(), se:cdp: ws://localhost:58158/devtoo..., se:cdpVersion: 114.0.5735.110, setWindowRect: true, strictFileInteractability: false, timeouts: {implicit: 0, pageLoad: 300000, script: 30000}, unhandledPromptBehavior: dismiss and notify, webauthn:extension:credBlob: true, webauthn:extension:largeBlob: true, webauthn:extension:minPinLength: true, webauthn:extension:prf: true, webauthn:virtualAuthenticators: true}
Session ID: 9d70164d02b0f45105ff46d1855b88ba
	at java.base/jdk.internal.reflect.NativeConstructorAccessorImpl.newInstance0(Native Method)
	at java.base/jdk.internal.reflect.NativeConstructorAccessorImpl.newInstance(NativeConstructorAccessorImpl.java:77)
	at java.base/jdk.internal.reflect.DelegatingConstructorAccessorImpl.newInstance(DelegatingConstructorAccessorImpl.java:45)
	at java.base/java.lang.reflect.Constructor.newInstanceWithCaller(Constructor.java:499)
	at java.base/java.lang.reflect.Constructor.newInstance(Constructor.java:480)
	at org.openqa.selenium.remote.codec.w3c.W3CHttpResponseCodec.createException(W3CHttpResponseCodec.java:200)
	at org.openqa.selenium.remote.codec.w3c.W3CHttpResponseCodec.decode(W3CHttpResponseCodec.java:133)
	at org.openqa.selenium.remote.codec.w3c.W3CHttpResponseCodec.decode(W3CHttpResponseCodec.java:53)
	at org.openqa.selenium.remote.HttpCommandExecutor.execute(HttpCommandExecutor.java:193)
	at org.openqa.selenium.remote.service.DriverCommandExecutor.invokeExecute(DriverCommandExecutor.java:183)
	at org.openqa.selenium.remote.service.DriverCommandExecutor.execute(DriverCommandExecutor.java:158)
	at org.openqa.selenium.remote.RemoteWebDriver.execute(RemoteWebDriver.java:543)
	at org.openqa.selenium.remote.RemoteWebDriver.execute(RemoteWebDriver.java:598)
	at org.openqa.selenium.remote.RemoteWebDriver.execute(RemoteWebDriver.java:602)
	at org.openqa.selenium.remote.RemoteWebDriver.close(RemoteWebDriver.java:419)
	at stepDefinition.Login.tearDown(Login.java:44)
&amp#27;[0m
]]></system-out>
    <system-err><![CDATA[Starting ChromeDriver 114.0.5735.90 (386bc09e8f4f2e025eddae123f36f6263096ae49-refs/branch-heads/5735@{#1052}) on port 8849
Only local connections are allowed.
Please see https://chromedriver.chromium.org/security-considerations for suggestions on keeping ChromeDriver safe.
ChromeDriver was started successfully.
Jun 14, 2023 12:07:35 AM org.openqa.selenium.devtools.CdpVersionFinder findNearestMatch
WARNING: Unable to find an exact match for CDP version 114, so returning the closest version found: 111
[1686681460.883][SEVERE]: Unable to receive message from renderer
]]></system-err>
  </testcase>
  <testcase name="runScenario" classname="Runner.TestRunner2024" time="3.011">
    <failure message="no such window: target window already closed&#10;from unknown error: web view not found&#10;  (Session info: chrome=114.0.5735.110)&#10;Build info: version: &apos;4.8.3&apos;, revision: &apos;e5e76298c3&apos;&#10;System info: os.name: &apos;Windows 11&apos;, os.arch: &apos;amd64&apos;, os.version: &apos;10.0&apos;, java.version: &apos;17.0.7&apos;&#10;Driver info: org.openqa.selenium.chrome.ChromeDriver&#10;Command: [3fdd921c62cc67bfd36c8981336db159, getTitle {}]&#10;Capabilities {acceptInsecureCerts: false, browserName: chrome, browserVersion: 114.0.5735.110, chrome: {chromedriverVersion: 114.0.5735.90 (386bc09e8f4f..., userDataDir: C:\Users\ABHINAV\AppData\Lo...}, goog:chromeOptions: {debuggerAddress: localhost:58188}, networkConnectionEnabled: false, pageLoadStrategy: normal, platformName: WINDOWS, proxy: Proxy(), se:cdp: ws://localhost:58188/devtoo..., se:cdpVersion: 114.0.5735.110, setWindowRect: true, strictFileInteractability: false, timeouts: {implicit: 0, pageLoad: 300000, script: 30000}, unhandledPromptBehavior: dismiss and notify, webauthn:extension:credBlob: true, webauthn:extension:largeBlob: true, webauthn:extension:minPinLength: true, webauthn:extension:prf: true, webauthn:virtualAuthenticators: true}&#10;Session ID: 3fdd921c62cc67bfd36c8981336db159" type="org.openqa.selenium.NoSuchWindowException">org.openqa.selenium.NoSuchWindowException: 
no such window: target window already closed
from unknown error: web view not found
  (Session info: chrome=114.0.5735.110)
Build info: version: '4.8.3', revision: 'e5e76298c3'
System info: os.name: 'Windows 11', os.arch: 'amd64', os.version: '10.0', java.version: '17.0.7'
Driver info: org.openqa.selenium.chrome.ChromeDriver
Command: [3fdd921c62cc67bfd36c8981336db159, getTitle {}]
Capabilities {acceptInsecureCerts: false, browserName: chrome, browserVersion: 114.0.5735.110, chrome: {chromedriverVersion: 114.0.5735.90 (386bc09e8f4f..., userDataDir: C:\Users\ABHINAV\AppData\Lo...}, goog:chromeOptions: {debuggerAddress: localhost:58188}, networkConnectionEnabled: false, pageLoadStrategy: normal, platformName: WINDOWS, proxy: Proxy(), se:cdp: ws://localhost:58188/devtoo..., se:cdpVersion: 114.0.5735.110, setWindowRect: true, strictFileInteractability: false, timeouts: {implicit: 0, pageLoad: 300000, script: 30000}, unhandledPromptBehavior: dismiss and notify, webauthn:extension:credBlob: true, webauthn:extension:largeBlob: true, webauthn:extension:minPinLength: true, webauthn:extension:prf: true, webauthn:virtualAuthenticators: true}
Session ID: 3fdd921c62cc67bfd36c8981336db159
</failure>
    <system-out><![CDATA[
Scenario: login with valid credential                                &amp#27;[90m# Feature/Login.feature:3&amp#27;[0m
[DEBUG] Resolution chrome=114 in cache (valid until 00:14:31 14/06/2023 IST)
[DEBUG] Resolution chrome114=114.0.5735.90 in cache (valid until 22:13:20 14/06/2023 IST)
[INFO] Using chromedriver 114.0.5735.90 (resolved driver for Chrome 114)
[DEBUG] Driver chromedriver 114.0.5735.90 found in cache
[INFO] Exporting webdriver.chrome.driver as C:\Users\ABHINAV\.cache\selenium\chromedriver\win32\114.0.5735.90\chromedriver.exe
[DEBUG] Using new Channel '[id: 0x872f1781, L:/127.0.0.1:58185 - R:localhost/127.0.0.1:2611]' for 'POST' to '/session'
[DEBUG] Entry count for : http://localhost:8849 : 1
[DEBUG] Entry count for : http://localhost:58158 : 1
[DEBUG] Adding Candidate expired Channel [id: 0x6b8dc18d, L:/127.0.0.1:58164 ! R:localhost/127.0.0.1:58158] isIdleTimeoutExpired=false isRemotelyClosed=true isTtlExpired=false
[DEBUG] Closing Idle Channel [id: 0x6b8dc18d, L:/127.0.0.1:58164 ! R:localhost/127.0.0.1:58158]
[DEBUG] Closed 1 connections out of 2 in 0 ms
[DEBUG] 

Request DefaultHttpRequest(decodeResult: success, version: HTTP/1.1)
POST /session HTTP/1.1
User-Agent: selenium/4.8.3 (java windows)
Content-Length: 439
Content-Type: application/json; charset=utf-8
host: localhost:2611
accept: */*

Response DefaultHttpResponse(decodeResult: success, version: HTTP/1.1)
HTTP/1.1 200 OK
Content-Length: 862
Content-Type: application/json; charset=utf-8
cache-control: no-cache

[DEBUG] Adding key: http://localhost:2611 for channel [id: 0x872f1781, L:/127.0.0.1:58185 - R:localhost/127.0.0.1:2611]
[DEBUG] Using new Channel '[id: 0x6481889f, L:/127.0.0.1:58195 - R:localhost/127.0.0.1:58188]' for 'GET' to '/json/version'
[DEBUG] 

Request DefaultFullHttpRequest(decodeResult: success, version: HTTP/1.1, content: EmptyByteBufBE)
GET /json/version HTTP/1.1
User-Agent: selenium/4.8.3 (java windows)
host: localhost:58188
accept: */*

Response DefaultHttpResponse(decodeResult: success, version: HTTP/1.1)
HTTP/1.1 200 OK
Content-Security-Policy: frame-ancestors 'none'
Content-Length: 424
Content-Type: application/json; charset=UTF-8

[DEBUG] Adding key: http://localhost:58188 for channel [id: 0x6481889f, L:/127.0.0.1:58195 - R:localhost/127.0.0.1:58188]
[DEBUG] Using new Channel '[id: 0xffbc424e, L:/127.0.0.1:58196 - R:localhost/127.0.0.1:58188]' for 'GET' to '/devtools/browser/b53f3f37-3fbc-4d59-a40c-f2354c95851d'
[DEBUG] 

Request DefaultFullHttpRequest(decodeResult: success, version: HTTP/1.1, content: EmptyByteBufBE)
GET /devtools/browser/b53f3f37-3fbc-4d59-a40c-f2354c95851d HTTP/1.1
upgrade: websocket
connection: upgrade
sec-websocket-key: iwSzu2GaxOLJqlxm2XBCwA==
sec-websocket-version: 13
origin: http://localhost:58188
host: localhost:58188
accept: */*
user-agent: AHC/2.1

Response DefaultHttpResponse(decodeResult: success, version: HTTP/1.1)
HTTP/1.1 101 WebSocket Protocol Handshake
Upgrade: WebSocket
Connection: Upgrade
Sec-WebSocket-Accept: bba3x3ybU9iDxGshk1PmH37zMsQ=

[DEBUG] Using pooled Channel '[id: 0x872f1781, L:/127.0.0.1:58185 - R:localhost/127.0.0.1:2611]' for 'DELETE' to 'http://localhost:2611/session/3fdd921c62cc67bfd36c8981336db159/cookie'
[DEBUG] Using open Channel [id: 0x872f1781, L:/127.0.0.1:58185 - R:localhost/127.0.0.1:2611] for DELETE '/session/3fdd921c62cc67bfd36c8981336db159/cookie'
[DEBUG] 

Request DefaultFullHttpRequest(decodeResult: success, version: HTTP/1.1, content: EmptyByteBufBE)
DELETE /session/3fdd921c62cc67bfd36c8981336db159/cookie HTTP/1.1
User-Agent: selenium/4.8.3 (java windows)
Content-Type: application/json; charset=utf-8
host: localhost:2611
accept: */*

Response DefaultHttpResponse(decodeResult: success, version: HTTP/1.1)
HTTP/1.1 200 OK
Content-Length: 14
Content-Type: application/json; charset=utf-8
cache-control: no-cache

[DEBUG] Adding key: http://localhost:2611 for channel [id: 0x872f1781, L:/127.0.0.1:58185 - R:localhost/127.0.0.1:2611]
[DEBUG] Using pooled Channel '[id: 0x872f1781, L:/127.0.0.1:58185 - R:localhost/127.0.0.1:2611]' for 'POST' to 'http://localhost:2611/session/3fdd921c62cc67bfd36c8981336db159/window/maximize'
[DEBUG] Using open Channel [id: 0x872f1781, L:/127.0.0.1:58185 - R:localhost/127.0.0.1:2611] for POST '/session/3fdd921c62cc67bfd36c8981336db159/window/maximize'
[DEBUG] 

Request DefaultHttpRequest(decodeResult: success, version: HTTP/1.1)
POST /session/3fdd921c62cc67bfd36c8981336db159/window/maximize HTTP/1.1
User-Agent: selenium/4.8.3 (java windows)
Content-Length: 3
Content-Type: application/json; charset=utf-8
host: localhost:2611
accept: */*

Response DefaultHttpResponse(decodeResult: success, version: HTTP/1.1)
HTTP/1.1 200 OK
Content-Length: 51
Content-Type: application/json; charset=utf-8
cache-control: no-cache

[DEBUG] Adding key: http://localhost:2611 for channel [id: 0x872f1781, L:/127.0.0.1:58185 - R:localhost/127.0.0.1:2611]
[DEBUG] Using pooled Channel '[id: 0x872f1781, L:/127.0.0.1:58185 - R:localhost/127.0.0.1:2611]' for 'POST' to 'http://localhost:2611/session/3fdd921c62cc67bfd36c8981336db159/timeouts'
[DEBUG] Using open Channel [id: 0x872f1781, L:/127.0.0.1:58185 - R:localhost/127.0.0.1:2611] for POST '/session/3fdd921c62cc67bfd36c8981336db159/timeouts'
[DEBUG] 

Request DefaultHttpRequest(decodeResult: success, version: HTTP/1.1)
POST /session/3fdd921c62cc67bfd36c8981336db159/timeouts HTTP/1.1
User-Agent: selenium/4.8.3 (java windows)
Content-Length: 23
Content-Type: application/json; charset=utf-8
host: localhost:2611
accept: */*

Response DefaultHttpResponse(decodeResult: success, version: HTTP/1.1)
HTTP/1.1 200 OK
Content-Length: 14
Content-Type: application/json; charset=utf-8
cache-control: no-cache

[DEBUG] Adding key: http://localhost:2611 for channel [id: 0x872f1781, L:/127.0.0.1:58185 - R:localhost/127.0.0.1:2611]
  &amp#27;[32mGiven &amp#27;[0m&amp#27;[32mUser launch chrome browser&amp#27;[0m                                   &amp#27;[90m# stepDefinition.Login.user_launch_chrome_browser()&amp#27;[0m
[DEBUG] Using pooled Channel '[id: 0x872f1781, L:/127.0.0.1:58185 - R:localhost/127.0.0.1:2611]' for 'POST' to 'http://localhost:2611/session/3fdd921c62cc67bfd36c8981336db159/url'
[DEBUG] Using open Channel [id: 0x872f1781, L:/127.0.0.1:58185 - R:localhost/127.0.0.1:2611] for POST '/session/3fdd921c62cc67bfd36c8981336db159/url'
[DEBUG] Entry count for : http://localhost:8849 : 1
[DEBUG] Entry count for : http://localhost:58188 : 1
[DEBUG] Entry count for : http://localhost:8849 : 1
[DEBUG] Entry count for : http://localhost:58188 : 1
[DEBUG] 

Request DefaultHttpRequest(decodeResult: success, version: HTTP/1.1)
POST /session/3fdd921c62cc67bfd36c8981336db159/url HTTP/1.1
User-Agent: selenium/4.8.3 (java windows)
Content-Length: 70
Content-Type: application/json; charset=utf-8
host: localhost:2611
accept: */*

Response DefaultHttpResponse(decodeResult: success, version: HTTP/1.1)
HTTP/1.1 200 OK
Content-Length: 14
Content-Type: application/json; charset=utf-8
cache-control: no-cache

[DEBUG] Adding key: http://localhost:2611 for channel [id: 0x872f1781, L:/127.0.0.1:58185 - R:localhost/127.0.0.1:2611]
[DEBUG] Using pooled Channel '[id: 0x872f1781, L:/127.0.0.1:58185 - R:localhost/127.0.0.1:2611]' for 'GET' to 'http://localhost:2611/session/3fdd921c62cc67bfd36c8981336db159/title'
[DEBUG] Using open Channel [id: 0x872f1781, L:/127.0.0.1:58185 - R:localhost/127.0.0.1:2611] for GET '/session/3fdd921c62cc67bfd36c8981336db159/title'
[DEBUG] 

Request DefaultFullHttpRequest(decodeResult: success, version: HTTP/1.1, content: EmptyByteBufBE)
GET /session/3fdd921c62cc67bfd36c8981336db159/title HTTP/1.1
User-Agent: selenium/4.8.3 (java windows)
Cache-Control: no-cache
Content-Type: application/json; charset=utf-8
host: localhost:2611
accept: */*

Response DefaultHttpResponse(decodeResult: success, version: HTTP/1.1)
HTTP/1.1 200 OK
Content-Length: 29
Content-Type: application/json; charset=utf-8
cache-control: no-cache

[DEBUG] Adding key: http://localhost:2611 for channel [id: 0x872f1781, L:/127.0.0.1:58185 - R:localhost/127.0.0.1:2611]
  &amp#27;[32mWhen &amp#27;[0m&amp#27;[32mUser opens URL &amp#27;[0m&amp#27;[32m&amp#27;[1m"https://admin-demo.nopcommerce.com/login"&amp#27;[0m     &amp#27;[90m# stepDefinition.Login.user_opens_url(java.lang.String)&amp#27;[0m
[DEBUG] Using pooled Channel '[id: 0x872f1781, L:/127.0.0.1:58185 - R:localhost/127.0.0.1:2611]' for 'POST' to 'http://localhost:2611/session/3fdd921c62cc67bfd36c8981336db159/element'
[DEBUG] Using open Channel [id: 0x872f1781, L:/127.0.0.1:58185 - R:localhost/127.0.0.1:2611] for POST '/session/3fdd921c62cc67bfd36c8981336db159/element'
[DEBUG] 

Request DefaultHttpRequest(decodeResult: success, version: HTTP/1.1)
POST /session/3fdd921c62cc67bfd36c8981336db159/element HTTP/1.1
User-Agent: selenium/4.8.3 (java windows)
Content-Length: 67
Content-Type: application/json; charset=utf-8
host: localhost:2611
accept: */*

Response DefaultHttpResponse(decodeResult: success, version: HTTP/1.1)
HTTP/1.1 200 OK
Content-Length: 94
Content-Type: application/json; charset=utf-8
cache-control: no-cache

[DEBUG] Adding key: http://localhost:2611 for channel [id: 0x872f1781, L:/127.0.0.1:58185 - R:localhost/127.0.0.1:2611]
[DEBUG] Using pooled Channel '[id: 0x872f1781, L:/127.0.0.1:58185 - R:localhost/127.0.0.1:2611]' for 'POST' to 'http://localhost:2611/session/3fdd921c62cc67bfd36c8981336db159/element/3689FA8C1474D4B28EFE75FF6205FE4E_element_2/clear'
[DEBUG] Using open Channel [id: 0x872f1781, L:/127.0.0.1:58185 - R:localhost/127.0.0.1:2611] for POST '/session/3fdd921c62cc67bfd36c8981336db159/element/3689FA8C1474D4B28EFE75FF6205FE4E_element_2/clear'
[DEBUG] 

Request DefaultHttpRequest(decodeResult: success, version: HTTP/1.1)
POST /session/3fdd921c62cc67bfd36c8981336db159/element/3689FA8C1474D4B28EFE75FF6205FE4E_element_2/clear HTTP/1.1
User-Agent: selenium/4.8.3 (java windows)
Content-Length: 56
Content-Type: application/json; charset=utf-8
host: localhost:2611
accept: */*

Response DefaultHttpResponse(decodeResult: success, version: HTTP/1.1)
HTTP/1.1 200 OK
Content-Length: 14
Content-Type: application/json; charset=utf-8
cache-control: no-cache

[DEBUG] Adding key: http://localhost:2611 for channel [id: 0x872f1781, L:/127.0.0.1:58185 - R:localhost/127.0.0.1:2611]
[DEBUG] Using pooled Channel '[id: 0x872f1781, L:/127.0.0.1:58185 - R:localhost/127.0.0.1:2611]' for 'POST' to 'http://localhost:2611/session/3fdd921c62cc67bfd36c8981336db159/element'
[DEBUG] Using open Channel [id: 0x872f1781, L:/127.0.0.1:58185 - R:localhost/127.0.0.1:2611] for POST '/session/3fdd921c62cc67bfd36c8981336db159/element'
[DEBUG] 

Request DefaultHttpRequest(decodeResult: success, version: HTTP/1.1)
POST /session/3fdd921c62cc67bfd36c8981336db159/element HTTP/1.1
User-Agent: selenium/4.8.3 (java windows)
Content-Length: 67
Content-Type: application/json; charset=utf-8
host: localhost:2611
accept: */*

Response DefaultHttpResponse(decodeResult: success, version: HTTP/1.1)
HTTP/1.1 200 OK
Content-Length: 94
Content-Type: application/json; charset=utf-8
cache-control: no-cache

[DEBUG] Adding key: http://localhost:2611 for channel [id: 0x872f1781, L:/127.0.0.1:58185 - R:localhost/127.0.0.1:2611]
[DEBUG] Using pooled Channel '[id: 0x872f1781, L:/127.0.0.1:58185 - R:localhost/127.0.0.1:2611]' for 'POST' to 'http://localhost:2611/session/3fdd921c62cc67bfd36c8981336db159/element/3689FA8C1474D4B28EFE75FF6205FE4E_element_2/value'
[DEBUG] Using open Channel [id: 0x872f1781, L:/127.0.0.1:58185 - R:localhost/127.0.0.1:2611] for POST '/session/3fdd921c62cc67bfd36c8981336db159/element/3689FA8C1474D4B28EFE75FF6205FE4E_element_2/value'
[DEBUG] 

Request DefaultHttpRequest(decodeResult: success, version: HTTP/1.1)
POST /session/3fdd921c62cc67bfd36c8981336db159/element/3689FA8C1474D4B28EFE75FF6205FE4E_element_2/value HTTP/1.1
User-Agent: selenium/4.8.3 (java windows)
Content-Length: 277
Content-Type: application/json; charset=utf-8
host: localhost:2611
accept: */*

Response DefaultHttpResponse(decodeResult: success, version: HTTP/1.1)
HTTP/1.1 200 OK
Content-Length: 14
Content-Type: application/json; charset=utf-8
cache-control: no-cache

[DEBUG] Adding key: http://localhost:2611 for channel [id: 0x872f1781, L:/127.0.0.1:58185 - R:localhost/127.0.0.1:2611]
[DEBUG] Using pooled Channel '[id: 0x872f1781, L:/127.0.0.1:58185 - R:localhost/127.0.0.1:2611]' for 'POST' to 'http://localhost:2611/session/3fdd921c62cc67bfd36c8981336db159/element'
[DEBUG] Using open Channel [id: 0x872f1781, L:/127.0.0.1:58185 - R:localhost/127.0.0.1:2611] for POST '/session/3fdd921c62cc67bfd36c8981336db159/element'
[DEBUG] 

Request DefaultHttpRequest(decodeResult: success, version: HTTP/1.1)
POST /session/3fdd921c62cc67bfd36c8981336db159/element HTTP/1.1
User-Agent: selenium/4.8.3 (java windows)
Content-Length: 70
Content-Type: application/json; charset=utf-8
host: localhost:2611
accept: */*

Response DefaultHttpResponse(decodeResult: success, version: HTTP/1.1)
HTTP/1.1 200 OK
Content-Length: 94
Content-Type: application/json; charset=utf-8
cache-control: no-cache

[DEBUG] Adding key: http://localhost:2611 for channel [id: 0x872f1781, L:/127.0.0.1:58185 - R:localhost/127.0.0.1:2611]
[DEBUG] Using pooled Channel '[id: 0x872f1781, L:/127.0.0.1:58185 - R:localhost/127.0.0.1:2611]' for 'POST' to 'http://localhost:2611/session/3fdd921c62cc67bfd36c8981336db159/element/3689FA8C1474D4B28EFE75FF6205FE4E_element_6/clear'
[DEBUG] Using open Channel [id: 0x872f1781, L:/127.0.0.1:58185 - R:localhost/127.0.0.1:2611] for POST '/session/3fdd921c62cc67bfd36c8981336db159/element/3689FA8C1474D4B28EFE75FF6205FE4E_element_6/clear'
[DEBUG] 

Request DefaultHttpRequest(decodeResult: success, version: HTTP/1.1)
POST /session/3fdd921c62cc67bfd36c8981336db159/element/3689FA8C1474D4B28EFE75FF6205FE4E_element_6/clear HTTP/1.1
User-Agent: selenium/4.8.3 (java windows)
Content-Length: 56
Content-Type: application/json; charset=utf-8
host: localhost:2611
accept: */*

Response DefaultHttpResponse(decodeResult: success, version: HTTP/1.1)
HTTP/1.1 200 OK
Content-Length: 14
Content-Type: application/json; charset=utf-8
cache-control: no-cache

[DEBUG] Adding key: http://localhost:2611 for channel [id: 0x872f1781, L:/127.0.0.1:58185 - R:localhost/127.0.0.1:2611]
[DEBUG] Using pooled Channel '[id: 0x872f1781, L:/127.0.0.1:58185 - R:localhost/127.0.0.1:2611]' for 'POST' to 'http://localhost:2611/session/3fdd921c62cc67bfd36c8981336db159/element'
[DEBUG] Using open Channel [id: 0x872f1781, L:/127.0.0.1:58185 - R:localhost/127.0.0.1:2611] for POST '/session/3fdd921c62cc67bfd36c8981336db159/element'
[DEBUG] 

Request DefaultHttpRequest(decodeResult: success, version: HTTP/1.1)
POST /session/3fdd921c62cc67bfd36c8981336db159/element HTTP/1.1
User-Agent: selenium/4.8.3 (java windows)
Content-Length: 70
Content-Type: application/json; charset=utf-8
host: localhost:2611
accept: */*

Response DefaultHttpResponse(decodeResult: success, version: HTTP/1.1)
HTTP/1.1 200 OK
Content-Length: 94
Content-Type: application/json; charset=utf-8
cache-control: no-cache

[DEBUG] Adding key: http://localhost:2611 for channel [id: 0x872f1781, L:/127.0.0.1:58185 - R:localhost/127.0.0.1:2611]
[DEBUG] Using pooled Channel '[id: 0x872f1781, L:/127.0.0.1:58185 - R:localhost/127.0.0.1:2611]' for 'POST' to 'http://localhost:2611/session/3fdd921c62cc67bfd36c8981336db159/element/3689FA8C1474D4B28EFE75FF6205FE4E_element_6/value'
[DEBUG] Using open Channel [id: 0x872f1781, L:/127.0.0.1:58185 - R:localhost/127.0.0.1:2611] for POST '/session/3fdd921c62cc67bfd36c8981336db159/element/3689FA8C1474D4B28EFE75FF6205FE4E_element_6/value'
[DEBUG] 

Request DefaultHttpRequest(decodeResult: success, version: HTTP/1.1)
POST /session/3fdd921c62cc67bfd36c8981336db159/element/3689FA8C1474D4B28EFE75FF6205FE4E_element_6/value HTTP/1.1
User-Agent: selenium/4.8.3 (java windows)
Content-Length: 137
Content-Type: application/json; charset=utf-8
host: localhost:2611
accept: */*

Response DefaultHttpResponse(decodeResult: success, version: HTTP/1.1)
HTTP/1.1 200 OK
Content-Length: 14
Content-Type: application/json; charset=utf-8
cache-control: no-cache

[DEBUG] Adding key: http://localhost:2611 for channel [id: 0x872f1781, L:/127.0.0.1:58185 - R:localhost/127.0.0.1:2611]
  &amp#27;[32mAnd &amp#27;[0m&amp#27;[32mUser enters email &amp#27;[0m&amp#27;[32m&amp#27;[1m"admin@yourstore.com"&amp#27;[0m&amp#27;[32m and Password &amp#27;[0m&amp#27;[32m&amp#27;[1m"admin"&amp#27;[0m   &amp#27;[90m# stepDefinition.Login.user_enters_email_and_password(java.lang.String,java.lang.String)&amp#27;[0m
[DEBUG] Using pooled Channel '[id: 0x872f1781, L:/127.0.0.1:58185 - R:localhost/127.0.0.1:2611]' for 'POST' to 'http://localhost:2611/session/3fdd921c62cc67bfd36c8981336db159/element'
[DEBUG] Using open Channel [id: 0x872f1781, L:/127.0.0.1:58185 - R:localhost/127.0.0.1:2611] for POST '/session/3fdd921c62cc67bfd36c8981336db159/element'
[DEBUG] 

Request DefaultHttpRequest(decodeResult: success, version: HTTP/1.1)
POST /session/3fdd921c62cc67bfd36c8981336db159/element HTTP/1.1
User-Agent: selenium/4.8.3 (java windows)
Content-Length: 88
Content-Type: application/json; charset=utf-8
host: localhost:2611
accept: */*

Response DefaultHttpResponse(decodeResult: success, version: HTTP/1.1)
HTTP/1.1 200 OK
Content-Length: 94
Content-Type: application/json; charset=utf-8
cache-control: no-cache

[DEBUG] Adding key: http://localhost:2611 for channel [id: 0x872f1781, L:/127.0.0.1:58185 - R:localhost/127.0.0.1:2611]
[DEBUG] Using pooled Channel '[id: 0x872f1781, L:/127.0.0.1:58185 - R:localhost/127.0.0.1:2611]' for 'POST' to 'http://localhost:2611/session/3fdd921c62cc67bfd36c8981336db159/element/3689FA8C1474D4B28EFE75FF6205FE4E_element_3/click'
[DEBUG] Using open Channel [id: 0x872f1781, L:/127.0.0.1:58185 - R:localhost/127.0.0.1:2611] for POST '/session/3fdd921c62cc67bfd36c8981336db159/element/3689FA8C1474D4B28EFE75FF6205FE4E_element_3/click'
[DEBUG] 

Request DefaultHttpRequest(decodeResult: success, version: HTTP/1.1)
POST /session/3fdd921c62cc67bfd36c8981336db159/element/3689FA8C1474D4B28EFE75FF6205FE4E_element_3/click HTTP/1.1
User-Agent: selenium/4.8.3 (java windows)
Content-Length: 56
Content-Type: application/json; charset=utf-8
host: localhost:2611
accept: */*

Response DefaultHttpResponse(decodeResult: success, version: HTTP/1.1)
HTTP/1.1 200 OK
Content-Length: 14
Content-Type: application/json; charset=utf-8
cache-control: no-cache

[DEBUG] Adding key: http://localhost:2611 for channel [id: 0x872f1781, L:/127.0.0.1:58185 - R:localhost/127.0.0.1:2611]
  &amp#27;[32mAnd &amp#27;[0m&amp#27;[32mUser clicks on login button&amp#27;[0m                                    &amp#27;[90m# stepDefinition.Login.user_clicks_on_login_button()&amp#27;[0m
Admin page constructor called 
Admin page constructor end 
[DEBUG] Using pooled Channel '[id: 0x872f1781, L:/127.0.0.1:58185 - R:localhost/127.0.0.1:2611]' for 'GET' to 'http://localhost:2611/session/3fdd921c62cc67bfd36c8981336db159/title'
[DEBUG] Using open Channel [id: 0x872f1781, L:/127.0.0.1:58185 - R:localhost/127.0.0.1:2611] for GET '/session/3fdd921c62cc67bfd36c8981336db159/title'
[DEBUG] 

Request DefaultFullHttpRequest(decodeResult: success, version: HTTP/1.1, content: EmptyByteBufBE)
GET /session/3fdd921c62cc67bfd36c8981336db159/title HTTP/1.1
User-Agent: selenium/4.8.3 (java windows)
Cache-Control: no-cache
Content-Type: application/json; charset=utf-8
host: localhost:2611
accept: */*

Response DefaultHttpResponse(decodeResult: success, version: HTTP/1.1)
HTTP/1.1 404 Not Found
Content-Length: 865
Content-Type: application/json; charset=utf-8
cache-control: no-cache

[DEBUG] Adding key: http://localhost:2611 for channel [id: 0x872f1781, L:/127.0.0.1:58185 - R:localhost/127.0.0.1:2611]
  &amp#27;[31mThen &amp#27;[0m&amp#27;[31mPage title should be &amp#27;[0m&amp#27;[31m&amp#27;[1m"Dashboard / nopCommerce administration"&amp#27;[0m &amp#27;[90m# stepDefinition.Login.page_title_should_be(java.lang.String)&amp#27;[0m
      &amp#27;[31morg.openqa.selenium.NoSuchWindowException: no such window: target window already closed
from unknown error: web view not found
  (Session info: chrome=114.0.5735.110)
Build info: version: '4.8.3', revision: 'e5e76298c3'
System info: os.name: 'Windows 11', os.arch: 'amd64', os.version: '10.0', java.version: '17.0.7'
Driver info: org.openqa.selenium.chrome.ChromeDriver
Command: [3fdd921c62cc67bfd36c8981336db159, getTitle {}]
Capabilities {acceptInsecureCerts: false, browserName: chrome, browserVersion: 114.0.5735.110, chrome: {chromedriverVersion: 114.0.5735.90 (386bc09e8f4f..., userDataDir: C:\Users\ABHINAV\AppData\Lo...}, goog:chromeOptions: {debuggerAddress: localhost:58188}, networkConnectionEnabled: false, pageLoadStrategy: normal, platformName: WINDOWS, proxy: Proxy(), se:cdp: ws://localhost:58188/devtoo..., se:cdpVersion: 114.0.5735.110, setWindowRect: true, strictFileInteractability: false, timeouts: {implicit: 0, pageLoad: 300000, script: 30000}, unhandledPromptBehavior: dismiss and notify, webauthn:extension:credBlob: true, webauthn:extension:largeBlob: true, webauthn:extension:minPinLength: true, webauthn:extension:prf: true, webauthn:virtualAuthenticators: true}
Session ID: 3fdd921c62cc67bfd36c8981336db159
	at java.base/jdk.internal.reflect.NativeConstructorAccessorImpl.newInstance0(Native Method)
	at java.base/jdk.internal.reflect.NativeConstructorAccessorImpl.newInstance(NativeConstructorAccessorImpl.java:77)
	at java.base/jdk.internal.reflect.DelegatingConstructorAccessorImpl.newInstance(DelegatingConstructorAccessorImpl.java:45)
	at java.base/java.lang.reflect.Constructor.newInstanceWithCaller(Constructor.java:499)
	at java.base/java.lang.reflect.Constructor.newInstance(Constructor.java:480)
	at org.openqa.selenium.remote.codec.w3c.W3CHttpResponseCodec.createException(W3CHttpResponseCodec.java:200)
	at org.openqa.selenium.remote.codec.w3c.W3CHttpResponseCodec.decode(W3CHttpResponseCodec.java:133)
	at org.openqa.selenium.remote.codec.w3c.W3CHttpResponseCodec.decode(W3CHttpResponseCodec.java:53)
	at org.openqa.selenium.remote.HttpCommandExecutor.execute(HttpCommandExecutor.java:193)
	at org.openqa.selenium.remote.service.DriverCommandExecutor.invokeExecute(DriverCommandExecutor.java:183)
	at org.openqa.selenium.remote.service.DriverCommandExecutor.execute(DriverCommandExecutor.java:158)
	at org.openqa.selenium.remote.RemoteWebDriver.execute(RemoteWebDriver.java:543)
	at org.openqa.selenium.remote.RemoteWebDriver.execute(RemoteWebDriver.java:598)
	at org.openqa.selenium.remote.RemoteWebDriver.execute(RemoteWebDriver.java:602)
	at org.openqa.selenium.remote.RemoteWebDriver.getTitle(RemoteWebDriver.java:302)
	at pageObject.AdminPage.checkPageTitle(AdminPage.java:42)
	at stepDefinition.Login.page_title_should_be(Login.java:81)
	at âœ½.Page title should be "Dashboard / nopCommerce administration"(file:///D:/Selenium%20project/Selenium_Tutorial_2023/Selenium_Practice_2024/Feature/Login.feature:8)
&amp#27;[0m
  &amp#27;[36mThen &amp#27;[0m&amp#27;[36mUser clicks on logout button&amp#27;[0m                                  &amp#27;[90m# stepDefinition.Login.user_clicks_on_logout_button()&amp#27;[0m
  &amp#27;[36mThen &amp#27;[0m&amp#27;[36mUser close the browser&amp#27;[0m                                        &amp#27;[90m# stepDefinition.Login.user_close_the_browser()&amp#27;[0m
[DEBUG] Using pooled Channel '[id: 0x872f1781, L:/127.0.0.1:58185 - R:localhost/127.0.0.1:2611]' for 'DELETE' to 'http://localhost:2611/session/3fdd921c62cc67bfd36c8981336db159/window'
[DEBUG] Using open Channel [id: 0x872f1781, L:/127.0.0.1:58185 - R:localhost/127.0.0.1:2611] for DELETE '/session/3fdd921c62cc67bfd36c8981336db159/window'
[DEBUG] Channel Closed: [id: 0x6481889f, L:/127.0.0.1:58195 ! R:localhost/127.0.0.1:58188] with attribute DISCARD
[DEBUG] Channel Closed: [id: 0xffbc424e, L:/127.0.0.1:58196 ! R:localhost/127.0.0.1:58188] with attribute NettyResponseFuture{currentRetry=0,
	isDone=1,
	isCancelled=0,
	asyncHandler=org.asynchttpclient.ws.WebSocketUpgradeHandler@87b701f,
	nettyRequest=org.asynchttpclient.netty.request.NettyRequest@4d79ef74,
	future=java.util.concurrent.CompletableFuture@573bcdd7[Completed normally],
	uri=ws://localhost:58188/devtools/browser/b53f3f37-3fbc-4d59-a40c-f2354c95851d,
	keepAlive=true,
	redirectCount=0,
	timeoutsHolder=null,
	inAuth=0,
	touch=1686681461786}
[DEBUG] Closing Channel [id: 0xffbc424e, L:/127.0.0.1:58196 ! R:localhost/127.0.0.1:58188] 
[DEBUG] 

Request DefaultFullHttpRequest(decodeResult: success, version: HTTP/1.1, content: EmptyByteBufBE)
DELETE /session/3fdd921c62cc67bfd36c8981336db159/window HTTP/1.1
User-Agent: selenium/4.8.3 (java windows)
Content-Type: application/json; charset=utf-8
host: localhost:2611
accept: */*

Response DefaultHttpResponse(decodeResult: success, version: HTTP/1.1)
HTTP/1.1 500 Internal Server Error
Content-Length: 1027
Content-Type: application/json; charset=utf-8
cache-control: no-cache

[DEBUG] Adding key: http://localhost:2611 for channel [id: 0x872f1781, L:/127.0.0.1:58185 - R:localhost/127.0.0.1:2611]
      &amp#27;[31morg.openqa.selenium.WebDriverException: disconnected: Unable to receive message from renderer
  (failed to check if window was closed: disconnected: not connected to DevTools)
  (Session info: chrome=114.0.5735.110)
Build info: version: '4.8.3', revision: 'e5e76298c3'
System info: os.name: 'Windows 11', os.arch: 'amd64', os.version: '10.0', java.version: '17.0.7'
Driver info: org.openqa.selenium.chrome.ChromeDriver
Command: [3fdd921c62cc67bfd36c8981336db159, close {}]
Capabilities {acceptInsecureCerts: false, browserName: chrome, browserVersion: 114.0.5735.110, chrome: {chromedriverVersion: 114.0.5735.90 (386bc09e8f4f..., userDataDir: C:\Users\ABHINAV\AppData\Lo...}, goog:chromeOptions: {debuggerAddress: localhost:58188}, networkConnectionEnabled: false, pageLoadStrategy: normal, platformName: WINDOWS, proxy: Proxy(), se:cdp: ws://localhost:58188/devtoo..., se:cdpVersion: 114.0.5735.110, setWindowRect: true, strictFileInteractability: false, timeouts: {implicit: 0, pageLoad: 300000, script: 30000}, unhandledPromptBehavior: dismiss and notify, webauthn:extension:credBlob: true, webauthn:extension:largeBlob: true, webauthn:extension:minPinLength: true, webauthn:extension:prf: true, webauthn:virtualAuthenticators: true}
Session ID: 3fdd921c62cc67bfd36c8981336db159
	at java.base/jdk.internal.reflect.NativeConstructorAccessorImpl.newInstance0(Native Method)
	at java.base/jdk.internal.reflect.NativeConstructorAccessorImpl.newInstance(NativeConstructorAccessorImpl.java:77)
	at java.base/jdk.internal.reflect.DelegatingConstructorAccessorImpl.newInstance(DelegatingConstructorAccessorImpl.java:45)
	at java.base/java.lang.reflect.Constructor.newInstanceWithCaller(Constructor.java:499)
	at java.base/java.lang.reflect.Constructor.newInstance(Constructor.java:480)
	at org.openqa.selenium.remote.codec.w3c.W3CHttpResponseCodec.createException(W3CHttpResponseCodec.java:200)
	at org.openqa.selenium.remote.codec.w3c.W3CHttpResponseCodec.decode(W3CHttpResponseCodec.java:133)
	at org.openqa.selenium.remote.codec.w3c.W3CHttpResponseCodec.decode(W3CHttpResponseCodec.java:53)
	at org.openqa.selenium.remote.HttpCommandExecutor.execute(HttpCommandExecutor.java:193)
	at org.openqa.selenium.remote.service.DriverCommandExecutor.invokeExecute(DriverCommandExecutor.java:183)
	at org.openqa.selenium.remote.service.DriverCommandExecutor.execute(DriverCommandExecutor.java:158)
	at org.openqa.selenium.remote.RemoteWebDriver.execute(RemoteWebDriver.java:543)
	at org.openqa.selenium.remote.RemoteWebDriver.execute(RemoteWebDriver.java:598)
	at org.openqa.selenium.remote.RemoteWebDriver.execute(RemoteWebDriver.java:602)
	at org.openqa.selenium.remote.RemoteWebDriver.close(RemoteWebDriver.java:419)
	at stepDefinition.Login.tearDown(Login.java:44)
&amp#27;[0m
]]></system-out>
    <system-err><![CDATA[Starting ChromeDriver 114.0.5735.90 (386bc09e8f4f2e025eddae123f36f6263096ae49-refs/branch-heads/5735@{#1052}) on port 2611
Only local connections are allowed.
Please see https://chromedriver.chromium.org/security-considerations for suggestions on keeping ChromeDriver safe.
ChromeDriver was started successfully.
Jun 14, 2023 12:07:41 AM org.openqa.selenium.devtools.CdpVersionFinder findNearestMatch
WARNING: Unable to find an exact match for CDP version 114, so returning the closest version found: 111
[1686681463.907][SEVERE]: Unable to receive message from renderer
]]></system-err>
  </testcase>
  <testcase name="runScenario" classname="Runner.TestRunner2024" time="2.492">
    <failure message="no such window: target window already closed&#10;from unknown error: web view not found&#10;  (Session info: chrome=114.0.5735.110)&#10;Build info: version: &apos;4.8.3&apos;, revision: &apos;e5e76298c3&apos;&#10;System info: os.name: &apos;Windows 11&apos;, os.arch: &apos;amd64&apos;, os.version: &apos;10.0&apos;, java.version: &apos;17.0.7&apos;&#10;Driver info: org.openqa.selenium.chrome.ChromeDriver&#10;Command: [934f39a748110d9e0d3558bfbc179c4e, findElement {using=xpath, value=//li[text()=&apos;The credentials provided are incorrect&apos;]}]&#10;Capabilities {acceptInsecureCerts: false, browserName: chrome, browserVersion: 114.0.5735.110, chrome: {chromedriverVersion: 114.0.5735.90 (386bc09e8f4f..., userDataDir: C:\Users\ABHINAV\AppData\Lo...}, goog:chromeOptions: {debuggerAddress: localhost:58210}, networkConnectionEnabled: false, pageLoadStrategy: normal, platformName: WINDOWS, proxy: Proxy(), se:cdp: ws://localhost:58210/devtoo..., se:cdpVersion: 114.0.5735.110, setWindowRect: true, strictFileInteractability: false, timeouts: {implicit: 0, pageLoad: 300000, script: 30000}, unhandledPromptBehavior: dismiss and notify, webauthn:extension:credBlob: true, webauthn:extension:largeBlob: true, webauthn:extension:minPinLength: true, webauthn:extension:prf: true, webauthn:virtualAuthenticators: true}&#10;Session ID: 934f39a748110d9e0d3558bfbc179c4e" type="org.openqa.selenium.NoSuchWindowException">org.openqa.selenium.NoSuchWindowException: 
no such window: target window already closed
from unknown error: web view not found
  (Session info: chrome=114.0.5735.110)
Build info: version: '4.8.3', revision: 'e5e76298c3'
System info: os.name: 'Windows 11', os.arch: 'amd64', os.version: '10.0', java.version: '17.0.7'
Driver info: org.openqa.selenium.chrome.ChromeDriver
Command: [934f39a748110d9e0d3558bfbc179c4e, findElement {using=xpath, value=//li[text()='The credentials provided are incorrect']}]
Capabilities {acceptInsecureCerts: false, browserName: chrome, browserVersion: 114.0.5735.110, chrome: {chromedriverVersion: 114.0.5735.90 (386bc09e8f4f..., userDataDir: C:\Users\ABHINAV\AppData\Lo...}, goog:chromeOptions: {debuggerAddress: localhost:58210}, networkConnectionEnabled: false, pageLoadStrategy: normal, platformName: WINDOWS, proxy: Proxy(), se:cdp: ws://localhost:58210/devtoo..., se:cdpVersion: 114.0.5735.110, setWindowRect: true, strictFileInteractability: false, timeouts: {implicit: 0, pageLoad: 300000, script: 30000}, unhandledPromptBehavior: dismiss and notify, webauthn:extension:credBlob: true, webauthn:extension:largeBlob: true, webauthn:extension:minPinLength: true, webauthn:extension:prf: true, webauthn:virtualAuthenticators: true}
Session ID: 934f39a748110d9e0d3558bfbc179c4e
</failure>
    <system-out><![CDATA[
Scenario: login with invalid credential                                 &amp#27;[90m# Feature/Login.feature:12&amp#27;[0m
[DEBUG] Resolution chrome=114 in cache (valid until 00:14:31 14/06/2023 IST)
[DEBUG] Resolution chrome114=114.0.5735.90 in cache (valid until 22:13:20 14/06/2023 IST)
[INFO] Using chromedriver 114.0.5735.90 (resolved driver for Chrome 114)
[DEBUG] Driver chromedriver 114.0.5735.90 found in cache
[INFO] Exporting webdriver.chrome.driver as C:\Users\ABHINAV\.cache\selenium\chromedriver\win32\114.0.5735.90\chromedriver.exe
[DEBUG] Using new Channel '[id: 0xde74146f, L:/127.0.0.1:58209 - R:localhost/127.0.0.1:48320]' for 'POST' to '/session'
[DEBUG] Entry count for : http://localhost:8849 : 1
[DEBUG] Entry count for : http://localhost:2611 : 1
[DEBUG] Entry count for : http://localhost:58188 : 1
[DEBUG] Adding Candidate expired Channel [id: 0x6481889f, L:/127.0.0.1:58195 ! R:localhost/127.0.0.1:58188] isIdleTimeoutExpired=false isRemotelyClosed=true isTtlExpired=false
[DEBUG] Closing Idle Channel [id: 0x6481889f, L:/127.0.0.1:58195 ! R:localhost/127.0.0.1:58188]
[DEBUG] Closed 1 connections out of 3 in 0 ms
[DEBUG] 

Request DefaultHttpRequest(decodeResult: success, version: HTTP/1.1)
POST /session HTTP/1.1
User-Agent: selenium/4.8.3 (java windows)
Content-Length: 439
Content-Type: application/json; charset=utf-8
host: localhost:48320
accept: */*

Response DefaultHttpResponse(decodeResult: success, version: HTTP/1.1)
HTTP/1.1 200 OK
Content-Length: 861
Content-Type: application/json; charset=utf-8
cache-control: no-cache

[DEBUG] Adding key: http://localhost:48320 for channel [id: 0xde74146f, L:/127.0.0.1:58209 - R:localhost/127.0.0.1:48320]
[DEBUG] Using new Channel '[id: 0x0ca5daa1, L:/127.0.0.1:58216 - R:localhost/127.0.0.1:58210]' for 'GET' to '/json/version'
[DEBUG] 

Request DefaultFullHttpRequest(decodeResult: success, version: HTTP/1.1, content: EmptyByteBufBE)
GET /json/version HTTP/1.1
User-Agent: selenium/4.8.3 (java windows)
host: localhost:58210
accept: */*

Response DefaultHttpResponse(decodeResult: success, version: HTTP/1.1)
HTTP/1.1 200 OK
Content-Security-Policy: frame-ancestors 'none'
Content-Length: 424
Content-Type: application/json; charset=UTF-8

[DEBUG] Adding key: http://localhost:58210 for channel [id: 0x0ca5daa1, L:/127.0.0.1:58216 - R:localhost/127.0.0.1:58210]
[DEBUG] Using new Channel '[id: 0x78e1d90a, L:/127.0.0.1:58217 - R:localhost/127.0.0.1:58210]' for 'GET' to '/devtools/browser/a8d29082-b37e-4bd9-bb85-73f9f0d6da68'
[DEBUG] 

Request DefaultFullHttpRequest(decodeResult: success, version: HTTP/1.1, content: EmptyByteBufBE)
GET /devtools/browser/a8d29082-b37e-4bd9-bb85-73f9f0d6da68 HTTP/1.1
upgrade: websocket
connection: upgrade
sec-websocket-key: smD/ZHh8wTMrEfxgC+l6Fw==
sec-websocket-version: 13
origin: http://localhost:58210
host: localhost:58210
accept: */*
user-agent: AHC/2.1

Response DefaultHttpResponse(decodeResult: success, version: HTTP/1.1)
HTTP/1.1 101 WebSocket Protocol Handshake
Upgrade: WebSocket
Connection: Upgrade
Sec-WebSocket-Accept: P+v+xpODSjTOoX1QZdhWFAyEOrU=

[DEBUG] Using pooled Channel '[id: 0xde74146f, L:/127.0.0.1:58209 - R:localhost/127.0.0.1:48320]' for 'DELETE' to 'http://localhost:48320/session/934f39a748110d9e0d3558bfbc179c4e/cookie'
[DEBUG] Using open Channel [id: 0xde74146f, L:/127.0.0.1:58209 - R:localhost/127.0.0.1:48320] for DELETE '/session/934f39a748110d9e0d3558bfbc179c4e/cookie'
[DEBUG] 

Request DefaultFullHttpRequest(decodeResult: success, version: HTTP/1.1, content: EmptyByteBufBE)
DELETE /session/934f39a748110d9e0d3558bfbc179c4e/cookie HTTP/1.1
User-Agent: selenium/4.8.3 (java windows)
Content-Type: application/json; charset=utf-8
host: localhost:48320
accept: */*

Response DefaultHttpResponse(decodeResult: success, version: HTTP/1.1)
HTTP/1.1 200 OK
Content-Length: 14
Content-Type: application/json; charset=utf-8
cache-control: no-cache

[DEBUG] Adding key: http://localhost:48320 for channel [id: 0xde74146f, L:/127.0.0.1:58209 - R:localhost/127.0.0.1:48320]
[DEBUG] Using pooled Channel '[id: 0xde74146f, L:/127.0.0.1:58209 - R:localhost/127.0.0.1:48320]' for 'POST' to 'http://localhost:48320/session/934f39a748110d9e0d3558bfbc179c4e/window/maximize'
[DEBUG] Using open Channel [id: 0xde74146f, L:/127.0.0.1:58209 - R:localhost/127.0.0.1:48320] for POST '/session/934f39a748110d9e0d3558bfbc179c4e/window/maximize'
[DEBUG] 

Request DefaultHttpRequest(decodeResult: success, version: HTTP/1.1)
POST /session/934f39a748110d9e0d3558bfbc179c4e/window/maximize HTTP/1.1
User-Agent: selenium/4.8.3 (java windows)
Content-Length: 3
Content-Type: application/json; charset=utf-8
host: localhost:48320
accept: */*

Response DefaultHttpResponse(decodeResult: success, version: HTTP/1.1)
HTTP/1.1 200 OK
Content-Length: 51
Content-Type: application/json; charset=utf-8
cache-control: no-cache

[DEBUG] Adding key: http://localhost:48320 for channel [id: 0xde74146f, L:/127.0.0.1:58209 - R:localhost/127.0.0.1:48320]
[DEBUG] Using pooled Channel '[id: 0xde74146f, L:/127.0.0.1:58209 - R:localhost/127.0.0.1:48320]' for 'POST' to 'http://localhost:48320/session/934f39a748110d9e0d3558bfbc179c4e/timeouts'
[DEBUG] Using open Channel [id: 0xde74146f, L:/127.0.0.1:58209 - R:localhost/127.0.0.1:48320] for POST '/session/934f39a748110d9e0d3558bfbc179c4e/timeouts'
[DEBUG] 

Request DefaultHttpRequest(decodeResult: success, version: HTTP/1.1)
POST /session/934f39a748110d9e0d3558bfbc179c4e/timeouts HTTP/1.1
User-Agent: selenium/4.8.3 (java windows)
Content-Length: 23
Content-Type: application/json; charset=utf-8
host: localhost:48320
accept: */*

Response DefaultHttpResponse(decodeResult: success, version: HTTP/1.1)
HTTP/1.1 200 OK
Content-Length: 14
Content-Type: application/json; charset=utf-8
cache-control: no-cache

[DEBUG] Adding key: http://localhost:48320 for channel [id: 0xde74146f, L:/127.0.0.1:58209 - R:localhost/127.0.0.1:48320]
  &amp#27;[32mGiven &amp#27;[0m&amp#27;[32mUser launch chrome browser&amp#27;[0m                                      &amp#27;[90m# stepDefinition.Login.user_launch_chrome_browser()&amp#27;[0m
[DEBUG] Using pooled Channel '[id: 0xde74146f, L:/127.0.0.1:58209 - R:localhost/127.0.0.1:48320]' for 'POST' to 'http://localhost:48320/session/934f39a748110d9e0d3558bfbc179c4e/url'
[DEBUG] Using open Channel [id: 0xde74146f, L:/127.0.0.1:58209 - R:localhost/127.0.0.1:48320] for POST '/session/934f39a748110d9e0d3558bfbc179c4e/url'
[DEBUG] Entry count for : http://localhost:8849 : 1
[DEBUG] Entry count for : http://localhost:2611 : 1
[DEBUG] Entry count for : http://localhost:58210 : 1
[DEBUG] 

Request DefaultHttpRequest(decodeResult: success, version: HTTP/1.1)
POST /session/934f39a748110d9e0d3558bfbc179c4e/url HTTP/1.1
User-Agent: selenium/4.8.3 (java windows)
Content-Length: 70
Content-Type: application/json; charset=utf-8
host: localhost:48320
accept: */*

Response DefaultHttpResponse(decodeResult: success, version: HTTP/1.1)
HTTP/1.1 200 OK
Content-Length: 14
Content-Type: application/json; charset=utf-8
cache-control: no-cache

[DEBUG] Adding key: http://localhost:48320 for channel [id: 0xde74146f, L:/127.0.0.1:58209 - R:localhost/127.0.0.1:48320]
[DEBUG] Using pooled Channel '[id: 0xde74146f, L:/127.0.0.1:58209 - R:localhost/127.0.0.1:48320]' for 'GET' to 'http://localhost:48320/session/934f39a748110d9e0d3558bfbc179c4e/title'
[DEBUG] Using open Channel [id: 0xde74146f, L:/127.0.0.1:58209 - R:localhost/127.0.0.1:48320] for GET '/session/934f39a748110d9e0d3558bfbc179c4e/title'
[DEBUG] 

Request DefaultFullHttpRequest(decodeResult: success, version: HTTP/1.1, content: EmptyByteBufBE)
GET /session/934f39a748110d9e0d3558bfbc179c4e/title HTTP/1.1
User-Agent: selenium/4.8.3 (java windows)
Cache-Control: no-cache
Content-Type: application/json; charset=utf-8
host: localhost:48320
accept: */*

Response DefaultHttpResponse(decodeResult: success, version: HTTP/1.1)
HTTP/1.1 200 OK
Content-Length: 29
Content-Type: application/json; charset=utf-8
cache-control: no-cache

[DEBUG] Adding key: http://localhost:48320 for channel [id: 0xde74146f, L:/127.0.0.1:58209 - R:localhost/127.0.0.1:48320]
  &amp#27;[32mWhen &amp#27;[0m&amp#27;[32mUser opens URL &amp#27;[0m&amp#27;[32m&amp#27;[1m"https://admin-demo.nopcommerce.com/login"&amp#27;[0m        &amp#27;[90m# stepDefinition.Login.user_opens_url(java.lang.String)&amp#27;[0m
[DEBUG] Using pooled Channel '[id: 0xde74146f, L:/127.0.0.1:58209 - R:localhost/127.0.0.1:48320]' for 'POST' to 'http://localhost:48320/session/934f39a748110d9e0d3558bfbc179c4e/element'
[DEBUG] Using open Channel [id: 0xde74146f, L:/127.0.0.1:58209 - R:localhost/127.0.0.1:48320] for POST '/session/934f39a748110d9e0d3558bfbc179c4e/element'
[DEBUG] 

Request DefaultHttpRequest(decodeResult: success, version: HTTP/1.1)
POST /session/934f39a748110d9e0d3558bfbc179c4e/element HTTP/1.1
User-Agent: selenium/4.8.3 (java windows)
Content-Length: 67
Content-Type: application/json; charset=utf-8
host: localhost:48320
accept: */*

Response DefaultHttpResponse(decodeResult: success, version: HTTP/1.1)
HTTP/1.1 200 OK
Content-Length: 94
Content-Type: application/json; charset=utf-8
cache-control: no-cache

[DEBUG] Adding key: http://localhost:48320 for channel [id: 0xde74146f, L:/127.0.0.1:58209 - R:localhost/127.0.0.1:48320]
[DEBUG] Using pooled Channel '[id: 0xde74146f, L:/127.0.0.1:58209 - R:localhost/127.0.0.1:48320]' for 'POST' to 'http://localhost:48320/session/934f39a748110d9e0d3558bfbc179c4e/element/D7107E4094A8FCCFCA6C9853742FFDEA_element_2/clear'
[DEBUG] Using open Channel [id: 0xde74146f, L:/127.0.0.1:58209 - R:localhost/127.0.0.1:48320] for POST '/session/934f39a748110d9e0d3558bfbc179c4e/element/D7107E4094A8FCCFCA6C9853742FFDEA_element_2/clear'
[DEBUG] 

Request DefaultHttpRequest(decodeResult: success, version: HTTP/1.1)
POST /session/934f39a748110d9e0d3558bfbc179c4e/element/D7107E4094A8FCCFCA6C9853742FFDEA_element_2/clear HTTP/1.1
User-Agent: selenium/4.8.3 (java windows)
Content-Length: 56
Content-Type: application/json; charset=utf-8
host: localhost:48320
accept: */*

Response DefaultHttpResponse(decodeResult: success, version: HTTP/1.1)
HTTP/1.1 200 OK
Content-Length: 14
Content-Type: application/json; charset=utf-8
cache-control: no-cache

[DEBUG] Adding key: http://localhost:48320 for channel [id: 0xde74146f, L:/127.0.0.1:58209 - R:localhost/127.0.0.1:48320]
[DEBUG] Using pooled Channel '[id: 0xde74146f, L:/127.0.0.1:58209 - R:localhost/127.0.0.1:48320]' for 'POST' to 'http://localhost:48320/session/934f39a748110d9e0d3558bfbc179c4e/element'
[DEBUG] Using open Channel [id: 0xde74146f, L:/127.0.0.1:58209 - R:localhost/127.0.0.1:48320] for POST '/session/934f39a748110d9e0d3558bfbc179c4e/element'
[DEBUG] 

Request DefaultHttpRequest(decodeResult: success, version: HTTP/1.1)
POST /session/934f39a748110d9e0d3558bfbc179c4e/element HTTP/1.1
User-Agent: selenium/4.8.3 (java windows)
Content-Length: 67
Content-Type: application/json; charset=utf-8
host: localhost:48320
accept: */*

Response DefaultHttpResponse(decodeResult: success, version: HTTP/1.1)
HTTP/1.1 200 OK
Content-Length: 94
Content-Type: application/json; charset=utf-8
cache-control: no-cache

[DEBUG] Adding key: http://localhost:48320 for channel [id: 0xde74146f, L:/127.0.0.1:58209 - R:localhost/127.0.0.1:48320]
[DEBUG] Using pooled Channel '[id: 0xde74146f, L:/127.0.0.1:58209 - R:localhost/127.0.0.1:48320]' for 'POST' to 'http://localhost:48320/session/934f39a748110d9e0d3558bfbc179c4e/element/D7107E4094A8FCCFCA6C9853742FFDEA_element_2/value'
[DEBUG] Using open Channel [id: 0xde74146f, L:/127.0.0.1:58209 - R:localhost/127.0.0.1:48320] for POST '/session/934f39a748110d9e0d3558bfbc179c4e/element/D7107E4094A8FCCFCA6C9853742FFDEA_element_2/value'
[DEBUG] 

Request DefaultHttpRequest(decodeResult: success, version: HTTP/1.1)
POST /session/934f39a748110d9e0d3558bfbc179c4e/element/D7107E4094A8FCCFCA6C9853742FFDEA_element_2/value HTTP/1.1
User-Agent: selenium/4.8.3 (java windows)
Content-Length: 277
Content-Type: application/json; charset=utf-8
host: localhost:48320
accept: */*

Response DefaultHttpResponse(decodeResult: success, version: HTTP/1.1)
HTTP/1.1 200 OK
Content-Length: 14
Content-Type: application/json; charset=utf-8
cache-control: no-cache

[DEBUG] Adding key: http://localhost:48320 for channel [id: 0xde74146f, L:/127.0.0.1:58209 - R:localhost/127.0.0.1:48320]
[DEBUG] Using pooled Channel '[id: 0xde74146f, L:/127.0.0.1:58209 - R:localhost/127.0.0.1:48320]' for 'POST' to 'http://localhost:48320/session/934f39a748110d9e0d3558bfbc179c4e/element'
[DEBUG] Using open Channel [id: 0xde74146f, L:/127.0.0.1:58209 - R:localhost/127.0.0.1:48320] for POST '/session/934f39a748110d9e0d3558bfbc179c4e/element'
[DEBUG] 

Request DefaultHttpRequest(decodeResult: success, version: HTTP/1.1)
POST /session/934f39a748110d9e0d3558bfbc179c4e/element HTTP/1.1
User-Agent: selenium/4.8.3 (java windows)
Content-Length: 70
Content-Type: application/json; charset=utf-8
host: localhost:48320
accept: */*

Response DefaultHttpResponse(decodeResult: success, version: HTTP/1.1)
HTTP/1.1 200 OK
Content-Length: 94
Content-Type: application/json; charset=utf-8
cache-control: no-cache

[DEBUG] Adding key: http://localhost:48320 for channel [id: 0xde74146f, L:/127.0.0.1:58209 - R:localhost/127.0.0.1:48320]
[DEBUG] Using pooled Channel '[id: 0xde74146f, L:/127.0.0.1:58209 - R:localhost/127.0.0.1:48320]' for 'POST' to 'http://localhost:48320/session/934f39a748110d9e0d3558bfbc179c4e/element/D7107E4094A8FCCFCA6C9853742FFDEA_element_6/clear'
[DEBUG] Using open Channel [id: 0xde74146f, L:/127.0.0.1:58209 - R:localhost/127.0.0.1:48320] for POST '/session/934f39a748110d9e0d3558bfbc179c4e/element/D7107E4094A8FCCFCA6C9853742FFDEA_element_6/clear'
[DEBUG] 

Request DefaultHttpRequest(decodeResult: success, version: HTTP/1.1)
POST /session/934f39a748110d9e0d3558bfbc179c4e/element/D7107E4094A8FCCFCA6C9853742FFDEA_element_6/clear HTTP/1.1
User-Agent: selenium/4.8.3 (java windows)
Content-Length: 56
Content-Type: application/json; charset=utf-8
host: localhost:48320
accept: */*

Response DefaultHttpResponse(decodeResult: success, version: HTTP/1.1)
HTTP/1.1 200 OK
Content-Length: 14
Content-Type: application/json; charset=utf-8
cache-control: no-cache

[DEBUG] Adding key: http://localhost:48320 for channel [id: 0xde74146f, L:/127.0.0.1:58209 - R:localhost/127.0.0.1:48320]
[DEBUG] Using pooled Channel '[id: 0xde74146f, L:/127.0.0.1:58209 - R:localhost/127.0.0.1:48320]' for 'POST' to 'http://localhost:48320/session/934f39a748110d9e0d3558bfbc179c4e/element'
[DEBUG] Using open Channel [id: 0xde74146f, L:/127.0.0.1:58209 - R:localhost/127.0.0.1:48320] for POST '/session/934f39a748110d9e0d3558bfbc179c4e/element'
[DEBUG] 

Request DefaultHttpRequest(decodeResult: success, version: HTTP/1.1)
POST /session/934f39a748110d9e0d3558bfbc179c4e/element HTTP/1.1
User-Agent: selenium/4.8.3 (java windows)
Content-Length: 70
Content-Type: application/json; charset=utf-8
host: localhost:48320
accept: */*

Response DefaultHttpResponse(decodeResult: success, version: HTTP/1.1)
HTTP/1.1 200 OK
Content-Length: 94
Content-Type: application/json; charset=utf-8
cache-control: no-cache

[DEBUG] Adding key: http://localhost:48320 for channel [id: 0xde74146f, L:/127.0.0.1:58209 - R:localhost/127.0.0.1:48320]
[DEBUG] Using pooled Channel '[id: 0xde74146f, L:/127.0.0.1:58209 - R:localhost/127.0.0.1:48320]' for 'POST' to 'http://localhost:48320/session/934f39a748110d9e0d3558bfbc179c4e/element/D7107E4094A8FCCFCA6C9853742FFDEA_element_6/value'
[DEBUG] Using open Channel [id: 0xde74146f, L:/127.0.0.1:58209 - R:localhost/127.0.0.1:48320] for POST '/session/934f39a748110d9e0d3558bfbc179c4e/element/D7107E4094A8FCCFCA6C9853742FFDEA_element_6/value'
[DEBUG] 

Request DefaultHttpRequest(decodeResult: success, version: HTTP/1.1)
POST /session/934f39a748110d9e0d3558bfbc179c4e/element/D7107E4094A8FCCFCA6C9853742FFDEA_element_6/value HTTP/1.1
User-Agent: selenium/4.8.3 (java windows)
Content-Length: 167
Content-Type: application/json; charset=utf-8
host: localhost:48320
accept: */*

Response DefaultHttpResponse(decodeResult: success, version: HTTP/1.1)
HTTP/1.1 200 OK
Content-Length: 14
Content-Type: application/json; charset=utf-8
cache-control: no-cache

[DEBUG] Adding key: http://localhost:48320 for channel [id: 0xde74146f, L:/127.0.0.1:58209 - R:localhost/127.0.0.1:48320]
  &amp#27;[32mAnd &amp#27;[0m&amp#27;[32mUser enters email &amp#27;[0m&amp#27;[32m&amp#27;[1m"admin@yourstore.com"&amp#27;[0m&amp#27;[32m and Password &amp#27;[0m&amp#27;[32m&amp#27;[1m"adminfa4"&amp#27;[0m   &amp#27;[90m# stepDefinition.Login.user_enters_email_and_password(java.lang.String,java.lang.String)&amp#27;[0m
[DEBUG] Using pooled Channel '[id: 0xde74146f, L:/127.0.0.1:58209 - R:localhost/127.0.0.1:48320]' for 'POST' to 'http://localhost:48320/session/934f39a748110d9e0d3558bfbc179c4e/element'
[DEBUG] Using open Channel [id: 0xde74146f, L:/127.0.0.1:58209 - R:localhost/127.0.0.1:48320] for POST '/session/934f39a748110d9e0d3558bfbc179c4e/element'
[DEBUG] 

Request DefaultHttpRequest(decodeResult: success, version: HTTP/1.1)
POST /session/934f39a748110d9e0d3558bfbc179c4e/element HTTP/1.1
User-Agent: selenium/4.8.3 (java windows)
Content-Length: 88
Content-Type: application/json; charset=utf-8
host: localhost:48320
accept: */*

Response DefaultHttpResponse(decodeResult: success, version: HTTP/1.1)
HTTP/1.1 200 OK
Content-Length: 94
Content-Type: application/json; charset=utf-8
cache-control: no-cache

[DEBUG] Adding key: http://localhost:48320 for channel [id: 0xde74146f, L:/127.0.0.1:58209 - R:localhost/127.0.0.1:48320]
[DEBUG] Using pooled Channel '[id: 0xde74146f, L:/127.0.0.1:58209 - R:localhost/127.0.0.1:48320]' for 'POST' to 'http://localhost:48320/session/934f39a748110d9e0d3558bfbc179c4e/element/D7107E4094A8FCCFCA6C9853742FFDEA_element_3/click'
[DEBUG] Using open Channel [id: 0xde74146f, L:/127.0.0.1:58209 - R:localhost/127.0.0.1:48320] for POST '/session/934f39a748110d9e0d3558bfbc179c4e/element/D7107E4094A8FCCFCA6C9853742FFDEA_element_3/click'
[DEBUG] 

Request DefaultHttpRequest(decodeResult: success, version: HTTP/1.1)
POST /session/934f39a748110d9e0d3558bfbc179c4e/element/D7107E4094A8FCCFCA6C9853742FFDEA_element_3/click HTTP/1.1
User-Agent: selenium/4.8.3 (java windows)
Content-Length: 56
Content-Type: application/json; charset=utf-8
host: localhost:48320
accept: */*

Response DefaultHttpResponse(decodeResult: success, version: HTTP/1.1)
HTTP/1.1 200 OK
Content-Length: 14
Content-Type: application/json; charset=utf-8
cache-control: no-cache

[DEBUG] Adding key: http://localhost:48320 for channel [id: 0xde74146f, L:/127.0.0.1:58209 - R:localhost/127.0.0.1:48320]
  &amp#27;[32mAnd &amp#27;[0m&amp#27;[32mUser clicks on login button&amp#27;[0m                                       &amp#27;[90m# stepDefinition.Login.user_clicks_on_login_button()&amp#27;[0m
[DEBUG] Using pooled Channel '[id: 0xde74146f, L:/127.0.0.1:58209 - R:localhost/127.0.0.1:48320]' for 'POST' to 'http://localhost:48320/session/934f39a748110d9e0d3558bfbc179c4e/element'
[DEBUG] Using open Channel [id: 0xde74146f, L:/127.0.0.1:58209 - R:localhost/127.0.0.1:48320] for POST '/session/934f39a748110d9e0d3558bfbc179c4e/element'
[DEBUG] 

Request DefaultHttpRequest(decodeResult: success, version: HTTP/1.1)
POST /session/934f39a748110d9e0d3558bfbc179c4e/element HTTP/1.1
User-Agent: selenium/4.8.3 (java windows)
Content-Length: 100
Content-Type: application/json; charset=utf-8
host: localhost:48320
accept: */*

Response DefaultHttpResponse(decodeResult: success, version: HTTP/1.1)
HTTP/1.1 404 Not Found
Content-Length: 865
Content-Type: application/json; charset=utf-8
cache-control: no-cache

[DEBUG] Adding key: http://localhost:48320 for channel [id: 0xde74146f, L:/127.0.0.1:58209 - R:localhost/127.0.0.1:48320]
  &amp#27;[31mThen &amp#27;[0m&amp#27;[31mCheck for error message &amp#27;[0m&amp#27;[31m&amp#27;[1m"The credentials provided are incorrect"&amp#27;[0m &amp#27;[90m# stepDefinition.Login.check_for_error_message(java.lang.String)&amp#27;[0m
      &amp#27;[31morg.openqa.selenium.NoSuchWindowException: no such window: target window already closed
from unknown error: web view not found
  (Session info: chrome=114.0.5735.110)
Build info: version: '4.8.3', revision: 'e5e76298c3'
System info: os.name: 'Windows 11', os.arch: 'amd64', os.version: '10.0', java.version: '17.0.7'
Driver info: org.openqa.selenium.chrome.ChromeDriver
Command: [934f39a748110d9e0d3558bfbc179c4e, findElement {using=xpath, value=//li[text()='The credentials provided are incorrect']}]
Capabilities {acceptInsecureCerts: false, browserName: chrome, browserVersion: 114.0.5735.110, chrome: {chromedriverVersion: 114.0.5735.90 (386bc09e8f4f..., userDataDir: C:\Users\ABHINAV\AppData\Lo...}, goog:chromeOptions: {debuggerAddress: localhost:58210}, networkConnectionEnabled: false, pageLoadStrategy: normal, platformName: WINDOWS, proxy: Proxy(), se:cdp: ws://localhost:58210/devtoo..., se:cdpVersion: 114.0.5735.110, setWindowRect: true, strictFileInteractability: false, timeouts: {implicit: 0, pageLoad: 300000, script: 30000}, unhandledPromptBehavior: dismiss and notify, webauthn:extension:credBlob: true, webauthn:extension:largeBlob: true, webauthn:extension:minPinLength: true, webauthn:extension:prf: true, webauthn:virtualAuthenticators: true}
Session ID: 934f39a748110d9e0d3558bfbc179c4e
	at java.base/jdk.internal.reflect.NativeConstructorAccessorImpl.newInstance0(Native Method)
	at java.base/jdk.internal.reflect.NativeConstructorAccessorImpl.newInstance(NativeConstructorAccessorImpl.java:77)
	at java.base/jdk.internal.reflect.DelegatingConstructorAccessorImpl.newInstance(DelegatingConstructorAccessorImpl.java:45)
	at java.base/java.lang.reflect.Constructor.newInstanceWithCaller(Constructor.java:499)
	at java.base/java.lang.reflect.Constructor.newInstance(Constructor.java:480)
	at org.openqa.selenium.remote.codec.w3c.W3CHttpResponseCodec.createException(W3CHttpResponseCodec.java:200)
	at org.openqa.selenium.remote.codec.w3c.W3CHttpResponseCodec.decode(W3CHttpResponseCodec.java:133)
	at org.openqa.selenium.remote.codec.w3c.W3CHttpResponseCodec.decode(W3CHttpResponseCodec.java:53)
	at org.openqa.selenium.remote.HttpCommandExecutor.execute(HttpCommandExecutor.java:193)
	at org.openqa.selenium.remote.service.DriverCommandExecutor.invokeExecute(DriverCommandExecutor.java:183)
	at org.openqa.selenium.remote.service.DriverCommandExecutor.execute(DriverCommandExecutor.java:158)
	at org.openqa.selenium.remote.RemoteWebDriver.execute(RemoteWebDriver.java:543)
	at org.openqa.selenium.remote.ElementLocation$ElementFinder$2.findElement(ElementLocation.java:162)
	at org.openqa.selenium.remote.ElementLocation.findElement(ElementLocation.java:60)
	at org.openqa.selenium.remote.RemoteWebDriver.findElement(RemoteWebDriver.java:352)
	at org.openqa.selenium.remote.RemoteWebDriver.findElement(RemoteWebDriver.java:344)
	at org.openqa.selenium.support.pagefactory.DefaultElementLocator.findElement(DefaultElementLocator.java:70)
	at org.openqa.selenium.support.pagefactory.internal.LocatingElementHandler.invoke(LocatingElementHandler.java:39)
	at jdk.proxy2/jdk.proxy2.$Proxy26.getText(Unknown Source)
	at pageObject.LoginPage.checkErrorMsg(LoginPage.java:54)
	at stepDefinition.Login.check_for_error_message(Login.java:95)
	at âœ½.Check for error message "The credentials provided are incorrect"(file:///D:/Selenium%20project/Selenium_Tutorial_2023/Selenium_Practice_2024/Feature/Login.feature:17)
&amp#27;[0m
  &amp#27;[36mThen &amp#27;[0m&amp#27;[36mUser close the browser&amp#27;[0m                                           &amp#27;[90m# stepDefinition.Login.user_close_the_browser()&amp#27;[0m
[DEBUG] Using pooled Channel '[id: 0xde74146f, L:/127.0.0.1:58209 - R:localhost/127.0.0.1:48320]' for 'DELETE' to 'http://localhost:48320/session/934f39a748110d9e0d3558bfbc179c4e/window'
[DEBUG] Using open Channel [id: 0xde74146f, L:/127.0.0.1:58209 - R:localhost/127.0.0.1:48320] for DELETE '/session/934f39a748110d9e0d3558bfbc179c4e/window'
[DEBUG] 

Request DefaultFullHttpRequest(decodeResult: success, version: HTTP/1.1, content: EmptyByteBufBE)
DELETE /session/934f39a748110d9e0d3558bfbc179c4e/window HTTP/1.1
User-Agent: selenium/4.8.3 (java windows)
Content-Type: application/json; charset=utf-8
host: localhost:48320
accept: */*

Response DefaultHttpResponse(decodeResult: success, version: HTTP/1.1)
HTTP/1.1 404 Not Found
Content-Length: 865
Content-Type: application/json; charset=utf-8
cache-control: no-cache

[DEBUG] Adding key: http://localhost:48320 for channel [id: 0xde74146f, L:/127.0.0.1:58209 - R:localhost/127.0.0.1:48320]
      &amp#27;[31morg.openqa.selenium.NoSuchWindowException: no such window: target window already closed
from unknown error: web view not found
  (Session info: chrome=114.0.5735.110)
Build info: version: '4.8.3', revision: 'e5e76298c3'
System info: os.name: 'Windows 11', os.arch: 'amd64', os.version: '10.0', java.version: '17.0.7'
Driver info: org.openqa.selenium.chrome.ChromeDriver
Command: [934f39a748110d9e0d3558bfbc179c4e, close {}]
Capabilities {acceptInsecureCerts: false, browserName: chrome, browserVersion: 114.0.5735.110, chrome: {chromedriverVersion: 114.0.5735.90 (386bc09e8f4f..., userDataDir: C:\Users\ABHINAV\AppData\Lo...}, goog:chromeOptions: {debuggerAddress: localhost:58210}, networkConnectionEnabled: false, pageLoadStrategy: normal, platformName: WINDOWS, proxy: Proxy(), se:cdp: ws://localhost:58210/devtoo..., se:cdpVersion: 114.0.5735.110, setWindowRect: true, strictFileInteractability: false, timeouts: {implicit: 0, pageLoad: 300000, script: 30000}, unhandledPromptBehavior: dismiss and notify, webauthn:extension:credBlob: true, webauthn:extension:largeBlob: true, webauthn:extension:minPinLength: true, webauthn:extension:prf: true, webauthn:virtualAuthenticators: true}
Session ID: 934f39a748110d9e0d3558bfbc179c4e
	at java.base/jdk.internal.reflect.NativeConstructorAccessorImpl.newInstance0(Native Method)
	at java.base/jdk.internal.reflect.NativeConstructorAccessorImpl.newInstance(NativeConstructorAccessorImpl.java:77)
	at java.base/jdk.internal.reflect.DelegatingConstructorAccessorImpl.newInstance(DelegatingConstructorAccessorImpl.java:45)
	at java.base/java.lang.reflect.Constructor.newInstanceWithCaller(Constructor.java:499)
	at java.base/java.lang.reflect.Constructor.newInstance(Constructor.java:480)
	at org.openqa.selenium.remote.codec.w3c.W3CHttpResponseCodec.createException(W3CHttpResponseCodec.java:200)
	at org.openqa.selenium.remote.codec.w3c.W3CHttpResponseCodec.decode(W3CHttpResponseCodec.java:133)
	at org.openqa.selenium.remote.codec.w3c.W3CHttpResponseCodec.decode(W3CHttpResponseCodec.java:53)
	at org.openqa.selenium.remote.HttpCommandExecutor.execute(HttpCommandExecutor.java:193)
	at org.openqa.selenium.remote.service.DriverCommandExecutor.invokeExecute(DriverCommandExecutor.java:183)
	at org.openqa.selenium.remote.service.DriverCommandExecutor.execute(DriverCommandExecutor.java:158)
	at org.openqa.selenium.remote.RemoteWebDriver.execute(RemoteWebDriver.java:543)
	at org.openqa.selenium.remote.RemoteWebDriver.execute(RemoteWebDriver.java:598)
	at org.openqa.selenium.remote.RemoteWebDriver.execute(RemoteWebDriver.java:602)
	at org.openqa.selenium.remote.RemoteWebDriver.close(RemoteWebDriver.java:419)
	at stepDefinition.Login.tearDown(Login.java:44)
&amp#27;[0m
]]></system-out>
    <system-err><![CDATA[Starting ChromeDriver 114.0.5735.90 (386bc09e8f4f2e025eddae123f36f6263096ae49-refs/branch-heads/5735@{#1052}) on port 48320
Only local connections are allowed.
Please see https://chromedriver.chromium.org/security-considerations for suggestions on keeping ChromeDriver safe.
ChromeDriver was started successfully.
Jun 14, 2023 12:07:44 AM org.openqa.selenium.devtools.CdpVersionFinder findNearestMatch
WARNING: Unable to find an exact match for CDP version 114, so returning the closest version found: 111
]]></system-err>
  </testcase>
  <testcase name="runScenario" classname="Runner.TestRunner2024" time="2.489">
    <failure message="no such window: target window already closed&#10;from unknown error: web view not found&#10;  (Session info: chrome=114.0.5735.110)&#10;Build info: version: &apos;4.8.3&apos;, revision: &apos;e5e76298c3&apos;&#10;System info: os.name: &apos;Windows 11&apos;, os.arch: &apos;amd64&apos;, os.version: &apos;10.0&apos;, java.version: &apos;17.0.7&apos;&#10;Driver info: org.openqa.selenium.chrome.ChromeDriver&#10;Command: [15eb836ffb08c2c577ec91d87c521119, getTitle {}]&#10;Capabilities {acceptInsecureCerts: false, browserName: chrome, browserVersion: 114.0.5735.110, chrome: {chromedriverVersion: 114.0.5735.90 (386bc09e8f4f..., userDataDir: C:\Users\ABHINAV\AppData\Lo...}, goog:chromeOptions: {debuggerAddress: localhost:58231}, networkConnectionEnabled: false, pageLoadStrategy: normal, platformName: WINDOWS, proxy: Proxy(), se:cdp: ws://localhost:58231/devtoo..., se:cdpVersion: 114.0.5735.110, setWindowRect: true, strictFileInteractability: false, timeouts: {implicit: 0, pageLoad: 300000, script: 30000}, unhandledPromptBehavior: dismiss and notify, webauthn:extension:credBlob: true, webauthn:extension:largeBlob: true, webauthn:extension:minPinLength: true, webauthn:extension:prf: true, webauthn:virtualAuthenticators: true}&#10;Session ID: 15eb836ffb08c2c577ec91d87c521119" type="org.openqa.selenium.NoSuchWindowException">org.openqa.selenium.NoSuchWindowException: 
no such window: target window already closed
from unknown error: web view not found
  (Session info: chrome=114.0.5735.110)
Build info: version: '4.8.3', revision: 'e5e76298c3'
System info: os.name: 'Windows 11', os.arch: 'amd64', os.version: '10.0', java.version: '17.0.7'
Driver info: org.openqa.selenium.chrome.ChromeDriver
Command: [15eb836ffb08c2c577ec91d87c521119, getTitle {}]
Capabilities {acceptInsecureCerts: false, browserName: chrome, browserVersion: 114.0.5735.110, chrome: {chromedriverVersion: 114.0.5735.90 (386bc09e8f4f..., userDataDir: C:\Users\ABHINAV\AppData\Lo...}, goog:chromeOptions: {debuggerAddress: localhost:58231}, networkConnectionEnabled: false, pageLoadStrategy: normal, platformName: WINDOWS, proxy: Proxy(), se:cdp: ws://localhost:58231/devtoo..., se:cdpVersion: 114.0.5735.110, setWindowRect: true, strictFileInteractability: false, timeouts: {implicit: 0, pageLoad: 300000, script: 30000}, unhandledPromptBehavior: dismiss and notify, webauthn:extension:credBlob: true, webauthn:extension:largeBlob: true, webauthn:extension:minPinLength: true, webauthn:extension:prf: true, webauthn:virtualAuthenticators: true}
Session ID: 15eb836ffb08c2c577ec91d87c521119
</failure>
    <system-out><![CDATA[
Scenario: check for login page                                   &amp#27;[90m# Feature/Login.feature:20&amp#27;[0m
[DEBUG] Channel Closed: [id: 0x0ca5daa1, L:/127.0.0.1:58216 ! R:localhost/127.0.0.1:58210] with attribute DISCARD
[DEBUG] Channel Closed: [id: 0x78e1d90a, L:/127.0.0.1:58217 ! R:localhost/127.0.0.1:58210] with attribute NettyResponseFuture{currentRetry=0,
	isDone=1,
	isCancelled=0,
	asyncHandler=org.asynchttpclient.ws.WebSocketUpgradeHandler@66c0d28a,
	nettyRequest=org.asynchttpclient.netty.request.NettyRequest@23c24036,
	future=java.util.concurrent.CompletableFuture@a9ccadd[Completed normally],
	uri=ws://localhost:58210/devtools/browser/a8d29082-b37e-4bd9-bb85-73f9f0d6da68,
	keepAlive=true,
	redirectCount=0,
	timeoutsHolder=null,
	inAuth=0,
	touch=1686681464730}
[DEBUG] Closing Channel [id: 0x78e1d90a, L:/127.0.0.1:58217 ! R:localhost/127.0.0.1:58210] 
[DEBUG] Resolution chrome=114 in cache (valid until 00:14:31 14/06/2023 IST)
[DEBUG] Resolution chrome114=114.0.5735.90 in cache (valid until 22:13:20 14/06/2023 IST)
[INFO] Using chromedriver 114.0.5735.90 (resolved driver for Chrome 114)
[DEBUG] Driver chromedriver 114.0.5735.90 found in cache
[INFO] Exporting webdriver.chrome.driver as C:\Users\ABHINAV\.cache\selenium\chromedriver\win32\114.0.5735.90\chromedriver.exe
[DEBUG] Using new Channel '[id: 0x1d5e0360, L:/127.0.0.1:58230 - R:localhost/127.0.0.1:8810]' for 'POST' to '/session'
[DEBUG] Entry count for : http://localhost:8849 : 1
[DEBUG] Entry count for : http://localhost:2611 : 1
[DEBUG] Entry count for : http://localhost:58210 : 1
[DEBUG] Entry count for : http://localhost:48320 : 1
[DEBUG] Adding Candidate expired Channel [id: 0x0ca5daa1, L:/127.0.0.1:58216 ! R:localhost/127.0.0.1:58210] isIdleTimeoutExpired=false isRemotelyClosed=true isTtlExpired=false
[DEBUG] Closing Idle Channel [id: 0x0ca5daa1, L:/127.0.0.1:58216 ! R:localhost/127.0.0.1:58210]
[DEBUG] Closed 1 connections out of 4 in 0 ms
[DEBUG] 

Request DefaultHttpRequest(decodeResult: success, version: HTTP/1.1)
POST /session HTTP/1.1
User-Agent: selenium/4.8.3 (java windows)
Content-Length: 439
Content-Type: application/json; charset=utf-8
host: localhost:8810
accept: */*

Response DefaultHttpResponse(decodeResult: success, version: HTTP/1.1)
HTTP/1.1 200 OK
Content-Length: 863
Content-Type: application/json; charset=utf-8
cache-control: no-cache

[DEBUG] Adding key: http://localhost:8810 for channel [id: 0x1d5e0360, L:/127.0.0.1:58230 - R:localhost/127.0.0.1:8810]
[DEBUG] Using new Channel '[id: 0x8e0de5dc, L:/127.0.0.1:58236 - R:localhost/127.0.0.1:58231]' for 'GET' to '/json/version'
[DEBUG] 

Request DefaultFullHttpRequest(decodeResult: success, version: HTTP/1.1, content: EmptyByteBufBE)
GET /json/version HTTP/1.1
User-Agent: selenium/4.8.3 (java windows)
host: localhost:58231
accept: */*

Response DefaultHttpResponse(decodeResult: success, version: HTTP/1.1)
HTTP/1.1 200 OK
Content-Security-Policy: frame-ancestors 'none'
Content-Length: 424
Content-Type: application/json; charset=UTF-8

[DEBUG] Adding key: http://localhost:58231 for channel [id: 0x8e0de5dc, L:/127.0.0.1:58236 - R:localhost/127.0.0.1:58231]
[DEBUG] Using new Channel '[id: 0x3d5f4c50, L:/127.0.0.1:58237 - R:localhost/127.0.0.1:58231]' for 'GET' to '/devtools/browser/95fac6be-181f-4a15-9878-2bf63f924f05'
[DEBUG] 

Request DefaultFullHttpRequest(decodeResult: success, version: HTTP/1.1, content: EmptyByteBufBE)
GET /devtools/browser/95fac6be-181f-4a15-9878-2bf63f924f05 HTTP/1.1
upgrade: websocket
connection: upgrade
sec-websocket-key: 4nT9sU/6q1gQ4kDcH4jlSQ==
sec-websocket-version: 13
origin: http://localhost:58231
host: localhost:58231
accept: */*
user-agent: AHC/2.1

Response DefaultHttpResponse(decodeResult: success, version: HTTP/1.1)
HTTP/1.1 101 WebSocket Protocol Handshake
Upgrade: WebSocket
Connection: Upgrade
Sec-WebSocket-Accept: pW4lQ4Q8+y6zXRUv5RXr2prQmEA=

[DEBUG] Using pooled Channel '[id: 0x1d5e0360, L:/127.0.0.1:58230 - R:localhost/127.0.0.1:8810]' for 'DELETE' to 'http://localhost:8810/session/15eb836ffb08c2c577ec91d87c521119/cookie'
[DEBUG] Using open Channel [id: 0x1d5e0360, L:/127.0.0.1:58230 - R:localhost/127.0.0.1:8810] for DELETE '/session/15eb836ffb08c2c577ec91d87c521119/cookie'
[DEBUG] 

Request DefaultFullHttpRequest(decodeResult: success, version: HTTP/1.1, content: EmptyByteBufBE)
DELETE /session/15eb836ffb08c2c577ec91d87c521119/cookie HTTP/1.1
User-Agent: selenium/4.8.3 (java windows)
Content-Type: application/json; charset=utf-8
host: localhost:8810
accept: */*

Response DefaultHttpResponse(decodeResult: success, version: HTTP/1.1)
HTTP/1.1 200 OK
Content-Length: 14
Content-Type: application/json; charset=utf-8
cache-control: no-cache

[DEBUG] Adding key: http://localhost:8810 for channel [id: 0x1d5e0360, L:/127.0.0.1:58230 - R:localhost/127.0.0.1:8810]
[DEBUG] Using pooled Channel '[id: 0x1d5e0360, L:/127.0.0.1:58230 - R:localhost/127.0.0.1:8810]' for 'POST' to 'http://localhost:8810/session/15eb836ffb08c2c577ec91d87c521119/window/maximize'
[DEBUG] Using open Channel [id: 0x1d5e0360, L:/127.0.0.1:58230 - R:localhost/127.0.0.1:8810] for POST '/session/15eb836ffb08c2c577ec91d87c521119/window/maximize'
[DEBUG] 

Request DefaultHttpRequest(decodeResult: success, version: HTTP/1.1)
POST /session/15eb836ffb08c2c577ec91d87c521119/window/maximize HTTP/1.1
User-Agent: selenium/4.8.3 (java windows)
Content-Length: 3
Content-Type: application/json; charset=utf-8
host: localhost:8810
accept: */*

Response DefaultHttpResponse(decodeResult: success, version: HTTP/1.1)
HTTP/1.1 200 OK
Content-Length: 51
Content-Type: application/json; charset=utf-8
cache-control: no-cache

[DEBUG] Adding key: http://localhost:8810 for channel [id: 0x1d5e0360, L:/127.0.0.1:58230 - R:localhost/127.0.0.1:8810]
[DEBUG] Using pooled Channel '[id: 0x1d5e0360, L:/127.0.0.1:58230 - R:localhost/127.0.0.1:8810]' for 'POST' to 'http://localhost:8810/session/15eb836ffb08c2c577ec91d87c521119/timeouts'
[DEBUG] Using open Channel [id: 0x1d5e0360, L:/127.0.0.1:58230 - R:localhost/127.0.0.1:8810] for POST '/session/15eb836ffb08c2c577ec91d87c521119/timeouts'
[DEBUG] 

Request DefaultHttpRequest(decodeResult: success, version: HTTP/1.1)
POST /session/15eb836ffb08c2c577ec91d87c521119/timeouts HTTP/1.1
User-Agent: selenium/4.8.3 (java windows)
Content-Length: 23
Content-Type: application/json; charset=utf-8
host: localhost:8810
accept: */*

Response DefaultHttpResponse(decodeResult: success, version: HTTP/1.1)
HTTP/1.1 200 OK
Content-Length: 14
Content-Type: application/json; charset=utf-8
cache-control: no-cache

[DEBUG] Adding key: http://localhost:8810 for channel [id: 0x1d5e0360, L:/127.0.0.1:58230 - R:localhost/127.0.0.1:8810]
  &amp#27;[32mGiven &amp#27;[0m&amp#27;[32mUser launch chrome browser&amp#27;[0m                               &amp#27;[90m# stepDefinition.Login.user_launch_chrome_browser()&amp#27;[0m
[DEBUG] Using pooled Channel '[id: 0x1d5e0360, L:/127.0.0.1:58230 - R:localhost/127.0.0.1:8810]' for 'POST' to 'http://localhost:8810/session/15eb836ffb08c2c577ec91d87c521119/url'
[DEBUG] Using open Channel [id: 0x1d5e0360, L:/127.0.0.1:58230 - R:localhost/127.0.0.1:8810] for POST '/session/15eb836ffb08c2c577ec91d87c521119/url'
[DEBUG] Entry count for : http://localhost:8849 : 1
[DEBUG] Entry count for : http://localhost:2611 : 1
[DEBUG] Entry count for : http://localhost:58231 : 1
[DEBUG] Entry count for : http://localhost:48320 : 1
[DEBUG] Entry count for : http://localhost:8849 : 1
[DEBUG] Entry count for : http://localhost:2611 : 1
[DEBUG] Entry count for : http://localhost:58231 : 1
[DEBUG] Entry count for : http://localhost:48320 : 1
[DEBUG] 

Request DefaultHttpRequest(decodeResult: success, version: HTTP/1.1)
POST /session/15eb836ffb08c2c577ec91d87c521119/url HTTP/1.1
User-Agent: selenium/4.8.3 (java windows)
Content-Length: 70
Content-Type: application/json; charset=utf-8
host: localhost:8810
accept: */*

Response DefaultHttpResponse(decodeResult: success, version: HTTP/1.1)
HTTP/1.1 200 OK
Content-Length: 14
Content-Type: application/json; charset=utf-8
cache-control: no-cache

[DEBUG] Adding key: http://localhost:8810 for channel [id: 0x1d5e0360, L:/127.0.0.1:58230 - R:localhost/127.0.0.1:8810]
[DEBUG] Using pooled Channel '[id: 0x1d5e0360, L:/127.0.0.1:58230 - R:localhost/127.0.0.1:8810]' for 'GET' to 'http://localhost:8810/session/15eb836ffb08c2c577ec91d87c521119/title'
[DEBUG] Using open Channel [id: 0x1d5e0360, L:/127.0.0.1:58230 - R:localhost/127.0.0.1:8810] for GET '/session/15eb836ffb08c2c577ec91d87c521119/title'
[DEBUG] 

Request DefaultFullHttpRequest(decodeResult: success, version: HTTP/1.1, content: EmptyByteBufBE)
GET /session/15eb836ffb08c2c577ec91d87c521119/title HTTP/1.1
User-Agent: selenium/4.8.3 (java windows)
Cache-Control: no-cache
Content-Type: application/json; charset=utf-8
host: localhost:8810
accept: */*

Response DefaultHttpResponse(decodeResult: success, version: HTTP/1.1)
HTTP/1.1 404 Not Found
Content-Length: 865
Content-Type: application/json; charset=utf-8
cache-control: no-cache

[DEBUG] Adding key: http://localhost:8810 for channel [id: 0x1d5e0360, L:/127.0.0.1:58230 - R:localhost/127.0.0.1:8810]
  &amp#27;[31mWhen &amp#27;[0m&amp#27;[31mUser opens URL &amp#27;[0m&amp#27;[31m&amp#27;[1m"https://admin-demo.nopcommerce.com/login"&amp#27;[0m &amp#27;[90m# stepDefinition.Login.user_opens_url(java.lang.String)&amp#27;[0m
      &amp#27;[31morg.openqa.selenium.NoSuchWindowException: no such window: target window already closed
from unknown error: web view not found
  (Session info: chrome=114.0.5735.110)
Build info: version: '4.8.3', revision: 'e5e76298c3'
System info: os.name: 'Windows 11', os.arch: 'amd64', os.version: '10.0', java.version: '17.0.7'
Driver info: org.openqa.selenium.chrome.ChromeDriver
Command: [15eb836ffb08c2c577ec91d87c521119, getTitle {}]
Capabilities {acceptInsecureCerts: false, browserName: chrome, browserVersion: 114.0.5735.110, chrome: {chromedriverVersion: 114.0.5735.90 (386bc09e8f4f..., userDataDir: C:\Users\ABHINAV\AppData\Lo...}, goog:chromeOptions: {debuggerAddress: localhost:58231}, networkConnectionEnabled: false, pageLoadStrategy: normal, platformName: WINDOWS, proxy: Proxy(), se:cdp: ws://localhost:58231/devtoo..., se:cdpVersion: 114.0.5735.110, setWindowRect: true, strictFileInteractability: false, timeouts: {implicit: 0, pageLoad: 300000, script: 30000}, unhandledPromptBehavior: dismiss and notify, webauthn:extension:credBlob: true, webauthn:extension:largeBlob: true, webauthn:extension:minPinLength: true, webauthn:extension:prf: true, webauthn:virtualAuthenticators: true}
Session ID: 15eb836ffb08c2c577ec91d87c521119
	at java.base/jdk.internal.reflect.NativeConstructorAccessorImpl.newInstance0(Native Method)
	at java.base/jdk.internal.reflect.NativeConstructorAccessorImpl.newInstance(NativeConstructorAccessorImpl.java:77)
	at java.base/jdk.internal.reflect.DelegatingConstructorAccessorImpl.newInstance(DelegatingConstructorAccessorImpl.java:45)
	at java.base/java.lang.reflect.Constructor.newInstanceWithCaller(Constructor.java:499)
	at java.base/java.lang.reflect.Constructor.newInstance(Constructor.java:480)
	at org.openqa.selenium.remote.codec.w3c.W3CHttpResponseCodec.createException(W3CHttpResponseCodec.java:200)
	at org.openqa.selenium.remote.codec.w3c.W3CHttpResponseCodec.decode(W3CHttpResponseCodec.java:133)
	at org.openqa.selenium.remote.codec.w3c.W3CHttpResponseCodec.decode(W3CHttpResponseCodec.java:53)
	at org.openqa.selenium.remote.HttpCommandExecutor.execute(HttpCommandExecutor.java:193)
	at org.openqa.selenium.remote.service.DriverCommandExecutor.invokeExecute(DriverCommandExecutor.java:183)
	at org.openqa.selenium.remote.service.DriverCommandExecutor.execute(DriverCommandExecutor.java:158)
	at org.openqa.selenium.remote.RemoteWebDriver.execute(RemoteWebDriver.java:543)
	at org.openqa.selenium.remote.RemoteWebDriver.execute(RemoteWebDriver.java:598)
	at org.openqa.selenium.remote.RemoteWebDriver.execute(RemoteWebDriver.java:602)
	at org.openqa.selenium.remote.RemoteWebDriver.getTitle(RemoteWebDriver.java:302)
	at stepDefinition.Login.user_opens_url(Login.java:61)
	at âœ½.User opens URL "https://admin-demo.nopcommerce.com/login"(file:///D:/Selenium%20project/Selenium_Tutorial_2023/Selenium_Practice_2024/Feature/Login.feature:22)
&amp#27;[0m
  &amp#27;[36mThen &amp#27;[0m&amp#27;[36mCheck for welcome message &amp#27;[0m&amp#27;[36m&amp#27;[1m"Welcome, please sign in!"&amp#27;[0m      &amp#27;[90m# stepDefinition.Login.check_for_welcome_message(java.lang.String)&amp#27;[0m
  &amp#27;[36mThen &amp#27;[0m&amp#27;[36mUser close the browser&amp#27;[0m                                    &amp#27;[90m# stepDefinition.Login.user_close_the_browser()&amp#27;[0m
[DEBUG] Using pooled Channel '[id: 0x1d5e0360, L:/127.0.0.1:58230 - R:localhost/127.0.0.1:8810]' for 'DELETE' to 'http://localhost:8810/session/15eb836ffb08c2c577ec91d87c521119/window'
[DEBUG] Using open Channel [id: 0x1d5e0360, L:/127.0.0.1:58230 - R:localhost/127.0.0.1:8810] for DELETE '/session/15eb836ffb08c2c577ec91d87c521119/window'
[DEBUG] 

Request DefaultFullHttpRequest(decodeResult: success, version: HTTP/1.1, content: EmptyByteBufBE)
DELETE /session/15eb836ffb08c2c577ec91d87c521119/window HTTP/1.1
User-Agent: selenium/4.8.3 (java windows)
Content-Type: application/json; charset=utf-8
host: localhost:8810
accept: */*

Response DefaultHttpResponse(decodeResult: success, version: HTTP/1.1)
HTTP/1.1 404 Not Found
Content-Length: 865
Content-Type: application/json; charset=utf-8
cache-control: no-cache

[DEBUG] Adding key: http://localhost:8810 for channel [id: 0x1d5e0360, L:/127.0.0.1:58230 - R:localhost/127.0.0.1:8810]
[DEBUG] Channel Closed: [id: 0x8e0de5dc, L:/127.0.0.1:58236 ! R:localhost/127.0.0.1:58231] with attribute DISCARD
[DEBUG] Channel Closed: [id: 0x3d5f4c50, L:/127.0.0.1:58237 ! R:localhost/127.0.0.1:58231] with attribute NettyResponseFuture{currentRetry=0,
	isDone=1,
	isCancelled=0,
	asyncHandler=org.asynchttpclient.ws.WebSocketUpgradeHandler@1422166f,
	nettyRequest=org.asynchttpclient.netty.request.NettyRequest@f751119,
	future=java.util.concurrent.CompletableFuture@2020a590[Completed normally],
	uri=ws://localhost:58231/devtools/browser/95fac6be-181f-4a15-9878-2bf63f924f05,
	keepAlive=true,
	redirectCount=0,
	timeoutsHolder=null,
	inAuth=0,
	touch=1686681467258}
[DEBUG] Closing Channel [id: 0x3d5f4c50, L:/127.0.0.1:58237 ! R:localhost/127.0.0.1:58231] 
      &amp#27;[31morg.openqa.selenium.NoSuchWindowException: no such window: target window already closed
from unknown error: web view not found
  (Session info: chrome=114.0.5735.110)
Build info: version: '4.8.3', revision: 'e5e76298c3'
System info: os.name: 'Windows 11', os.arch: 'amd64', os.version: '10.0', java.version: '17.0.7'
Driver info: org.openqa.selenium.chrome.ChromeDriver
Command: [15eb836ffb08c2c577ec91d87c521119, close {}]
Capabilities {acceptInsecureCerts: false, browserName: chrome, browserVersion: 114.0.5735.110, chrome: {chromedriverVersion: 114.0.5735.90 (386bc09e8f4f..., userDataDir: C:\Users\ABHINAV\AppData\Lo...}, goog:chromeOptions: {debuggerAddress: localhost:58231}, networkConnectionEnabled: false, pageLoadStrategy: normal, platformName: WINDOWS, proxy: Proxy(), se:cdp: ws://localhost:58231/devtoo..., se:cdpVersion: 114.0.5735.110, setWindowRect: true, strictFileInteractability: false, timeouts: {implicit: 0, pageLoad: 300000, script: 30000}, unhandledPromptBehavior: dismiss and notify, webauthn:extension:credBlob: true, webauthn:extension:largeBlob: true, webauthn:extension:minPinLength: true, webauthn:extension:prf: true, webauthn:virtualAuthenticators: true}
Session ID: 15eb836ffb08c2c577ec91d87c521119
	at java.base/jdk.internal.reflect.NativeConstructorAccessorImpl.newInstance0(Native Method)
	at java.base/jdk.internal.reflect.NativeConstructorAccessorImpl.newInstance(NativeConstructorAccessorImpl.java:77)
	at java.base/jdk.internal.reflect.DelegatingConstructorAccessorImpl.newInstance(DelegatingConstructorAccessorImpl.java:45)
	at java.base/java.lang.reflect.Constructor.newInstanceWithCaller(Constructor.java:499)
	at java.base/java.lang.reflect.Constructor.newInstance(Constructor.java:480)
	at org.openqa.selenium.remote.codec.w3c.W3CHttpResponseCodec.createException(W3CHttpResponseCodec.java:200)
	at org.openqa.selenium.remote.codec.w3c.W3CHttpResponseCodec.decode(W3CHttpResponseCodec.java:133)
	at org.openqa.selenium.remote.codec.w3c.W3CHttpResponseCodec.decode(W3CHttpResponseCodec.java:53)
	at org.openqa.selenium.remote.HttpCommandExecutor.execute(HttpCommandExecutor.java:193)
	at org.openqa.selenium.remote.service.DriverCommandExecutor.invokeExecute(DriverCommandExecutor.java:183)
	at org.openqa.selenium.remote.service.DriverCommandExecutor.execute(DriverCommandExecutor.java:158)
	at org.openqa.selenium.remote.RemoteWebDriver.execute(RemoteWebDriver.java:543)
	at org.openqa.selenium.remote.RemoteWebDriver.execute(RemoteWebDriver.java:598)
	at org.openqa.selenium.remote.RemoteWebDriver.execute(RemoteWebDriver.java:602)
	at org.openqa.selenium.remote.RemoteWebDriver.close(RemoteWebDriver.java:419)
	at stepDefinition.Login.tearDown(Login.java:44)
&amp#27;[0m
]]></system-out>
    <system-err><![CDATA[Starting ChromeDriver 114.0.5735.90 (386bc09e8f4f2e025eddae123f36f6263096ae49-refs/branch-heads/5735@{#1052}) on port 8810
Only local connections are allowed.
Please see https://chromedriver.chromium.org/security-considerations for suggestions on keeping ChromeDriver safe.
ChromeDriver was started successfully.
Jun 14, 2023 12:07:47 AM org.openqa.selenium.devtools.CdpVersionFinder findNearestMatch
WARNING: Unable to find an exact match for CDP version 114, so returning the closest version found: 111
]]></system-err>
  </testcase>
</testsuite>